Calling target program-options parser
[13:00:38.864] [bmv2] [D] [thread 7232] Set default default entry for table 'MyIngress.ipv4_lpm': MyIngress.send_to_cpu - 
Adding interface s1-eth1 as port 1
[13:00:38.865] [bmv2] [D] [thread 7232] Adding interface s1-eth1 as port 1
Adding interface s1-eth2 as port 2
[13:00:38.901] [bmv2] [D] [thread 7232] Adding interface s1-eth2 as port 2
Server listening on 0.0.0.0:50051
[13:00:38.942] [bmv2] [I] [thread 7232] Starting Thrift server on port 9090
[13:00:38.943] [bmv2] [I] [thread 7232] Thrift server was started
[13:00:38.944] [bmv2] [D] [thread 7242] [0.0] [cxt 0] Processing packet received on port 1
[13:00:38.944] [bmv2] [D] [thread 7242] [0.0] [cxt 0] Parser 'parser': start
[13:00:38.944] [bmv2] [D] [thread 7242] [0.0] [cxt 0] Parser 'parser' entering state 'start'
[13:00:38.944] [bmv2] [D] [thread 7242] [0.0] [cxt 0] Extracting header 'ethernet'
[13:00:38.944] [bmv2] [D] [thread 7242] [0.0] [cxt 0] Parser state 'start': key is 86dd
[13:00:38.944] [bmv2] [T] [thread 7242] [0.0] [cxt 0] Bytes parsed: 14
[13:00:38.944] [bmv2] [D] [thread 7242] [0.0] [cxt 0] Parser 'parser': end
[13:00:38.944] [bmv2] [D] [thread 7242] [0.0] [cxt 0] Pipeline 'ingress': start
[13:00:38.944] [bmv2] [T] [thread 7242] [0.0] [cxt 0] forward.p4(119) Condition "hdr.ipv4.isValid()" (node_2) is false
[13:00:38.944] [bmv2] [D] [thread 7242] [0.0] [cxt 0] Pipeline 'ingress': end
[13:00:38.944] [bmv2] [D] [thread 7242] [0.0] [cxt 0] Egress port is 0
[13:00:38.944] [bmv2] [D] [thread 7243] [0.0] [cxt 0] Pipeline 'egress': start
[13:00:38.944] [bmv2] [D] [thread 7243] [0.0] [cxt 0] Pipeline 'egress': end
[13:00:38.944] [bmv2] [D] [thread 7243] [0.0] [cxt 0] Deparser 'deparser': start
[13:00:38.944] [bmv2] [T] [thread 7243] [0.0] [cxt 0] Skipping checksum 'cksum' update because condition not met
[13:00:38.944] [bmv2] [D] [thread 7243] [0.0] [cxt 0] Deparsing header 'ethernet'
[13:00:38.945] [bmv2] [D] [thread 7243] [0.0] [cxt 0] Deparser 'deparser': end
[13:00:38.945] [bmv2] [D] [thread 7247] [0.0] [cxt 0] Transmitting packet of size 90 out of port 0
[13:00:38.945] [bmv2] [D] [thread 7242] [1.0] [cxt 0] Processing packet received on port 2
[13:00:38.945] [bmv2] [D] [thread 7242] [1.0] [cxt 0] Parser 'parser': start
[13:00:38.945] [bmv2] [D] [thread 7242] [1.0] [cxt 0] Parser 'parser' entering state 'start'
[13:00:38.945] [bmv2] [D] [thread 7242] [1.0] [cxt 0] Extracting header 'ethernet'
[13:00:38.945] [bmv2] [D] [thread 7242] [1.0] [cxt 0] Parser state 'start': key is 86dd
[13:00:38.945] [bmv2] [T] [thread 7242] [1.0] [cxt 0] Bytes parsed: 14
[13:00:38.945] [bmv2] [D] [thread 7242] [1.0] [cxt 0] Parser 'parser': end
[13:00:38.945] [bmv2] [D] [thread 7242] [1.0] [cxt 0] Pipeline 'ingress': start
[13:00:38.945] [bmv2] [T] [thread 7242] [1.0] [cxt 0] forward.p4(119) Condition "hdr.ipv4.isValid()" (node_2) is false
[13:00:38.945] [bmv2] [D] [thread 7242] [1.0] [cxt 0] Pipeline 'ingress': end
[13:00:38.945] [bmv2] [D] [thread 7242] [1.0] [cxt 0] Egress port is 0
[13:00:38.945] [bmv2] [D] [thread 7243] [1.0] [cxt 0] Pipeline 'egress': start
[13:00:38.945] [bmv2] [D] [thread 7243] [1.0] [cxt 0] Pipeline 'egress': end
[13:00:38.945] [bmv2] [D] [thread 7243] [1.0] [cxt 0] Deparser 'deparser': start
[13:00:38.945] [bmv2] [T] [thread 7243] [1.0] [cxt 0] Skipping checksum 'cksum' update because condition not met
[13:00:38.945] [bmv2] [D] [thread 7243] [1.0] [cxt 0] Deparsing header 'ethernet'
[13:00:38.945] [bmv2] [D] [thread 7243] [1.0] [cxt 0] Deparser 'deparser': end
[13:00:38.945] [bmv2] [D] [thread 7247] [1.0] [cxt 0] Transmitting packet of size 90 out of port 0
[13:00:39.066] [bmv2] [D] [thread 7242] [2.0] [cxt 0] Processing packet received on port 1
[13:00:39.066] [bmv2] [D] [thread 7242] [2.0] [cxt 0] Parser 'parser': start
[13:00:39.066] [bmv2] [D] [thread 7242] [2.0] [cxt 0] Parser 'parser' entering state 'start'
[13:00:39.066] [bmv2] [D] [thread 7242] [2.0] [cxt 0] Extracting header 'ethernet'
[13:00:39.066] [bmv2] [D] [thread 7242] [2.0] [cxt 0] Parser state 'start': key is 86dd
[13:00:39.066] [bmv2] [T] [thread 7242] [2.0] [cxt 0] Bytes parsed: 14
[13:00:39.066] [bmv2] [D] [thread 7242] [2.0] [cxt 0] Parser 'parser': end
[13:00:39.066] [bmv2] [D] [thread 7242] [2.0] [cxt 0] Pipeline 'ingress': start
[13:00:39.067] [bmv2] [T] [thread 7242] [2.0] [cxt 0] forward.p4(119) Condition "hdr.ipv4.isValid()" (node_2) is false
[13:00:39.067] [bmv2] [D] [thread 7242] [2.0] [cxt 0] Pipeline 'ingress': end
[13:00:39.067] [bmv2] [D] [thread 7242] [2.0] [cxt 0] Egress port is 0
[13:00:39.067] [bmv2] [D] [thread 7243] [2.0] [cxt 0] Pipeline 'egress': start
[13:00:39.067] [bmv2] [D] [thread 7243] [2.0] [cxt 0] Pipeline 'egress': end
[13:00:39.067] [bmv2] [D] [thread 7243] [2.0] [cxt 0] Deparser 'deparser': start
[13:00:39.067] [bmv2] [T] [thread 7243] [2.0] [cxt 0] Skipping checksum 'cksum' update because condition not met
[13:00:39.067] [bmv2] [D] [thread 7243] [2.0] [cxt 0] Deparsing header 'ethernet'
[13:00:39.067] [bmv2] [D] [thread 7243] [2.0] [cxt 0] Deparser 'deparser': end
[13:00:39.067] [bmv2] [D] [thread 7247] [2.0] [cxt 0] Transmitting packet of size 86 out of port 0
[13:00:39.469] [bmv2] [D] [thread 7242] [3.0] [cxt 0] Processing packet received on port 2
[13:00:39.469] [bmv2] [D] [thread 7242] [3.0] [cxt 0] Parser 'parser': start
[13:00:39.469] [bmv2] [D] [thread 7242] [3.0] [cxt 0] Parser 'parser' entering state 'start'
[13:00:39.469] [bmv2] [D] [thread 7242] [3.0] [cxt 0] Extracting header 'ethernet'
[13:00:39.469] [bmv2] [D] [thread 7242] [3.0] [cxt 0] Parser state 'start': key is 86dd
[13:00:39.469] [bmv2] [T] [thread 7242] [3.0] [cxt 0] Bytes parsed: 14
[13:00:39.469] [bmv2] [D] [thread 7242] [3.0] [cxt 0] Parser 'parser': end
[13:00:39.469] [bmv2] [D] [thread 7242] [3.0] [cxt 0] Pipeline 'ingress': start
[13:00:39.469] [bmv2] [T] [thread 7242] [3.0] [cxt 0] forward.p4(119) Condition "hdr.ipv4.isValid()" (node_2) is false
[13:00:39.469] [bmv2] [D] [thread 7242] [3.0] [cxt 0] Pipeline 'ingress': end
[13:00:39.469] [bmv2] [D] [thread 7242] [3.0] [cxt 0] Egress port is 0
[13:00:39.469] [bmv2] [D] [thread 7243] [3.0] [cxt 0] Pipeline 'egress': start
[13:00:39.469] [bmv2] [D] [thread 7243] [3.0] [cxt 0] Pipeline 'egress': end
[13:00:39.469] [bmv2] [D] [thread 7243] [3.0] [cxt 0] Deparser 'deparser': start
[13:00:39.469] [bmv2] [T] [thread 7243] [3.0] [cxt 0] Skipping checksum 'cksum' update because condition not met
[13:00:39.469] [bmv2] [D] [thread 7243] [3.0] [cxt 0] Deparsing header 'ethernet'
[13:00:39.469] [bmv2] [D] [thread 7243] [3.0] [cxt 0] Deparser 'deparser': end
[13:00:39.470] [bmv2] [D] [thread 7247] [3.0] [cxt 0] Transmitting packet of size 86 out of port 0
[13:00:40.079] [bmv2] [D] [thread 7242] [4.0] [cxt 0] Processing packet received on port 1
[13:00:40.079] [bmv2] [D] [thread 7242] [4.0] [cxt 0] Parser 'parser': start
[13:00:40.079] [bmv2] [D] [thread 7242] [4.0] [cxt 0] Parser 'parser' entering state 'start'
[13:00:40.079] [bmv2] [D] [thread 7242] [4.0] [cxt 0] Extracting header 'ethernet'
[13:00:40.079] [bmv2] [D] [thread 7242] [4.0] [cxt 0] Parser state 'start': key is 86dd
[13:00:40.079] [bmv2] [T] [thread 7242] [4.0] [cxt 0] Bytes parsed: 14
[13:00:40.079] [bmv2] [D] [thread 7242] [4.0] [cxt 0] Parser 'parser': end
[13:00:40.079] [bmv2] [D] [thread 7242] [4.0] [cxt 0] Pipeline 'ingress': start
[13:00:40.079] [bmv2] [T] [thread 7242] [4.0] [cxt 0] forward.p4(119) Condition "hdr.ipv4.isValid()" (node_2) is false
[13:00:40.079] [bmv2] [D] [thread 7242] [4.0] [cxt 0] Pipeline 'ingress': end
[13:00:40.079] [bmv2] [D] [thread 7242] [4.0] [cxt 0] Egress port is 0
[13:00:40.079] [bmv2] [D] [thread 7242] [5.0] [cxt 0] Processing packet received on port 1
[13:00:40.079] [bmv2] [D] [thread 7242] [5.0] [cxt 0] Parser 'parser': start
[13:00:40.080] [bmv2] [D] [thread 7242] [5.0] [cxt 0] Parser 'parser' entering state 'start'
[13:00:40.080] [bmv2] [D] [thread 7242] [5.0] [cxt 0] Extracting header 'ethernet'
[13:00:40.080] [bmv2] [D] [thread 7242] [5.0] [cxt 0] Parser state 'start': key is 86dd
[13:00:40.080] [bmv2] [T] [thread 7242] [5.0] [cxt 0] Bytes parsed: 14
[13:00:40.080] [bmv2] [D] [thread 7242] [5.0] [cxt 0] Parser 'parser': end
[13:00:40.080] [bmv2] [D] [thread 7242] [5.0] [cxt 0] Pipeline 'ingress': start
[13:00:40.080] [bmv2] [T] [thread 7242] [5.0] [cxt 0] forward.p4(119) Condition "hdr.ipv4.isValid()" (node_2) is false
[13:00:40.080] [bmv2] [D] [thread 7242] [5.0] [cxt 0] Pipeline 'ingress': end
[13:00:40.080] [bmv2] [D] [thread 7242] [5.0] [cxt 0] Egress port is 0
[13:00:40.080] [bmv2] [D] [thread 7243] [4.0] [cxt 0] Pipeline 'egress': start
[13:00:40.080] [bmv2] [D] [thread 7243] [4.0] [cxt 0] Pipeline 'egress': end
[13:00:40.080] [bmv2] [D] [thread 7243] [4.0] [cxt 0] Deparser 'deparser': start
[13:00:40.080] [bmv2] [T] [thread 7243] [4.0] [cxt 0] Skipping checksum 'cksum' update because condition not met
[13:00:40.080] [bmv2] [D] [thread 7243] [4.0] [cxt 0] Deparsing header 'ethernet'
[13:00:40.080] [bmv2] [D] [thread 7243] [4.0] [cxt 0] Deparser 'deparser': end
[13:00:40.080] [bmv2] [D] [thread 7243] [5.0] [cxt 0] Pipeline 'egress': start
[13:00:40.080] [bmv2] [D] [thread 7243] [5.0] [cxt 0] Pipeline 'egress': end
[13:00:40.080] [bmv2] [D] [thread 7243] [5.0] [cxt 0] Deparser 'deparser': start
[13:00:40.080] [bmv2] [T] [thread 7243] [5.0] [cxt 0] Skipping checksum 'cksum' update because condition not met
[13:00:40.080] [bmv2] [D] [thread 7243] [5.0] [cxt 0] Deparsing header 'ethernet'
[13:00:40.080] [bmv2] [D] [thread 7243] [5.0] [cxt 0] Deparser 'deparser': end
[13:00:40.080] [bmv2] [D] [thread 7247] [4.0] [cxt 0] Transmitting packet of size 90 out of port 0
[13:00:40.080] [bmv2] [D] [thread 7247] [5.0] [cxt 0] Transmitting packet of size 70 out of port 0
[13:00:40.495] [bmv2] [D] [thread 7242] [6.0] [cxt 0] Processing packet received on port 2
[13:00:40.496] [bmv2] [D] [thread 7242] [6.0] [cxt 0] Parser 'parser': start
[13:00:40.496] [bmv2] [D] [thread 7242] [6.0] [cxt 0] Parser 'parser' entering state 'start'
[13:00:40.496] [bmv2] [D] [thread 7242] [6.0] [cxt 0] Extracting header 'ethernet'
[13:00:40.496] [bmv2] [D] [thread 7242] [6.0] [cxt 0] Parser state 'start': key is 86dd
[13:00:40.496] [bmv2] [T] [thread 7242] [6.0] [cxt 0] Bytes parsed: 14
[13:00:40.496] [bmv2] [D] [thread 7242] [6.0] [cxt 0] Parser 'parser': end
[13:00:40.496] [bmv2] [D] [thread 7242] [6.0] [cxt 0] Pipeline 'ingress': start
[13:00:40.496] [bmv2] [T] [thread 7242] [6.0] [cxt 0] forward.p4(119) Condition "hdr.ipv4.isValid()" (node_2) is false
[13:00:40.496] [bmv2] [D] [thread 7242] [6.0] [cxt 0] Pipeline 'ingress': end
[13:00:40.496] [bmv2] [D] [thread 7242] [6.0] [cxt 0] Egress port is 0
[13:00:40.496] [bmv2] [D] [thread 7242] [7.0] [cxt 0] Processing packet received on port 2
[13:00:40.496] [bmv2] [D] [thread 7242] [7.0] [cxt 0] Parser 'parser': start
[13:00:40.496] [bmv2] [D] [thread 7242] [7.0] [cxt 0] Parser 'parser' entering state 'start'
[13:00:40.496] [bmv2] [D] [thread 7242] [7.0] [cxt 0] Extracting header 'ethernet'
[13:00:40.496] [bmv2] [D] [thread 7242] [7.0] [cxt 0] Parser state 'start': key is 86dd
[13:00:40.496] [bmv2] [T] [thread 7242] [7.0] [cxt 0] Bytes parsed: 14
[13:00:40.496] [bmv2] [D] [thread 7242] [7.0] [cxt 0] Parser 'parser': end
[13:00:40.496] [bmv2] [D] [thread 7242] [7.0] [cxt 0] Pipeline 'ingress': start
[13:00:40.496] [bmv2] [T] [thread 7242] [7.0] [cxt 0] forward.p4(119) Condition "hdr.ipv4.isValid()" (node_2) is false
[13:00:40.496] [bmv2] [D] [thread 7242] [7.0] [cxt 0] Pipeline 'ingress': end
[13:00:40.496] [bmv2] [D] [thread 7242] [7.0] [cxt 0] Egress port is 0
[13:00:40.496] [bmv2] [D] [thread 7243] [6.0] [cxt 0] Pipeline 'egress': start
[13:00:40.496] [bmv2] [D] [thread 7243] [6.0] [cxt 0] Pipeline 'egress': end
[13:00:40.496] [bmv2] [D] [thread 7243] [6.0] [cxt 0] Deparser 'deparser': start
[13:00:40.497] [bmv2] [T] [thread 7243] [6.0] [cxt 0] Skipping checksum 'cksum' update because condition not met
[13:00:40.497] [bmv2] [D] [thread 7243] [6.0] [cxt 0] Deparsing header 'ethernet'
[13:00:40.497] [bmv2] [D] [thread 7243] [6.0] [cxt 0] Deparser 'deparser': end
[13:00:40.497] [bmv2] [D] [thread 7243] [7.0] [cxt 0] Pipeline 'egress': start
[13:00:40.497] [bmv2] [D] [thread 7243] [7.0] [cxt 0] Pipeline 'egress': end
[13:00:40.497] [bmv2] [D] [thread 7243] [7.0] [cxt 0] Deparser 'deparser': start
[13:00:40.497] [bmv2] [T] [thread 7243] [7.0] [cxt 0] Skipping checksum 'cksum' update because condition not met
[13:00:40.497] [bmv2] [D] [thread 7243] [7.0] [cxt 0] Deparsing header 'ethernet'
[13:00:40.497] [bmv2] [D] [thread 7243] [7.0] [cxt 0] Deparser 'deparser': end
[13:00:40.497] [bmv2] [D] [thread 7247] [6.0] [cxt 0] Transmitting packet of size 90 out of port 0
[13:00:40.497] [bmv2] [D] [thread 7247] [7.0] [cxt 0] Transmitting packet of size 70 out of port 0
[13:00:40.687] [bmv2] [D] [thread 7242] [8.0] [cxt 0] Processing packet received on port 1
[13:00:40.687] [bmv2] [D] [thread 7242] [8.0] [cxt 0] Parser 'parser': start
[13:00:40.687] [bmv2] [D] [thread 7242] [8.0] [cxt 0] Parser 'parser' entering state 'start'
[13:00:40.687] [bmv2] [D] [thread 7242] [8.0] [cxt 0] Extracting header 'ethernet'
[13:00:40.687] [bmv2] [D] [thread 7242] [8.0] [cxt 0] Parser state 'start': key is 86dd
[13:00:40.687] [bmv2] [T] [thread 7242] [8.0] [cxt 0] Bytes parsed: 14
[13:00:40.687] [bmv2] [D] [thread 7242] [8.0] [cxt 0] Parser 'parser': end
[13:00:40.687] [bmv2] [D] [thread 7242] [8.0] [cxt 0] Pipeline 'ingress': start
[13:00:40.687] [bmv2] [T] [thread 7242] [8.0] [cxt 0] forward.p4(119) Condition "hdr.ipv4.isValid()" (node_2) is false
[13:00:40.687] [bmv2] [D] [thread 7242] [8.0] [cxt 0] Pipeline 'ingress': end
[13:00:40.687] [bmv2] [D] [thread 7242] [8.0] [cxt 0] Egress port is 0
[13:00:40.687] [bmv2] [D] [thread 7243] [8.0] [cxt 0] Pipeline 'egress': start
[13:00:40.687] [bmv2] [D] [thread 7243] [8.0] [cxt 0] Pipeline 'egress': end
[13:00:40.687] [bmv2] [D] [thread 7243] [8.0] [cxt 0] Deparser 'deparser': start
[13:00:40.687] [bmv2] [T] [thread 7243] [8.0] [cxt 0] Skipping checksum 'cksum' update because condition not met
[13:00:40.687] [bmv2] [D] [thread 7243] [8.0] [cxt 0] Deparsing header 'ethernet'
[13:00:40.687] [bmv2] [D] [thread 7243] [8.0] [cxt 0] Deparser 'deparser': end
[13:00:40.687] [bmv2] [D] [thread 7247] [8.0] [cxt 0] Transmitting packet of size 90 out of port 0
[13:00:40.709] [bmv2] [D] [thread 7242] [9.0] [cxt 0] Processing packet received on port 2
[13:00:40.709] [bmv2] [D] [thread 7242] [9.0] [cxt 0] Parser 'parser': start
[13:00:40.709] [bmv2] [D] [thread 7242] [9.0] [cxt 0] Parser 'parser' entering state 'start'
[13:00:40.709] [bmv2] [D] [thread 7242] [9.0] [cxt 0] Extracting header 'ethernet'
[13:00:40.709] [bmv2] [D] [thread 7242] [9.0] [cxt 0] Parser state 'start': key is 86dd
[13:00:40.709] [bmv2] [T] [thread 7242] [9.0] [cxt 0] Bytes parsed: 14
[13:00:40.709] [bmv2] [D] [thread 7242] [9.0] [cxt 0] Parser 'parser': end
[13:00:40.709] [bmv2] [D] [thread 7242] [9.0] [cxt 0] Pipeline 'ingress': start
[13:00:40.709] [bmv2] [T] [thread 7242] [9.0] [cxt 0] forward.p4(119) Condition "hdr.ipv4.isValid()" (node_2) is false
[13:00:40.710] [bmv2] [D] [thread 7242] [9.0] [cxt 0] Pipeline 'ingress': end
[13:00:40.710] [bmv2] [D] [thread 7242] [9.0] [cxt 0] Egress port is 0
[13:00:40.710] [bmv2] [D] [thread 7243] [9.0] [cxt 0] Pipeline 'egress': start
[13:00:40.710] [bmv2] [D] [thread 7243] [9.0] [cxt 0] Pipeline 'egress': end
[13:00:40.710] [bmv2] [D] [thread 7243] [9.0] [cxt 0] Deparser 'deparser': start
[13:00:40.710] [bmv2] [T] [thread 7243] [9.0] [cxt 0] Skipping checksum 'cksum' update because condition not met
[13:00:40.710] [bmv2] [D] [thread 7243] [9.0] [cxt 0] Deparsing header 'ethernet'
[13:00:40.710] [bmv2] [D] [thread 7243] [9.0] [cxt 0] Deparser 'deparser': end
[13:00:40.710] [bmv2] [D] [thread 7247] [9.0] [cxt 0] Transmitting packet of size 90 out of port 0
[13:00:44.141] [bmv2] [D] [thread 7242] [10.0] [cxt 0] Processing packet received on port 1
[13:00:44.141] [bmv2] [D] [thread 7242] [10.0] [cxt 0] Parser 'parser': start
[13:00:44.141] [bmv2] [D] [thread 7242] [10.0] [cxt 0] Parser 'parser' entering state 'start'
[13:00:44.141] [bmv2] [D] [thread 7242] [10.0] [cxt 0] Extracting header 'ethernet'
[13:00:44.141] [bmv2] [D] [thread 7242] [10.0] [cxt 0] Parser state 'start': key is 86dd
[13:00:44.141] [bmv2] [T] [thread 7242] [10.0] [cxt 0] Bytes parsed: 14
[13:00:44.141] [bmv2] [D] [thread 7242] [10.0] [cxt 0] Parser 'parser': end
[13:00:44.141] [bmv2] [D] [thread 7242] [10.0] [cxt 0] Pipeline 'ingress': start
[13:00:44.141] [bmv2] [T] [thread 7242] [10.0] [cxt 0] forward.p4(119) Condition "hdr.ipv4.isValid()" (node_2) is false
[13:00:44.141] [bmv2] [D] [thread 7242] [10.0] [cxt 0] Pipeline 'ingress': end
[13:00:44.141] [bmv2] [D] [thread 7242] [10.0] [cxt 0] Egress port is 0
[13:00:44.141] [bmv2] [D] [thread 7243] [10.0] [cxt 0] Pipeline 'egress': start
[13:00:44.141] [bmv2] [D] [thread 7243] [10.0] [cxt 0] Pipeline 'egress': end
[13:00:44.141] [bmv2] [D] [thread 7243] [10.0] [cxt 0] Deparser 'deparser': start
[13:00:44.141] [bmv2] [T] [thread 7243] [10.0] [cxt 0] Skipping checksum 'cksum' update because condition not met
[13:00:44.141] [bmv2] [D] [thread 7243] [10.0] [cxt 0] Deparsing header 'ethernet'
[13:00:44.141] [bmv2] [D] [thread 7243] [10.0] [cxt 0] Deparser 'deparser': end
[13:00:44.141] [bmv2] [D] [thread 7247] [10.0] [cxt 0] Transmitting packet of size 70 out of port 0
[13:00:44.654] [bmv2] [D] [thread 7242] [11.0] [cxt 0] Processing packet received on port 2
[13:00:44.654] [bmv2] [D] [thread 7242] [11.0] [cxt 0] Parser 'parser': start
[13:00:44.654] [bmv2] [D] [thread 7242] [11.0] [cxt 0] Parser 'parser' entering state 'start'
[13:00:44.654] [bmv2] [D] [thread 7242] [11.0] [cxt 0] Extracting header 'ethernet'
[13:00:44.654] [bmv2] [D] [thread 7242] [11.0] [cxt 0] Parser state 'start': key is 86dd
[13:00:44.654] [bmv2] [T] [thread 7242] [11.0] [cxt 0] Bytes parsed: 14
[13:00:44.654] [bmv2] [D] [thread 7242] [11.0] [cxt 0] Parser 'parser': end
[13:00:44.654] [bmv2] [D] [thread 7242] [11.0] [cxt 0] Pipeline 'ingress': start
[13:00:44.654] [bmv2] [T] [thread 7242] [11.0] [cxt 0] forward.p4(119) Condition "hdr.ipv4.isValid()" (node_2) is false
[13:00:44.654] [bmv2] [D] [thread 7242] [11.0] [cxt 0] Pipeline 'ingress': end
[13:00:44.654] [bmv2] [D] [thread 7242] [11.0] [cxt 0] Egress port is 0
[13:00:44.654] [bmv2] [D] [thread 7243] [11.0] [cxt 0] Pipeline 'egress': start
[13:00:44.654] [bmv2] [D] [thread 7243] [11.0] [cxt 0] Pipeline 'egress': end
[13:00:44.654] [bmv2] [D] [thread 7243] [11.0] [cxt 0] Deparser 'deparser': start
[13:00:44.654] [bmv2] [T] [thread 7243] [11.0] [cxt 0] Skipping checksum 'cksum' update because condition not met
[13:00:44.654] [bmv2] [D] [thread 7243] [11.0] [cxt 0] Deparsing header 'ethernet'
[13:00:44.654] [bmv2] [D] [thread 7243] [11.0] [cxt 0] Deparser 'deparser': end
[13:00:44.654] [bmv2] [D] [thread 7247] [11.0] [cxt 0] Transmitting packet of size 70 out of port 0
[13:00:51.850] [bmv2] [D] [thread 7242] [12.0] [cxt 0] Processing packet received on port 1
[13:00:51.850] [bmv2] [D] [thread 7242] [12.0] [cxt 0] Parser 'parser': start
[13:00:51.850] [bmv2] [D] [thread 7242] [12.0] [cxt 0] Parser 'parser' entering state 'start'
[13:00:51.850] [bmv2] [D] [thread 7242] [12.0] [cxt 0] Extracting header 'ethernet'
[13:00:51.850] [bmv2] [D] [thread 7242] [12.0] [cxt 0] Parser state 'start': key is 86dd
[13:00:51.850] [bmv2] [T] [thread 7242] [12.0] [cxt 0] Bytes parsed: 14
[13:00:51.850] [bmv2] [D] [thread 7242] [12.0] [cxt 0] Parser 'parser': end
[13:00:51.850] [bmv2] [D] [thread 7242] [12.0] [cxt 0] Pipeline 'ingress': start
[13:00:51.850] [bmv2] [T] [thread 7242] [12.0] [cxt 0] forward.p4(119) Condition "hdr.ipv4.isValid()" (node_2) is false
[13:00:51.850] [bmv2] [D] [thread 7242] [12.0] [cxt 0] Pipeline 'ingress': end
[13:00:51.850] [bmv2] [D] [thread 7242] [12.0] [cxt 0] Egress port is 0
[13:00:51.850] [bmv2] [D] [thread 7243] [12.0] [cxt 0] Pipeline 'egress': start
[13:00:51.850] [bmv2] [D] [thread 7243] [12.0] [cxt 0] Pipeline 'egress': end
[13:00:51.850] [bmv2] [D] [thread 7243] [12.0] [cxt 0] Deparser 'deparser': start
[13:00:51.850] [bmv2] [T] [thread 7243] [12.0] [cxt 0] Skipping checksum 'cksum' update because condition not met
[13:00:51.850] [bmv2] [D] [thread 7243] [12.0] [cxt 0] Deparsing header 'ethernet'
[13:00:51.850] [bmv2] [D] [thread 7243] [12.0] [cxt 0] Deparser 'deparser': end
[13:00:51.850] [bmv2] [D] [thread 7247] [12.0] [cxt 0] Transmitting packet of size 70 out of port 0
[13:00:51.953] [bmv2] [T] [thread 7253] bm_get_config
[13:00:52.845] [bmv2] [D] [thread 7242] [13.0] [cxt 0] Processing packet received on port 2
[13:00:52.845] [bmv2] [D] [thread 7242] [13.0] [cxt 0] Parser 'parser': start
[13:00:52.845] [bmv2] [D] [thread 7242] [13.0] [cxt 0] Parser 'parser' entering state 'start'
[13:00:52.845] [bmv2] [D] [thread 7242] [13.0] [cxt 0] Extracting header 'ethernet'
[13:00:52.845] [bmv2] [D] [thread 7242] [13.0] [cxt 0] Parser state 'start': key is 86dd
[13:00:52.845] [bmv2] [T] [thread 7242] [13.0] [cxt 0] Bytes parsed: 14
[13:00:52.845] [bmv2] [D] [thread 7242] [13.0] [cxt 0] Parser 'parser': end
[13:00:52.845] [bmv2] [D] [thread 7242] [13.0] [cxt 0] Pipeline 'ingress': start
[13:00:52.845] [bmv2] [T] [thread 7242] [13.0] [cxt 0] forward.p4(119) Condition "hdr.ipv4.isValid()" (node_2) is false
[13:00:52.845] [bmv2] [D] [thread 7242] [13.0] [cxt 0] Pipeline 'ingress': end
[13:00:52.845] [bmv2] [D] [thread 7242] [13.0] [cxt 0] Egress port is 0
[13:00:52.845] [bmv2] [D] [thread 7243] [13.0] [cxt 0] Pipeline 'egress': start
[13:00:52.845] [bmv2] [D] [thread 7243] [13.0] [cxt 0] Pipeline 'egress': end
[13:00:52.845] [bmv2] [D] [thread 7243] [13.0] [cxt 0] Deparser 'deparser': start
[13:00:52.845] [bmv2] [T] [thread 7243] [13.0] [cxt 0] Skipping checksum 'cksum' update because condition not met
[13:00:52.845] [bmv2] [D] [thread 7243] [13.0] [cxt 0] Deparsing header 'ethernet'
[13:00:52.845] [bmv2] [D] [thread 7243] [13.0] [cxt 0] Deparser 'deparser': end
[13:00:52.845] [bmv2] [D] [thread 7247] [13.0] [cxt 0] Transmitting packet of size 70 out of port 0
[13:01:07.184] [bmv2] [D] [thread 7242] [14.0] [cxt 0] Processing packet received on port 1
[13:01:07.184] [bmv2] [D] [thread 7242] [14.0] [cxt 0] Parser 'parser': start
[13:01:07.184] [bmv2] [D] [thread 7242] [14.0] [cxt 0] Parser 'parser' entering state 'start'
[13:01:07.184] [bmv2] [D] [thread 7242] [14.0] [cxt 0] Extracting header 'ethernet'
[13:01:07.184] [bmv2] [D] [thread 7242] [14.0] [cxt 0] Parser state 'start': key is 86dd
[13:01:07.184] [bmv2] [T] [thread 7242] [14.0] [cxt 0] Bytes parsed: 14
[13:01:07.184] [bmv2] [D] [thread 7242] [14.0] [cxt 0] Parser 'parser': end
[13:01:07.184] [bmv2] [D] [thread 7242] [14.0] [cxt 0] Pipeline 'ingress': start
[13:01:07.184] [bmv2] [T] [thread 7242] [14.0] [cxt 0] forward.p4(119) Condition "hdr.ipv4.isValid()" (node_2) is false
[13:01:07.184] [bmv2] [D] [thread 7242] [14.0] [cxt 0] Pipeline 'ingress': end
[13:01:07.184] [bmv2] [D] [thread 7242] [14.0] [cxt 0] Egress port is 0
[13:01:07.184] [bmv2] [D] [thread 7243] [14.0] [cxt 0] Pipeline 'egress': start
[13:01:07.184] [bmv2] [D] [thread 7243] [14.0] [cxt 0] Pipeline 'egress': end
[13:01:07.184] [bmv2] [D] [thread 7243] [14.0] [cxt 0] Deparser 'deparser': start
[13:01:07.184] [bmv2] [T] [thread 7243] [14.0] [cxt 0] Skipping checksum 'cksum' update because condition not met
[13:01:07.184] [bmv2] [D] [thread 7243] [14.0] [cxt 0] Deparsing header 'ethernet'
[13:01:07.184] [bmv2] [D] [thread 7243] [14.0] [cxt 0] Deparser 'deparser': end
[13:01:07.184] [bmv2] [D] [thread 7247] [14.0] [cxt 0] Transmitting packet of size 70 out of port 0
[13:01:08.461] [bmv2] [D] [thread 7242] [15.0] [cxt 0] Processing packet received on port 2
[13:01:08.462] [bmv2] [D] [thread 7242] [15.0] [cxt 0] Parser 'parser': start
[13:01:08.462] [bmv2] [D] [thread 7242] [15.0] [cxt 0] Parser 'parser' entering state 'start'
[13:01:08.462] [bmv2] [D] [thread 7242] [15.0] [cxt 0] Extracting header 'ethernet'
[13:01:08.462] [bmv2] [D] [thread 7242] [15.0] [cxt 0] Parser state 'start': key is 86dd
[13:01:08.462] [bmv2] [T] [thread 7242] [15.0] [cxt 0] Bytes parsed: 14
[13:01:08.462] [bmv2] [D] [thread 7242] [15.0] [cxt 0] Parser 'parser': end
[13:01:08.462] [bmv2] [D] [thread 7242] [15.0] [cxt 0] Pipeline 'ingress': start
[13:01:08.462] [bmv2] [T] [thread 7242] [15.0] [cxt 0] forward.p4(119) Condition "hdr.ipv4.isValid()" (node_2) is false
[13:01:08.462] [bmv2] [D] [thread 7242] [15.0] [cxt 0] Pipeline 'ingress': end
[13:01:08.462] [bmv2] [D] [thread 7242] [15.0] [cxt 0] Egress port is 0
[13:01:08.462] [bmv2] [D] [thread 7243] [15.0] [cxt 0] Pipeline 'egress': start
[13:01:08.462] [bmv2] [D] [thread 7243] [15.0] [cxt 0] Pipeline 'egress': end
[13:01:08.462] [bmv2] [D] [thread 7243] [15.0] [cxt 0] Deparser 'deparser': start
[13:01:08.462] [bmv2] [T] [thread 7243] [15.0] [cxt 0] Skipping checksum 'cksum' update because condition not met
[13:01:08.462] [bmv2] [D] [thread 7243] [15.0] [cxt 0] Deparsing header 'ethernet'
[13:01:08.462] [bmv2] [D] [thread 7243] [15.0] [cxt 0] Deparser 'deparser': end
[13:01:08.462] [bmv2] [D] [thread 7247] [15.0] [cxt 0] Transmitting packet of size 70 out of port 0
[13:01:38.413] [bmv2] [D] [thread 7242] [16.0] [cxt 0] Processing packet received on port 1
[13:01:38.413] [bmv2] [D] [thread 7242] [16.0] [cxt 0] Parser 'parser': start
[13:01:38.413] [bmv2] [D] [thread 7242] [16.0] [cxt 0] Parser 'parser' entering state 'start'
[13:01:38.413] [bmv2] [D] [thread 7242] [16.0] [cxt 0] Extracting header 'ethernet'
[13:01:38.413] [bmv2] [D] [thread 7242] [16.0] [cxt 0] Parser state 'start': key is 86dd
[13:01:38.413] [bmv2] [T] [thread 7242] [16.0] [cxt 0] Bytes parsed: 14
[13:01:38.413] [bmv2] [D] [thread 7242] [16.0] [cxt 0] Parser 'parser': end
[13:01:38.413] [bmv2] [D] [thread 7242] [16.0] [cxt 0] Pipeline 'ingress': start
[13:01:38.413] [bmv2] [T] [thread 7242] [16.0] [cxt 0] forward.p4(119) Condition "hdr.ipv4.isValid()" (node_2) is false
[13:01:38.413] [bmv2] [D] [thread 7242] [16.0] [cxt 0] Pipeline 'ingress': end
[13:01:38.413] [bmv2] [D] [thread 7242] [16.0] [cxt 0] Egress port is 0
[13:01:38.413] [bmv2] [D] [thread 7243] [16.0] [cxt 0] Pipeline 'egress': start
[13:01:38.413] [bmv2] [D] [thread 7243] [16.0] [cxt 0] Pipeline 'egress': end
[13:01:38.413] [bmv2] [D] [thread 7243] [16.0] [cxt 0] Deparser 'deparser': start
[13:01:38.413] [bmv2] [T] [thread 7243] [16.0] [cxt 0] Skipping checksum 'cksum' update because condition not met
[13:01:38.413] [bmv2] [D] [thread 7243] [16.0] [cxt 0] Deparsing header 'ethernet'
[13:01:38.413] [bmv2] [D] [thread 7243] [16.0] [cxt 0] Deparser 'deparser': end
[13:01:38.413] [bmv2] [D] [thread 7247] [16.0] [cxt 0] Transmitting packet of size 70 out of port 0
[13:01:40.479] [bmv2] [D] [thread 7242] [17.0] [cxt 0] Processing packet received on port 2
[13:01:40.479] [bmv2] [D] [thread 7242] [17.0] [cxt 0] Parser 'parser': start
[13:01:40.479] [bmv2] [D] [thread 7242] [17.0] [cxt 0] Parser 'parser' entering state 'start'
[13:01:40.479] [bmv2] [D] [thread 7242] [17.0] [cxt 0] Extracting header 'ethernet'
[13:01:40.479] [bmv2] [D] [thread 7242] [17.0] [cxt 0] Parser state 'start': key is 86dd
[13:01:40.479] [bmv2] [T] [thread 7242] [17.0] [cxt 0] Bytes parsed: 14
[13:01:40.479] [bmv2] [D] [thread 7242] [17.0] [cxt 0] Parser 'parser': end
[13:01:40.479] [bmv2] [D] [thread 7242] [17.0] [cxt 0] Pipeline 'ingress': start
[13:01:40.479] [bmv2] [T] [thread 7242] [17.0] [cxt 0] forward.p4(119) Condition "hdr.ipv4.isValid()" (node_2) is false
[13:01:40.479] [bmv2] [D] [thread 7242] [17.0] [cxt 0] Pipeline 'ingress': end
[13:01:40.479] [bmv2] [D] [thread 7242] [17.0] [cxt 0] Egress port is 0
[13:01:40.479] [bmv2] [D] [thread 7243] [17.0] [cxt 0] Pipeline 'egress': start
[13:01:40.479] [bmv2] [D] [thread 7243] [17.0] [cxt 0] Pipeline 'egress': end
[13:01:40.479] [bmv2] [D] [thread 7243] [17.0] [cxt 0] Deparser 'deparser': start
[13:01:40.479] [bmv2] [T] [thread 7243] [17.0] [cxt 0] Skipping checksum 'cksum' update because condition not met
[13:01:40.479] [bmv2] [D] [thread 7243] [17.0] [cxt 0] Deparsing header 'ethernet'
[13:01:40.479] [bmv2] [D] [thread 7243] [17.0] [cxt 0] Deparser 'deparser': end
[13:01:40.479] [bmv2] [D] [thread 7247] [17.0] [cxt 0] Transmitting packet of size 70 out of port 0
[13:02:39.853] [bmv2] [D] [thread 7242] [18.0] [cxt 0] Processing packet received on port 1
[13:02:39.853] [bmv2] [D] [thread 7242] [18.0] [cxt 0] Parser 'parser': start
[13:02:39.853] [bmv2] [D] [thread 7242] [18.0] [cxt 0] Parser 'parser' entering state 'start'
[13:02:39.853] [bmv2] [D] [thread 7242] [18.0] [cxt 0] Extracting header 'ethernet'
[13:02:39.853] [bmv2] [D] [thread 7242] [18.0] [cxt 0] Parser state 'start': key is 86dd
[13:02:39.853] [bmv2] [T] [thread 7242] [18.0] [cxt 0] Bytes parsed: 14
[13:02:39.853] [bmv2] [D] [thread 7242] [18.0] [cxt 0] Parser 'parser': end
[13:02:39.853] [bmv2] [D] [thread 7242] [18.0] [cxt 0] Pipeline 'ingress': start
[13:02:39.853] [bmv2] [T] [thread 7242] [18.0] [cxt 0] forward.p4(119) Condition "hdr.ipv4.isValid()" (node_2) is false
[13:02:39.853] [bmv2] [D] [thread 7242] [18.0] [cxt 0] Pipeline 'ingress': end
[13:02:39.853] [bmv2] [D] [thread 7242] [18.0] [cxt 0] Egress port is 0
[13:02:39.854] [bmv2] [D] [thread 7243] [18.0] [cxt 0] Pipeline 'egress': start
[13:02:39.854] [bmv2] [D] [thread 7243] [18.0] [cxt 0] Pipeline 'egress': end
[13:02:39.854] [bmv2] [D] [thread 7243] [18.0] [cxt 0] Deparser 'deparser': start
[13:02:39.854] [bmv2] [T] [thread 7243] [18.0] [cxt 0] Skipping checksum 'cksum' update because condition not met
[13:02:39.854] [bmv2] [D] [thread 7243] [18.0] [cxt 0] Deparsing header 'ethernet'
[13:02:39.854] [bmv2] [D] [thread 7243] [18.0] [cxt 0] Deparser 'deparser': end
[13:02:39.854] [bmv2] [D] [thread 7247] [18.0] [cxt 0] Transmitting packet of size 70 out of port 0
[13:02:41.911] [bmv2] [D] [thread 7242] [19.0] [cxt 0] Processing packet received on port 2
[13:02:41.911] [bmv2] [D] [thread 7242] [19.0] [cxt 0] Parser 'parser': start
[13:02:41.911] [bmv2] [D] [thread 7242] [19.0] [cxt 0] Parser 'parser' entering state 'start'
[13:02:41.911] [bmv2] [D] [thread 7242] [19.0] [cxt 0] Extracting header 'ethernet'
[13:02:41.911] [bmv2] [D] [thread 7242] [19.0] [cxt 0] Parser state 'start': key is 86dd
[13:02:41.911] [bmv2] [T] [thread 7242] [19.0] [cxt 0] Bytes parsed: 14
[13:02:41.911] [bmv2] [D] [thread 7242] [19.0] [cxt 0] Parser 'parser': end
[13:02:41.912] [bmv2] [D] [thread 7242] [19.0] [cxt 0] Pipeline 'ingress': start
[13:02:41.912] [bmv2] [T] [thread 7242] [19.0] [cxt 0] forward.p4(119) Condition "hdr.ipv4.isValid()" (node_2) is false
[13:02:41.912] [bmv2] [D] [thread 7242] [19.0] [cxt 0] Pipeline 'ingress': end
[13:02:41.912] [bmv2] [D] [thread 7242] [19.0] [cxt 0] Egress port is 0
[13:02:41.912] [bmv2] [D] [thread 7243] [19.0] [cxt 0] Pipeline 'egress': start
[13:02:41.912] [bmv2] [D] [thread 7243] [19.0] [cxt 0] Pipeline 'egress': end
[13:02:41.912] [bmv2] [D] [thread 7243] [19.0] [cxt 0] Deparser 'deparser': start
[13:02:41.912] [bmv2] [T] [thread 7243] [19.0] [cxt 0] Skipping checksum 'cksum' update because condition not met
[13:02:41.912] [bmv2] [D] [thread 7243] [19.0] [cxt 0] Deparsing header 'ethernet'
[13:02:41.912] [bmv2] [D] [thread 7243] [19.0] [cxt 0] Deparser 'deparser': end
[13:02:41.912] [bmv2] [D] [thread 7247] [19.0] [cxt 0] Transmitting packet of size 70 out of port 0
[13:04:38.637] [bmv2] [D] [thread 7242] [20.0] [cxt 0] Processing packet received on port 1
[13:04:38.637] [bmv2] [D] [thread 7242] [20.0] [cxt 0] Parser 'parser': start
[13:04:38.637] [bmv2] [D] [thread 7242] [20.0] [cxt 0] Parser 'parser' entering state 'start'
[13:04:38.637] [bmv2] [D] [thread 7242] [20.0] [cxt 0] Extracting header 'ethernet'
[13:04:38.637] [bmv2] [D] [thread 7242] [20.0] [cxt 0] Parser state 'start': key is 86dd
[13:04:38.637] [bmv2] [T] [thread 7242] [20.0] [cxt 0] Bytes parsed: 14
[13:04:38.637] [bmv2] [D] [thread 7242] [20.0] [cxt 0] Parser 'parser': end
[13:04:38.637] [bmv2] [D] [thread 7242] [20.0] [cxt 0] Pipeline 'ingress': start
[13:04:38.637] [bmv2] [T] [thread 7242] [20.0] [cxt 0] forward.p4(119) Condition "hdr.ipv4.isValid()" (node_2) is false
[13:04:38.637] [bmv2] [D] [thread 7242] [20.0] [cxt 0] Pipeline 'ingress': end
[13:04:38.637] [bmv2] [D] [thread 7242] [20.0] [cxt 0] Egress port is 0
[13:04:38.637] [bmv2] [D] [thread 7243] [20.0] [cxt 0] Pipeline 'egress': start
[13:04:38.637] [bmv2] [D] [thread 7243] [20.0] [cxt 0] Pipeline 'egress': end
[13:04:38.637] [bmv2] [D] [thread 7243] [20.0] [cxt 0] Deparser 'deparser': start
[13:04:38.638] [bmv2] [T] [thread 7243] [20.0] [cxt 0] Skipping checksum 'cksum' update because condition not met
[13:04:38.638] [bmv2] [D] [thread 7243] [20.0] [cxt 0] Deparsing header 'ethernet'
[13:04:38.638] [bmv2] [D] [thread 7243] [20.0] [cxt 0] Deparser 'deparser': end
[13:04:38.638] [bmv2] [D] [thread 7247] [20.0] [cxt 0] Transmitting packet of size 70 out of port 0
[13:04:38.638] [bmv2] [D] [thread 7242] [21.0] [cxt 0] Processing packet received on port 2
[13:04:38.638] [bmv2] [D] [thread 7242] [21.0] [cxt 0] Parser 'parser': start
[13:04:38.638] [bmv2] [D] [thread 7242] [21.0] [cxt 0] Parser 'parser' entering state 'start'
[13:04:38.638] [bmv2] [D] [thread 7242] [21.0] [cxt 0] Extracting header 'ethernet'
[13:04:38.638] [bmv2] [D] [thread 7242] [21.0] [cxt 0] Parser state 'start': key is 86dd
[13:04:38.638] [bmv2] [T] [thread 7242] [21.0] [cxt 0] Bytes parsed: 14
[13:04:38.638] [bmv2] [D] [thread 7242] [21.0] [cxt 0] Parser 'parser': end
[13:04:38.638] [bmv2] [D] [thread 7242] [21.0] [cxt 0] Pipeline 'ingress': start
[13:04:38.638] [bmv2] [T] [thread 7242] [21.0] [cxt 0] forward.p4(119) Condition "hdr.ipv4.isValid()" (node_2) is false
[13:04:38.638] [bmv2] [D] [thread 7242] [21.0] [cxt 0] Pipeline 'ingress': end
[13:04:38.638] [bmv2] [D] [thread 7242] [21.0] [cxt 0] Egress port is 0
[13:04:38.638] [bmv2] [D] [thread 7243] [21.0] [cxt 0] Pipeline 'egress': start
[13:04:38.638] [bmv2] [D] [thread 7243] [21.0] [cxt 0] Pipeline 'egress': end
[13:04:38.638] [bmv2] [D] [thread 7243] [21.0] [cxt 0] Deparser 'deparser': start
[13:04:38.638] [bmv2] [T] [thread 7243] [21.0] [cxt 0] Skipping checksum 'cksum' update because condition not met
[13:04:38.638] [bmv2] [D] [thread 7243] [21.0] [cxt 0] Deparsing header 'ethernet'
[13:04:38.638] [bmv2] [D] [thread 7243] [21.0] [cxt 0] Deparser 'deparser': end
[13:04:38.638] [bmv2] [D] [thread 7247] [21.0] [cxt 0] Transmitting packet of size 70 out of port 0
[13:04:46.257] [bmv2] [W] [thread 7276] [P4Runtime] p4::tmp::P4DeviceConfig is deprecated
[13:04:46.257] [bmv2] [D] [thread 7276] Set default default entry for table 'MyIngress.ipv4_lpm': MyIngress.send_to_cpu - 
[13:04:46.258] [bmv2] [D] [thread 7276] simple_switch target has been notified of a config swap
[13:05:14.680] [bmv2] [W] [thread 7304] [P4Runtime] p4::tmp::P4DeviceConfig is deprecated
[13:05:14.681] [bmv2] [D] [thread 7304] Set default default entry for table 'MyIngress.ipv4_lpm': MyIngress.send_to_cpu - 
[13:05:14.681] [bmv2] [D] [thread 7304] simple_switch target has been notified of a config swap
[13:05:35.184] [bmv2] [W] [thread 7304] [P4Runtime] p4::tmp::P4DeviceConfig is deprecated
[13:05:35.185] [bmv2] [D] [thread 7304] Set default default entry for table 'MyIngress.ipv4_lpm': MyIngress.send_to_cpu - 
[13:05:35.186] [bmv2] [D] [thread 7304] simple_switch target has been notified of a config swap
[13:06:06.652] [bmv2] [W] [thread 7304] [P4Runtime] p4::tmp::P4DeviceConfig is deprecated
[13:06:06.652] [bmv2] [D] [thread 7304] Set default default entry for table 'MyIngress.ipv4_lpm': MyIngress.send_to_cpu - 
[13:06:06.653] [bmv2] [D] [thread 7304] simple_switch target has been notified of a config swap
[13:08:30.062] [bmv2] [D] [thread 7242] [22.0] [cxt 0] Processing packet received on port 1
[13:08:30.062] [bmv2] [D] [thread 7242] [22.0] [cxt 0] Parser 'parser': start
[13:08:30.062] [bmv2] [D] [thread 7242] [22.0] [cxt 0] Parser 'parser' entering state 'start'
[13:08:30.062] [bmv2] [D] [thread 7242] [22.0] [cxt 0] Extracting header 'ethernet'
[13:08:30.062] [bmv2] [D] [thread 7242] [22.0] [cxt 0] Parser state 'start': key is 86dd
[13:08:30.062] [bmv2] [T] [thread 7242] [22.0] [cxt 0] Bytes parsed: 14
[13:08:30.062] [bmv2] [D] [thread 7242] [22.0] [cxt 0] Parser 'parser': end
[13:08:30.062] [bmv2] [D] [thread 7242] [22.0] [cxt 0] Pipeline 'ingress': start
[13:08:30.062] [bmv2] [T] [thread 7242] [22.0] [cxt 0] forward.p4(119) Condition "hdr.ipv4.isValid()" (node_2) is false
[13:08:30.062] [bmv2] [D] [thread 7242] [22.0] [cxt 0] Pipeline 'ingress': end
[13:08:30.062] [bmv2] [D] [thread 7242] [22.0] [cxt 0] Egress port is 0
[13:08:30.062] [bmv2] [D] [thread 7243] [22.0] [cxt 0] Pipeline 'egress': start
[13:08:30.062] [bmv2] [D] [thread 7243] [22.0] [cxt 0] Pipeline 'egress': end
[13:08:30.062] [bmv2] [D] [thread 7243] [22.0] [cxt 0] Deparser 'deparser': start
[13:08:30.062] [bmv2] [T] [thread 7243] [22.0] [cxt 0] Skipping checksum 'cksum' update because condition not met
[13:08:30.062] [bmv2] [D] [thread 7243] [22.0] [cxt 0] Deparsing header 'ethernet'
[13:08:30.062] [bmv2] [D] [thread 7243] [22.0] [cxt 0] Deparser 'deparser': end
[13:08:30.062] [bmv2] [D] [thread 7247] [22.0] [cxt 0] Transmitting packet of size 70 out of port 0
[13:08:46.445] [bmv2] [D] [thread 7242] [23.0] [cxt 0] Processing packet received on port 2
[13:08:46.445] [bmv2] [D] [thread 7242] [23.0] [cxt 0] Parser 'parser': start
[13:08:46.446] [bmv2] [D] [thread 7242] [23.0] [cxt 0] Parser 'parser' entering state 'start'
[13:08:46.446] [bmv2] [D] [thread 7242] [23.0] [cxt 0] Extracting header 'ethernet'
[13:08:46.446] [bmv2] [D] [thread 7242] [23.0] [cxt 0] Parser state 'start': key is 86dd
[13:08:46.446] [bmv2] [T] [thread 7242] [23.0] [cxt 0] Bytes parsed: 14
[13:08:46.446] [bmv2] [D] [thread 7242] [23.0] [cxt 0] Parser 'parser': end
[13:08:46.446] [bmv2] [D] [thread 7242] [23.0] [cxt 0] Pipeline 'ingress': start
[13:08:46.446] [bmv2] [T] [thread 7242] [23.0] [cxt 0] forward.p4(119) Condition "hdr.ipv4.isValid()" (node_2) is false
[13:08:46.446] [bmv2] [D] [thread 7242] [23.0] [cxt 0] Pipeline 'ingress': end
[13:08:46.446] [bmv2] [D] [thread 7242] [23.0] [cxt 0] Egress port is 0
[13:08:46.446] [bmv2] [D] [thread 7243] [23.0] [cxt 0] Pipeline 'egress': start
[13:08:46.446] [bmv2] [D] [thread 7243] [23.0] [cxt 0] Pipeline 'egress': end
[13:08:46.446] [bmv2] [D] [thread 7243] [23.0] [cxt 0] Deparser 'deparser': start
[13:08:46.446] [bmv2] [T] [thread 7243] [23.0] [cxt 0] Skipping checksum 'cksum' update because condition not met
[13:08:46.446] [bmv2] [D] [thread 7243] [23.0] [cxt 0] Deparsing header 'ethernet'
[13:08:46.446] [bmv2] [D] [thread 7243] [23.0] [cxt 0] Deparser 'deparser': end
[13:08:46.446] [bmv2] [D] [thread 7247] [23.0] [cxt 0] Transmitting packet of size 70 out of port 0
[13:16:25.209] [bmv2] [D] [thread 7242] [24.0] [cxt 0] Processing packet received on port 1
[13:16:25.209] [bmv2] [D] [thread 7242] [24.0] [cxt 0] Parser 'parser': start
[13:16:25.209] [bmv2] [D] [thread 7242] [24.0] [cxt 0] Parser 'parser' entering state 'start'
[13:16:25.209] [bmv2] [D] [thread 7242] [24.0] [cxt 0] Extracting header 'ethernet'
[13:16:25.209] [bmv2] [D] [thread 7242] [24.0] [cxt 0] Parser state 'start': key is 86dd
[13:16:25.209] [bmv2] [T] [thread 7242] [24.0] [cxt 0] Bytes parsed: 14
[13:16:25.209] [bmv2] [D] [thread 7242] [24.0] [cxt 0] Parser 'parser': end
[13:16:25.209] [bmv2] [D] [thread 7242] [24.0] [cxt 0] Pipeline 'ingress': start
[13:16:25.209] [bmv2] [T] [thread 7242] [24.0] [cxt 0] forward.p4(119) Condition "hdr.ipv4.isValid()" (node_2) is false
[13:16:25.209] [bmv2] [D] [thread 7242] [24.0] [cxt 0] Pipeline 'ingress': end
[13:16:25.209] [bmv2] [D] [thread 7242] [24.0] [cxt 0] Egress port is 0
[13:16:25.209] [bmv2] [D] [thread 7242] [25.0] [cxt 0] Processing packet received on port 2
[13:16:25.209] [bmv2] [D] [thread 7242] [25.0] [cxt 0] Parser 'parser': start
[13:16:25.209] [bmv2] [D] [thread 7242] [25.0] [cxt 0] Parser 'parser' entering state 'start'
[13:16:25.209] [bmv2] [D] [thread 7242] [25.0] [cxt 0] Extracting header 'ethernet'
[13:16:25.209] [bmv2] [D] [thread 7242] [25.0] [cxt 0] Parser state 'start': key is 86dd
[13:16:25.209] [bmv2] [T] [thread 7242] [25.0] [cxt 0] Bytes parsed: 14
[13:16:25.209] [bmv2] [D] [thread 7242] [25.0] [cxt 0] Parser 'parser': end
[13:16:25.209] [bmv2] [D] [thread 7242] [25.0] [cxt 0] Pipeline 'ingress': start
[13:16:25.209] [bmv2] [T] [thread 7242] [25.0] [cxt 0] forward.p4(119) Condition "hdr.ipv4.isValid()" (node_2) is false
[13:16:25.209] [bmv2] [D] [thread 7242] [25.0] [cxt 0] Pipeline 'ingress': end
[13:16:25.209] [bmv2] [D] [thread 7242] [25.0] [cxt 0] Egress port is 0
[13:16:25.209] [bmv2] [D] [thread 7243] [24.0] [cxt 0] Pipeline 'egress': start
[13:16:25.209] [bmv2] [D] [thread 7243] [24.0] [cxt 0] Pipeline 'egress': end
[13:16:25.209] [bmv2] [D] [thread 7243] [24.0] [cxt 0] Deparser 'deparser': start
[13:16:25.209] [bmv2] [T] [thread 7243] [24.0] [cxt 0] Skipping checksum 'cksum' update because condition not met
[13:16:25.209] [bmv2] [D] [thread 7243] [24.0] [cxt 0] Deparsing header 'ethernet'
[13:16:25.209] [bmv2] [D] [thread 7243] [24.0] [cxt 0] Deparser 'deparser': end
[13:16:25.209] [bmv2] [D] [thread 7243] [25.0] [cxt 0] Pipeline 'egress': start
[13:16:25.209] [bmv2] [D] [thread 7243] [25.0] [cxt 0] Pipeline 'egress': end
[13:16:25.209] [bmv2] [D] [thread 7243] [25.0] [cxt 0] Deparser 'deparser': start
[13:16:25.209] [bmv2] [T] [thread 7243] [25.0] [cxt 0] Skipping checksum 'cksum' update because condition not met
[13:16:25.210] [bmv2] [D] [thread 7243] [25.0] [cxt 0] Deparsing header 'ethernet'
[13:16:25.210] [bmv2] [D] [thread 7243] [25.0] [cxt 0] Deparser 'deparser': end
[13:16:25.210] [bmv2] [D] [thread 7247] [24.0] [cxt 0] Transmitting packet of size 70 out of port 0
[13:16:25.210] [bmv2] [D] [thread 7247] [25.0] [cxt 0] Transmitting packet of size 70 out of port 0
[13:16:49.566] [bmv2] [W] [thread 7365] [P4Runtime] p4::tmp::P4DeviceConfig is deprecated
[13:16:49.566] [bmv2] [D] [thread 7365] Set default default entry for table 'MyIngress.ipv4_lpm': MyIngress.send_to_cpu - 
[13:16:49.567] [bmv2] [D] [thread 7365] simple_switch target has been notified of a config swap
[13:27:43.672] [bmv2] [W] [thread 7365] [P4Runtime] p4::tmp::P4DeviceConfig is deprecated
[13:27:43.673] [bmv2] [D] [thread 7365] Set default default entry for table 'MyIngress.ipv4_lpm': MyIngress.send_to_cpu - 
[13:27:43.673] [bmv2] [D] [thread 7365] simple_switch target has been notified of a config swap
[13:28:11.515] [bmv2] [W] [thread 7609] [P4Runtime] p4::tmp::P4DeviceConfig is deprecated
[13:28:11.515] [bmv2] [D] [thread 7609] Set default default entry for table 'MyIngress.ipv4_lpm': MyIngress.send_to_cpu - 
[13:28:11.516] [bmv2] [D] [thread 7609] simple_switch target has been notified of a config swap
[13:30:13.726] [bmv2] [W] [thread 7628] [P4Runtime] p4::tmp::P4DeviceConfig is deprecated
[13:30:13.727] [bmv2] [D] [thread 7628] Set default default entry for table 'MyIngress.ipv4_lpm': MyIngress.send_to_cpu - 
[13:30:13.728] [bmv2] [D] [thread 7628] simple_switch target has been notified of a config swap
[13:31:01.496] [bmv2] [W] [thread 7628] [P4Runtime] p4::tmp::P4DeviceConfig is deprecated
[13:31:01.497] [bmv2] [D] [thread 7628] Set default default entry for table 'MyIngress.ipv4_lpm': MyIngress.send_to_cpu - 
[13:31:01.498] [bmv2] [D] [thread 7628] simple_switch target has been notified of a config swap
[13:31:01.500] [bmv2] [D] [thread 7692] Entry 0 added to table 'MyIngress.ipv4_lpm'
[13:31:01.500] [bmv2] [D] [thread 7692] Dumping entry 0
Match key:
* hdr.ipv4.dstAddr    : LPM       0a000102/32
Action entry: MyIngress.ipv4_forward - 80000000222,2,

[13:31:20.830] [bmv2] [D] [thread 7242] [26.0] [cxt 0] Processing packet received on port 1
[13:31:20.830] [bmv2] [D] [thread 7242] [26.0] [cxt 0] Parser 'parser': start
[13:31:20.830] [bmv2] [D] [thread 7242] [26.0] [cxt 0] Parser 'parser' entering state 'start'
[13:31:20.830] [bmv2] [D] [thread 7242] [26.0] [cxt 0] Extracting header 'ethernet'
[13:31:20.830] [bmv2] [D] [thread 7242] [26.0] [cxt 0] Parser state 'start': key is 0800
[13:31:20.830] [bmv2] [T] [thread 7242] [26.0] [cxt 0] Bytes parsed: 14
[13:31:20.830] [bmv2] [D] [thread 7242] [26.0] [cxt 0] Parser 'parser' entering state 'parse_ipv4'
[13:31:20.830] [bmv2] [D] [thread 7242] [26.0] [cxt 0] Extracting header 'ipv4'
[13:31:20.830] [bmv2] [D] [thread 7242] [26.0] [cxt 0] Parser state 'parse_ipv4' has no switch, going to default next state
[13:31:20.830] [bmv2] [T] [thread 7242] [26.0] [cxt 0] Bytes parsed: 34
[13:31:20.830] [bmv2] [D] [thread 7242] [26.0] [cxt 0] Parser 'parser': end
[13:31:20.830] [bmv2] [D] [thread 7242] [26.0] [cxt 0] Pipeline 'ingress': start
[13:31:20.830] [bmv2] [T] [thread 7242] [26.0] [cxt 0] forward.p4(119) Condition "hdr.ipv4.isValid()" (node_2) is true
[13:31:20.830] [bmv2] [T] [thread 7242] [26.0] [cxt 0] Applying table 'MyIngress.ipv4_lpm'
[13:31:20.830] [bmv2] [D] [thread 7242] [26.0] [cxt 0] Looking up key:
* hdr.ipv4.dstAddr    : 0a000102

[13:31:20.830] [bmv2] [D] [thread 7242] [26.0] [cxt 0] Table 'MyIngress.ipv4_lpm': hit with handle 0
[13:31:20.830] [bmv2] [D] [thread 7242] [26.0] [cxt 0] Dumping entry 0
Match key:
* hdr.ipv4.dstAddr    : LPM       0a000102/32
Action entry: MyIngress.ipv4_forward - 80000000222,2,

[13:31:20.830] [bmv2] [D] [thread 7242] [26.0] [cxt 0] Action entry is MyIngress.ipv4_forward - 80000000222,2,
[13:31:20.830] [bmv2] [T] [thread 7242] [26.0] [cxt 0] Action MyIngress.ipv4_forward
[13:31:20.830] [bmv2] [T] [thread 7242] [26.0] [cxt 0] forward.p4(95) Primitive standard_metadata.egress_spec = port
[13:31:20.830] [bmv2] [T] [thread 7242] [26.0] [cxt 0] forward.p4(96) Primitive hdr.ethernet.srcAddr = hdr.ethernet.dstAddr
[13:31:20.830] [bmv2] [T] [thread 7242] [26.0] [cxt 0] forward.p4(97) Primitive hdr.ethernet.dstAddr = dstAddr
[13:31:20.830] [bmv2] [T] [thread 7242] [26.0] [cxt 0] forward.p4(98) Primitive hdr.ipv4.ttl = hdr.ipv4.ttl - 1
[13:31:20.830] [bmv2] [D] [thread 7242] [26.0] [cxt 0] Pipeline 'ingress': end
[13:31:20.830] [bmv2] [D] [thread 7242] [26.0] [cxt 0] Egress port is 2
[13:31:20.830] [bmv2] [D] [thread 7245] [26.0] [cxt 0] Pipeline 'egress': start
[13:31:20.830] [bmv2] [D] [thread 7245] [26.0] [cxt 0] Pipeline 'egress': end
[13:31:20.830] [bmv2] [D] [thread 7245] [26.0] [cxt 0] Deparser 'deparser': start
[13:31:20.830] [bmv2] [D] [thread 7245] [26.0] [cxt 0] Updating checksum 'cksum'
[13:31:20.830] [bmv2] [D] [thread 7245] [26.0] [cxt 0] Deparsing header 'ethernet'
[13:31:20.830] [bmv2] [D] [thread 7245] [26.0] [cxt 0] Deparsing header 'ipv4'
[13:31:20.830] [bmv2] [D] [thread 7245] [26.0] [cxt 0] Deparser 'deparser': end
[13:31:20.831] [bmv2] [D] [thread 7247] [26.0] [cxt 0] Transmitting packet of size 64 out of port 2
[13:31:20.831] [bmv2] [D] [thread 7242] [27.0] [cxt 0] Processing packet received on port 2
[13:31:20.831] [bmv2] [D] [thread 7242] [27.0] [cxt 0] Parser 'parser': start
[13:31:20.831] [bmv2] [D] [thread 7242] [27.0] [cxt 0] Parser 'parser' entering state 'start'
[13:31:20.831] [bmv2] [D] [thread 7242] [27.0] [cxt 0] Extracting header 'ethernet'
[13:31:20.831] [bmv2] [D] [thread 7242] [27.0] [cxt 0] Parser state 'start': key is 0806
[13:31:20.831] [bmv2] [T] [thread 7242] [27.0] [cxt 0] Bytes parsed: 14
[13:31:20.831] [bmv2] [D] [thread 7242] [27.0] [cxt 0] Parser 'parser': end
[13:31:20.831] [bmv2] [D] [thread 7242] [27.0] [cxt 0] Pipeline 'ingress': start
[13:31:20.831] [bmv2] [T] [thread 7242] [27.0] [cxt 0] forward.p4(119) Condition "hdr.ipv4.isValid()" (node_2) is false
[13:31:20.831] [bmv2] [D] [thread 7242] [27.0] [cxt 0] Pipeline 'ingress': end
[13:31:20.831] [bmv2] [D] [thread 7242] [27.0] [cxt 0] Egress port is 0
[13:31:20.831] [bmv2] [D] [thread 7243] [27.0] [cxt 0] Pipeline 'egress': start
[13:31:20.831] [bmv2] [D] [thread 7243] [27.0] [cxt 0] Pipeline 'egress': end
[13:31:20.831] [bmv2] [D] [thread 7243] [27.0] [cxt 0] Deparser 'deparser': start
[13:31:20.831] [bmv2] [T] [thread 7243] [27.0] [cxt 0] Skipping checksum 'cksum' update because condition not met
[13:31:20.831] [bmv2] [D] [thread 7243] [27.0] [cxt 0] Deparsing header 'ethernet'
[13:31:20.831] [bmv2] [D] [thread 7243] [27.0] [cxt 0] Deparser 'deparser': end
[13:31:20.831] [bmv2] [D] [thread 7247] [27.0] [cxt 0] Transmitting packet of size 42 out of port 0
[13:31:21.847] [bmv2] [D] [thread 7242] [28.0] [cxt 0] Processing packet received on port 2
[13:31:21.847] [bmv2] [D] [thread 7242] [28.0] [cxt 0] Parser 'parser': start
[13:31:21.847] [bmv2] [D] [thread 7242] [28.0] [cxt 0] Parser 'parser' entering state 'start'
[13:31:21.847] [bmv2] [D] [thread 7242] [28.0] [cxt 0] Extracting header 'ethernet'
[13:31:21.847] [bmv2] [D] [thread 7242] [28.0] [cxt 0] Parser state 'start': key is 0806
[13:31:21.847] [bmv2] [T] [thread 7242] [28.0] [cxt 0] Bytes parsed: 14
[13:31:21.847] [bmv2] [D] [thread 7242] [28.0] [cxt 0] Parser 'parser': end
[13:31:21.847] [bmv2] [D] [thread 7242] [28.0] [cxt 0] Pipeline 'ingress': start
[13:31:21.848] [bmv2] [T] [thread 7242] [28.0] [cxt 0] forward.p4(119) Condition "hdr.ipv4.isValid()" (node_2) is false
[13:31:21.848] [bmv2] [D] [thread 7242] [28.0] [cxt 0] Pipeline 'ingress': end
[13:31:21.848] [bmv2] [D] [thread 7242] [28.0] [cxt 0] Egress port is 0
[13:31:21.848] [bmv2] [D] [thread 7243] [28.0] [cxt 0] Pipeline 'egress': start
[13:31:21.848] [bmv2] [D] [thread 7243] [28.0] [cxt 0] Pipeline 'egress': end
[13:31:21.848] [bmv2] [D] [thread 7243] [28.0] [cxt 0] Deparser 'deparser': start
[13:31:21.848] [bmv2] [T] [thread 7243] [28.0] [cxt 0] Skipping checksum 'cksum' update because condition not met
[13:31:21.848] [bmv2] [D] [thread 7243] [28.0] [cxt 0] Deparsing header 'ethernet'
[13:31:21.848] [bmv2] [D] [thread 7243] [28.0] [cxt 0] Deparser 'deparser': end
[13:31:21.848] [bmv2] [D] [thread 7247] [28.0] [cxt 0] Transmitting packet of size 42 out of port 0
[13:31:22.861] [bmv2] [D] [thread 7242] [29.0] [cxt 0] Processing packet received on port 2
[13:31:22.861] [bmv2] [D] [thread 7242] [29.0] [cxt 0] Parser 'parser': start
[13:31:22.861] [bmv2] [D] [thread 7242] [29.0] [cxt 0] Parser 'parser' entering state 'start'
[13:31:22.861] [bmv2] [D] [thread 7242] [29.0] [cxt 0] Extracting header 'ethernet'
[13:31:22.861] [bmv2] [D] [thread 7242] [29.0] [cxt 0] Parser state 'start': key is 0806
[13:31:22.861] [bmv2] [T] [thread 7242] [29.0] [cxt 0] Bytes parsed: 14
[13:31:22.861] [bmv2] [D] [thread 7242] [29.0] [cxt 0] Parser 'parser': end
[13:31:22.861] [bmv2] [D] [thread 7242] [29.0] [cxt 0] Pipeline 'ingress': start
[13:31:22.861] [bmv2] [T] [thread 7242] [29.0] [cxt 0] forward.p4(119) Condition "hdr.ipv4.isValid()" (node_2) is false
[13:31:22.861] [bmv2] [D] [thread 7242] [29.0] [cxt 0] Pipeline 'ingress': end
[13:31:22.861] [bmv2] [D] [thread 7242] [29.0] [cxt 0] Egress port is 0
[13:31:22.861] [bmv2] [D] [thread 7243] [29.0] [cxt 0] Pipeline 'egress': start
[13:31:22.861] [bmv2] [D] [thread 7243] [29.0] [cxt 0] Pipeline 'egress': end
[13:31:22.861] [bmv2] [D] [thread 7243] [29.0] [cxt 0] Deparser 'deparser': start
[13:31:22.861] [bmv2] [T] [thread 7243] [29.0] [cxt 0] Skipping checksum 'cksum' update because condition not met
[13:31:22.861] [bmv2] [D] [thread 7243] [29.0] [cxt 0] Deparsing header 'ethernet'
[13:31:22.861] [bmv2] [D] [thread 7243] [29.0] [cxt 0] Deparser 'deparser': end
[13:31:22.861] [bmv2] [D] [thread 7247] [29.0] [cxt 0] Transmitting packet of size 42 out of port 0
