Calling target program-options parser
[17:45:18.612] [bmv2] [D] [thread 7991] Set default default entry for table 'MyIngress.ipv4_lpm': MyIngress.send_to_cpu - 
Adding interface s2-eth1 as port 1
[17:45:18.612] [bmv2] [D] [thread 7991] Adding interface s2-eth1 as port 1
Adding interface s2-eth2 as port 2
[17:45:18.645] [bmv2] [D] [thread 7991] Adding interface s2-eth2 as port 2
Adding interface s2-eth3 as port 3
[17:45:18.677] [bmv2] [D] [thread 7991] Adding interface s2-eth3 as port 3
Adding interface s2-eth4 as port 4
[17:45:18.709] [bmv2] [D] [thread 7991] Adding interface s2-eth4 as port 4
Server listening on 0.0.0.0:50052
[17:45:18.742] [bmv2] [I] [thread 7991] Starting Thrift server on port 9091
[17:45:18.742] [bmv2] [I] [thread 7991] Thrift server was started
[17:45:24.157] [bmv2] [D] [thread 8001] [0.0] [cxt 0] Processing packet received on port 2
[17:45:24.157] [bmv2] [D] [thread 8001] [0.0] [cxt 0] Parser 'parser': start
[17:45:24.157] [bmv2] [D] [thread 8001] [0.0] [cxt 0] Parser 'parser' entering state 'start'
[17:45:24.157] [bmv2] [D] [thread 8001] [0.0] [cxt 0] Extracting header 'ethernet'
[17:45:24.157] [bmv2] [D] [thread 8001] [0.0] [cxt 0] Parser state 'start': key is 86dd
[17:45:24.157] [bmv2] [T] [thread 8001] [0.0] [cxt 0] Bytes parsed: 14
[17:45:24.157] [bmv2] [D] [thread 8001] [0.0] [cxt 0] Parser 'parser': end
[17:45:24.157] [bmv2] [D] [thread 8001] [0.0] [cxt 0] Pipeline 'ingress': start
[17:45:24.157] [bmv2] [T] [thread 8001] [0.0] [cxt 0] forward.p4(119) Condition "hdr.ipv4.isValid()" (node_2) is false
[17:45:24.157] [bmv2] [D] [thread 8001] [0.0] [cxt 0] Pipeline 'ingress': end
[17:45:24.157] [bmv2] [D] [thread 8001] [0.0] [cxt 0] Egress port is 0
[17:45:24.157] [bmv2] [D] [thread 8002] [0.0] [cxt 0] Pipeline 'egress': start
[17:45:24.157] [bmv2] [D] [thread 8002] [0.0] [cxt 0] Pipeline 'egress': end
[17:45:24.157] [bmv2] [D] [thread 8002] [0.0] [cxt 0] Deparser 'deparser': start
[17:45:24.157] [bmv2] [T] [thread 8002] [0.0] [cxt 0] Skipping checksum 'cksum' update because condition not met
[17:45:24.157] [bmv2] [D] [thread 8002] [0.0] [cxt 0] Deparsing header 'ethernet'
[17:45:24.157] [bmv2] [D] [thread 8002] [0.0] [cxt 0] Deparser 'deparser': end
[17:45:24.158] [bmv2] [D] [thread 8006] [0.0] [cxt 0] Transmitting packet of size 70 out of port 0
[17:45:24.414] [bmv2] [D] [thread 8001] [1.0] [cxt 0] Processing packet received on port 3
[17:45:24.414] [bmv2] [D] [thread 8001] [1.0] [cxt 0] Parser 'parser': start
[17:45:24.414] [bmv2] [D] [thread 8001] [1.0] [cxt 0] Parser 'parser' entering state 'start'
[17:45:24.414] [bmv2] [D] [thread 8001] [1.0] [cxt 0] Extracting header 'ethernet'
[17:45:24.414] [bmv2] [D] [thread 8001] [1.0] [cxt 0] Parser state 'start': key is 86dd
[17:45:24.414] [bmv2] [T] [thread 8001] [1.0] [cxt 0] Bytes parsed: 14
[17:45:24.414] [bmv2] [D] [thread 8001] [1.0] [cxt 0] Parser 'parser': end
[17:45:24.414] [bmv2] [D] [thread 8001] [1.0] [cxt 0] Pipeline 'ingress': start
[17:45:24.414] [bmv2] [T] [thread 8001] [1.0] [cxt 0] forward.p4(119) Condition "hdr.ipv4.isValid()" (node_2) is false
[17:45:24.414] [bmv2] [D] [thread 8001] [1.0] [cxt 0] Pipeline 'ingress': end
[17:45:24.414] [bmv2] [D] [thread 8001] [1.0] [cxt 0] Egress port is 0
[17:45:24.414] [bmv2] [D] [thread 8002] [1.0] [cxt 0] Pipeline 'egress': start
[17:45:24.414] [bmv2] [D] [thread 8002] [1.0] [cxt 0] Pipeline 'egress': end
[17:45:24.414] [bmv2] [D] [thread 8002] [1.0] [cxt 0] Deparser 'deparser': start
[17:45:24.414] [bmv2] [T] [thread 8002] [1.0] [cxt 0] Skipping checksum 'cksum' update because condition not met
[17:45:24.414] [bmv2] [D] [thread 8002] [1.0] [cxt 0] Deparsing header 'ethernet'
[17:45:24.414] [bmv2] [D] [thread 8002] [1.0] [cxt 0] Deparser 'deparser': end
[17:45:24.414] [bmv2] [D] [thread 8001] [2.0] [cxt 0] Processing packet received on port 4
[17:45:24.414] [bmv2] [D] [thread 8001] [2.0] [cxt 0] Parser 'parser': start
[17:45:24.414] [bmv2] [D] [thread 8001] [2.0] [cxt 0] Parser 'parser' entering state 'start'
[17:45:24.414] [bmv2] [D] [thread 8001] [2.0] [cxt 0] Extracting header 'ethernet'
[17:45:24.414] [bmv2] [D] [thread 8001] [2.0] [cxt 0] Parser state 'start': key is 86dd
[17:45:24.414] [bmv2] [T] [thread 8001] [2.0] [cxt 0] Bytes parsed: 14
[17:45:24.414] [bmv2] [D] [thread 8001] [2.0] [cxt 0] Parser 'parser': end
[17:45:24.414] [bmv2] [D] [thread 8001] [2.0] [cxt 0] Pipeline 'ingress': start
[17:45:24.414] [bmv2] [T] [thread 8001] [2.0] [cxt 0] forward.p4(119) Condition "hdr.ipv4.isValid()" (node_2) is false
[17:45:24.414] [bmv2] [D] [thread 8001] [2.0] [cxt 0] Pipeline 'ingress': end
[17:45:24.414] [bmv2] [D] [thread 8001] [2.0] [cxt 0] Egress port is 0
[17:45:24.414] [bmv2] [D] [thread 8002] [2.0] [cxt 0] Pipeline 'egress': start
[17:45:24.414] [bmv2] [D] [thread 8002] [2.0] [cxt 0] Pipeline 'egress': end
[17:45:24.414] [bmv2] [D] [thread 8002] [2.0] [cxt 0] Deparser 'deparser': start
[17:45:24.414] [bmv2] [T] [thread 8002] [2.0] [cxt 0] Skipping checksum 'cksum' update because condition not met
[17:45:24.414] [bmv2] [D] [thread 8002] [2.0] [cxt 0] Deparsing header 'ethernet'
[17:45:24.414] [bmv2] [D] [thread 8002] [2.0] [cxt 0] Deparser 'deparser': end
[17:45:24.414] [bmv2] [D] [thread 8006] [1.0] [cxt 0] Transmitting packet of size 70 out of port 0
[17:45:24.414] [bmv2] [D] [thread 8006] [2.0] [cxt 0] Transmitting packet of size 70 out of port 0
[17:45:24.926] [bmv2] [D] [thread 8001] [3.0] [cxt 0] Processing packet received on port 1
[17:45:24.926] [bmv2] [D] [thread 8001] [3.0] [cxt 0] Parser 'parser': start
[17:45:24.926] [bmv2] [D] [thread 8001] [3.0] [cxt 0] Parser 'parser' entering state 'start'
[17:45:24.926] [bmv2] [D] [thread 8001] [3.0] [cxt 0] Extracting header 'ethernet'
[17:45:24.926] [bmv2] [D] [thread 8001] [3.0] [cxt 0] Parser state 'start': key is 86dd
[17:45:24.926] [bmv2] [T] [thread 8001] [3.0] [cxt 0] Bytes parsed: 14
[17:45:24.926] [bmv2] [D] [thread 8001] [3.0] [cxt 0] Parser 'parser': end
[17:45:24.926] [bmv2] [D] [thread 8001] [3.0] [cxt 0] Pipeline 'ingress': start
[17:45:24.926] [bmv2] [T] [thread 8001] [3.0] [cxt 0] forward.p4(119) Condition "hdr.ipv4.isValid()" (node_2) is false
[17:45:24.926] [bmv2] [D] [thread 8001] [3.0] [cxt 0] Pipeline 'ingress': end
[17:45:24.926] [bmv2] [D] [thread 8001] [3.0] [cxt 0] Egress port is 0
[17:45:24.926] [bmv2] [D] [thread 8002] [3.0] [cxt 0] Pipeline 'egress': start
[17:45:24.926] [bmv2] [D] [thread 8002] [3.0] [cxt 0] Pipeline 'egress': end
[17:45:24.926] [bmv2] [D] [thread 8002] [3.0] [cxt 0] Deparser 'deparser': start
[17:45:24.926] [bmv2] [T] [thread 8002] [3.0] [cxt 0] Skipping checksum 'cksum' update because condition not met
[17:45:24.926] [bmv2] [D] [thread 8002] [3.0] [cxt 0] Deparsing header 'ethernet'
[17:45:24.926] [bmv2] [D] [thread 8002] [3.0] [cxt 0] Deparser 'deparser': end
[17:45:24.926] [bmv2] [D] [thread 8006] [3.0] [cxt 0] Transmitting packet of size 70 out of port 0
[17:45:26.206] [bmv2] [D] [thread 8001] [4.0] [cxt 0] Processing packet received on port 3
[17:45:26.206] [bmv2] [D] [thread 8001] [4.0] [cxt 0] Parser 'parser': start
[17:45:26.206] [bmv2] [D] [thread 8001] [4.0] [cxt 0] Parser 'parser' entering state 'start'
[17:45:26.206] [bmv2] [D] [thread 8001] [4.0] [cxt 0] Extracting header 'ethernet'
[17:45:26.206] [bmv2] [D] [thread 8001] [4.0] [cxt 0] Parser state 'start': key is 86dd
[17:45:26.206] [bmv2] [T] [thread 8001] [4.0] [cxt 0] Bytes parsed: 14
[17:45:26.206] [bmv2] [D] [thread 8001] [4.0] [cxt 0] Parser 'parser': end
[17:45:26.206] [bmv2] [D] [thread 8001] [4.0] [cxt 0] Pipeline 'ingress': start
[17:45:26.206] [bmv2] [T] [thread 8001] [4.0] [cxt 0] forward.p4(119) Condition "hdr.ipv4.isValid()" (node_2) is false
[17:45:26.206] [bmv2] [D] [thread 8001] [4.0] [cxt 0] Pipeline 'ingress': end
[17:45:26.206] [bmv2] [D] [thread 8001] [4.0] [cxt 0] Egress port is 0
[17:45:26.206] [bmv2] [D] [thread 8002] [4.0] [cxt 0] Pipeline 'egress': start
[17:45:26.206] [bmv2] [D] [thread 8002] [4.0] [cxt 0] Pipeline 'egress': end
[17:45:26.206] [bmv2] [D] [thread 8002] [4.0] [cxt 0] Deparser 'deparser': start
[17:45:26.206] [bmv2] [T] [thread 8002] [4.0] [cxt 0] Skipping checksum 'cksum' update because condition not met
[17:45:26.206] [bmv2] [D] [thread 8002] [4.0] [cxt 0] Deparsing header 'ethernet'
[17:45:26.206] [bmv2] [D] [thread 8002] [4.0] [cxt 0] Deparser 'deparser': end
[17:45:26.206] [bmv2] [D] [thread 8001] [5.0] [cxt 0] Processing packet received on port 4
[17:45:26.206] [bmv2] [D] [thread 8001] [5.0] [cxt 0] Parser 'parser': start
[17:45:26.206] [bmv2] [D] [thread 8001] [5.0] [cxt 0] Parser 'parser' entering state 'start'
[17:45:26.206] [bmv2] [D] [thread 8001] [5.0] [cxt 0] Extracting header 'ethernet'
[17:45:26.206] [bmv2] [D] [thread 8001] [5.0] [cxt 0] Parser state 'start': key is 86dd
[17:45:26.206] [bmv2] [T] [thread 8001] [5.0] [cxt 0] Bytes parsed: 14
[17:45:26.206] [bmv2] [D] [thread 8001] [5.0] [cxt 0] Parser 'parser': end
[17:45:26.206] [bmv2] [D] [thread 8001] [5.0] [cxt 0] Pipeline 'ingress': start
[17:45:26.206] [bmv2] [T] [thread 8001] [5.0] [cxt 0] forward.p4(119) Condition "hdr.ipv4.isValid()" (node_2) is false
[17:45:26.206] [bmv2] [D] [thread 8001] [5.0] [cxt 0] Pipeline 'ingress': end
[17:45:26.206] [bmv2] [D] [thread 8001] [5.0] [cxt 0] Egress port is 0
[17:45:26.206] [bmv2] [D] [thread 8002] [5.0] [cxt 0] Pipeline 'egress': start
[17:45:26.206] [bmv2] [D] [thread 8002] [5.0] [cxt 0] Pipeline 'egress': end
[17:45:26.206] [bmv2] [D] [thread 8002] [5.0] [cxt 0] Deparser 'deparser': start
[17:45:26.206] [bmv2] [T] [thread 8002] [5.0] [cxt 0] Skipping checksum 'cksum' update because condition not met
[17:45:26.206] [bmv2] [D] [thread 8002] [5.0] [cxt 0] Deparsing header 'ethernet'
[17:45:26.206] [bmv2] [D] [thread 8002] [5.0] [cxt 0] Deparser 'deparser': end
[17:45:26.206] [bmv2] [D] [thread 8006] [4.0] [cxt 0] Transmitting packet of size 70 out of port 0
[17:45:26.206] [bmv2] [D] [thread 8006] [5.0] [cxt 0] Transmitting packet of size 70 out of port 0
[17:45:39.529] [bmv2] [D] [thread 8001] [6.0] [cxt 0] Processing packet received on port 2
[17:45:39.529] [bmv2] [D] [thread 8001] [6.0] [cxt 0] Parser 'parser': start
[17:45:39.529] [bmv2] [D] [thread 8001] [6.0] [cxt 0] Parser 'parser' entering state 'start'
[17:45:39.529] [bmv2] [D] [thread 8001] [6.0] [cxt 0] Extracting header 'ethernet'
[17:45:39.529] [bmv2] [D] [thread 8001] [6.0] [cxt 0] Parser state 'start': key is 86dd
[17:45:39.529] [bmv2] [T] [thread 8001] [6.0] [cxt 0] Bytes parsed: 14
[17:45:39.529] [bmv2] [D] [thread 8001] [6.0] [cxt 0] Parser 'parser': end
[17:45:39.529] [bmv2] [D] [thread 8001] [6.0] [cxt 0] Pipeline 'ingress': start
[17:45:39.529] [bmv2] [T] [thread 8001] [6.0] [cxt 0] forward.p4(119) Condition "hdr.ipv4.isValid()" (node_2) is false
[17:45:39.529] [bmv2] [D] [thread 8001] [6.0] [cxt 0] Pipeline 'ingress': end
[17:45:39.529] [bmv2] [D] [thread 8001] [6.0] [cxt 0] Egress port is 0
[17:45:39.529] [bmv2] [D] [thread 8002] [6.0] [cxt 0] Pipeline 'egress': start
[17:45:39.529] [bmv2] [D] [thread 8002] [6.0] [cxt 0] Pipeline 'egress': end
[17:45:39.529] [bmv2] [D] [thread 8002] [6.0] [cxt 0] Deparser 'deparser': start
[17:45:39.529] [bmv2] [T] [thread 8002] [6.0] [cxt 0] Skipping checksum 'cksum' update because condition not met
[17:45:39.529] [bmv2] [D] [thread 8002] [6.0] [cxt 0] Deparsing header 'ethernet'
[17:45:39.529] [bmv2] [D] [thread 8002] [6.0] [cxt 0] Deparser 'deparser': end
[17:45:39.529] [bmv2] [D] [thread 8006] [6.0] [cxt 0] Transmitting packet of size 70 out of port 0
[17:45:39.777] [bmv2] [D] [thread 8001] [7.0] [cxt 0] Processing packet received on port 3
[17:45:39.777] [bmv2] [D] [thread 8001] [7.0] [cxt 0] Parser 'parser': start
[17:45:39.777] [bmv2] [D] [thread 8001] [7.0] [cxt 0] Parser 'parser' entering state 'start'
[17:45:39.777] [bmv2] [D] [thread 8001] [7.0] [cxt 0] Extracting header 'ethernet'
[17:45:39.777] [bmv2] [D] [thread 8001] [7.0] [cxt 0] Parser state 'start': key is 86dd
[17:45:39.777] [bmv2] [T] [thread 8001] [7.0] [cxt 0] Bytes parsed: 14
[17:45:39.777] [bmv2] [D] [thread 8001] [7.0] [cxt 0] Parser 'parser': end
[17:45:39.777] [bmv2] [D] [thread 8001] [7.0] [cxt 0] Pipeline 'ingress': start
[17:45:39.777] [bmv2] [T] [thread 8001] [7.0] [cxt 0] forward.p4(119) Condition "hdr.ipv4.isValid()" (node_2) is false
[17:45:39.777] [bmv2] [D] [thread 8001] [7.0] [cxt 0] Pipeline 'ingress': end
[17:45:39.777] [bmv2] [D] [thread 8001] [7.0] [cxt 0] Egress port is 0
[17:45:39.777] [bmv2] [D] [thread 8002] [7.0] [cxt 0] Pipeline 'egress': start
[17:45:39.777] [bmv2] [D] [thread 8002] [7.0] [cxt 0] Pipeline 'egress': end
[17:45:39.777] [bmv2] [D] [thread 8002] [7.0] [cxt 0] Deparser 'deparser': start
[17:45:39.777] [bmv2] [T] [thread 8002] [7.0] [cxt 0] Skipping checksum 'cksum' update because condition not met
[17:45:39.777] [bmv2] [D] [thread 8002] [7.0] [cxt 0] Deparsing header 'ethernet'
[17:45:39.777] [bmv2] [D] [thread 8002] [7.0] [cxt 0] Deparser 'deparser': end
[17:45:39.777] [bmv2] [D] [thread 8006] [7.0] [cxt 0] Transmitting packet of size 70 out of port 0
[17:45:40.545] [bmv2] [D] [thread 8001] [8.0] [cxt 0] Processing packet received on port 1
[17:45:40.545] [bmv2] [D] [thread 8001] [8.0] [cxt 0] Parser 'parser': start
[17:45:40.545] [bmv2] [D] [thread 8001] [8.0] [cxt 0] Parser 'parser' entering state 'start'
[17:45:40.545] [bmv2] [D] [thread 8001] [8.0] [cxt 0] Extracting header 'ethernet'
[17:45:40.545] [bmv2] [D] [thread 8001] [8.0] [cxt 0] Parser state 'start': key is 86dd
[17:45:40.545] [bmv2] [T] [thread 8001] [8.0] [cxt 0] Bytes parsed: 14
[17:45:40.545] [bmv2] [D] [thread 8001] [8.0] [cxt 0] Parser 'parser': end
[17:45:40.545] [bmv2] [D] [thread 8001] [8.0] [cxt 0] Pipeline 'ingress': start
[17:45:40.545] [bmv2] [T] [thread 8001] [8.0] [cxt 0] forward.p4(119) Condition "hdr.ipv4.isValid()" (node_2) is false
[17:45:40.545] [bmv2] [D] [thread 8001] [8.0] [cxt 0] Pipeline 'ingress': end
[17:45:40.545] [bmv2] [D] [thread 8001] [8.0] [cxt 0] Egress port is 0
[17:45:40.545] [bmv2] [D] [thread 8002] [8.0] [cxt 0] Pipeline 'egress': start
[17:45:40.545] [bmv2] [D] [thread 8002] [8.0] [cxt 0] Pipeline 'egress': end
[17:45:40.545] [bmv2] [D] [thread 8002] [8.0] [cxt 0] Deparser 'deparser': start
[17:45:40.545] [bmv2] [T] [thread 8002] [8.0] [cxt 0] Skipping checksum 'cksum' update because condition not met
[17:45:40.545] [bmv2] [D] [thread 8002] [8.0] [cxt 0] Deparsing header 'ethernet'
[17:45:40.545] [bmv2] [D] [thread 8002] [8.0] [cxt 0] Deparser 'deparser': end
[17:45:40.545] [bmv2] [D] [thread 8001] [9.0] [cxt 0] Processing packet received on port 4
[17:45:40.545] [bmv2] [D] [thread 8001] [9.0] [cxt 0] Parser 'parser': start
[17:45:40.545] [bmv2] [D] [thread 8001] [9.0] [cxt 0] Parser 'parser' entering state 'start'
[17:45:40.545] [bmv2] [D] [thread 8001] [9.0] [cxt 0] Extracting header 'ethernet'
[17:45:40.545] [bmv2] [D] [thread 8001] [9.0] [cxt 0] Parser state 'start': key is 86dd
[17:45:40.545] [bmv2] [T] [thread 8001] [9.0] [cxt 0] Bytes parsed: 14
[17:45:40.545] [bmv2] [D] [thread 8001] [9.0] [cxt 0] Parser 'parser': end
[17:45:40.545] [bmv2] [D] [thread 8001] [9.0] [cxt 0] Pipeline 'ingress': start
[17:45:40.545] [bmv2] [T] [thread 8001] [9.0] [cxt 0] forward.p4(119) Condition "hdr.ipv4.isValid()" (node_2) is false
[17:45:40.545] [bmv2] [D] [thread 8001] [9.0] [cxt 0] Pipeline 'ingress': end
[17:45:40.545] [bmv2] [D] [thread 8001] [9.0] [cxt 0] Egress port is 0
[17:45:40.545] [bmv2] [D] [thread 8002] [9.0] [cxt 0] Pipeline 'egress': start
[17:45:40.545] [bmv2] [D] [thread 8002] [9.0] [cxt 0] Pipeline 'egress': end
[17:45:40.545] [bmv2] [D] [thread 8002] [9.0] [cxt 0] Deparser 'deparser': start
[17:45:40.545] [bmv2] [T] [thread 8002] [9.0] [cxt 0] Skipping checksum 'cksum' update because condition not met
[17:45:40.545] [bmv2] [D] [thread 8002] [9.0] [cxt 0] Deparsing header 'ethernet'
[17:45:40.545] [bmv2] [D] [thread 8002] [9.0] [cxt 0] Deparser 'deparser': end
[17:45:40.545] [bmv2] [D] [thread 8006] [8.0] [cxt 0] Transmitting packet of size 70 out of port 0
[17:45:40.545] [bmv2] [D] [thread 8006] [9.0] [cxt 0] Transmitting packet of size 70 out of port 0
[17:45:43.358] [bmv2] [D] [thread 8001] [10.0] [cxt 0] Processing packet received on port 3
[17:45:43.358] [bmv2] [D] [thread 8001] [10.0] [cxt 0] Parser 'parser': start
[17:45:43.358] [bmv2] [D] [thread 8001] [10.0] [cxt 0] Parser 'parser' entering state 'start'
[17:45:43.358] [bmv2] [D] [thread 8001] [10.0] [cxt 0] Extracting header 'ethernet'
[17:45:43.358] [bmv2] [D] [thread 8001] [10.0] [cxt 0] Parser state 'start': key is 86dd
[17:45:43.358] [bmv2] [T] [thread 8001] [10.0] [cxt 0] Bytes parsed: 14
[17:45:43.358] [bmv2] [D] [thread 8001] [10.0] [cxt 0] Parser 'parser': end
[17:45:43.358] [bmv2] [D] [thread 8001] [10.0] [cxt 0] Pipeline 'ingress': start
[17:45:43.358] [bmv2] [T] [thread 8001] [10.0] [cxt 0] forward.p4(119) Condition "hdr.ipv4.isValid()" (node_2) is false
[17:45:43.358] [bmv2] [D] [thread 8001] [10.0] [cxt 0] Pipeline 'ingress': end
[17:45:43.358] [bmv2] [D] [thread 8001] [10.0] [cxt 0] Egress port is 0
[17:45:43.358] [bmv2] [D] [thread 8002] [10.0] [cxt 0] Pipeline 'egress': start
[17:45:43.358] [bmv2] [D] [thread 8002] [10.0] [cxt 0] Pipeline 'egress': end
[17:45:43.358] [bmv2] [D] [thread 8002] [10.0] [cxt 0] Deparser 'deparser': start
[17:45:43.358] [bmv2] [T] [thread 8002] [10.0] [cxt 0] Skipping checksum 'cksum' update because condition not met
[17:45:43.358] [bmv2] [D] [thread 8002] [10.0] [cxt 0] Deparsing header 'ethernet'
[17:45:43.358] [bmv2] [D] [thread 8002] [10.0] [cxt 0] Deparser 'deparser': end
[17:45:43.358] [bmv2] [D] [thread 8006] [10.0] [cxt 0] Transmitting packet of size 70 out of port 0
[17:45:45.405] [bmv2] [D] [thread 8001] [11.0] [cxt 0] Processing packet received on port 4
[17:45:45.405] [bmv2] [D] [thread 8001] [11.0] [cxt 0] Parser 'parser': start
[17:45:45.405] [bmv2] [D] [thread 8001] [11.0] [cxt 0] Parser 'parser' entering state 'start'
[17:45:45.405] [bmv2] [D] [thread 8001] [11.0] [cxt 0] Extracting header 'ethernet'
[17:45:45.405] [bmv2] [D] [thread 8001] [11.0] [cxt 0] Parser state 'start': key is 86dd
[17:45:45.405] [bmv2] [T] [thread 8001] [11.0] [cxt 0] Bytes parsed: 14
[17:45:45.405] [bmv2] [D] [thread 8001] [11.0] [cxt 0] Parser 'parser': end
[17:45:45.405] [bmv2] [D] [thread 8001] [11.0] [cxt 0] Pipeline 'ingress': start
[17:45:45.405] [bmv2] [T] [thread 8001] [11.0] [cxt 0] forward.p4(119) Condition "hdr.ipv4.isValid()" (node_2) is false
[17:45:45.405] [bmv2] [D] [thread 8001] [11.0] [cxt 0] Pipeline 'ingress': end
[17:45:45.405] [bmv2] [D] [thread 8001] [11.0] [cxt 0] Egress port is 0
[17:45:45.405] [bmv2] [D] [thread 8002] [11.0] [cxt 0] Pipeline 'egress': start
[17:45:45.405] [bmv2] [D] [thread 8002] [11.0] [cxt 0] Pipeline 'egress': end
[17:45:45.405] [bmv2] [D] [thread 8002] [11.0] [cxt 0] Deparser 'deparser': start
[17:45:45.405] [bmv2] [T] [thread 8002] [11.0] [cxt 0] Skipping checksum 'cksum' update because condition not met
[17:45:45.405] [bmv2] [D] [thread 8002] [11.0] [cxt 0] Deparsing header 'ethernet'
[17:45:45.405] [bmv2] [D] [thread 8002] [11.0] [cxt 0] Deparser 'deparser': end
[17:45:45.405] [bmv2] [D] [thread 8006] [11.0] [cxt 0] Transmitting packet of size 70 out of port 0
[17:46:09.982] [bmv2] [D] [thread 8001] [12.0] [cxt 0] Processing packet received on port 3
[17:46:09.982] [bmv2] [D] [thread 8001] [12.0] [cxt 0] Parser 'parser': start
[17:46:09.982] [bmv2] [D] [thread 8001] [12.0] [cxt 0] Parser 'parser' entering state 'start'
[17:46:09.982] [bmv2] [D] [thread 8001] [12.0] [cxt 0] Extracting header 'ethernet'
[17:46:09.982] [bmv2] [D] [thread 8001] [12.0] [cxt 0] Parser state 'start': key is 86dd
[17:46:09.982] [bmv2] [T] [thread 8001] [12.0] [cxt 0] Bytes parsed: 14
[17:46:09.982] [bmv2] [D] [thread 8001] [12.0] [cxt 0] Parser 'parser': end
[17:46:09.982] [bmv2] [D] [thread 8001] [12.0] [cxt 0] Pipeline 'ingress': start
[17:46:09.982] [bmv2] [T] [thread 8001] [12.0] [cxt 0] forward.p4(119) Condition "hdr.ipv4.isValid()" (node_2) is false
[17:46:09.982] [bmv2] [D] [thread 8001] [12.0] [cxt 0] Pipeline 'ingress': end
[17:46:09.982] [bmv2] [D] [thread 8001] [12.0] [cxt 0] Egress port is 0
[17:46:09.982] [bmv2] [D] [thread 8002] [12.0] [cxt 0] Pipeline 'egress': start
[17:46:09.982] [bmv2] [D] [thread 8002] [12.0] [cxt 0] Pipeline 'egress': end
[17:46:09.982] [bmv2] [D] [thread 8002] [12.0] [cxt 0] Deparser 'deparser': start
[17:46:09.982] [bmv2] [T] [thread 8002] [12.0] [cxt 0] Skipping checksum 'cksum' update because condition not met
[17:46:09.982] [bmv2] [D] [thread 8002] [12.0] [cxt 0] Deparsing header 'ethernet'
[17:46:09.982] [bmv2] [D] [thread 8002] [12.0] [cxt 0] Deparser 'deparser': end
[17:46:09.982] [bmv2] [D] [thread 8006] [12.0] [cxt 0] Transmitting packet of size 70 out of port 0
[17:46:12.032] [bmv2] [D] [thread 8001] [13.0] [cxt 0] Processing packet received on port 1
[17:46:12.032] [bmv2] [D] [thread 8001] [13.0] [cxt 0] Parser 'parser': start
[17:46:12.032] [bmv2] [D] [thread 8001] [13.0] [cxt 0] Parser 'parser' entering state 'start'
[17:46:12.032] [bmv2] [D] [thread 8001] [13.0] [cxt 0] Extracting header 'ethernet'
[17:46:12.032] [bmv2] [D] [thread 8001] [13.0] [cxt 0] Parser state 'start': key is 86dd
[17:46:12.032] [bmv2] [T] [thread 8001] [13.0] [cxt 0] Bytes parsed: 14
[17:46:12.032] [bmv2] [D] [thread 8001] [13.0] [cxt 0] Parser 'parser': end
[17:46:12.032] [bmv2] [D] [thread 8001] [13.0] [cxt 0] Pipeline 'ingress': start
[17:46:12.032] [bmv2] [T] [thread 8001] [13.0] [cxt 0] forward.p4(119) Condition "hdr.ipv4.isValid()" (node_2) is false
[17:46:12.032] [bmv2] [D] [thread 8001] [13.0] [cxt 0] Pipeline 'ingress': end
[17:46:12.032] [bmv2] [D] [thread 8001] [13.0] [cxt 0] Egress port is 0
[17:46:12.032] [bmv2] [D] [thread 8001] [14.0] [cxt 0] Processing packet received on port 2
[17:46:12.032] [bmv2] [D] [thread 8001] [14.0] [cxt 0] Parser 'parser': start
[17:46:12.032] [bmv2] [D] [thread 8001] [14.0] [cxt 0] Parser 'parser' entering state 'start'
[17:46:12.032] [bmv2] [D] [thread 8001] [14.0] [cxt 0] Extracting header 'ethernet'
[17:46:12.032] [bmv2] [D] [thread 8001] [14.0] [cxt 0] Parser state 'start': key is 86dd
[17:46:12.032] [bmv2] [T] [thread 8001] [14.0] [cxt 0] Bytes parsed: 14
[17:46:12.032] [bmv2] [D] [thread 8001] [14.0] [cxt 0] Parser 'parser': end
[17:46:12.032] [bmv2] [D] [thread 8001] [14.0] [cxt 0] Pipeline 'ingress': start
[17:46:12.032] [bmv2] [T] [thread 8001] [14.0] [cxt 0] forward.p4(119) Condition "hdr.ipv4.isValid()" (node_2) is false
[17:46:12.032] [bmv2] [D] [thread 8001] [14.0] [cxt 0] Pipeline 'ingress': end
[17:46:12.032] [bmv2] [D] [thread 8001] [14.0] [cxt 0] Egress port is 0
[17:46:12.032] [bmv2] [D] [thread 8002] [13.0] [cxt 0] Pipeline 'egress': start
[17:46:12.032] [bmv2] [D] [thread 8002] [13.0] [cxt 0] Pipeline 'egress': end
[17:46:12.032] [bmv2] [D] [thread 8002] [13.0] [cxt 0] Deparser 'deparser': start
[17:46:12.032] [bmv2] [T] [thread 8002] [13.0] [cxt 0] Skipping checksum 'cksum' update because condition not met
[17:46:12.032] [bmv2] [D] [thread 8002] [13.0] [cxt 0] Deparsing header 'ethernet'
[17:46:12.032] [bmv2] [D] [thread 8002] [13.0] [cxt 0] Deparser 'deparser': end
[17:46:12.032] [bmv2] [D] [thread 8002] [14.0] [cxt 0] Pipeline 'egress': start
[17:46:12.032] [bmv2] [D] [thread 8002] [14.0] [cxt 0] Pipeline 'egress': end
[17:46:12.032] [bmv2] [D] [thread 8002] [14.0] [cxt 0] Deparser 'deparser': start
[17:46:12.032] [bmv2] [T] [thread 8002] [14.0] [cxt 0] Skipping checksum 'cksum' update because condition not met
[17:46:12.032] [bmv2] [D] [thread 8002] [14.0] [cxt 0] Deparsing header 'ethernet'
[17:46:12.032] [bmv2] [D] [thread 8002] [14.0] [cxt 0] Deparser 'deparser': end
[17:46:12.032] [bmv2] [D] [thread 8006] [13.0] [cxt 0] Transmitting packet of size 70 out of port 0
[17:46:12.032] [bmv2] [D] [thread 8006] [14.0] [cxt 0] Transmitting packet of size 70 out of port 0
[17:46:14.078] [bmv2] [D] [thread 8001] [15.0] [cxt 0] Processing packet received on port 4
[17:46:14.078] [bmv2] [D] [thread 8001] [15.0] [cxt 0] Parser 'parser': start
[17:46:14.078] [bmv2] [D] [thread 8001] [15.0] [cxt 0] Parser 'parser' entering state 'start'
[17:46:14.078] [bmv2] [D] [thread 8001] [15.0] [cxt 0] Extracting header 'ethernet'
[17:46:14.078] [bmv2] [D] [thread 8001] [15.0] [cxt 0] Parser state 'start': key is 86dd
[17:46:14.078] [bmv2] [T] [thread 8001] [15.0] [cxt 0] Bytes parsed: 14
[17:46:14.078] [bmv2] [D] [thread 8001] [15.0] [cxt 0] Parser 'parser': end
[17:46:14.078] [bmv2] [D] [thread 8001] [15.0] [cxt 0] Pipeline 'ingress': start
[17:46:14.078] [bmv2] [T] [thread 8001] [15.0] [cxt 0] forward.p4(119) Condition "hdr.ipv4.isValid()" (node_2) is false
[17:46:14.078] [bmv2] [D] [thread 8001] [15.0] [cxt 0] Pipeline 'ingress': end
[17:46:14.078] [bmv2] [D] [thread 8001] [15.0] [cxt 0] Egress port is 0
[17:46:14.078] [bmv2] [D] [thread 8002] [15.0] [cxt 0] Pipeline 'egress': start
[17:46:14.078] [bmv2] [D] [thread 8002] [15.0] [cxt 0] Pipeline 'egress': end
[17:46:14.078] [bmv2] [D] [thread 8002] [15.0] [cxt 0] Deparser 'deparser': start
[17:46:14.078] [bmv2] [T] [thread 8002] [15.0] [cxt 0] Skipping checksum 'cksum' update because condition not met
[17:46:14.078] [bmv2] [D] [thread 8002] [15.0] [cxt 0] Deparsing header 'ethernet'
[17:46:14.078] [bmv2] [D] [thread 8002] [15.0] [cxt 0] Deparser 'deparser': end
[17:46:14.078] [bmv2] [D] [thread 8006] [15.0] [cxt 0] Transmitting packet of size 70 out of port 0
[17:46:20.222] [bmv2] [D] [thread 8001] [16.0] [cxt 0] Processing packet received on port 3
[17:46:20.222] [bmv2] [D] [thread 8001] [16.0] [cxt 0] Parser 'parser': start
[17:46:20.222] [bmv2] [D] [thread 8001] [16.0] [cxt 0] Parser 'parser' entering state 'start'
[17:46:20.222] [bmv2] [D] [thread 8001] [16.0] [cxt 0] Extracting header 'ethernet'
[17:46:20.222] [bmv2] [D] [thread 8001] [16.0] [cxt 0] Parser state 'start': key is 86dd
[17:46:20.222] [bmv2] [T] [thread 8001] [16.0] [cxt 0] Bytes parsed: 14
[17:46:20.222] [bmv2] [D] [thread 8001] [16.0] [cxt 0] Parser 'parser': end
[17:46:20.222] [bmv2] [D] [thread 8001] [16.0] [cxt 0] Pipeline 'ingress': start
[17:46:20.222] [bmv2] [T] [thread 8001] [16.0] [cxt 0] forward.p4(119) Condition "hdr.ipv4.isValid()" (node_2) is false
[17:46:20.222] [bmv2] [D] [thread 8001] [16.0] [cxt 0] Pipeline 'ingress': end
[17:46:20.222] [bmv2] [D] [thread 8001] [16.0] [cxt 0] Egress port is 0
[17:46:20.222] [bmv2] [D] [thread 8002] [16.0] [cxt 0] Pipeline 'egress': start
[17:46:20.222] [bmv2] [D] [thread 8002] [16.0] [cxt 0] Pipeline 'egress': end
[17:46:20.222] [bmv2] [D] [thread 8002] [16.0] [cxt 0] Deparser 'deparser': start
[17:46:20.222] [bmv2] [T] [thread 8002] [16.0] [cxt 0] Skipping checksum 'cksum' update because condition not met
[17:46:20.222] [bmv2] [D] [thread 8002] [16.0] [cxt 0] Deparsing header 'ethernet'
[17:46:20.222] [bmv2] [D] [thread 8002] [16.0] [cxt 0] Deparser 'deparser': end
[17:46:20.222] [bmv2] [D] [thread 8001] [17.0] [cxt 0] Processing packet received on port 4
[17:46:20.222] [bmv2] [D] [thread 8001] [17.0] [cxt 0] Parser 'parser': start
[17:46:20.222] [bmv2] [D] [thread 8001] [17.0] [cxt 0] Parser 'parser' entering state 'start'
[17:46:20.222] [bmv2] [D] [thread 8001] [17.0] [cxt 0] Extracting header 'ethernet'
[17:46:20.222] [bmv2] [D] [thread 8001] [17.0] [cxt 0] Parser state 'start': key is 86dd
[17:46:20.222] [bmv2] [T] [thread 8001] [17.0] [cxt 0] Bytes parsed: 14
[17:46:20.222] [bmv2] [D] [thread 8001] [17.0] [cxt 0] Parser 'parser': end
[17:46:20.222] [bmv2] [D] [thread 8001] [17.0] [cxt 0] Pipeline 'ingress': start
[17:46:20.222] [bmv2] [T] [thread 8001] [17.0] [cxt 0] forward.p4(119) Condition "hdr.ipv4.isValid()" (node_2) is false
[17:46:20.222] [bmv2] [D] [thread 8001] [17.0] [cxt 0] Pipeline 'ingress': end
[17:46:20.222] [bmv2] [D] [thread 8001] [17.0] [cxt 0] Egress port is 0
[17:46:20.222] [bmv2] [D] [thread 8002] [17.0] [cxt 0] Pipeline 'egress': start
[17:46:20.222] [bmv2] [D] [thread 8002] [17.0] [cxt 0] Pipeline 'egress': end
[17:46:20.222] [bmv2] [D] [thread 8006] [16.0] [cxt 0] Transmitting packet of size 70 out of port 0
[17:46:20.222] [bmv2] [D] [thread 8002] [17.0] [cxt 0] Deparser 'deparser': start
[17:46:20.222] [bmv2] [T] [thread 8002] [17.0] [cxt 0] Skipping checksum 'cksum' update because condition not met
[17:46:20.222] [bmv2] [D] [thread 8002] [17.0] [cxt 0] Deparsing header 'ethernet'
[17:46:20.222] [bmv2] [D] [thread 8002] [17.0] [cxt 0] Deparser 'deparser': end
[17:46:20.222] [bmv2] [D] [thread 8006] [17.0] [cxt 0] Transmitting packet of size 70 out of port 0
[17:47:11.421] [bmv2] [D] [thread 8001] [18.0] [cxt 0] Processing packet received on port 1
[17:47:11.421] [bmv2] [D] [thread 8001] [18.0] [cxt 0] Parser 'parser': start
[17:47:11.421] [bmv2] [D] [thread 8001] [18.0] [cxt 0] Parser 'parser' entering state 'start'
[17:47:11.421] [bmv2] [D] [thread 8001] [18.0] [cxt 0] Extracting header 'ethernet'
[17:47:11.421] [bmv2] [D] [thread 8001] [18.0] [cxt 0] Parser state 'start': key is 86dd
[17:47:11.421] [bmv2] [T] [thread 8001] [18.0] [cxt 0] Bytes parsed: 14
[17:47:11.421] [bmv2] [D] [thread 8001] [18.0] [cxt 0] Parser 'parser': end
[17:47:11.421] [bmv2] [D] [thread 8001] [18.0] [cxt 0] Pipeline 'ingress': start
[17:47:11.421] [bmv2] [T] [thread 8001] [18.0] [cxt 0] forward.p4(119) Condition "hdr.ipv4.isValid()" (node_2) is false
[17:47:11.421] [bmv2] [D] [thread 8001] [18.0] [cxt 0] Pipeline 'ingress': end
[17:47:11.421] [bmv2] [D] [thread 8001] [18.0] [cxt 0] Egress port is 0
[17:47:11.421] [bmv2] [D] [thread 8002] [18.0] [cxt 0] Pipeline 'egress': start
[17:47:11.422] [bmv2] [D] [thread 8002] [18.0] [cxt 0] Pipeline 'egress': end
[17:47:11.422] [bmv2] [D] [thread 8002] [18.0] [cxt 0] Deparser 'deparser': start
[17:47:11.422] [bmv2] [T] [thread 8002] [18.0] [cxt 0] Skipping checksum 'cksum' update because condition not met
[17:47:11.422] [bmv2] [D] [thread 8002] [18.0] [cxt 0] Deparsing header 'ethernet'
[17:47:11.422] [bmv2] [D] [thread 8002] [18.0] [cxt 0] Deparser 'deparser': end
[17:47:11.422] [bmv2] [D] [thread 8006] [18.0] [cxt 0] Transmitting packet of size 70 out of port 0
[17:47:13.469] [bmv2] [D] [thread 8001] [19.0] [cxt 0] Processing packet received on port 3
[17:47:13.469] [bmv2] [D] [thread 8001] [19.0] [cxt 0] Parser 'parser': start
[17:47:13.469] [bmv2] [D] [thread 8001] [19.0] [cxt 0] Parser 'parser' entering state 'start'
[17:47:13.469] [bmv2] [D] [thread 8001] [19.0] [cxt 0] Extracting header 'ethernet'
[17:47:13.469] [bmv2] [D] [thread 8001] [19.0] [cxt 0] Parser state 'start': key is 86dd
[17:47:13.469] [bmv2] [T] [thread 8001] [19.0] [cxt 0] Bytes parsed: 14
[17:47:13.469] [bmv2] [D] [thread 8001] [19.0] [cxt 0] Parser 'parser': end
[17:47:13.469] [bmv2] [D] [thread 8001] [19.0] [cxt 0] Pipeline 'ingress': start
[17:47:13.469] [bmv2] [T] [thread 8001] [19.0] [cxt 0] forward.p4(119) Condition "hdr.ipv4.isValid()" (node_2) is false
[17:47:13.469] [bmv2] [D] [thread 8001] [19.0] [cxt 0] Pipeline 'ingress': end
[17:47:13.469] [bmv2] [D] [thread 8001] [19.0] [cxt 0] Egress port is 0
[17:47:13.469] [bmv2] [D] [thread 8002] [19.0] [cxt 0] Pipeline 'egress': start
[17:47:13.469] [bmv2] [D] [thread 8002] [19.0] [cxt 0] Pipeline 'egress': end
[17:47:13.469] [bmv2] [D] [thread 8002] [19.0] [cxt 0] Deparser 'deparser': start
[17:47:13.469] [bmv2] [T] [thread 8002] [19.0] [cxt 0] Skipping checksum 'cksum' update because condition not met
[17:47:13.469] [bmv2] [D] [thread 8002] [19.0] [cxt 0] Deparsing header 'ethernet'
[17:47:13.469] [bmv2] [D] [thread 8002] [19.0] [cxt 0] Deparser 'deparser': end
[17:47:13.469] [bmv2] [D] [thread 8006] [19.0] [cxt 0] Transmitting packet of size 70 out of port 0
[17:47:17.569] [bmv2] [D] [thread 8001] [20.0] [cxt 0] Processing packet received on port 4
[17:47:17.569] [bmv2] [D] [thread 8001] [20.0] [cxt 0] Parser 'parser': start
[17:47:17.570] [bmv2] [D] [thread 8001] [20.0] [cxt 0] Parser 'parser' entering state 'start'
[17:47:17.570] [bmv2] [D] [thread 8001] [20.0] [cxt 0] Extracting header 'ethernet'
[17:47:17.570] [bmv2] [D] [thread 8001] [20.0] [cxt 0] Parser state 'start': key is 86dd
[17:47:17.570] [bmv2] [T] [thread 8001] [20.0] [cxt 0] Bytes parsed: 14
[17:47:17.570] [bmv2] [D] [thread 8001] [20.0] [cxt 0] Parser 'parser': end
[17:47:17.570] [bmv2] [D] [thread 8001] [20.0] [cxt 0] Pipeline 'ingress': start
[17:47:17.570] [bmv2] [T] [thread 8001] [20.0] [cxt 0] forward.p4(119) Condition "hdr.ipv4.isValid()" (node_2) is false
[17:47:17.570] [bmv2] [D] [thread 8001] [20.0] [cxt 0] Pipeline 'ingress': end
[17:47:17.570] [bmv2] [D] [thread 8001] [20.0] [cxt 0] Egress port is 0
[17:47:17.570] [bmv2] [D] [thread 8002] [20.0] [cxt 0] Pipeline 'egress': start
[17:47:17.570] [bmv2] [D] [thread 8002] [20.0] [cxt 0] Pipeline 'egress': end
[17:47:17.570] [bmv2] [D] [thread 8002] [20.0] [cxt 0] Deparser 'deparser': start
[17:47:17.570] [bmv2] [T] [thread 8002] [20.0] [cxt 0] Skipping checksum 'cksum' update because condition not met
[17:47:17.570] [bmv2] [D] [thread 8002] [20.0] [cxt 0] Deparsing header 'ethernet'
[17:47:17.570] [bmv2] [D] [thread 8002] [20.0] [cxt 0] Deparser 'deparser': end
[17:47:17.570] [bmv2] [D] [thread 8006] [20.0] [cxt 0] Transmitting packet of size 70 out of port 0
[17:47:19.613] [bmv2] [D] [thread 8001] [21.0] [cxt 0] Processing packet received on port 2
[17:47:19.613] [bmv2] [D] [thread 8001] [21.0] [cxt 0] Parser 'parser': start
[17:47:19.613] [bmv2] [D] [thread 8001] [21.0] [cxt 0] Parser 'parser' entering state 'start'
[17:47:19.613] [bmv2] [D] [thread 8001] [21.0] [cxt 0] Extracting header 'ethernet'
[17:47:19.613] [bmv2] [D] [thread 8001] [21.0] [cxt 0] Parser state 'start': key is 86dd
[17:47:19.613] [bmv2] [T] [thread 8001] [21.0] [cxt 0] Bytes parsed: 14
[17:47:19.613] [bmv2] [D] [thread 8001] [21.0] [cxt 0] Parser 'parser': end
[17:47:19.613] [bmv2] [D] [thread 8001] [21.0] [cxt 0] Pipeline 'ingress': start
[17:47:19.613] [bmv2] [T] [thread 8001] [21.0] [cxt 0] forward.p4(119) Condition "hdr.ipv4.isValid()" (node_2) is false
[17:47:19.613] [bmv2] [D] [thread 8001] [21.0] [cxt 0] Pipeline 'ingress': end
[17:47:19.613] [bmv2] [D] [thread 8001] [21.0] [cxt 0] Egress port is 0
[17:47:19.613] [bmv2] [D] [thread 8002] [21.0] [cxt 0] Pipeline 'egress': start
[17:47:19.613] [bmv2] [D] [thread 8002] [21.0] [cxt 0] Pipeline 'egress': end
[17:47:19.613] [bmv2] [D] [thread 8002] [21.0] [cxt 0] Deparser 'deparser': start
[17:47:19.613] [bmv2] [T] [thread 8002] [21.0] [cxt 0] Skipping checksum 'cksum' update because condition not met
[17:47:19.613] [bmv2] [D] [thread 8002] [21.0] [cxt 0] Deparsing header 'ethernet'
[17:47:19.613] [bmv2] [D] [thread 8002] [21.0] [cxt 0] Deparser 'deparser': end
[17:47:19.613] [bmv2] [D] [thread 8006] [21.0] [cxt 0] Transmitting packet of size 70 out of port 0
[17:47:31.901] [bmv2] [D] [thread 8001] [22.0] [cxt 0] Processing packet received on port 3
[17:47:31.901] [bmv2] [D] [thread 8001] [22.0] [cxt 0] Parser 'parser': start
[17:47:31.901] [bmv2] [D] [thread 8001] [22.0] [cxt 0] Parser 'parser' entering state 'start'
[17:47:31.901] [bmv2] [D] [thread 8001] [22.0] [cxt 0] Extracting header 'ethernet'
[17:47:31.901] [bmv2] [D] [thread 8001] [22.0] [cxt 0] Parser state 'start': key is 86dd
[17:47:31.901] [bmv2] [T] [thread 8001] [22.0] [cxt 0] Bytes parsed: 14
[17:47:31.901] [bmv2] [D] [thread 8001] [22.0] [cxt 0] Parser 'parser': end
[17:47:31.901] [bmv2] [D] [thread 8001] [22.0] [cxt 0] Pipeline 'ingress': start
[17:47:31.901] [bmv2] [T] [thread 8001] [22.0] [cxt 0] forward.p4(119) Condition "hdr.ipv4.isValid()" (node_2) is false
[17:47:31.901] [bmv2] [D] [thread 8001] [22.0] [cxt 0] Pipeline 'ingress': end
[17:47:31.901] [bmv2] [D] [thread 8001] [22.0] [cxt 0] Egress port is 0
[17:47:31.901] [bmv2] [D] [thread 8001] [23.0] [cxt 0] Processing packet received on port 4
[17:47:31.901] [bmv2] [D] [thread 8001] [23.0] [cxt 0] Parser 'parser': start
[17:47:31.901] [bmv2] [D] [thread 8001] [23.0] [cxt 0] Parser 'parser' entering state 'start'
[17:47:31.901] [bmv2] [D] [thread 8001] [23.0] [cxt 0] Extracting header 'ethernet'
[17:47:31.901] [bmv2] [D] [thread 8001] [23.0] [cxt 0] Parser state 'start': key is 86dd
[17:47:31.901] [bmv2] [T] [thread 8001] [23.0] [cxt 0] Bytes parsed: 14
[17:47:31.901] [bmv2] [D] [thread 8001] [23.0] [cxt 0] Parser 'parser': end
[17:47:31.901] [bmv2] [D] [thread 8001] [23.0] [cxt 0] Pipeline 'ingress': start
[17:47:31.901] [bmv2] [T] [thread 8001] [23.0] [cxt 0] forward.p4(119) Condition "hdr.ipv4.isValid()" (node_2) is false
[17:47:31.901] [bmv2] [D] [thread 8001] [23.0] [cxt 0] Pipeline 'ingress': end
[17:47:31.901] [bmv2] [D] [thread 8001] [23.0] [cxt 0] Egress port is 0
[17:47:31.901] [bmv2] [D] [thread 8002] [22.0] [cxt 0] Pipeline 'egress': start
[17:47:31.901] [bmv2] [D] [thread 8002] [22.0] [cxt 0] Pipeline 'egress': end
[17:47:31.901] [bmv2] [D] [thread 8002] [22.0] [cxt 0] Deparser 'deparser': start
[17:47:31.901] [bmv2] [T] [thread 8002] [22.0] [cxt 0] Skipping checksum 'cksum' update because condition not met
[17:47:31.901] [bmv2] [D] [thread 8002] [22.0] [cxt 0] Deparsing header 'ethernet'
[17:47:31.901] [bmv2] [D] [thread 8002] [22.0] [cxt 0] Deparser 'deparser': end
[17:47:31.901] [bmv2] [D] [thread 8002] [23.0] [cxt 0] Pipeline 'egress': start
[17:47:31.901] [bmv2] [D] [thread 8002] [23.0] [cxt 0] Pipeline 'egress': end
[17:47:31.901] [bmv2] [D] [thread 8002] [23.0] [cxt 0] Deparser 'deparser': start
[17:47:31.901] [bmv2] [T] [thread 8002] [23.0] [cxt 0] Skipping checksum 'cksum' update because condition not met
[17:47:31.901] [bmv2] [D] [thread 8002] [23.0] [cxt 0] Deparsing header 'ethernet'
[17:47:31.901] [bmv2] [D] [thread 8002] [23.0] [cxt 0] Deparser 'deparser': end
[17:47:31.901] [bmv2] [D] [thread 8006] [22.0] [cxt 0] Transmitting packet of size 70 out of port 0
[17:47:31.901] [bmv2] [D] [thread 8006] [23.0] [cxt 0] Transmitting packet of size 70 out of port 0
[17:49:06.109] [bmv2] [D] [thread 8001] [24.0] [cxt 0] Processing packet received on port 1
[17:49:06.109] [bmv2] [D] [thread 8001] [24.0] [cxt 0] Parser 'parser': start
[17:49:06.109] [bmv2] [D] [thread 8001] [24.0] [cxt 0] Parser 'parser' entering state 'start'
[17:49:06.109] [bmv2] [D] [thread 8001] [24.0] [cxt 0] Extracting header 'ethernet'
[17:49:06.109] [bmv2] [D] [thread 8001] [24.0] [cxt 0] Parser state 'start': key is 86dd
[17:49:06.109] [bmv2] [T] [thread 8001] [24.0] [cxt 0] Bytes parsed: 14
[17:49:06.109] [bmv2] [D] [thread 8001] [24.0] [cxt 0] Parser 'parser': end
[17:49:06.109] [bmv2] [D] [thread 8001] [24.0] [cxt 0] Pipeline 'ingress': start
[17:49:06.109] [bmv2] [T] [thread 8001] [24.0] [cxt 0] forward.p4(119) Condition "hdr.ipv4.isValid()" (node_2) is false
[17:49:06.109] [bmv2] [D] [thread 8001] [24.0] [cxt 0] Pipeline 'ingress': end
[17:49:06.109] [bmv2] [D] [thread 8001] [24.0] [cxt 0] Egress port is 0
[17:49:06.109] [bmv2] [D] [thread 8002] [24.0] [cxt 0] Pipeline 'egress': start
[17:49:06.109] [bmv2] [D] [thread 8002] [24.0] [cxt 0] Pipeline 'egress': end
[17:49:06.109] [bmv2] [D] [thread 8002] [24.0] [cxt 0] Deparser 'deparser': start
[17:49:06.109] [bmv2] [T] [thread 8002] [24.0] [cxt 0] Skipping checksum 'cksum' update because condition not met
[17:49:06.109] [bmv2] [D] [thread 8002] [24.0] [cxt 0] Deparsing header 'ethernet'
[17:49:06.109] [bmv2] [D] [thread 8002] [24.0] [cxt 0] Deparser 'deparser': end
[17:49:06.109] [bmv2] [D] [thread 8006] [24.0] [cxt 0] Transmitting packet of size 70 out of port 0
[17:49:12.255] [bmv2] [D] [thread 8001] [25.0] [cxt 0] Processing packet received on port 3
[17:49:12.255] [bmv2] [D] [thread 8001] [25.0] [cxt 0] Parser 'parser': start
[17:49:12.255] [bmv2] [D] [thread 8001] [25.0] [cxt 0] Parser 'parser' entering state 'start'
[17:49:12.255] [bmv2] [D] [thread 8001] [25.0] [cxt 0] Extracting header 'ethernet'
[17:49:12.255] [bmv2] [D] [thread 8001] [25.0] [cxt 0] Parser state 'start': key is 86dd
[17:49:12.255] [bmv2] [T] [thread 8001] [25.0] [cxt 0] Bytes parsed: 14
[17:49:12.255] [bmv2] [D] [thread 8001] [25.0] [cxt 0] Parser 'parser': end
[17:49:12.255] [bmv2] [D] [thread 8001] [25.0] [cxt 0] Pipeline 'ingress': start
[17:49:12.255] [bmv2] [T] [thread 8001] [25.0] [cxt 0] forward.p4(119) Condition "hdr.ipv4.isValid()" (node_2) is false
[17:49:12.255] [bmv2] [D] [thread 8001] [25.0] [cxt 0] Pipeline 'ingress': end
[17:49:12.255] [bmv2] [D] [thread 8001] [25.0] [cxt 0] Egress port is 0
[17:49:12.255] [bmv2] [D] [thread 8002] [25.0] [cxt 0] Pipeline 'egress': start
[17:49:12.255] [bmv2] [D] [thread 8002] [25.0] [cxt 0] Pipeline 'egress': end
[17:49:12.255] [bmv2] [D] [thread 8002] [25.0] [cxt 0] Deparser 'deparser': start
[17:49:12.255] [bmv2] [T] [thread 8002] [25.0] [cxt 0] Skipping checksum 'cksum' update because condition not met
[17:49:12.255] [bmv2] [D] [thread 8002] [25.0] [cxt 0] Deparsing header 'ethernet'
[17:49:12.255] [bmv2] [D] [thread 8002] [25.0] [cxt 0] Deparser 'deparser': end
[17:49:12.255] [bmv2] [D] [thread 8006] [25.0] [cxt 0] Transmitting packet of size 70 out of port 0
[17:49:20.445] [bmv2] [D] [thread 8001] [26.0] [cxt 0] Processing packet received on port 4
[17:49:20.446] [bmv2] [D] [thread 8001] [26.0] [cxt 0] Parser 'parser': start
[17:49:20.446] [bmv2] [D] [thread 8001] [26.0] [cxt 0] Parser 'parser' entering state 'start'
[17:49:20.446] [bmv2] [D] [thread 8001] [26.0] [cxt 0] Extracting header 'ethernet'
[17:49:20.446] [bmv2] [D] [thread 8001] [26.0] [cxt 0] Parser state 'start': key is 86dd
[17:49:20.446] [bmv2] [T] [thread 8001] [26.0] [cxt 0] Bytes parsed: 14
[17:49:20.446] [bmv2] [D] [thread 8001] [26.0] [cxt 0] Parser 'parser': end
[17:49:20.446] [bmv2] [D] [thread 8001] [26.0] [cxt 0] Pipeline 'ingress': start
[17:49:20.446] [bmv2] [T] [thread 8001] [26.0] [cxt 0] forward.p4(119) Condition "hdr.ipv4.isValid()" (node_2) is false
[17:49:20.446] [bmv2] [D] [thread 8001] [26.0] [cxt 0] Pipeline 'ingress': end
[17:49:20.446] [bmv2] [D] [thread 8001] [26.0] [cxt 0] Egress port is 0
[17:49:20.446] [bmv2] [D] [thread 8002] [26.0] [cxt 0] Pipeline 'egress': start
[17:49:20.446] [bmv2] [D] [thread 8002] [26.0] [cxt 0] Pipeline 'egress': end
[17:49:20.446] [bmv2] [D] [thread 8002] [26.0] [cxt 0] Deparser 'deparser': start
[17:49:20.446] [bmv2] [T] [thread 8002] [26.0] [cxt 0] Skipping checksum 'cksum' update because condition not met
[17:49:20.446] [bmv2] [D] [thread 8002] [26.0] [cxt 0] Deparsing header 'ethernet'
[17:49:20.446] [bmv2] [D] [thread 8002] [26.0] [cxt 0] Deparser 'deparser': end
[17:49:20.446] [bmv2] [D] [thread 8006] [26.0] [cxt 0] Transmitting packet of size 70 out of port 0
[17:49:42.974] [bmv2] [D] [thread 8001] [27.0] [cxt 0] Processing packet received on port 2
[17:49:42.974] [bmv2] [D] [thread 8001] [27.0] [cxt 0] Parser 'parser': start
[17:49:42.974] [bmv2] [D] [thread 8001] [27.0] [cxt 0] Parser 'parser' entering state 'start'
[17:49:42.974] [bmv2] [D] [thread 8001] [27.0] [cxt 0] Extracting header 'ethernet'
[17:49:42.974] [bmv2] [D] [thread 8001] [27.0] [cxt 0] Parser state 'start': key is 86dd
[17:49:42.974] [bmv2] [T] [thread 8001] [27.0] [cxt 0] Bytes parsed: 14
[17:49:42.974] [bmv2] [D] [thread 8001] [27.0] [cxt 0] Parser 'parser': end
[17:49:42.974] [bmv2] [D] [thread 8001] [27.0] [cxt 0] Pipeline 'ingress': start
[17:49:42.974] [bmv2] [T] [thread 8001] [27.0] [cxt 0] forward.p4(119) Condition "hdr.ipv4.isValid()" (node_2) is false
[17:49:42.974] [bmv2] [D] [thread 8001] [27.0] [cxt 0] Pipeline 'ingress': end
[17:49:42.974] [bmv2] [D] [thread 8001] [27.0] [cxt 0] Egress port is 0
[17:49:42.974] [bmv2] [D] [thread 8002] [27.0] [cxt 0] Pipeline 'egress': start
[17:49:42.974] [bmv2] [D] [thread 8002] [27.0] [cxt 0] Pipeline 'egress': end
[17:49:42.974] [bmv2] [D] [thread 8002] [27.0] [cxt 0] Deparser 'deparser': start
[17:49:42.974] [bmv2] [T] [thread 8002] [27.0] [cxt 0] Skipping checksum 'cksum' update because condition not met
[17:49:42.974] [bmv2] [D] [thread 8002] [27.0] [cxt 0] Deparsing header 'ethernet'
[17:49:42.974] [bmv2] [D] [thread 8002] [27.0] [cxt 0] Deparser 'deparser': end
[17:49:42.974] [bmv2] [D] [thread 8006] [27.0] [cxt 0] Transmitting packet of size 70 out of port 0
[17:49:59.358] [bmv2] [D] [thread 8001] [28.0] [cxt 0] Processing packet received on port 3
[17:49:59.358] [bmv2] [D] [thread 8001] [28.0] [cxt 0] Parser 'parser': start
[17:49:59.358] [bmv2] [D] [thread 8001] [28.0] [cxt 0] Parser 'parser' entering state 'start'
[17:49:59.358] [bmv2] [D] [thread 8001] [28.0] [cxt 0] Extracting header 'ethernet'
[17:49:59.358] [bmv2] [D] [thread 8001] [28.0] [cxt 0] Parser state 'start': key is 86dd
[17:49:59.358] [bmv2] [T] [thread 8001] [28.0] [cxt 0] Bytes parsed: 14
[17:49:59.358] [bmv2] [D] [thread 8001] [28.0] [cxt 0] Parser 'parser': end
[17:49:59.358] [bmv2] [D] [thread 8001] [28.0] [cxt 0] Pipeline 'ingress': start
[17:49:59.358] [bmv2] [T] [thread 8001] [28.0] [cxt 0] forward.p4(119) Condition "hdr.ipv4.isValid()" (node_2) is false
[17:49:59.358] [bmv2] [D] [thread 8001] [28.0] [cxt 0] Pipeline 'ingress': end
[17:49:59.358] [bmv2] [D] [thread 8001] [28.0] [cxt 0] Egress port is 0
[17:49:59.358] [bmv2] [D] [thread 8002] [28.0] [cxt 0] Pipeline 'egress': start
[17:49:59.358] [bmv2] [D] [thread 8002] [28.0] [cxt 0] Pipeline 'egress': end
[17:49:59.358] [bmv2] [D] [thread 8002] [28.0] [cxt 0] Deparser 'deparser': start
[17:49:59.358] [bmv2] [T] [thread 8002] [28.0] [cxt 0] Skipping checksum 'cksum' update because condition not met
[17:49:59.358] [bmv2] [D] [thread 8002] [28.0] [cxt 0] Deparsing header 'ethernet'
[17:49:59.358] [bmv2] [D] [thread 8002] [28.0] [cxt 0] Deparser 'deparser': end
[17:49:59.358] [bmv2] [D] [thread 8006] [28.0] [cxt 0] Transmitting packet of size 70 out of port 0
[17:49:59.358] [bmv2] [D] [thread 8001] [29.0] [cxt 0] Processing packet received on port 4
[17:49:59.358] [bmv2] [D] [thread 8001] [29.0] [cxt 0] Parser 'parser': start
[17:49:59.358] [bmv2] [D] [thread 8001] [29.0] [cxt 0] Parser 'parser' entering state 'start'
[17:49:59.358] [bmv2] [D] [thread 8001] [29.0] [cxt 0] Extracting header 'ethernet'
[17:49:59.358] [bmv2] [D] [thread 8001] [29.0] [cxt 0] Parser state 'start': key is 86dd
[17:49:59.358] [bmv2] [T] [thread 8001] [29.0] [cxt 0] Bytes parsed: 14
[17:49:59.358] [bmv2] [D] [thread 8001] [29.0] [cxt 0] Parser 'parser': end
[17:49:59.358] [bmv2] [D] [thread 8001] [29.0] [cxt 0] Pipeline 'ingress': start
[17:49:59.358] [bmv2] [T] [thread 8001] [29.0] [cxt 0] forward.p4(119) Condition "hdr.ipv4.isValid()" (node_2) is false
[17:49:59.358] [bmv2] [D] [thread 8001] [29.0] [cxt 0] Pipeline 'ingress': end
[17:49:59.358] [bmv2] [D] [thread 8001] [29.0] [cxt 0] Egress port is 0
[17:49:59.358] [bmv2] [D] [thread 8002] [29.0] [cxt 0] Pipeline 'egress': start
[17:49:59.358] [bmv2] [D] [thread 8002] [29.0] [cxt 0] Pipeline 'egress': end
[17:49:59.358] [bmv2] [D] [thread 8002] [29.0] [cxt 0] Deparser 'deparser': start
[17:49:59.358] [bmv2] [T] [thread 8002] [29.0] [cxt 0] Skipping checksum 'cksum' update because condition not met
[17:49:59.358] [bmv2] [D] [thread 8002] [29.0] [cxt 0] Deparsing header 'ethernet'
[17:49:59.358] [bmv2] [D] [thread 8002] [29.0] [cxt 0] Deparser 'deparser': end
[17:49:59.358] [bmv2] [D] [thread 8006] [29.0] [cxt 0] Transmitting packet of size 70 out of port 0
[17:52:59.581] [bmv2] [D] [thread 8001] [30.0] [cxt 0] Processing packet received on port 1
[17:52:59.581] [bmv2] [D] [thread 8001] [30.0] [cxt 0] Parser 'parser': start
[17:52:59.581] [bmv2] [D] [thread 8001] [30.0] [cxt 0] Parser 'parser' entering state 'start'
[17:52:59.581] [bmv2] [D] [thread 8001] [30.0] [cxt 0] Extracting header 'ethernet'
[17:52:59.581] [bmv2] [D] [thread 8001] [30.0] [cxt 0] Parser state 'start': key is 86dd
[17:52:59.581] [bmv2] [T] [thread 8001] [30.0] [cxt 0] Bytes parsed: 14
[17:52:59.581] [bmv2] [D] [thread 8001] [30.0] [cxt 0] Parser 'parser': end
[17:52:59.581] [bmv2] [D] [thread 8001] [30.0] [cxt 0] Pipeline 'ingress': start
[17:52:59.581] [bmv2] [T] [thread 8001] [30.0] [cxt 0] forward.p4(119) Condition "hdr.ipv4.isValid()" (node_2) is false
[17:52:59.581] [bmv2] [D] [thread 8001] [30.0] [cxt 0] Pipeline 'ingress': end
[17:52:59.581] [bmv2] [D] [thread 8001] [30.0] [cxt 0] Egress port is 0
[17:52:59.581] [bmv2] [D] [thread 8002] [30.0] [cxt 0] Pipeline 'egress': start
[17:52:59.581] [bmv2] [D] [thread 8002] [30.0] [cxt 0] Pipeline 'egress': end
[17:52:59.581] [bmv2] [D] [thread 8002] [30.0] [cxt 0] Deparser 'deparser': start
[17:52:59.581] [bmv2] [T] [thread 8002] [30.0] [cxt 0] Skipping checksum 'cksum' update because condition not met
[17:52:59.581] [bmv2] [D] [thread 8002] [30.0] [cxt 0] Deparsing header 'ethernet'
[17:52:59.581] [bmv2] [D] [thread 8002] [30.0] [cxt 0] Deparser 'deparser': end
[17:52:59.581] [bmv2] [D] [thread 8006] [30.0] [cxt 0] Transmitting packet of size 70 out of port 0
[17:53:15.966] [bmv2] [D] [thread 8001] [31.0] [cxt 0] Processing packet received on port 3
[17:53:15.966] [bmv2] [D] [thread 8001] [31.0] [cxt 0] Parser 'parser': start
[17:53:15.966] [bmv2] [D] [thread 8001] [31.0] [cxt 0] Parser 'parser' entering state 'start'
[17:53:15.966] [bmv2] [D] [thread 8001] [31.0] [cxt 0] Extracting header 'ethernet'
[17:53:15.966] [bmv2] [D] [thread 8001] [31.0] [cxt 0] Parser state 'start': key is 86dd
[17:53:15.966] [bmv2] [T] [thread 8001] [31.0] [cxt 0] Bytes parsed: 14
[17:53:15.966] [bmv2] [D] [thread 8001] [31.0] [cxt 0] Parser 'parser': end
[17:53:15.966] [bmv2] [D] [thread 8001] [31.0] [cxt 0] Pipeline 'ingress': start
[17:53:15.966] [bmv2] [T] [thread 8001] [31.0] [cxt 0] forward.p4(119) Condition "hdr.ipv4.isValid()" (node_2) is false
[17:53:15.966] [bmv2] [D] [thread 8001] [31.0] [cxt 0] Pipeline 'ingress': end
[17:53:15.966] [bmv2] [D] [thread 8001] [31.0] [cxt 0] Egress port is 0
[17:53:15.966] [bmv2] [D] [thread 8002] [31.0] [cxt 0] Pipeline 'egress': start
[17:53:15.966] [bmv2] [D] [thread 8002] [31.0] [cxt 0] Pipeline 'egress': end
[17:53:15.966] [bmv2] [D] [thread 8002] [31.0] [cxt 0] Deparser 'deparser': start
[17:53:15.966] [bmv2] [T] [thread 8002] [31.0] [cxt 0] Skipping checksum 'cksum' update because condition not met
[17:53:15.966] [bmv2] [D] [thread 8002] [31.0] [cxt 0] Deparsing header 'ethernet'
[17:53:15.966] [bmv2] [D] [thread 8002] [31.0] [cxt 0] Deparser 'deparser': end
[17:53:15.966] [bmv2] [D] [thread 8006] [31.0] [cxt 0] Transmitting packet of size 70 out of port 0
[17:53:48.734] [bmv2] [D] [thread 8001] [32.0] [cxt 0] Processing packet received on port 4
[17:53:48.734] [bmv2] [D] [thread 8001] [32.0] [cxt 0] Parser 'parser': start
[17:53:48.734] [bmv2] [D] [thread 8001] [32.0] [cxt 0] Parser 'parser' entering state 'start'
[17:53:48.734] [bmv2] [D] [thread 8001] [32.0] [cxt 0] Extracting header 'ethernet'
[17:53:48.734] [bmv2] [D] [thread 8001] [32.0] [cxt 0] Parser state 'start': key is 86dd
[17:53:48.734] [bmv2] [T] [thread 8001] [32.0] [cxt 0] Bytes parsed: 14
[17:53:48.734] [bmv2] [D] [thread 8001] [32.0] [cxt 0] Parser 'parser': end
[17:53:48.734] [bmv2] [D] [thread 8001] [32.0] [cxt 0] Pipeline 'ingress': start
[17:53:48.734] [bmv2] [T] [thread 8001] [32.0] [cxt 0] forward.p4(119) Condition "hdr.ipv4.isValid()" (node_2) is false
[17:53:48.734] [bmv2] [D] [thread 8001] [32.0] [cxt 0] Pipeline 'ingress': end
[17:53:48.734] [bmv2] [D] [thread 8001] [32.0] [cxt 0] Egress port is 0
[17:53:48.734] [bmv2] [D] [thread 8002] [32.0] [cxt 0] Pipeline 'egress': start
[17:53:48.734] [bmv2] [D] [thread 8002] [32.0] [cxt 0] Pipeline 'egress': end
[17:53:48.734] [bmv2] [D] [thread 8002] [32.0] [cxt 0] Deparser 'deparser': start
[17:53:48.734] [bmv2] [T] [thread 8002] [32.0] [cxt 0] Skipping checksum 'cksum' update because condition not met
[17:53:48.734] [bmv2] [D] [thread 8002] [32.0] [cxt 0] Deparsing header 'ethernet'
[17:53:48.734] [bmv2] [D] [thread 8002] [32.0] [cxt 0] Deparser 'deparser': end
[17:53:48.734] [bmv2] [D] [thread 8006] [32.0] [cxt 0] Transmitting packet of size 70 out of port 0
[17:54:05.121] [bmv2] [D] [thread 8001] [33.0] [cxt 0] Processing packet received on port 2
[17:54:05.121] [bmv2] [D] [thread 8001] [33.0] [cxt 0] Parser 'parser': start
[17:54:05.121] [bmv2] [D] [thread 8001] [33.0] [cxt 0] Parser 'parser' entering state 'start'
[17:54:05.121] [bmv2] [D] [thread 8001] [33.0] [cxt 0] Extracting header 'ethernet'
[17:54:05.121] [bmv2] [D] [thread 8001] [33.0] [cxt 0] Parser state 'start': key is 86dd
[17:54:05.121] [bmv2] [T] [thread 8001] [33.0] [cxt 0] Bytes parsed: 14
[17:54:05.121] [bmv2] [D] [thread 8001] [33.0] [cxt 0] Parser 'parser': end
[17:54:05.121] [bmv2] [D] [thread 8001] [33.0] [cxt 0] Pipeline 'ingress': start
[17:54:05.121] [bmv2] [T] [thread 8001] [33.0] [cxt 0] forward.p4(119) Condition "hdr.ipv4.isValid()" (node_2) is false
[17:54:05.121] [bmv2] [D] [thread 8001] [33.0] [cxt 0] Pipeline 'ingress': end
[17:54:05.121] [bmv2] [D] [thread 8001] [33.0] [cxt 0] Egress port is 0
[17:54:05.121] [bmv2] [D] [thread 8002] [33.0] [cxt 0] Pipeline 'egress': start
[17:54:05.121] [bmv2] [D] [thread 8002] [33.0] [cxt 0] Pipeline 'egress': end
[17:54:05.121] [bmv2] [D] [thread 8002] [33.0] [cxt 0] Deparser 'deparser': start
[17:54:05.121] [bmv2] [T] [thread 8002] [33.0] [cxt 0] Skipping checksum 'cksum' update because condition not met
[17:54:05.121] [bmv2] [D] [thread 8002] [33.0] [cxt 0] Deparsing header 'ethernet'
[17:54:05.121] [bmv2] [D] [thread 8002] [33.0] [cxt 0] Deparser 'deparser': end
[17:54:05.121] [bmv2] [D] [thread 8006] [33.0] [cxt 0] Transmitting packet of size 70 out of port 0
[17:54:37.888] [bmv2] [D] [thread 8001] [34.0] [cxt 0] Processing packet received on port 4
[17:54:37.889] [bmv2] [D] [thread 8001] [34.0] [cxt 0] Parser 'parser': start
[17:54:37.889] [bmv2] [D] [thread 8001] [34.0] [cxt 0] Parser 'parser' entering state 'start'
[17:54:37.889] [bmv2] [D] [thread 8001] [34.0] [cxt 0] Extracting header 'ethernet'
[17:54:37.889] [bmv2] [D] [thread 8001] [34.0] [cxt 0] Parser state 'start': key is 86dd
[17:54:37.889] [bmv2] [T] [thread 8001] [34.0] [cxt 0] Bytes parsed: 14
[17:54:37.889] [bmv2] [D] [thread 8001] [34.0] [cxt 0] Parser 'parser': end
[17:54:37.889] [bmv2] [D] [thread 8001] [34.0] [cxt 0] Pipeline 'ingress': start
[17:54:37.889] [bmv2] [T] [thread 8001] [34.0] [cxt 0] forward.p4(119) Condition "hdr.ipv4.isValid()" (node_2) is false
[17:54:37.889] [bmv2] [D] [thread 8001] [34.0] [cxt 0] Pipeline 'ingress': end
[17:54:37.889] [bmv2] [D] [thread 8001] [34.0] [cxt 0] Egress port is 0
[17:54:37.889] [bmv2] [D] [thread 8002] [34.0] [cxt 0] Pipeline 'egress': start
[17:54:37.889] [bmv2] [D] [thread 8002] [34.0] [cxt 0] Pipeline 'egress': end
[17:54:37.889] [bmv2] [D] [thread 8002] [34.0] [cxt 0] Deparser 'deparser': start
[17:54:37.889] [bmv2] [T] [thread 8002] [34.0] [cxt 0] Skipping checksum 'cksum' update because condition not met
[17:54:37.889] [bmv2] [D] [thread 8002] [34.0] [cxt 0] Deparsing header 'ethernet'
[17:54:37.889] [bmv2] [D] [thread 8002] [34.0] [cxt 0] Deparser 'deparser': end
[17:54:37.889] [bmv2] [D] [thread 8006] [34.0] [cxt 0] Transmitting packet of size 70 out of port 0
[17:55:10.654] [bmv2] [D] [thread 8001] [35.0] [cxt 0] Processing packet received on port 3
[17:55:10.654] [bmv2] [D] [thread 8001] [35.0] [cxt 0] Parser 'parser': start
[17:55:10.654] [bmv2] [D] [thread 8001] [35.0] [cxt 0] Parser 'parser' entering state 'start'
[17:55:10.654] [bmv2] [D] [thread 8001] [35.0] [cxt 0] Extracting header 'ethernet'
[17:55:10.654] [bmv2] [D] [thread 8001] [35.0] [cxt 0] Parser state 'start': key is 86dd
[17:55:10.654] [bmv2] [T] [thread 8001] [35.0] [cxt 0] Bytes parsed: 14
[17:55:10.654] [bmv2] [D] [thread 8001] [35.0] [cxt 0] Parser 'parser': end
[17:55:10.654] [bmv2] [D] [thread 8001] [35.0] [cxt 0] Pipeline 'ingress': start
[17:55:10.654] [bmv2] [T] [thread 8001] [35.0] [cxt 0] forward.p4(119) Condition "hdr.ipv4.isValid()" (node_2) is false
[17:55:10.654] [bmv2] [D] [thread 8001] [35.0] [cxt 0] Pipeline 'ingress': end
[17:55:10.654] [bmv2] [D] [thread 8001] [35.0] [cxt 0] Egress port is 0
[17:55:10.654] [bmv2] [D] [thread 8002] [35.0] [cxt 0] Pipeline 'egress': start
[17:55:10.654] [bmv2] [D] [thread 8002] [35.0] [cxt 0] Pipeline 'egress': end
[17:55:10.654] [bmv2] [D] [thread 8002] [35.0] [cxt 0] Deparser 'deparser': start
[17:55:10.654] [bmv2] [T] [thread 8002] [35.0] [cxt 0] Skipping checksum 'cksum' update because condition not met
[17:55:10.654] [bmv2] [D] [thread 8002] [35.0] [cxt 0] Deparsing header 'ethernet'
[17:55:10.654] [bmv2] [D] [thread 8002] [35.0] [cxt 0] Deparser 'deparser': end
[17:55:10.654] [bmv2] [D] [thread 8006] [35.0] [cxt 0] Transmitting packet of size 70 out of port 0
[18:00:38.334] [bmv2] [D] [thread 8001] [36.0] [cxt 0] Processing packet received on port 1
[18:00:38.334] [bmv2] [D] [thread 8001] [36.0] [cxt 0] Parser 'parser': start
[18:00:38.334] [bmv2] [D] [thread 8001] [36.0] [cxt 0] Parser 'parser' entering state 'start'
[18:00:38.334] [bmv2] [D] [thread 8001] [36.0] [cxt 0] Extracting header 'ethernet'
[18:00:38.334] [bmv2] [D] [thread 8001] [36.0] [cxt 0] Parser state 'start': key is 86dd
[18:00:38.334] [bmv2] [T] [thread 8001] [36.0] [cxt 0] Bytes parsed: 14
[18:00:38.334] [bmv2] [D] [thread 8001] [36.0] [cxt 0] Parser 'parser': end
[18:00:38.334] [bmv2] [D] [thread 8001] [36.0] [cxt 0] Pipeline 'ingress': start
[18:00:38.334] [bmv2] [T] [thread 8001] [36.0] [cxt 0] forward.p4(119) Condition "hdr.ipv4.isValid()" (node_2) is false
[18:00:38.334] [bmv2] [D] [thread 8001] [36.0] [cxt 0] Pipeline 'ingress': end
[18:00:38.334] [bmv2] [D] [thread 8001] [36.0] [cxt 0] Egress port is 0
[18:00:38.334] [bmv2] [D] [thread 8002] [36.0] [cxt 0] Pipeline 'egress': start
[18:00:38.334] [bmv2] [D] [thread 8002] [36.0] [cxt 0] Pipeline 'egress': end
[18:00:38.334] [bmv2] [D] [thread 8002] [36.0] [cxt 0] Deparser 'deparser': start
[18:00:38.334] [bmv2] [T] [thread 8002] [36.0] [cxt 0] Skipping checksum 'cksum' update because condition not met
[18:00:38.334] [bmv2] [D] [thread 8002] [36.0] [cxt 0] Deparsing header 'ethernet'
[18:00:38.334] [bmv2] [D] [thread 8002] [36.0] [cxt 0] Deparser 'deparser': end
[18:00:38.334] [bmv2] [D] [thread 8006] [36.0] [cxt 0] Transmitting packet of size 70 out of port 0
[18:01:11.106] [bmv2] [D] [thread 8001] [37.0] [cxt 0] Processing packet received on port 3
[18:01:11.106] [bmv2] [D] [thread 8001] [37.0] [cxt 0] Parser 'parser': start
[18:01:11.106] [bmv2] [D] [thread 8001] [37.0] [cxt 0] Parser 'parser' entering state 'start'
[18:01:11.106] [bmv2] [D] [thread 8001] [37.0] [cxt 0] Extracting header 'ethernet'
[18:01:11.106] [bmv2] [D] [thread 8001] [37.0] [cxt 0] Parser state 'start': key is 86dd
[18:01:11.106] [bmv2] [T] [thread 8001] [37.0] [cxt 0] Bytes parsed: 14
[18:01:11.106] [bmv2] [D] [thread 8001] [37.0] [cxt 0] Parser 'parser': end
[18:01:11.106] [bmv2] [D] [thread 8001] [37.0] [cxt 0] Pipeline 'ingress': start
[18:01:11.106] [bmv2] [T] [thread 8001] [37.0] [cxt 0] forward.p4(119) Condition "hdr.ipv4.isValid()" (node_2) is false
[18:01:11.106] [bmv2] [D] [thread 8001] [37.0] [cxt 0] Pipeline 'ingress': end
[18:01:11.106] [bmv2] [D] [thread 8001] [37.0] [cxt 0] Egress port is 0
[18:01:11.106] [bmv2] [D] [thread 8002] [37.0] [cxt 0] Pipeline 'egress': start
[18:01:11.106] [bmv2] [D] [thread 8002] [37.0] [cxt 0] Pipeline 'egress': end
[18:01:11.106] [bmv2] [D] [thread 8002] [37.0] [cxt 0] Deparser 'deparser': start
[18:01:11.106] [bmv2] [T] [thread 8002] [37.0] [cxt 0] Skipping checksum 'cksum' update because condition not met
[18:01:11.106] [bmv2] [D] [thread 8002] [37.0] [cxt 0] Deparsing header 'ethernet'
[18:01:11.106] [bmv2] [D] [thread 8002] [37.0] [cxt 0] Deparser 'deparser': end
[18:01:11.106] [bmv2] [D] [thread 8006] [37.0] [cxt 0] Transmitting packet of size 70 out of port 0
[18:02:16.638] [bmv2] [D] [thread 8001] [38.0] [cxt 0] Processing packet received on port 4
[18:02:16.638] [bmv2] [D] [thread 8001] [38.0] [cxt 0] Parser 'parser': start
[18:02:16.638] [bmv2] [D] [thread 8001] [38.0] [cxt 0] Parser 'parser' entering state 'start'
[18:02:16.638] [bmv2] [D] [thread 8001] [38.0] [cxt 0] Extracting header 'ethernet'
[18:02:16.638] [bmv2] [D] [thread 8001] [38.0] [cxt 0] Parser state 'start': key is 86dd
[18:02:16.638] [bmv2] [T] [thread 8001] [38.0] [cxt 0] Bytes parsed: 14
[18:02:16.638] [bmv2] [D] [thread 8001] [38.0] [cxt 0] Parser 'parser': end
[18:02:16.638] [bmv2] [D] [thread 8001] [38.0] [cxt 0] Pipeline 'ingress': start
[18:02:16.638] [bmv2] [T] [thread 8001] [38.0] [cxt 0] forward.p4(119) Condition "hdr.ipv4.isValid()" (node_2) is false
[18:02:16.638] [bmv2] [D] [thread 8001] [38.0] [cxt 0] Pipeline 'ingress': end
[18:02:16.638] [bmv2] [D] [thread 8001] [38.0] [cxt 0] Egress port is 0
[18:02:16.638] [bmv2] [D] [thread 8002] [38.0] [cxt 0] Pipeline 'egress': start
[18:02:16.638] [bmv2] [D] [thread 8002] [38.0] [cxt 0] Pipeline 'egress': end
[18:02:16.638] [bmv2] [D] [thread 8002] [38.0] [cxt 0] Deparser 'deparser': start
[18:02:16.638] [bmv2] [T] [thread 8002] [38.0] [cxt 0] Skipping checksum 'cksum' update because condition not met
[18:02:16.638] [bmv2] [D] [thread 8002] [38.0] [cxt 0] Deparsing header 'ethernet'
[18:02:16.638] [bmv2] [D] [thread 8002] [38.0] [cxt 0] Deparser 'deparser': end
[18:02:16.638] [bmv2] [D] [thread 8006] [38.0] [cxt 0] Transmitting packet of size 70 out of port 0
[18:03:05.790] [bmv2] [D] [thread 8001] [39.0] [cxt 0] Processing packet received on port 2
[18:03:05.790] [bmv2] [D] [thread 8001] [39.0] [cxt 0] Parser 'parser': start
[18:03:05.790] [bmv2] [D] [thread 8001] [39.0] [cxt 0] Parser 'parser' entering state 'start'
[18:03:05.790] [bmv2] [D] [thread 8001] [39.0] [cxt 0] Extracting header 'ethernet'
[18:03:05.790] [bmv2] [D] [thread 8001] [39.0] [cxt 0] Parser state 'start': key is 86dd
[18:03:05.790] [bmv2] [T] [thread 8001] [39.0] [cxt 0] Bytes parsed: 14
[18:03:05.790] [bmv2] [D] [thread 8001] [39.0] [cxt 0] Parser 'parser': end
[18:03:05.790] [bmv2] [D] [thread 8001] [39.0] [cxt 0] Pipeline 'ingress': start
[18:03:05.790] [bmv2] [T] [thread 8001] [39.0] [cxt 0] forward.p4(119) Condition "hdr.ipv4.isValid()" (node_2) is false
[18:03:05.790] [bmv2] [D] [thread 8001] [39.0] [cxt 0] Pipeline 'ingress': end
[18:03:05.790] [bmv2] [D] [thread 8001] [39.0] [cxt 0] Egress port is 0
[18:03:05.790] [bmv2] [D] [thread 8002] [39.0] [cxt 0] Pipeline 'egress': start
[18:03:05.790] [bmv2] [D] [thread 8002] [39.0] [cxt 0] Pipeline 'egress': end
[18:03:05.790] [bmv2] [D] [thread 8002] [39.0] [cxt 0] Deparser 'deparser': start
[18:03:05.790] [bmv2] [T] [thread 8002] [39.0] [cxt 0] Skipping checksum 'cksum' update because condition not met
[18:03:05.790] [bmv2] [D] [thread 8002] [39.0] [cxt 0] Deparsing header 'ethernet'
[18:03:05.790] [bmv2] [D] [thread 8002] [39.0] [cxt 0] Deparser 'deparser': end
[18:03:05.790] [bmv2] [D] [thread 8006] [39.0] [cxt 0] Transmitting packet of size 70 out of port 0
[18:04:11.325] [bmv2] [D] [thread 8001] [40.0] [cxt 0] Processing packet received on port 4
[18:04:11.325] [bmv2] [D] [thread 8001] [40.0] [cxt 0] Parser 'parser': start
[18:04:11.325] [bmv2] [D] [thread 8001] [40.0] [cxt 0] Parser 'parser' entering state 'start'
[18:04:11.325] [bmv2] [D] [thread 8001] [40.0] [cxt 0] Extracting header 'ethernet'
[18:04:11.325] [bmv2] [D] [thread 8001] [40.0] [cxt 0] Parser state 'start': key is 86dd
[18:04:11.325] [bmv2] [T] [thread 8001] [40.0] [cxt 0] Bytes parsed: 14
[18:04:11.325] [bmv2] [D] [thread 8001] [40.0] [cxt 0] Parser 'parser': end
[18:04:11.325] [bmv2] [D] [thread 8001] [40.0] [cxt 0] Pipeline 'ingress': start
[18:04:11.325] [bmv2] [T] [thread 8001] [40.0] [cxt 0] forward.p4(119) Condition "hdr.ipv4.isValid()" (node_2) is false
[18:04:11.325] [bmv2] [D] [thread 8001] [40.0] [cxt 0] Pipeline 'ingress': end
[18:04:11.325] [bmv2] [D] [thread 8001] [40.0] [cxt 0] Egress port is 0
[18:04:11.325] [bmv2] [D] [thread 8002] [40.0] [cxt 0] Pipeline 'egress': start
[18:04:11.326] [bmv2] [D] [thread 8002] [40.0] [cxt 0] Pipeline 'egress': end
[18:04:11.326] [bmv2] [D] [thread 8002] [40.0] [cxt 0] Deparser 'deparser': start
[18:04:11.326] [bmv2] [T] [thread 8002] [40.0] [cxt 0] Skipping checksum 'cksum' update because condition not met
[18:04:11.326] [bmv2] [D] [thread 8002] [40.0] [cxt 0] Deparsing header 'ethernet'
[18:04:11.326] [bmv2] [D] [thread 8002] [40.0] [cxt 0] Deparser 'deparser': end
[18:04:11.326] [bmv2] [D] [thread 8006] [40.0] [cxt 0] Transmitting packet of size 70 out of port 0
[18:05:00.477] [bmv2] [D] [thread 8001] [41.0] [cxt 0] Processing packet received on port 3
[18:05:00.477] [bmv2] [D] [thread 8001] [41.0] [cxt 0] Parser 'parser': start
[18:05:00.477] [bmv2] [D] [thread 8001] [41.0] [cxt 0] Parser 'parser' entering state 'start'
[18:05:00.477] [bmv2] [D] [thread 8001] [41.0] [cxt 0] Extracting header 'ethernet'
[18:05:00.477] [bmv2] [D] [thread 8001] [41.0] [cxt 0] Parser state 'start': key is 86dd
[18:05:00.477] [bmv2] [T] [thread 8001] [41.0] [cxt 0] Bytes parsed: 14
[18:05:00.477] [bmv2] [D] [thread 8001] [41.0] [cxt 0] Parser 'parser': end
[18:05:00.477] [bmv2] [D] [thread 8001] [41.0] [cxt 0] Pipeline 'ingress': start
[18:05:00.477] [bmv2] [T] [thread 8001] [41.0] [cxt 0] forward.p4(119) Condition "hdr.ipv4.isValid()" (node_2) is false
[18:05:00.477] [bmv2] [D] [thread 8001] [41.0] [cxt 0] Pipeline 'ingress': end
[18:05:00.477] [bmv2] [D] [thread 8001] [41.0] [cxt 0] Egress port is 0
[18:05:00.477] [bmv2] [D] [thread 8002] [41.0] [cxt 0] Pipeline 'egress': start
[18:05:00.477] [bmv2] [D] [thread 8002] [41.0] [cxt 0] Pipeline 'egress': end
[18:05:00.477] [bmv2] [D] [thread 8002] [41.0] [cxt 0] Deparser 'deparser': start
[18:05:00.477] [bmv2] [T] [thread 8002] [41.0] [cxt 0] Skipping checksum 'cksum' update because condition not met
[18:05:00.477] [bmv2] [D] [thread 8002] [41.0] [cxt 0] Deparsing header 'ethernet'
[18:05:00.477] [bmv2] [D] [thread 8002] [41.0] [cxt 0] Deparser 'deparser': end
[18:05:00.477] [bmv2] [D] [thread 8006] [41.0] [cxt 0] Transmitting packet of size 70 out of port 0
[18:10:37.434] [bmv2] [W] [thread 8158] [P4Runtime] p4::tmp::P4DeviceConfig is deprecated
[18:10:37.435] [bmv2] [D] [thread 8158] Set default default entry for table 'MyIngress.ipv4_lpm': MyIngress.send_to_cpu - 
[18:10:37.435] [bmv2] [D] [thread 8158] simple_switch target has been notified of a config swap
[18:10:37.437] [bmv2] [D] [thread 8386] Entry 0 added to table 'MyIngress.ipv4_lpm'
[18:10:37.437] [bmv2] [D] [thread 8386] Dumping entry 0
Match key:
* hdr.ipv4.dstAddr    : LPM       0a000100/24
Action entry: MyIngress.ipv4_forward - 80000000222,4,

[18:10:37.445] [bmv2] [D] [thread 8158] Entry 1 added to table 'MyIngress.ipv4_lpm'
[18:10:37.445] [bmv2] [D] [thread 8158] Dumping entry 1
Match key:
* hdr.ipv4.dstAddr    : LPM       0a000201/32
Action entry: MyIngress.ipv4_forward - 80000000333,1,

[18:10:37.449] [bmv2] [D] [thread 8386] Entry 2 added to table 'MyIngress.ipv4_lpm'
[18:10:37.449] [bmv2] [D] [thread 8386] Dumping entry 2
Match key:
* hdr.ipv4.dstAddr    : LPM       0a000202/32
Action entry: MyIngress.ipv4_forward - 80000000444,2,

[18:10:37.453] [bmv2] [D] [thread 8158] Entry 3 added to table 'MyIngress.ipv4_lpm'
[18:10:37.453] [bmv2] [D] [thread 8158] Dumping entry 3
Match key:
* hdr.ipv4.dstAddr    : LPM       0a000300/24
Action entry: MyIngress.ipv4_forward - 80000000222,4,

[18:10:37.458] [bmv2] [D] [thread 8386] Entry 4 added to table 'MyIngress.ipv4_lpm'
[18:10:37.458] [bmv2] [D] [thread 8386] Dumping entry 4
Match key:
* hdr.ipv4.dstAddr    : LPM       0a000400/24
Action entry: MyIngress.ipv4_forward - 80000000222,4,

[18:10:37.462] [bmv2] [D] [thread 8158] Entry 5 added to table 'MyIngress.ipv4_lpm'
[18:10:37.462] [bmv2] [D] [thread 8158] Dumping entry 5
Match key:
* hdr.ipv4.dstAddr    : LPM       0b000100/24
Action entry: MyIngress.ipv4_forward - 80000000222,4,

