Calling target program-options parser
[15:14:11.251] [bmv2] [D] [thread 12744] Set default default entry for table 'MyIngress.ipv4_lpm': MyIngress.send_to_cpu - 
Adding interface s3-eth1 as port 1
[15:14:11.251] [bmv2] [D] [thread 12744] Adding interface s3-eth1 as port 1
Adding interface s3-eth2 as port 2
[15:14:11.281] [bmv2] [D] [thread 12744] Adding interface s3-eth2 as port 2
Adding interface s3-eth3 as port 3
[15:14:11.313] [bmv2] [D] [thread 12744] Adding interface s3-eth3 as port 3
Adding interface s3-eth4 as port 4
[15:14:11.357] [bmv2] [D] [thread 12744] Adding interface s3-eth4 as port 4
Server listening on 0.0.0.0:50053
[15:14:11.395] [bmv2] [I] [thread 12744] Starting Thrift server on port 9092
[15:14:11.396] [bmv2] [I] [thread 12744] Thrift server was started
[15:14:11.397] [bmv2] [D] [thread 12754] [0.0] [cxt 0] Processing packet received on port 2
[15:14:11.397] [bmv2] [D] [thread 12754] [0.0] [cxt 0] Parser 'parser': start
[15:14:11.397] [bmv2] [D] [thread 12754] [0.0] [cxt 0] Parser 'parser' entering state 'start'
[15:14:11.397] [bmv2] [D] [thread 12754] [0.0] [cxt 0] Extracting header 'ethernet'
[15:14:11.397] [bmv2] [D] [thread 12754] [0.0] [cxt 0] Parser state 'start': key is 86dd
[15:14:11.397] [bmv2] [T] [thread 12754] [0.0] [cxt 0] Bytes parsed: 14
[15:14:11.397] [bmv2] [D] [thread 12754] [0.0] [cxt 0] Parser 'parser': end
[15:14:11.397] [bmv2] [D] [thread 12754] [0.0] [cxt 0] Pipeline 'ingress': start
[15:14:11.397] [bmv2] [T] [thread 12754] [0.0] [cxt 0] forward.p4(119) Condition "hdr.ipv4.isValid()" (node_2) is false
[15:14:11.397] [bmv2] [D] [thread 12754] [0.0] [cxt 0] Pipeline 'ingress': end
[15:14:11.397] [bmv2] [D] [thread 12754] [0.0] [cxt 0] Egress port is 0
[15:14:11.398] [bmv2] [D] [thread 12755] [0.0] [cxt 0] Pipeline 'egress': start
[15:14:11.398] [bmv2] [D] [thread 12755] [0.0] [cxt 0] Pipeline 'egress': end
[15:14:11.398] [bmv2] [D] [thread 12755] [0.0] [cxt 0] Deparser 'deparser': start
[15:14:11.398] [bmv2] [T] [thread 12755] [0.0] [cxt 0] Skipping checksum 'cksum' update because condition not met
[15:14:11.398] [bmv2] [D] [thread 12755] [0.0] [cxt 0] Deparsing header 'ethernet'
[15:14:11.398] [bmv2] [D] [thread 12755] [0.0] [cxt 0] Deparser 'deparser': end
[15:14:11.398] [bmv2] [D] [thread 12759] [0.0] [cxt 0] Transmitting packet of size 90 out of port 0
[15:14:11.437] [bmv2] [D] [thread 12754] [1.0] [cxt 0] Processing packet received on port 1
[15:14:11.437] [bmv2] [D] [thread 12754] [1.0] [cxt 0] Parser 'parser': start
[15:14:11.437] [bmv2] [D] [thread 12754] [1.0] [cxt 0] Parser 'parser' entering state 'start'
[15:14:11.437] [bmv2] [D] [thread 12754] [1.0] [cxt 0] Extracting header 'ethernet'
[15:14:11.437] [bmv2] [D] [thread 12754] [1.0] [cxt 0] Parser state 'start': key is 86dd
[15:14:11.437] [bmv2] [T] [thread 12754] [1.0] [cxt 0] Bytes parsed: 14
[15:14:11.437] [bmv2] [D] [thread 12754] [1.0] [cxt 0] Parser 'parser': end
[15:14:11.437] [bmv2] [D] [thread 12754] [1.0] [cxt 0] Pipeline 'ingress': start
[15:14:11.437] [bmv2] [T] [thread 12754] [1.0] [cxt 0] forward.p4(119) Condition "hdr.ipv4.isValid()" (node_2) is false
[15:14:11.437] [bmv2] [D] [thread 12754] [1.0] [cxt 0] Pipeline 'ingress': end
[15:14:11.437] [bmv2] [D] [thread 12754] [1.0] [cxt 0] Egress port is 0
[15:14:11.437] [bmv2] [D] [thread 12755] [1.0] [cxt 0] Pipeline 'egress': start
[15:14:11.437] [bmv2] [D] [thread 12755] [1.0] [cxt 0] Pipeline 'egress': end
[15:14:11.437] [bmv2] [D] [thread 12755] [1.0] [cxt 0] Deparser 'deparser': start
[15:14:11.437] [bmv2] [T] [thread 12755] [1.0] [cxt 0] Skipping checksum 'cksum' update because condition not met
[15:14:11.437] [bmv2] [D] [thread 12755] [1.0] [cxt 0] Deparsing header 'ethernet'
[15:14:11.437] [bmv2] [D] [thread 12755] [1.0] [cxt 0] Deparser 'deparser': end
[15:14:11.438] [bmv2] [D] [thread 12759] [1.0] [cxt 0] Transmitting packet of size 90 out of port 0
[15:14:14.385] [bmv2] [D] [thread 12754] [2.0] [cxt 0] Processing packet received on port 3
[15:14:14.385] [bmv2] [D] [thread 12754] [2.0] [cxt 0] Parser 'parser': start
[15:14:14.385] [bmv2] [D] [thread 12754] [2.0] [cxt 0] Parser 'parser' entering state 'start'
[15:14:14.385] [bmv2] [D] [thread 12754] [2.0] [cxt 0] Extracting header 'ethernet'
[15:14:14.385] [bmv2] [D] [thread 12754] [2.0] [cxt 0] Parser state 'start': key is 86dd
[15:14:14.385] [bmv2] [T] [thread 12754] [2.0] [cxt 0] Bytes parsed: 14
[15:14:14.385] [bmv2] [D] [thread 12754] [2.0] [cxt 0] Parser 'parser': end
[15:14:14.385] [bmv2] [D] [thread 12754] [2.0] [cxt 0] Pipeline 'ingress': start
[15:14:14.385] [bmv2] [T] [thread 12754] [2.0] [cxt 0] forward.p4(119) Condition "hdr.ipv4.isValid()" (node_2) is false
[15:14:14.385] [bmv2] [D] [thread 12754] [2.0] [cxt 0] Pipeline 'ingress': end
[15:14:14.385] [bmv2] [D] [thread 12754] [2.0] [cxt 0] Egress port is 0
[15:14:14.385] [bmv2] [D] [thread 12755] [2.0] [cxt 0] Pipeline 'egress': start
[15:14:14.385] [bmv2] [D] [thread 12755] [2.0] [cxt 0] Pipeline 'egress': end
[15:14:14.385] [bmv2] [D] [thread 12755] [2.0] [cxt 0] Deparser 'deparser': start
[15:14:14.385] [bmv2] [T] [thread 12755] [2.0] [cxt 0] Skipping checksum 'cksum' update because condition not met
[15:14:14.385] [bmv2] [D] [thread 12755] [2.0] [cxt 0] Deparsing header 'ethernet'
[15:14:14.385] [bmv2] [D] [thread 12755] [2.0] [cxt 0] Deparser 'deparser': end
[15:14:14.386] [bmv2] [D] [thread 12759] [2.0] [cxt 0] Transmitting packet of size 70 out of port 0
[15:14:14.898] [bmv2] [D] [thread 12754] [3.0] [cxt 0] Processing packet received on port 3
[15:14:14.898] [bmv2] [D] [thread 12754] [3.0] [cxt 0] Parser 'parser': start
[15:14:14.898] [bmv2] [D] [thread 12754] [3.0] [cxt 0] Parser 'parser' entering state 'start'
[15:14:14.898] [bmv2] [D] [thread 12754] [3.0] [cxt 0] Extracting header 'ethernet'
[15:14:14.898] [bmv2] [D] [thread 12754] [3.0] [cxt 0] Parser state 'start': key is 86dd
[15:14:14.898] [bmv2] [T] [thread 12754] [3.0] [cxt 0] Bytes parsed: 14
[15:14:14.898] [bmv2] [D] [thread 12754] [3.0] [cxt 0] Parser 'parser': end
[15:14:14.898] [bmv2] [D] [thread 12754] [3.0] [cxt 0] Pipeline 'ingress': start
[15:14:14.898] [bmv2] [T] [thread 12754] [3.0] [cxt 0] forward.p4(119) Condition "hdr.ipv4.isValid()" (node_2) is false
[15:14:14.898] [bmv2] [D] [thread 12754] [3.0] [cxt 0] Pipeline 'ingress': end
[15:14:14.898] [bmv2] [D] [thread 12754] [3.0] [cxt 0] Egress port is 0
[15:14:14.898] [bmv2] [D] [thread 12755] [3.0] [cxt 0] Pipeline 'egress': start
[15:14:14.898] [bmv2] [D] [thread 12755] [3.0] [cxt 0] Pipeline 'egress': end
[15:14:14.898] [bmv2] [D] [thread 12755] [3.0] [cxt 0] Deparser 'deparser': start
[15:14:14.898] [bmv2] [T] [thread 12755] [3.0] [cxt 0] Skipping checksum 'cksum' update because condition not met
[15:14:14.898] [bmv2] [D] [thread 12755] [3.0] [cxt 0] Deparsing header 'ethernet'
[15:14:14.898] [bmv2] [D] [thread 12755] [3.0] [cxt 0] Deparser 'deparser': end
[15:14:14.898] [bmv2] [D] [thread 12759] [3.0] [cxt 0] Transmitting packet of size 70 out of port 0
[15:14:15.150] [bmv2] [D] [thread 12754] [4.0] [cxt 0] Processing packet received on port 1
[15:14:15.150] [bmv2] [D] [thread 12754] [4.0] [cxt 0] Parser 'parser': start
[15:14:15.151] [bmv2] [D] [thread 12754] [4.0] [cxt 0] Parser 'parser' entering state 'start'
[15:14:15.151] [bmv2] [D] [thread 12754] [4.0] [cxt 0] Extracting header 'ethernet'
[15:14:15.151] [bmv2] [D] [thread 12754] [4.0] [cxt 0] Parser state 'start': key is 86dd
[15:14:15.151] [bmv2] [T] [thread 12754] [4.0] [cxt 0] Bytes parsed: 14
[15:14:15.151] [bmv2] [D] [thread 12754] [4.0] [cxt 0] Parser 'parser': end
[15:14:15.151] [bmv2] [D] [thread 12754] [4.0] [cxt 0] Pipeline 'ingress': start
[15:14:15.151] [bmv2] [T] [thread 12754] [4.0] [cxt 0] forward.p4(119) Condition "hdr.ipv4.isValid()" (node_2) is false
[15:14:15.151] [bmv2] [D] [thread 12754] [4.0] [cxt 0] Pipeline 'ingress': end
[15:14:15.151] [bmv2] [D] [thread 12754] [4.0] [cxt 0] Egress port is 0
[15:14:15.151] [bmv2] [D] [thread 12754] [5.0] [cxt 0] Processing packet received on port 2
[15:14:15.151] [bmv2] [D] [thread 12754] [5.0] [cxt 0] Parser 'parser': start
[15:14:15.151] [bmv2] [D] [thread 12754] [5.0] [cxt 0] Parser 'parser' entering state 'start'
[15:14:15.151] [bmv2] [D] [thread 12754] [5.0] [cxt 0] Extracting header 'ethernet'
[15:14:15.151] [bmv2] [D] [thread 12754] [5.0] [cxt 0] Parser state 'start': key is 86dd
[15:14:15.151] [bmv2] [T] [thread 12754] [5.0] [cxt 0] Bytes parsed: 14
[15:14:15.151] [bmv2] [D] [thread 12754] [5.0] [cxt 0] Parser 'parser': end
[15:14:15.151] [bmv2] [D] [thread 12754] [5.0] [cxt 0] Pipeline 'ingress': start
[15:14:15.151] [bmv2] [T] [thread 12754] [5.0] [cxt 0] forward.p4(119) Condition "hdr.ipv4.isValid()" (node_2) is false
[15:14:15.151] [bmv2] [D] [thread 12754] [5.0] [cxt 0] Pipeline 'ingress': end
[15:14:15.151] [bmv2] [D] [thread 12754] [5.0] [cxt 0] Egress port is 0
[15:14:15.151] [bmv2] [D] [thread 12754] [6.0] [cxt 0] Processing packet received on port 4
[15:14:15.151] [bmv2] [D] [thread 12754] [6.0] [cxt 0] Parser 'parser': start
[15:14:15.151] [bmv2] [D] [thread 12754] [6.0] [cxt 0] Parser 'parser' entering state 'start'
[15:14:15.151] [bmv2] [D] [thread 12754] [6.0] [cxt 0] Extracting header 'ethernet'
[15:14:15.151] [bmv2] [D] [thread 12754] [6.0] [cxt 0] Parser state 'start': key is 86dd
[15:14:15.151] [bmv2] [T] [thread 12754] [6.0] [cxt 0] Bytes parsed: 14
[15:14:15.151] [bmv2] [D] [thread 12754] [6.0] [cxt 0] Parser 'parser': end
[15:14:15.151] [bmv2] [D] [thread 12754] [6.0] [cxt 0] Pipeline 'ingress': start
[15:14:15.151] [bmv2] [T] [thread 12754] [6.0] [cxt 0] forward.p4(119) Condition "hdr.ipv4.isValid()" (node_2) is false
[15:14:15.151] [bmv2] [D] [thread 12754] [6.0] [cxt 0] Pipeline 'ingress': end
[15:14:15.151] [bmv2] [D] [thread 12754] [6.0] [cxt 0] Egress port is 0
[15:14:15.151] [bmv2] [D] [thread 12754] [7.0] [cxt 0] Processing packet received on port 4
[15:14:15.151] [bmv2] [D] [thread 12754] [7.0] [cxt 0] Parser 'parser': start
[15:14:15.151] [bmv2] [D] [thread 12754] [7.0] [cxt 0] Parser 'parser' entering state 'start'
[15:14:15.151] [bmv2] [D] [thread 12754] [7.0] [cxt 0] Extracting header 'ethernet'
[15:14:15.151] [bmv2] [D] [thread 12754] [7.0] [cxt 0] Parser state 'start': key is 86dd
[15:14:15.151] [bmv2] [T] [thread 12754] [7.0] [cxt 0] Bytes parsed: 14
[15:14:15.151] [bmv2] [D] [thread 12754] [7.0] [cxt 0] Parser 'parser': end
[15:14:15.151] [bmv2] [D] [thread 12754] [7.0] [cxt 0] Pipeline 'ingress': start
[15:14:15.151] [bmv2] [T] [thread 12754] [7.0] [cxt 0] forward.p4(119) Condition "hdr.ipv4.isValid()" (node_2) is false
[15:14:15.151] [bmv2] [D] [thread 12754] [7.0] [cxt 0] Pipeline 'ingress': end
[15:14:15.151] [bmv2] [D] [thread 12754] [7.0] [cxt 0] Egress port is 0
[15:14:15.151] [bmv2] [D] [thread 12755] [4.0] [cxt 0] Pipeline 'egress': start
[15:14:15.151] [bmv2] [D] [thread 12755] [4.0] [cxt 0] Pipeline 'egress': end
[15:14:15.151] [bmv2] [D] [thread 12755] [4.0] [cxt 0] Deparser 'deparser': start
[15:14:15.151] [bmv2] [T] [thread 12755] [4.0] [cxt 0] Skipping checksum 'cksum' update because condition not met
[15:14:15.151] [bmv2] [D] [thread 12755] [4.0] [cxt 0] Deparsing header 'ethernet'
[15:14:15.151] [bmv2] [D] [thread 12755] [4.0] [cxt 0] Deparser 'deparser': end
[15:14:15.151] [bmv2] [D] [thread 12755] [5.0] [cxt 0] Pipeline 'egress': start
[15:14:15.151] [bmv2] [D] [thread 12755] [5.0] [cxt 0] Pipeline 'egress': end
[15:14:15.151] [bmv2] [D] [thread 12755] [5.0] [cxt 0] Deparser 'deparser': start
[15:14:15.151] [bmv2] [T] [thread 12755] [5.0] [cxt 0] Skipping checksum 'cksum' update because condition not met
[15:14:15.151] [bmv2] [D] [thread 12755] [5.0] [cxt 0] Deparsing header 'ethernet'
[15:14:15.151] [bmv2] [D] [thread 12755] [5.0] [cxt 0] Deparser 'deparser': end
[15:14:15.151] [bmv2] [D] [thread 12755] [6.0] [cxt 0] Pipeline 'egress': start
[15:14:15.151] [bmv2] [D] [thread 12755] [6.0] [cxt 0] Pipeline 'egress': end
[15:14:15.151] [bmv2] [D] [thread 12755] [6.0] [cxt 0] Deparser 'deparser': start
[15:14:15.151] [bmv2] [T] [thread 12755] [6.0] [cxt 0] Skipping checksum 'cksum' update because condition not met
[15:14:15.151] [bmv2] [D] [thread 12755] [6.0] [cxt 0] Deparsing header 'ethernet'
[15:14:15.151] [bmv2] [D] [thread 12755] [6.0] [cxt 0] Deparser 'deparser': end
[15:14:15.151] [bmv2] [D] [thread 12755] [7.0] [cxt 0] Pipeline 'egress': start
[15:14:15.151] [bmv2] [D] [thread 12755] [7.0] [cxt 0] Pipeline 'egress': end
[15:14:15.151] [bmv2] [D] [thread 12755] [7.0] [cxt 0] Deparser 'deparser': start
[15:14:15.151] [bmv2] [T] [thread 12755] [7.0] [cxt 0] Skipping checksum 'cksum' update because condition not met
[15:14:15.151] [bmv2] [D] [thread 12755] [7.0] [cxt 0] Deparsing header 'ethernet'
[15:14:15.151] [bmv2] [D] [thread 12755] [7.0] [cxt 0] Deparser 'deparser': end
[15:14:15.151] [bmv2] [D] [thread 12759] [4.0] [cxt 0] Transmitting packet of size 70 out of port 0
[15:14:15.152] [bmv2] [D] [thread 12759] [5.0] [cxt 0] Transmitting packet of size 70 out of port 0
[15:14:15.152] [bmv2] [D] [thread 12759] [6.0] [cxt 0] Transmitting packet of size 70 out of port 0
[15:14:15.152] [bmv2] [D] [thread 12759] [7.0] [cxt 0] Transmitting packet of size 70 out of port 0
[15:14:19.345] [bmv2] [W] [thread 12860] [P4Runtime] p4::tmp::P4DeviceConfig is deprecated
[15:14:19.345] [bmv2] [D] [thread 12860] Set default default entry for table 'MyIngress.ipv4_lpm': MyIngress.send_to_cpu - 
[15:14:19.346] [bmv2] [D] [thread 12860] simple_switch target has been notified of a config swap
[15:14:22.062] [bmv2] [D] [thread 12754] [8.0] [cxt 0] Processing packet received on port 3
[15:14:22.062] [bmv2] [D] [thread 12754] [8.0] [cxt 0] Parser 'parser': start
[15:14:22.062] [bmv2] [D] [thread 12754] [8.0] [cxt 0] Parser 'parser' entering state 'start'
[15:14:22.062] [bmv2] [D] [thread 12754] [8.0] [cxt 0] Extracting header 'ethernet'
[15:14:22.062] [bmv2] [D] [thread 12754] [8.0] [cxt 0] Parser state 'start': key is 86dd
[15:14:22.062] [bmv2] [T] [thread 12754] [8.0] [cxt 0] Bytes parsed: 14
[15:14:22.062] [bmv2] [D] [thread 12754] [8.0] [cxt 0] Parser 'parser': end
[15:14:22.062] [bmv2] [D] [thread 12754] [8.0] [cxt 0] Pipeline 'ingress': start
[15:14:22.062] [bmv2] [T] [thread 12754] [8.0] [cxt 0] forward.p4(119) Condition "hdr.ipv4.isValid()" (node_2) is false
[15:14:22.062] [bmv2] [D] [thread 12754] [8.0] [cxt 0] Pipeline 'ingress': end
[15:14:22.062] [bmv2] [D] [thread 12754] [8.0] [cxt 0] Egress port is 0
[15:14:22.062] [bmv2] [D] [thread 12755] [8.0] [cxt 0] Pipeline 'egress': start
[15:14:22.062] [bmv2] [D] [thread 12755] [8.0] [cxt 0] Pipeline 'egress': end
[15:14:22.062] [bmv2] [D] [thread 12755] [8.0] [cxt 0] Deparser 'deparser': start
[15:14:22.062] [bmv2] [T] [thread 12755] [8.0] [cxt 0] Skipping checksum 'cksum' update because condition not met
[15:14:22.062] [bmv2] [D] [thread 12755] [8.0] [cxt 0] Deparsing header 'ethernet'
[15:14:22.062] [bmv2] [D] [thread 12755] [8.0] [cxt 0] Deparser 'deparser': end
[15:14:22.063] [bmv2] [D] [thread 12759] [8.0] [cxt 0] Transmitting packet of size 70 out of port 0
[15:14:22.573] [bmv2] [D] [thread 12754] [9.0] [cxt 0] Processing packet received on port 3
[15:14:22.573] [bmv2] [D] [thread 12754] [9.0] [cxt 0] Parser 'parser': start
[15:14:22.573] [bmv2] [D] [thread 12754] [9.0] [cxt 0] Parser 'parser' entering state 'start'
[15:14:22.573] [bmv2] [D] [thread 12754] [9.0] [cxt 0] Extracting header 'ethernet'
[15:14:22.573] [bmv2] [D] [thread 12754] [9.0] [cxt 0] Parser state 'start': key is 86dd
[15:14:22.573] [bmv2] [T] [thread 12754] [9.0] [cxt 0] Bytes parsed: 14
[15:14:22.573] [bmv2] [D] [thread 12754] [9.0] [cxt 0] Parser 'parser': end
[15:14:22.573] [bmv2] [D] [thread 12754] [9.0] [cxt 0] Pipeline 'ingress': start
[15:14:22.573] [bmv2] [T] [thread 12754] [9.0] [cxt 0] forward.p4(119) Condition "hdr.ipv4.isValid()" (node_2) is false
[15:14:22.573] [bmv2] [D] [thread 12754] [9.0] [cxt 0] Pipeline 'ingress': end
[15:14:22.573] [bmv2] [D] [thread 12754] [9.0] [cxt 0] Egress port is 0
[15:14:22.573] [bmv2] [D] [thread 12755] [9.0] [cxt 0] Pipeline 'egress': start
[15:14:22.573] [bmv2] [D] [thread 12755] [9.0] [cxt 0] Pipeline 'egress': end
[15:14:22.573] [bmv2] [D] [thread 12755] [9.0] [cxt 0] Deparser 'deparser': start
[15:14:22.573] [bmv2] [T] [thread 12755] [9.0] [cxt 0] Skipping checksum 'cksum' update because condition not met
[15:14:22.573] [bmv2] [D] [thread 12755] [9.0] [cxt 0] Deparsing header 'ethernet'
[15:14:22.573] [bmv2] [D] [thread 12755] [9.0] [cxt 0] Deparser 'deparser': end
[15:14:22.574] [bmv2] [D] [thread 12759] [9.0] [cxt 0] Transmitting packet of size 70 out of port 0
[15:14:22.829] [bmv2] [D] [thread 12754] [10.0] [cxt 0] Processing packet received on port 2
[15:14:22.829] [bmv2] [D] [thread 12754] [10.0] [cxt 0] Parser 'parser': start
[15:14:22.829] [bmv2] [D] [thread 12754] [10.0] [cxt 0] Parser 'parser' entering state 'start'
[15:14:22.829] [bmv2] [D] [thread 12754] [10.0] [cxt 0] Extracting header 'ethernet'
[15:14:22.829] [bmv2] [D] [thread 12754] [10.0] [cxt 0] Parser state 'start': key is 86dd
[15:14:22.829] [bmv2] [T] [thread 12754] [10.0] [cxt 0] Bytes parsed: 14
[15:14:22.829] [bmv2] [D] [thread 12754] [10.0] [cxt 0] Parser 'parser': end
[15:14:22.830] [bmv2] [D] [thread 12754] [10.0] [cxt 0] Pipeline 'ingress': start
[15:14:22.830] [bmv2] [T] [thread 12754] [10.0] [cxt 0] forward.p4(119) Condition "hdr.ipv4.isValid()" (node_2) is false
[15:14:22.830] [bmv2] [D] [thread 12754] [10.0] [cxt 0] Pipeline 'ingress': end
[15:14:22.830] [bmv2] [D] [thread 12754] [10.0] [cxt 0] Egress port is 0
[15:14:22.830] [bmv2] [D] [thread 12754] [11.0] [cxt 0] Processing packet received on port 4
[15:14:22.830] [bmv2] [D] [thread 12754] [11.0] [cxt 0] Parser 'parser': start
[15:14:22.830] [bmv2] [D] [thread 12754] [11.0] [cxt 0] Parser 'parser' entering state 'start'
[15:14:22.830] [bmv2] [D] [thread 12754] [11.0] [cxt 0] Extracting header 'ethernet'
[15:14:22.830] [bmv2] [D] [thread 12754] [11.0] [cxt 0] Parser state 'start': key is 86dd
[15:14:22.830] [bmv2] [T] [thread 12754] [11.0] [cxt 0] Bytes parsed: 14
[15:14:22.830] [bmv2] [D] [thread 12754] [11.0] [cxt 0] Parser 'parser': end
[15:14:22.830] [bmv2] [D] [thread 12754] [11.0] [cxt 0] Pipeline 'ingress': start
[15:14:22.830] [bmv2] [T] [thread 12754] [11.0] [cxt 0] forward.p4(119) Condition "hdr.ipv4.isValid()" (node_2) is false
[15:14:22.830] [bmv2] [D] [thread 12754] [11.0] [cxt 0] Pipeline 'ingress': end
[15:14:22.830] [bmv2] [D] [thread 12754] [11.0] [cxt 0] Egress port is 0
[15:14:22.830] [bmv2] [D] [thread 12755] [10.0] [cxt 0] Pipeline 'egress': start
[15:14:22.830] [bmv2] [D] [thread 12755] [10.0] [cxt 0] Pipeline 'egress': end
[15:14:22.830] [bmv2] [D] [thread 12755] [10.0] [cxt 0] Deparser 'deparser': start
[15:14:22.830] [bmv2] [T] [thread 12755] [10.0] [cxt 0] Skipping checksum 'cksum' update because condition not met
[15:14:22.830] [bmv2] [D] [thread 12755] [10.0] [cxt 0] Deparsing header 'ethernet'
[15:14:22.830] [bmv2] [D] [thread 12755] [10.0] [cxt 0] Deparser 'deparser': end
[15:14:22.830] [bmv2] [D] [thread 12755] [11.0] [cxt 0] Pipeline 'egress': start
[15:14:22.830] [bmv2] [D] [thread 12759] [10.0] [cxt 0] Transmitting packet of size 70 out of port 0
[15:14:22.830] [bmv2] [D] [thread 12755] [11.0] [cxt 0] Pipeline 'egress': end
[15:14:22.830] [bmv2] [D] [thread 12755] [11.0] [cxt 0] Deparser 'deparser': start
[15:14:22.830] [bmv2] [T] [thread 12755] [11.0] [cxt 0] Skipping checksum 'cksum' update because condition not met
[15:14:22.830] [bmv2] [D] [thread 12755] [11.0] [cxt 0] Deparsing header 'ethernet'
[15:14:22.830] [bmv2] [D] [thread 12755] [11.0] [cxt 0] Deparser 'deparser': end
[15:14:22.831] [bmv2] [D] [thread 12759] [11.0] [cxt 0] Transmitting packet of size 70 out of port 0
[15:14:23.598] [bmv2] [D] [thread 12754] [12.0] [cxt 0] Processing packet received on port 4
[15:14:23.598] [bmv2] [D] [thread 12754] [12.0] [cxt 0] Parser 'parser': start
[15:14:23.598] [bmv2] [D] [thread 12754] [12.0] [cxt 0] Parser 'parser' entering state 'start'
[15:14:23.598] [bmv2] [D] [thread 12754] [12.0] [cxt 0] Extracting header 'ethernet'
[15:14:23.598] [bmv2] [D] [thread 12754] [12.0] [cxt 0] Parser state 'start': key is 86dd
[15:14:23.598] [bmv2] [T] [thread 12754] [12.0] [cxt 0] Bytes parsed: 14
[15:14:23.599] [bmv2] [D] [thread 12754] [12.0] [cxt 0] Parser 'parser': end
[15:14:23.599] [bmv2] [D] [thread 12754] [12.0] [cxt 0] Pipeline 'ingress': start
[15:14:23.599] [bmv2] [T] [thread 12754] [12.0] [cxt 0] forward.p4(119) Condition "hdr.ipv4.isValid()" (node_2) is false
[15:14:23.599] [bmv2] [D] [thread 12754] [12.0] [cxt 0] Pipeline 'ingress': end
[15:14:23.599] [bmv2] [D] [thread 12754] [12.0] [cxt 0] Egress port is 0
[15:14:23.599] [bmv2] [D] [thread 12755] [12.0] [cxt 0] Pipeline 'egress': start
[15:14:23.599] [bmv2] [D] [thread 12755] [12.0] [cxt 0] Pipeline 'egress': end
[15:14:23.599] [bmv2] [D] [thread 12755] [12.0] [cxt 0] Deparser 'deparser': start
[15:14:23.599] [bmv2] [T] [thread 12755] [12.0] [cxt 0] Skipping checksum 'cksum' update because condition not met
[15:14:23.599] [bmv2] [D] [thread 12755] [12.0] [cxt 0] Deparsing header 'ethernet'
[15:14:23.599] [bmv2] [D] [thread 12755] [12.0] [cxt 0] Deparser 'deparser': end
[15:14:23.599] [bmv2] [D] [thread 12759] [12.0] [cxt 0] Transmitting packet of size 70 out of port 0
[15:14:23.853] [bmv2] [D] [thread 12754] [13.0] [cxt 0] Processing packet received on port 1
[15:14:23.853] [bmv2] [D] [thread 12754] [13.0] [cxt 0] Parser 'parser': start
[15:14:23.853] [bmv2] [D] [thread 12754] [13.0] [cxt 0] Parser 'parser' entering state 'start'
[15:14:23.853] [bmv2] [D] [thread 12754] [13.0] [cxt 0] Extracting header 'ethernet'
[15:14:23.853] [bmv2] [D] [thread 12754] [13.0] [cxt 0] Parser state 'start': key is 86dd
[15:14:23.853] [bmv2] [T] [thread 12754] [13.0] [cxt 0] Bytes parsed: 14
[15:14:23.853] [bmv2] [D] [thread 12754] [13.0] [cxt 0] Parser 'parser': end
[15:14:23.853] [bmv2] [D] [thread 12754] [13.0] [cxt 0] Pipeline 'ingress': start
[15:14:23.853] [bmv2] [T] [thread 12754] [13.0] [cxt 0] forward.p4(119) Condition "hdr.ipv4.isValid()" (node_2) is false
[15:14:23.853] [bmv2] [D] [thread 12754] [13.0] [cxt 0] Pipeline 'ingress': end
[15:14:23.853] [bmv2] [D] [thread 12754] [13.0] [cxt 0] Egress port is 0
[15:14:23.853] [bmv2] [D] [thread 12755] [13.0] [cxt 0] Pipeline 'egress': start
[15:14:23.853] [bmv2] [D] [thread 12755] [13.0] [cxt 0] Pipeline 'egress': end
[15:14:23.854] [bmv2] [D] [thread 12755] [13.0] [cxt 0] Deparser 'deparser': start
[15:14:23.854] [bmv2] [T] [thread 12755] [13.0] [cxt 0] Skipping checksum 'cksum' update because condition not met
[15:14:23.854] [bmv2] [D] [thread 12755] [13.0] [cxt 0] Deparsing header 'ethernet'
[15:14:23.854] [bmv2] [D] [thread 12755] [13.0] [cxt 0] Deparser 'deparser': end
[15:14:23.854] [bmv2] [D] [thread 12759] [13.0] [cxt 0] Transmitting packet of size 70 out of port 0
[15:14:37.421] [bmv2] [D] [thread 12754] [14.0] [cxt 0] Processing packet received on port 3
[15:14:37.421] [bmv2] [D] [thread 12754] [14.0] [cxt 0] Parser 'parser': start
[15:14:37.421] [bmv2] [D] [thread 12754] [14.0] [cxt 0] Parser 'parser' entering state 'start'
[15:14:37.421] [bmv2] [D] [thread 12754] [14.0] [cxt 0] Extracting header 'ethernet'
[15:14:37.421] [bmv2] [D] [thread 12754] [14.0] [cxt 0] Parser state 'start': key is 86dd
[15:14:37.421] [bmv2] [T] [thread 12754] [14.0] [cxt 0] Bytes parsed: 14
[15:14:37.421] [bmv2] [D] [thread 12754] [14.0] [cxt 0] Parser 'parser': end
[15:14:37.421] [bmv2] [D] [thread 12754] [14.0] [cxt 0] Pipeline 'ingress': start
[15:14:37.421] [bmv2] [T] [thread 12754] [14.0] [cxt 0] forward.p4(119) Condition "hdr.ipv4.isValid()" (node_2) is false
[15:14:37.421] [bmv2] [D] [thread 12754] [14.0] [cxt 0] Pipeline 'ingress': end
[15:14:37.421] [bmv2] [D] [thread 12754] [14.0] [cxt 0] Egress port is 0
[15:14:37.421] [bmv2] [D] [thread 12755] [14.0] [cxt 0] Pipeline 'egress': start
[15:14:37.421] [bmv2] [D] [thread 12755] [14.0] [cxt 0] Pipeline 'egress': end
[15:14:37.422] [bmv2] [D] [thread 12755] [14.0] [cxt 0] Deparser 'deparser': start
[15:14:37.422] [bmv2] [T] [thread 12755] [14.0] [cxt 0] Skipping checksum 'cksum' update because condition not met
[15:14:37.422] [bmv2] [D] [thread 12755] [14.0] [cxt 0] Deparsing header 'ethernet'
[15:14:37.422] [bmv2] [D] [thread 12755] [14.0] [cxt 0] Deparser 'deparser': end
[15:14:37.422] [bmv2] [D] [thread 12759] [14.0] [cxt 0] Transmitting packet of size 70 out of port 0
[15:14:37.933] [bmv2] [D] [thread 12754] [15.0] [cxt 0] Processing packet received on port 3
[15:14:37.933] [bmv2] [D] [thread 12754] [15.0] [cxt 0] Parser 'parser': start
[15:14:37.933] [bmv2] [D] [thread 12754] [15.0] [cxt 0] Parser 'parser' entering state 'start'
[15:14:37.933] [bmv2] [D] [thread 12754] [15.0] [cxt 0] Extracting header 'ethernet'
[15:14:37.933] [bmv2] [D] [thread 12754] [15.0] [cxt 0] Parser state 'start': key is 86dd
[15:14:37.933] [bmv2] [T] [thread 12754] [15.0] [cxt 0] Bytes parsed: 14
[15:14:37.933] [bmv2] [D] [thread 12754] [15.0] [cxt 0] Parser 'parser': end
[15:14:37.933] [bmv2] [D] [thread 12754] [15.0] [cxt 0] Pipeline 'ingress': start
[15:14:37.933] [bmv2] [T] [thread 12754] [15.0] [cxt 0] forward.p4(119) Condition "hdr.ipv4.isValid()" (node_2) is false
[15:14:37.933] [bmv2] [D] [thread 12754] [15.0] [cxt 0] Pipeline 'ingress': end
[15:14:37.933] [bmv2] [D] [thread 12754] [15.0] [cxt 0] Egress port is 0
[15:14:37.933] [bmv2] [D] [thread 12755] [15.0] [cxt 0] Pipeline 'egress': start
[15:14:37.933] [bmv2] [D] [thread 12755] [15.0] [cxt 0] Pipeline 'egress': end
[15:14:37.933] [bmv2] [D] [thread 12755] [15.0] [cxt 0] Deparser 'deparser': start
[15:14:37.933] [bmv2] [T] [thread 12755] [15.0] [cxt 0] Skipping checksum 'cksum' update because condition not met
[15:14:37.933] [bmv2] [D] [thread 12755] [15.0] [cxt 0] Deparsing header 'ethernet'
[15:14:37.933] [bmv2] [D] [thread 12755] [15.0] [cxt 0] Deparser 'deparser': end
[15:14:37.933] [bmv2] [D] [thread 12759] [15.0] [cxt 0] Transmitting packet of size 70 out of port 0
[15:14:38.189] [bmv2] [D] [thread 12754] [16.0] [cxt 0] Processing packet received on port 4
[15:14:38.189] [bmv2] [D] [thread 12754] [16.0] [cxt 0] Parser 'parser': start
[15:14:38.189] [bmv2] [D] [thread 12754] [16.0] [cxt 0] Parser 'parser' entering state 'start'
[15:14:38.189] [bmv2] [D] [thread 12754] [16.0] [cxt 0] Extracting header 'ethernet'
[15:14:38.189] [bmv2] [D] [thread 12754] [16.0] [cxt 0] Parser state 'start': key is 86dd
[15:14:38.189] [bmv2] [T] [thread 12754] [16.0] [cxt 0] Bytes parsed: 14
[15:14:38.189] [bmv2] [D] [thread 12754] [16.0] [cxt 0] Parser 'parser': end
[15:14:38.189] [bmv2] [D] [thread 12754] [16.0] [cxt 0] Pipeline 'ingress': start
[15:14:38.189] [bmv2] [T] [thread 12754] [16.0] [cxt 0] forward.p4(119) Condition "hdr.ipv4.isValid()" (node_2) is false
[15:14:38.189] [bmv2] [D] [thread 12754] [16.0] [cxt 0] Pipeline 'ingress': end
[15:14:38.189] [bmv2] [D] [thread 12754] [16.0] [cxt 0] Egress port is 0
[15:14:38.189] [bmv2] [D] [thread 12755] [16.0] [cxt 0] Pipeline 'egress': start
[15:14:38.189] [bmv2] [D] [thread 12755] [16.0] [cxt 0] Pipeline 'egress': end
[15:14:38.189] [bmv2] [D] [thread 12755] [16.0] [cxt 0] Deparser 'deparser': start
[15:14:38.189] [bmv2] [T] [thread 12755] [16.0] [cxt 0] Skipping checksum 'cksum' update because condition not met
[15:14:38.189] [bmv2] [D] [thread 12755] [16.0] [cxt 0] Deparsing header 'ethernet'
[15:14:38.189] [bmv2] [D] [thread 12755] [16.0] [cxt 0] Deparser 'deparser': end
[15:14:38.190] [bmv2] [D] [thread 12759] [16.0] [cxt 0] Transmitting packet of size 70 out of port 0
[15:14:38.701] [bmv2] [D] [thread 12754] [17.0] [cxt 0] Processing packet received on port 2
[15:14:38.701] [bmv2] [D] [thread 12754] [17.0] [cxt 0] Parser 'parser': start
[15:14:38.701] [bmv2] [D] [thread 12754] [17.0] [cxt 0] Parser 'parser' entering state 'start'
[15:14:38.701] [bmv2] [D] [thread 12754] [17.0] [cxt 0] Extracting header 'ethernet'
[15:14:38.701] [bmv2] [D] [thread 12754] [17.0] [cxt 0] Parser state 'start': key is 86dd
[15:14:38.701] [bmv2] [T] [thread 12754] [17.0] [cxt 0] Bytes parsed: 14
[15:14:38.701] [bmv2] [D] [thread 12754] [17.0] [cxt 0] Parser 'parser': end
[15:14:38.701] [bmv2] [D] [thread 12754] [17.0] [cxt 0] Pipeline 'ingress': start
[15:14:38.701] [bmv2] [T] [thread 12754] [17.0] [cxt 0] forward.p4(119) Condition "hdr.ipv4.isValid()" (node_2) is false
[15:14:38.701] [bmv2] [D] [thread 12754] [17.0] [cxt 0] Pipeline 'ingress': end
[15:14:38.701] [bmv2] [D] [thread 12754] [17.0] [cxt 0] Egress port is 0
[15:14:38.701] [bmv2] [D] [thread 12755] [17.0] [cxt 0] Pipeline 'egress': start
[15:14:38.701] [bmv2] [D] [thread 12755] [17.0] [cxt 0] Pipeline 'egress': end
[15:14:38.701] [bmv2] [D] [thread 12755] [17.0] [cxt 0] Deparser 'deparser': start
[15:14:38.701] [bmv2] [T] [thread 12755] [17.0] [cxt 0] Skipping checksum 'cksum' update because condition not met
[15:14:38.701] [bmv2] [D] [thread 12755] [17.0] [cxt 0] Deparsing header 'ethernet'
[15:14:38.701] [bmv2] [D] [thread 12755] [17.0] [cxt 0] Deparser 'deparser': end
[15:14:38.701] [bmv2] [D] [thread 12759] [17.0] [cxt 0] Transmitting packet of size 70 out of port 0
[15:14:41.519] [bmv2] [D] [thread 12754] [18.0] [cxt 0] Processing packet received on port 4
[15:14:41.519] [bmv2] [D] [thread 12754] [18.0] [cxt 0] Parser 'parser': start
[15:14:41.519] [bmv2] [D] [thread 12754] [18.0] [cxt 0] Parser 'parser' entering state 'start'
[15:14:41.519] [bmv2] [D] [thread 12754] [18.0] [cxt 0] Extracting header 'ethernet'
[15:14:41.519] [bmv2] [D] [thread 12754] [18.0] [cxt 0] Parser state 'start': key is 86dd
[15:14:41.519] [bmv2] [T] [thread 12754] [18.0] [cxt 0] Bytes parsed: 14
[15:14:41.519] [bmv2] [D] [thread 12754] [18.0] [cxt 0] Parser 'parser': end
[15:14:41.519] [bmv2] [D] [thread 12754] [18.0] [cxt 0] Pipeline 'ingress': start
[15:14:41.519] [bmv2] [T] [thread 12754] [18.0] [cxt 0] forward.p4(119) Condition "hdr.ipv4.isValid()" (node_2) is false
[15:14:41.519] [bmv2] [D] [thread 12754] [18.0] [cxt 0] Pipeline 'ingress': end
[15:14:41.519] [bmv2] [D] [thread 12754] [18.0] [cxt 0] Egress port is 0
[15:14:41.519] [bmv2] [D] [thread 12755] [18.0] [cxt 0] Pipeline 'egress': start
[15:14:41.519] [bmv2] [D] [thread 12755] [18.0] [cxt 0] Pipeline 'egress': end
[15:14:41.519] [bmv2] [D] [thread 12755] [18.0] [cxt 0] Deparser 'deparser': start
[15:14:41.519] [bmv2] [T] [thread 12755] [18.0] [cxt 0] Skipping checksum 'cksum' update because condition not met
[15:14:41.519] [bmv2] [D] [thread 12755] [18.0] [cxt 0] Deparsing header 'ethernet'
[15:14:41.519] [bmv2] [D] [thread 12755] [18.0] [cxt 0] Deparser 'deparser': end
[15:14:41.519] [bmv2] [D] [thread 12759] [18.0] [cxt 0] Transmitting packet of size 70 out of port 0
[15:14:43.565] [bmv2] [D] [thread 12754] [19.0] [cxt 0] Processing packet received on port 1
[15:14:43.565] [bmv2] [D] [thread 12754] [19.0] [cxt 0] Parser 'parser': start
[15:14:43.565] [bmv2] [D] [thread 12754] [19.0] [cxt 0] Parser 'parser' entering state 'start'
[15:14:43.565] [bmv2] [D] [thread 12754] [19.0] [cxt 0] Extracting header 'ethernet'
[15:14:43.566] [bmv2] [D] [thread 12754] [19.0] [cxt 0] Parser state 'start': key is 86dd
[15:14:43.566] [bmv2] [T] [thread 12754] [19.0] [cxt 0] Bytes parsed: 14
[15:14:43.566] [bmv2] [D] [thread 12754] [19.0] [cxt 0] Parser 'parser': end
[15:14:43.566] [bmv2] [D] [thread 12754] [19.0] [cxt 0] Pipeline 'ingress': start
[15:14:43.566] [bmv2] [T] [thread 12754] [19.0] [cxt 0] forward.p4(119) Condition "hdr.ipv4.isValid()" (node_2) is false
[15:14:43.566] [bmv2] [D] [thread 12754] [19.0] [cxt 0] Pipeline 'ingress': end
[15:14:43.566] [bmv2] [D] [thread 12754] [19.0] [cxt 0] Egress port is 0
[15:14:43.566] [bmv2] [D] [thread 12755] [19.0] [cxt 0] Pipeline 'egress': start
[15:14:43.566] [bmv2] [D] [thread 12755] [19.0] [cxt 0] Pipeline 'egress': end
[15:14:43.566] [bmv2] [D] [thread 12755] [19.0] [cxt 0] Deparser 'deparser': start
[15:14:43.566] [bmv2] [T] [thread 12755] [19.0] [cxt 0] Skipping checksum 'cksum' update because condition not met
[15:14:43.566] [bmv2] [D] [thread 12755] [19.0] [cxt 0] Deparsing header 'ethernet'
[15:14:43.566] [bmv2] [D] [thread 12755] [19.0] [cxt 0] Deparser 'deparser': end
[15:14:43.566] [bmv2] [D] [thread 12759] [19.0] [cxt 0] Transmitting packet of size 70 out of port 0
[15:15:08.142] [bmv2] [D] [thread 12754] [20.0] [cxt 0] Processing packet received on port 3
[15:15:08.142] [bmv2] [D] [thread 12754] [20.0] [cxt 0] Parser 'parser': start
[15:15:08.142] [bmv2] [D] [thread 12754] [20.0] [cxt 0] Parser 'parser' entering state 'start'
[15:15:08.142] [bmv2] [D] [thread 12754] [20.0] [cxt 0] Extracting header 'ethernet'
[15:15:08.142] [bmv2] [D] [thread 12754] [20.0] [cxt 0] Parser state 'start': key is 86dd
[15:15:08.142] [bmv2] [T] [thread 12754] [20.0] [cxt 0] Bytes parsed: 14
[15:15:08.142] [bmv2] [D] [thread 12754] [20.0] [cxt 0] Parser 'parser': end
[15:15:08.142] [bmv2] [D] [thread 12754] [20.0] [cxt 0] Pipeline 'ingress': start
[15:15:08.142] [bmv2] [T] [thread 12754] [20.0] [cxt 0] forward.p4(119) Condition "hdr.ipv4.isValid()" (node_2) is false
[15:15:08.142] [bmv2] [D] [thread 12754] [20.0] [cxt 0] Pipeline 'ingress': end
[15:15:08.142] [bmv2] [D] [thread 12754] [20.0] [cxt 0] Egress port is 0
[15:15:08.142] [bmv2] [D] [thread 12754] [21.0] [cxt 0] Processing packet received on port 4
[15:15:08.142] [bmv2] [D] [thread 12754] [21.0] [cxt 0] Parser 'parser': start
[15:15:08.142] [bmv2] [D] [thread 12754] [21.0] [cxt 0] Parser 'parser' entering state 'start'
[15:15:08.142] [bmv2] [D] [thread 12754] [21.0] [cxt 0] Extracting header 'ethernet'
[15:15:08.142] [bmv2] [D] [thread 12754] [21.0] [cxt 0] Parser state 'start': key is 86dd
[15:15:08.142] [bmv2] [T] [thread 12754] [21.0] [cxt 0] Bytes parsed: 14
[15:15:08.142] [bmv2] [D] [thread 12754] [21.0] [cxt 0] Parser 'parser': end
[15:15:08.142] [bmv2] [D] [thread 12754] [21.0] [cxt 0] Pipeline 'ingress': start
[15:15:08.142] [bmv2] [T] [thread 12754] [21.0] [cxt 0] forward.p4(119) Condition "hdr.ipv4.isValid()" (node_2) is false
[15:15:08.142] [bmv2] [D] [thread 12754] [21.0] [cxt 0] Pipeline 'ingress': end
[15:15:08.142] [bmv2] [D] [thread 12754] [21.0] [cxt 0] Egress port is 0
[15:15:08.142] [bmv2] [D] [thread 12755] [20.0] [cxt 0] Pipeline 'egress': start
[15:15:08.142] [bmv2] [D] [thread 12755] [20.0] [cxt 0] Pipeline 'egress': end
[15:15:08.142] [bmv2] [D] [thread 12755] [20.0] [cxt 0] Deparser 'deparser': start
[15:15:08.142] [bmv2] [T] [thread 12755] [20.0] [cxt 0] Skipping checksum 'cksum' update because condition not met
[15:15:08.142] [bmv2] [D] [thread 12755] [20.0] [cxt 0] Deparsing header 'ethernet'
[15:15:08.142] [bmv2] [D] [thread 12755] [20.0] [cxt 0] Deparser 'deparser': end
[15:15:08.142] [bmv2] [D] [thread 12755] [21.0] [cxt 0] Pipeline 'egress': start
[15:15:08.142] [bmv2] [D] [thread 12755] [21.0] [cxt 0] Pipeline 'egress': end
[15:15:08.142] [bmv2] [D] [thread 12755] [21.0] [cxt 0] Deparser 'deparser': start
[15:15:08.142] [bmv2] [T] [thread 12755] [21.0] [cxt 0] Skipping checksum 'cksum' update because condition not met
[15:15:08.142] [bmv2] [D] [thread 12755] [21.0] [cxt 0] Deparsing header 'ethernet'
[15:15:08.142] [bmv2] [D] [thread 12755] [21.0] [cxt 0] Deparser 'deparser': end
[15:15:08.142] [bmv2] [D] [thread 12759] [20.0] [cxt 0] Transmitting packet of size 70 out of port 0
[15:15:08.142] [bmv2] [D] [thread 12759] [21.0] [cxt 0] Transmitting packet of size 70 out of port 0
[15:15:10.189] [bmv2] [D] [thread 12754] [22.0] [cxt 0] Processing packet received on port 2
[15:15:10.189] [bmv2] [D] [thread 12754] [22.0] [cxt 0] Parser 'parser': start
[15:15:10.189] [bmv2] [D] [thread 12754] [22.0] [cxt 0] Parser 'parser' entering state 'start'
[15:15:10.189] [bmv2] [D] [thread 12754] [22.0] [cxt 0] Extracting header 'ethernet'
[15:15:10.189] [bmv2] [D] [thread 12754] [22.0] [cxt 0] Parser state 'start': key is 86dd
[15:15:10.189] [bmv2] [T] [thread 12754] [22.0] [cxt 0] Bytes parsed: 14
[15:15:10.189] [bmv2] [D] [thread 12754] [22.0] [cxt 0] Parser 'parser': end
[15:15:10.189] [bmv2] [D] [thread 12754] [22.0] [cxt 0] Pipeline 'ingress': start
[15:15:10.189] [bmv2] [T] [thread 12754] [22.0] [cxt 0] forward.p4(119) Condition "hdr.ipv4.isValid()" (node_2) is false
[15:15:10.189] [bmv2] [D] [thread 12754] [22.0] [cxt 0] Pipeline 'ingress': end
[15:15:10.189] [bmv2] [D] [thread 12754] [22.0] [cxt 0] Egress port is 0
[15:15:10.189] [bmv2] [D] [thread 12755] [22.0] [cxt 0] Pipeline 'egress': start
[15:15:10.189] [bmv2] [D] [thread 12755] [22.0] [cxt 0] Pipeline 'egress': end
[15:15:10.189] [bmv2] [D] [thread 12755] [22.0] [cxt 0] Deparser 'deparser': start
[15:15:10.189] [bmv2] [T] [thread 12755] [22.0] [cxt 0] Skipping checksum 'cksum' update because condition not met
[15:15:10.189] [bmv2] [D] [thread 12755] [22.0] [cxt 0] Deparsing header 'ethernet'
[15:15:10.189] [bmv2] [D] [thread 12755] [22.0] [cxt 0] Deparser 'deparser': end
[15:15:10.189] [bmv2] [D] [thread 12759] [22.0] [cxt 0] Transmitting packet of size 70 out of port 0
[15:15:10.191] [bmv2] [D] [thread 12754] [23.0] [cxt 0] Processing packet received on port 3
[15:15:10.191] [bmv2] [D] [thread 12754] [23.0] [cxt 0] Parser 'parser': start
[15:15:10.191] [bmv2] [D] [thread 12754] [23.0] [cxt 0] Parser 'parser' entering state 'start'
[15:15:10.191] [bmv2] [D] [thread 12754] [23.0] [cxt 0] Extracting header 'ethernet'
[15:15:10.191] [bmv2] [D] [thread 12754] [23.0] [cxt 0] Parser state 'start': key is 86dd
[15:15:10.191] [bmv2] [T] [thread 12754] [23.0] [cxt 0] Bytes parsed: 14
[15:15:10.191] [bmv2] [D] [thread 12754] [23.0] [cxt 0] Parser 'parser': end
[15:15:10.191] [bmv2] [D] [thread 12754] [23.0] [cxt 0] Pipeline 'ingress': start
[15:15:10.191] [bmv2] [T] [thread 12754] [23.0] [cxt 0] forward.p4(119) Condition "hdr.ipv4.isValid()" (node_2) is false
[15:15:10.191] [bmv2] [D] [thread 12754] [23.0] [cxt 0] Pipeline 'ingress': end
[15:15:10.191] [bmv2] [D] [thread 12754] [23.0] [cxt 0] Egress port is 0
[15:15:10.191] [bmv2] [D] [thread 12755] [23.0] [cxt 0] Pipeline 'egress': start
[15:15:10.191] [bmv2] [D] [thread 12755] [23.0] [cxt 0] Pipeline 'egress': end
[15:15:10.191] [bmv2] [D] [thread 12755] [23.0] [cxt 0] Deparser 'deparser': start
[15:15:10.191] [bmv2] [T] [thread 12755] [23.0] [cxt 0] Skipping checksum 'cksum' update because condition not met
[15:15:10.191] [bmv2] [D] [thread 12755] [23.0] [cxt 0] Deparsing header 'ethernet'
[15:15:10.191] [bmv2] [D] [thread 12755] [23.0] [cxt 0] Deparser 'deparser': end
[15:15:10.191] [bmv2] [D] [thread 12759] [23.0] [cxt 0] Transmitting packet of size 70 out of port 0
[15:15:18.381] [bmv2] [D] [thread 12754] [24.0] [cxt 0] Processing packet received on port 4
[15:15:18.381] [bmv2] [D] [thread 12754] [24.0] [cxt 0] Parser 'parser': start
[15:15:18.381] [bmv2] [D] [thread 12754] [24.0] [cxt 0] Parser 'parser' entering state 'start'
[15:15:18.381] [bmv2] [D] [thread 12754] [24.0] [cxt 0] Extracting header 'ethernet'
[15:15:18.381] [bmv2] [D] [thread 12754] [24.0] [cxt 0] Parser state 'start': key is 86dd
[15:15:18.381] [bmv2] [T] [thread 12754] [24.0] [cxt 0] Bytes parsed: 14
[15:15:18.382] [bmv2] [D] [thread 12754] [24.0] [cxt 0] Parser 'parser': end
[15:15:18.382] [bmv2] [D] [thread 12754] [24.0] [cxt 0] Pipeline 'ingress': start
[15:15:18.382] [bmv2] [T] [thread 12754] [24.0] [cxt 0] forward.p4(119) Condition "hdr.ipv4.isValid()" (node_2) is false
[15:15:18.382] [bmv2] [D] [thread 12754] [24.0] [cxt 0] Pipeline 'ingress': end
[15:15:18.382] [bmv2] [D] [thread 12754] [24.0] [cxt 0] Egress port is 0
[15:15:18.382] [bmv2] [D] [thread 12755] [24.0] [cxt 0] Pipeline 'egress': start
[15:15:18.382] [bmv2] [D] [thread 12755] [24.0] [cxt 0] Pipeline 'egress': end
[15:15:18.382] [bmv2] [D] [thread 12755] [24.0] [cxt 0] Deparser 'deparser': start
[15:15:18.382] [bmv2] [T] [thread 12755] [24.0] [cxt 0] Skipping checksum 'cksum' update because condition not met
[15:15:18.382] [bmv2] [D] [thread 12755] [24.0] [cxt 0] Deparsing header 'ethernet'
[15:15:18.382] [bmv2] [D] [thread 12755] [24.0] [cxt 0] Deparser 'deparser': end
[15:15:18.382] [bmv2] [D] [thread 12759] [24.0] [cxt 0] Transmitting packet of size 70 out of port 0
[15:15:22.481] [bmv2] [D] [thread 12754] [25.0] [cxt 0] Processing packet received on port 1
[15:15:22.481] [bmv2] [D] [thread 12754] [25.0] [cxt 0] Parser 'parser': start
[15:15:22.481] [bmv2] [D] [thread 12754] [25.0] [cxt 0] Parser 'parser' entering state 'start'
[15:15:22.481] [bmv2] [D] [thread 12754] [25.0] [cxt 0] Extracting header 'ethernet'
[15:15:22.481] [bmv2] [D] [thread 12754] [25.0] [cxt 0] Parser state 'start': key is 86dd
[15:15:22.481] [bmv2] [T] [thread 12754] [25.0] [cxt 0] Bytes parsed: 14
[15:15:22.481] [bmv2] [D] [thread 12754] [25.0] [cxt 0] Parser 'parser': end
[15:15:22.481] [bmv2] [D] [thread 12754] [25.0] [cxt 0] Pipeline 'ingress': start
[15:15:22.481] [bmv2] [T] [thread 12754] [25.0] [cxt 0] forward.p4(119) Condition "hdr.ipv4.isValid()" (node_2) is false
[15:15:22.481] [bmv2] [D] [thread 12754] [25.0] [cxt 0] Pipeline 'ingress': end
[15:15:22.481] [bmv2] [D] [thread 12754] [25.0] [cxt 0] Egress port is 0
[15:15:22.481] [bmv2] [D] [thread 12755] [25.0] [cxt 0] Pipeline 'egress': start
[15:15:22.481] [bmv2] [D] [thread 12755] [25.0] [cxt 0] Pipeline 'egress': end
[15:15:22.481] [bmv2] [D] [thread 12755] [25.0] [cxt 0] Deparser 'deparser': start
[15:15:22.481] [bmv2] [T] [thread 12755] [25.0] [cxt 0] Skipping checksum 'cksum' update because condition not met
[15:15:22.481] [bmv2] [D] [thread 12755] [25.0] [cxt 0] Deparsing header 'ethernet'
[15:15:22.481] [bmv2] [D] [thread 12755] [25.0] [cxt 0] Deparser 'deparser': end
[15:15:22.481] [bmv2] [D] [thread 12759] [25.0] [cxt 0] Transmitting packet of size 70 out of port 0
[15:16:07.384] [bmv2] [W] [thread 12883] [P4Runtime] p4::tmp::P4DeviceConfig is deprecated
[15:16:07.385] [bmv2] [D] [thread 12883] Set default default entry for table 'MyIngress.ipv4_lpm': MyIngress.send_to_cpu - 
[15:16:07.386] [bmv2] [D] [thread 12883] simple_switch target has been notified of a config swap
[15:16:09.582] [bmv2] [D] [thread 12754] [26.0] [cxt 0] Processing packet received on port 3
[15:16:09.582] [bmv2] [D] [thread 12754] [26.0] [cxt 0] Parser 'parser': start
[15:16:09.582] [bmv2] [D] [thread 12754] [26.0] [cxt 0] Parser 'parser' entering state 'start'
[15:16:09.582] [bmv2] [D] [thread 12754] [26.0] [cxt 0] Extracting header 'ethernet'
[15:16:09.583] [bmv2] [D] [thread 12754] [26.0] [cxt 0] Parser state 'start': key is 86dd
[15:16:09.583] [bmv2] [T] [thread 12754] [26.0] [cxt 0] Bytes parsed: 14
[15:16:09.583] [bmv2] [D] [thread 12754] [26.0] [cxt 0] Parser 'parser': end
[15:16:09.583] [bmv2] [D] [thread 12754] [26.0] [cxt 0] Pipeline 'ingress': start
[15:16:09.583] [bmv2] [T] [thread 12754] [26.0] [cxt 0] forward.p4(119) Condition "hdr.ipv4.isValid()" (node_2) is false
[15:16:09.583] [bmv2] [D] [thread 12754] [26.0] [cxt 0] Pipeline 'ingress': end
[15:16:09.583] [bmv2] [D] [thread 12754] [26.0] [cxt 0] Egress port is 0
[15:16:09.583] [bmv2] [D] [thread 12754] [27.0] [cxt 0] Processing packet received on port 4
[15:16:09.583] [bmv2] [D] [thread 12754] [27.0] [cxt 0] Parser 'parser': start
[15:16:09.583] [bmv2] [D] [thread 12754] [27.0] [cxt 0] Parser 'parser' entering state 'start'
[15:16:09.583] [bmv2] [D] [thread 12754] [27.0] [cxt 0] Extracting header 'ethernet'
[15:16:09.583] [bmv2] [D] [thread 12754] [27.0] [cxt 0] Parser state 'start': key is 86dd
[15:16:09.583] [bmv2] [T] [thread 12754] [27.0] [cxt 0] Bytes parsed: 14
[15:16:09.583] [bmv2] [D] [thread 12754] [27.0] [cxt 0] Parser 'parser': end
[15:16:09.583] [bmv2] [D] [thread 12754] [27.0] [cxt 0] Pipeline 'ingress': start
[15:16:09.583] [bmv2] [T] [thread 12754] [27.0] [cxt 0] forward.p4(119) Condition "hdr.ipv4.isValid()" (node_2) is false
[15:16:09.583] [bmv2] [D] [thread 12754] [27.0] [cxt 0] Pipeline 'ingress': end
[15:16:09.583] [bmv2] [D] [thread 12754] [27.0] [cxt 0] Egress port is 0
[15:16:09.583] [bmv2] [D] [thread 12755] [26.0] [cxt 0] Pipeline 'egress': start
[15:16:09.583] [bmv2] [D] [thread 12755] [26.0] [cxt 0] Pipeline 'egress': end
[15:16:09.583] [bmv2] [D] [thread 12755] [26.0] [cxt 0] Deparser 'deparser': start
[15:16:09.583] [bmv2] [T] [thread 12755] [26.0] [cxt 0] Skipping checksum 'cksum' update because condition not met
[15:16:09.583] [bmv2] [D] [thread 12755] [26.0] [cxt 0] Deparsing header 'ethernet'
[15:16:09.583] [bmv2] [D] [thread 12755] [26.0] [cxt 0] Deparser 'deparser': end
[15:16:09.583] [bmv2] [D] [thread 12755] [27.0] [cxt 0] Pipeline 'egress': start
[15:16:09.583] [bmv2] [D] [thread 12755] [27.0] [cxt 0] Pipeline 'egress': end
[15:16:09.583] [bmv2] [D] [thread 12755] [27.0] [cxt 0] Deparser 'deparser': start
[15:16:09.583] [bmv2] [T] [thread 12755] [27.0] [cxt 0] Skipping checksum 'cksum' update because condition not met
[15:16:09.583] [bmv2] [D] [thread 12755] [27.0] [cxt 0] Deparsing header 'ethernet'
[15:16:09.583] [bmv2] [D] [thread 12755] [27.0] [cxt 0] Deparser 'deparser': end
[15:16:09.583] [bmv2] [D] [thread 12759] [26.0] [cxt 0] Transmitting packet of size 70 out of port 0
[15:16:09.583] [bmv2] [D] [thread 12759] [27.0] [cxt 0] Transmitting packet of size 70 out of port 0
[15:16:11.630] [bmv2] [D] [thread 12754] [28.0] [cxt 0] Processing packet received on port 3
[15:16:11.630] [bmv2] [D] [thread 12754] [28.0] [cxt 0] Parser 'parser': start
[15:16:11.631] [bmv2] [D] [thread 12754] [28.0] [cxt 0] Parser 'parser' entering state 'start'
[15:16:11.631] [bmv2] [D] [thread 12754] [28.0] [cxt 0] Extracting header 'ethernet'
[15:16:11.631] [bmv2] [D] [thread 12754] [28.0] [cxt 0] Parser state 'start': key is 86dd
[15:16:11.631] [bmv2] [T] [thread 12754] [28.0] [cxt 0] Bytes parsed: 14
[15:16:11.631] [bmv2] [D] [thread 12754] [28.0] [cxt 0] Parser 'parser': end
[15:16:11.631] [bmv2] [D] [thread 12754] [28.0] [cxt 0] Pipeline 'ingress': start
[15:16:11.631] [bmv2] [T] [thread 12754] [28.0] [cxt 0] forward.p4(119) Condition "hdr.ipv4.isValid()" (node_2) is false
[15:16:11.631] [bmv2] [D] [thread 12754] [28.0] [cxt 0] Pipeline 'ingress': end
[15:16:11.631] [bmv2] [D] [thread 12754] [28.0] [cxt 0] Egress port is 0
[15:16:11.631] [bmv2] [D] [thread 12755] [28.0] [cxt 0] Pipeline 'egress': start
[15:16:11.631] [bmv2] [D] [thread 12755] [28.0] [cxt 0] Pipeline 'egress': end
[15:16:11.631] [bmv2] [D] [thread 12755] [28.0] [cxt 0] Deparser 'deparser': start
[15:16:11.631] [bmv2] [T] [thread 12755] [28.0] [cxt 0] Skipping checksum 'cksum' update because condition not met
[15:16:11.631] [bmv2] [D] [thread 12755] [28.0] [cxt 0] Deparsing header 'ethernet'
[15:16:11.631] [bmv2] [D] [thread 12755] [28.0] [cxt 0] Deparser 'deparser': end
[15:16:11.631] [bmv2] [D] [thread 12759] [28.0] [cxt 0] Transmitting packet of size 70 out of port 0
[15:16:13.678] [bmv2] [D] [thread 12754] [29.0] [cxt 0] Processing packet received on port 2
[15:16:13.678] [bmv2] [D] [thread 12754] [29.0] [cxt 0] Parser 'parser': start
[15:16:13.678] [bmv2] [D] [thread 12754] [29.0] [cxt 0] Parser 'parser' entering state 'start'
[15:16:13.678] [bmv2] [D] [thread 12754] [29.0] [cxt 0] Extracting header 'ethernet'
[15:16:13.678] [bmv2] [D] [thread 12754] [29.0] [cxt 0] Parser state 'start': key is 86dd
[15:16:13.678] [bmv2] [T] [thread 12754] [29.0] [cxt 0] Bytes parsed: 14
[15:16:13.678] [bmv2] [D] [thread 12754] [29.0] [cxt 0] Parser 'parser': end
[15:16:13.678] [bmv2] [D] [thread 12754] [29.0] [cxt 0] Pipeline 'ingress': start
[15:16:13.678] [bmv2] [T] [thread 12754] [29.0] [cxt 0] forward.p4(119) Condition "hdr.ipv4.isValid()" (node_2) is false
[15:16:13.678] [bmv2] [D] [thread 12754] [29.0] [cxt 0] Pipeline 'ingress': end
[15:16:13.678] [bmv2] [D] [thread 12754] [29.0] [cxt 0] Egress port is 0
[15:16:13.678] [bmv2] [D] [thread 12755] [29.0] [cxt 0] Pipeline 'egress': start
[15:16:13.678] [bmv2] [D] [thread 12755] [29.0] [cxt 0] Pipeline 'egress': end
[15:16:13.678] [bmv2] [D] [thread 12755] [29.0] [cxt 0] Deparser 'deparser': start
[15:16:13.678] [bmv2] [T] [thread 12755] [29.0] [cxt 0] Skipping checksum 'cksum' update because condition not met
[15:16:13.678] [bmv2] [D] [thread 12755] [29.0] [cxt 0] Deparsing header 'ethernet'
[15:16:13.678] [bmv2] [D] [thread 12755] [29.0] [cxt 0] Deparser 'deparser': end
[15:16:13.678] [bmv2] [D] [thread 12759] [29.0] [cxt 0] Transmitting packet of size 70 out of port 0
[15:16:32.109] [bmv2] [D] [thread 12754] [30.0] [cxt 0] Processing packet received on port 4
[15:16:32.109] [bmv2] [D] [thread 12754] [30.0] [cxt 0] Parser 'parser': start
[15:16:32.109] [bmv2] [D] [thread 12754] [30.0] [cxt 0] Parser 'parser' entering state 'start'
[15:16:32.109] [bmv2] [D] [thread 12754] [30.0] [cxt 0] Extracting header 'ethernet'
[15:16:32.109] [bmv2] [D] [thread 12754] [30.0] [cxt 0] Parser state 'start': key is 86dd
[15:16:32.109] [bmv2] [T] [thread 12754] [30.0] [cxt 0] Bytes parsed: 14
[15:16:32.109] [bmv2] [D] [thread 12754] [30.0] [cxt 0] Parser 'parser': end
[15:16:32.109] [bmv2] [D] [thread 12754] [30.0] [cxt 0] Pipeline 'ingress': start
[15:16:32.109] [bmv2] [T] [thread 12754] [30.0] [cxt 0] forward.p4(119) Condition "hdr.ipv4.isValid()" (node_2) is false
[15:16:32.109] [bmv2] [D] [thread 12754] [30.0] [cxt 0] Pipeline 'ingress': end
[15:16:32.110] [bmv2] [D] [thread 12754] [30.0] [cxt 0] Egress port is 0
[15:16:32.110] [bmv2] [D] [thread 12755] [30.0] [cxt 0] Pipeline 'egress': start
[15:16:32.110] [bmv2] [D] [thread 12755] [30.0] [cxt 0] Pipeline 'egress': end
[15:16:32.110] [bmv2] [D] [thread 12755] [30.0] [cxt 0] Deparser 'deparser': start
[15:16:32.110] [bmv2] [T] [thread 12755] [30.0] [cxt 0] Skipping checksum 'cksum' update because condition not met
[15:16:32.110] [bmv2] [D] [thread 12755] [30.0] [cxt 0] Deparsing header 'ethernet'
[15:16:32.110] [bmv2] [D] [thread 12755] [30.0] [cxt 0] Deparser 'deparser': end
[15:16:32.110] [bmv2] [D] [thread 12759] [30.0] [cxt 0] Transmitting packet of size 70 out of port 0
[15:16:38.253] [bmv2] [D] [thread 12754] [31.0] [cxt 0] Processing packet received on port 1
[15:16:38.253] [bmv2] [D] [thread 12754] [31.0] [cxt 0] Parser 'parser': start
[15:16:38.253] [bmv2] [D] [thread 12754] [31.0] [cxt 0] Parser 'parser' entering state 'start'
[15:16:38.253] [bmv2] [D] [thread 12754] [31.0] [cxt 0] Extracting header 'ethernet'
[15:16:38.253] [bmv2] [D] [thread 12754] [31.0] [cxt 0] Parser state 'start': key is 86dd
[15:16:38.253] [bmv2] [T] [thread 12754] [31.0] [cxt 0] Bytes parsed: 14
[15:16:38.253] [bmv2] [D] [thread 12754] [31.0] [cxt 0] Parser 'parser': end
[15:16:38.253] [bmv2] [D] [thread 12754] [31.0] [cxt 0] Pipeline 'ingress': start
[15:16:38.253] [bmv2] [T] [thread 12754] [31.0] [cxt 0] forward.p4(119) Condition "hdr.ipv4.isValid()" (node_2) is false
[15:16:38.253] [bmv2] [D] [thread 12754] [31.0] [cxt 0] Pipeline 'ingress': end
[15:16:38.253] [bmv2] [D] [thread 12754] [31.0] [cxt 0] Egress port is 0
[15:16:38.253] [bmv2] [D] [thread 12755] [31.0] [cxt 0] Pipeline 'egress': start
[15:16:38.253] [bmv2] [D] [thread 12755] [31.0] [cxt 0] Pipeline 'egress': end
[15:16:38.253] [bmv2] [D] [thread 12755] [31.0] [cxt 0] Deparser 'deparser': start
[15:16:38.253] [bmv2] [T] [thread 12755] [31.0] [cxt 0] Skipping checksum 'cksum' update because condition not met
[15:16:38.253] [bmv2] [D] [thread 12755] [31.0] [cxt 0] Deparsing header 'ethernet'
[15:16:38.253] [bmv2] [D] [thread 12755] [31.0] [cxt 0] Deparser 'deparser': end
[15:16:38.253] [bmv2] [D] [thread 12759] [31.0] [cxt 0] Transmitting packet of size 70 out of port 0
open: No such file or directory
open: No such file or directory
open: No such file or directory
open: No such file or directory
open: No such file or directory
open: No such file or directory
open: No such file or directory
open: No such file or directory
open: No such file or directory
open: No such file or directory
