Calling target program-options parser
[01:58:31.541] [bmv2] [D] [thread 21984] Set default default entry for table 'tbl_broadcast': MyIngress.broadcast - 
[01:58:31.541] [bmv2] [D] [thread 21984] Set default default entry for table 'MyIngress.ipv4_lpm': MyIngress.send_to_cpu - 
Adding interface s4-eth1 as port 1
[01:58:31.541] [bmv2] [D] [thread 21984] Adding interface s4-eth1 as port 1
Adding interface s4-eth2 as port 2
[01:58:31.576] [bmv2] [D] [thread 21984] Adding interface s4-eth2 as port 2
Adding interface s4-eth3 as port 3
[01:58:31.616] [bmv2] [D] [thread 21984] Adding interface s4-eth3 as port 3
Adding interface s4-eth4 as port 4
[01:58:31.647] [bmv2] [D] [thread 21984] Adding interface s4-eth4 as port 4
Server listening on 0.0.0.0:50054
[01:58:31.689] [bmv2] [I] [thread 21984] Starting Thrift server on port 9093
[01:58:31.690] [bmv2] [I] [thread 21984] Thrift server was started
[01:58:31.780] [bmv2] [D] [thread 21994] [0.0] [cxt 0] Processing packet received on port 3
[01:58:31.780] [bmv2] [D] [thread 21994] [0.0] [cxt 0] Parser 'parser': start
[01:58:31.780] [bmv2] [D] [thread 21994] [0.0] [cxt 0] Parser 'parser' entering state 'start'
[01:58:31.780] [bmv2] [D] [thread 21994] [0.0] [cxt 0] Extracting header 'ethernet'
[01:58:31.780] [bmv2] [D] [thread 21994] [0.0] [cxt 0] Parser state 'start': key is 86dd
[01:58:31.780] [bmv2] [T] [thread 21994] [0.0] [cxt 0] Bytes parsed: 14
[01:58:31.780] [bmv2] [D] [thread 21994] [0.0] [cxt 0] Parser 'parser': end
[01:58:31.780] [bmv2] [D] [thread 21994] [0.0] [cxt 0] Pipeline 'ingress': start
[01:58:31.780] [bmv2] [T] [thread 21994] [0.0] [cxt 0] forward.p4(146) Condition "hdr.arp.isValid()" (node_2) is false
[01:58:31.780] [bmv2] [T] [thread 21994] [0.0] [cxt 0] forward.p4(149) Condition "hdr.ipv4.isValid()" (node_4) is false
[01:58:31.780] [bmv2] [D] [thread 21994] [0.0] [cxt 0] Pipeline 'ingress': end
[01:58:31.780] [bmv2] [D] [thread 21994] [0.0] [cxt 0] Egress port is 0
[01:58:31.780] [bmv2] [D] [thread 21995] [0.0] [cxt 0] Pipeline 'egress': start
[01:58:31.780] [bmv2] [D] [thread 21995] [0.0] [cxt 0] Pipeline 'egress': end
[01:58:31.780] [bmv2] [D] [thread 21995] [0.0] [cxt 0] Deparser 'deparser': start
[01:58:31.780] [bmv2] [T] [thread 21995] [0.0] [cxt 0] Skipping checksum 'cksum' update because condition not met
[01:58:31.780] [bmv2] [D] [thread 21995] [0.0] [cxt 0] Deparsing header 'ethernet'
[01:58:31.780] [bmv2] [D] [thread 21995] [0.0] [cxt 0] Deparser 'deparser': end
[01:58:31.781] [bmv2] [D] [thread 21999] [0.0] [cxt 0] Transmitting packet of size 90 out of port 0
[01:58:31.907] [bmv2] [D] [thread 21994] [1.0] [cxt 0] Processing packet received on port 4
[01:58:31.907] [bmv2] [D] [thread 21994] [1.0] [cxt 0] Parser 'parser': start
[01:58:31.907] [bmv2] [D] [thread 21994] [1.0] [cxt 0] Parser 'parser' entering state 'start'
[01:58:31.907] [bmv2] [D] [thread 21994] [1.0] [cxt 0] Extracting header 'ethernet'
[01:58:31.907] [bmv2] [D] [thread 21994] [1.0] [cxt 0] Parser state 'start': key is 86dd
[01:58:31.907] [bmv2] [T] [thread 21994] [1.0] [cxt 0] Bytes parsed: 14
[01:58:31.907] [bmv2] [D] [thread 21994] [1.0] [cxt 0] Parser 'parser': end
[01:58:31.908] [bmv2] [D] [thread 21994] [1.0] [cxt 0] Pipeline 'ingress': start
[01:58:31.908] [bmv2] [T] [thread 21994] [1.0] [cxt 0] forward.p4(146) Condition "hdr.arp.isValid()" (node_2) is false
[01:58:31.908] [bmv2] [T] [thread 21994] [1.0] [cxt 0] forward.p4(149) Condition "hdr.ipv4.isValid()" (node_4) is false
[01:58:31.908] [bmv2] [D] [thread 21994] [1.0] [cxt 0] Pipeline 'ingress': end
[01:58:31.908] [bmv2] [D] [thread 21994] [1.0] [cxt 0] Egress port is 0
[01:58:31.908] [bmv2] [D] [thread 21995] [1.0] [cxt 0] Pipeline 'egress': start
[01:58:31.908] [bmv2] [D] [thread 21995] [1.0] [cxt 0] Pipeline 'egress': end
[01:58:31.908] [bmv2] [D] [thread 21995] [1.0] [cxt 0] Deparser 'deparser': start
[01:58:31.908] [bmv2] [T] [thread 21995] [1.0] [cxt 0] Skipping checksum 'cksum' update because condition not met
[01:58:31.908] [bmv2] [D] [thread 21995] [1.0] [cxt 0] Deparsing header 'ethernet'
[01:58:31.908] [bmv2] [D] [thread 21995] [1.0] [cxt 0] Deparser 'deparser': end
[01:58:31.908] [bmv2] [D] [thread 21999] [1.0] [cxt 0] Transmitting packet of size 90 out of port 0
[01:58:34.650] [bmv2] [D] [thread 21994] [2.0] [cxt 0] Processing packet received on port 1
[01:58:34.650] [bmv2] [D] [thread 21994] [2.0] [cxt 0] Parser 'parser': start
[01:58:34.650] [bmv2] [D] [thread 21994] [2.0] [cxt 0] Parser 'parser' entering state 'start'
[01:58:34.650] [bmv2] [D] [thread 21994] [2.0] [cxt 0] Extracting header 'ethernet'
[01:58:34.650] [bmv2] [D] [thread 21994] [2.0] [cxt 0] Parser state 'start': key is 86dd
[01:58:34.651] [bmv2] [T] [thread 21994] [2.0] [cxt 0] Bytes parsed: 14
[01:58:34.651] [bmv2] [D] [thread 21994] [2.0] [cxt 0] Parser 'parser': end
[01:58:34.651] [bmv2] [D] [thread 21994] [2.0] [cxt 0] Pipeline 'ingress': start
[01:58:34.651] [bmv2] [T] [thread 21994] [2.0] [cxt 0] forward.p4(146) Condition "hdr.arp.isValid()" (node_2) is false
[01:58:34.651] [bmv2] [T] [thread 21994] [2.0] [cxt 0] forward.p4(149) Condition "hdr.ipv4.isValid()" (node_4) is false
[01:58:34.651] [bmv2] [D] [thread 21994] [2.0] [cxt 0] Pipeline 'ingress': end
[01:58:34.651] [bmv2] [D] [thread 21994] [2.0] [cxt 0] Egress port is 0
[01:58:34.651] [bmv2] [D] [thread 21995] [2.0] [cxt 0] Pipeline 'egress': start
[01:58:34.651] [bmv2] [D] [thread 21995] [2.0] [cxt 0] Pipeline 'egress': end
[01:58:34.651] [bmv2] [D] [thread 21995] [2.0] [cxt 0] Deparser 'deparser': start
[01:58:34.651] [bmv2] [T] [thread 21995] [2.0] [cxt 0] Skipping checksum 'cksum' update because condition not met
[01:58:34.651] [bmv2] [D] [thread 21995] [2.0] [cxt 0] Deparsing header 'ethernet'
[01:58:34.651] [bmv2] [D] [thread 21995] [2.0] [cxt 0] Deparser 'deparser': end
[01:58:34.652] [bmv2] [D] [thread 21999] [2.0] [cxt 0] Transmitting packet of size 70 out of port 0
[01:58:34.885] [bmv2] [D] [thread 21994] [3.0] [cxt 0] Processing packet received on port 2
[01:58:34.885] [bmv2] [D] [thread 21994] [3.0] [cxt 0] Parser 'parser': start
[01:58:34.885] [bmv2] [D] [thread 21994] [3.0] [cxt 0] Parser 'parser' entering state 'start'
[01:58:34.885] [bmv2] [D] [thread 21994] [3.0] [cxt 0] Extracting header 'ethernet'
[01:58:34.885] [bmv2] [D] [thread 21994] [3.0] [cxt 0] Parser state 'start': key is 86dd
[01:58:34.885] [bmv2] [T] [thread 21994] [3.0] [cxt 0] Bytes parsed: 14
[01:58:34.885] [bmv2] [D] [thread 21994] [3.0] [cxt 0] Parser 'parser': end
[01:58:34.885] [bmv2] [D] [thread 21994] [3.0] [cxt 0] Pipeline 'ingress': start
[01:58:34.885] [bmv2] [T] [thread 21994] [3.0] [cxt 0] forward.p4(146) Condition "hdr.arp.isValid()" (node_2) is false
[01:58:34.885] [bmv2] [T] [thread 21994] [3.0] [cxt 0] forward.p4(149) Condition "hdr.ipv4.isValid()" (node_4) is false
[01:58:34.885] [bmv2] [D] [thread 21994] [3.0] [cxt 0] Pipeline 'ingress': end
[01:58:34.886] [bmv2] [D] [thread 21994] [3.0] [cxt 0] Egress port is 0
[01:58:34.886] [bmv2] [D] [thread 21995] [3.0] [cxt 0] Pipeline 'egress': start
[01:58:34.886] [bmv2] [D] [thread 21995] [3.0] [cxt 0] Pipeline 'egress': end
[01:58:34.886] [bmv2] [D] [thread 21995] [3.0] [cxt 0] Deparser 'deparser': start
[01:58:34.886] [bmv2] [T] [thread 21995] [3.0] [cxt 0] Skipping checksum 'cksum' update because condition not met
[01:58:34.886] [bmv2] [D] [thread 21995] [3.0] [cxt 0] Deparsing header 'ethernet'
[01:58:34.886] [bmv2] [D] [thread 21995] [3.0] [cxt 0] Deparser 'deparser': end
[01:58:34.886] [bmv2] [D] [thread 21994] [4.0] [cxt 0] Processing packet received on port 3
[01:58:34.886] [bmv2] [D] [thread 21994] [4.0] [cxt 0] Parser 'parser': start
[01:58:34.886] [bmv2] [D] [thread 21994] [4.0] [cxt 0] Parser 'parser' entering state 'start'
[01:58:34.886] [bmv2] [D] [thread 21994] [4.0] [cxt 0] Extracting header 'ethernet'
[01:58:34.886] [bmv2] [D] [thread 21999] [3.0] [cxt 0] Transmitting packet of size 70 out of port 0
[01:58:34.886] [bmv2] [D] [thread 21994] [4.0] [cxt 0] Parser state 'start': key is 86dd
[01:58:34.886] [bmv2] [T] [thread 21994] [4.0] [cxt 0] Bytes parsed: 14
[01:58:34.886] [bmv2] [D] [thread 21994] [4.0] [cxt 0] Parser 'parser': end
[01:58:34.886] [bmv2] [D] [thread 21994] [4.0] [cxt 0] Pipeline 'ingress': start
[01:58:34.886] [bmv2] [T] [thread 21994] [4.0] [cxt 0] forward.p4(146) Condition "hdr.arp.isValid()" (node_2) is false
[01:58:34.886] [bmv2] [T] [thread 21994] [4.0] [cxt 0] forward.p4(149) Condition "hdr.ipv4.isValid()" (node_4) is false
[01:58:34.886] [bmv2] [D] [thread 21994] [4.0] [cxt 0] Pipeline 'ingress': end
[01:58:34.886] [bmv2] [D] [thread 21994] [4.0] [cxt 0] Egress port is 0
[01:58:34.886] [bmv2] [D] [thread 21995] [4.0] [cxt 0] Pipeline 'egress': start
[01:58:34.886] [bmv2] [D] [thread 21995] [4.0] [cxt 0] Pipeline 'egress': end
[01:58:34.886] [bmv2] [D] [thread 21995] [4.0] [cxt 0] Deparser 'deparser': start
[01:58:34.886] [bmv2] [T] [thread 21995] [4.0] [cxt 0] Skipping checksum 'cksum' update because condition not met
[01:58:34.886] [bmv2] [D] [thread 21995] [4.0] [cxt 0] Deparsing header 'ethernet'
[01:58:34.886] [bmv2] [D] [thread 21995] [4.0] [cxt 0] Deparser 'deparser': end
[01:58:34.886] [bmv2] [D] [thread 21999] [4.0] [cxt 0] Transmitting packet of size 70 out of port 0
[01:58:35.140] [bmv2] [D] [thread 21994] [5.0] [cxt 0] Processing packet received on port 3
[01:58:35.140] [bmv2] [D] [thread 21994] [5.0] [cxt 0] Parser 'parser': start
[01:58:35.140] [bmv2] [D] [thread 21994] [5.0] [cxt 0] Parser 'parser' entering state 'start'
[01:58:35.140] [bmv2] [D] [thread 21994] [5.0] [cxt 0] Extracting header 'ethernet'
[01:58:35.140] [bmv2] [D] [thread 21994] [5.0] [cxt 0] Parser state 'start': key is 86dd
[01:58:35.140] [bmv2] [T] [thread 21994] [5.0] [cxt 0] Bytes parsed: 14
[01:58:35.140] [bmv2] [D] [thread 21994] [5.0] [cxt 0] Parser 'parser': end
[01:58:35.140] [bmv2] [D] [thread 21994] [5.0] [cxt 0] Pipeline 'ingress': start
[01:58:35.140] [bmv2] [T] [thread 21994] [5.0] [cxt 0] forward.p4(146) Condition "hdr.arp.isValid()" (node_2) is false
[01:58:35.140] [bmv2] [T] [thread 21994] [5.0] [cxt 0] forward.p4(149) Condition "hdr.ipv4.isValid()" (node_4) is false
[01:58:35.140] [bmv2] [D] [thread 21994] [5.0] [cxt 0] Pipeline 'ingress': end
[01:58:35.140] [bmv2] [D] [thread 21994] [5.0] [cxt 0] Egress port is 0
[01:58:35.140] [bmv2] [D] [thread 21995] [5.0] [cxt 0] Pipeline 'egress': start
[01:58:35.140] [bmv2] [D] [thread 21995] [5.0] [cxt 0] Pipeline 'egress': end
[01:58:35.140] [bmv2] [D] [thread 21995] [5.0] [cxt 0] Deparser 'deparser': start
[01:58:35.140] [bmv2] [T] [thread 21995] [5.0] [cxt 0] Skipping checksum 'cksum' update because condition not met
[01:58:35.140] [bmv2] [D] [thread 21995] [5.0] [cxt 0] Deparsing header 'ethernet'
[01:58:35.140] [bmv2] [D] [thread 21995] [5.0] [cxt 0] Deparser 'deparser': end
[01:58:35.140] [bmv2] [D] [thread 21999] [5.0] [cxt 0] Transmitting packet of size 70 out of port 0
[01:58:35.143] [bmv2] [D] [thread 21994] [6.0] [cxt 0] Processing packet received on port 4
[01:58:35.143] [bmv2] [D] [thread 21994] [6.0] [cxt 0] Parser 'parser': start
[01:58:35.143] [bmv2] [D] [thread 21994] [6.0] [cxt 0] Parser 'parser' entering state 'start'
[01:58:35.143] [bmv2] [D] [thread 21994] [6.0] [cxt 0] Extracting header 'ethernet'
[01:58:35.143] [bmv2] [D] [thread 21994] [6.0] [cxt 0] Parser state 'start': key is 86dd
[01:58:35.143] [bmv2] [T] [thread 21994] [6.0] [cxt 0] Bytes parsed: 14
[01:58:35.143] [bmv2] [D] [thread 21994] [6.0] [cxt 0] Parser 'parser': end
[01:58:35.143] [bmv2] [D] [thread 21994] [6.0] [cxt 0] Pipeline 'ingress': start
[01:58:35.143] [bmv2] [T] [thread 21994] [6.0] [cxt 0] forward.p4(146) Condition "hdr.arp.isValid()" (node_2) is false
[01:58:35.143] [bmv2] [T] [thread 21994] [6.0] [cxt 0] forward.p4(149) Condition "hdr.ipv4.isValid()" (node_4) is false
[01:58:35.143] [bmv2] [D] [thread 21994] [6.0] [cxt 0] Pipeline 'ingress': end
[01:58:35.143] [bmv2] [D] [thread 21994] [6.0] [cxt 0] Egress port is 0
[01:58:35.143] [bmv2] [D] [thread 21995] [6.0] [cxt 0] Pipeline 'egress': start
[01:58:35.143] [bmv2] [D] [thread 21995] [6.0] [cxt 0] Pipeline 'egress': end
[01:58:35.143] [bmv2] [D] [thread 21995] [6.0] [cxt 0] Deparser 'deparser': start
[01:58:35.143] [bmv2] [T] [thread 21995] [6.0] [cxt 0] Skipping checksum 'cksum' update because condition not met
[01:58:35.144] [bmv2] [D] [thread 21995] [6.0] [cxt 0] Deparsing header 'ethernet'
[01:58:35.144] [bmv2] [D] [thread 21995] [6.0] [cxt 0] Deparser 'deparser': end
[01:58:35.144] [bmv2] [D] [thread 21999] [6.0] [cxt 0] Transmitting packet of size 70 out of port 0
[01:58:35.396] [bmv2] [D] [thread 21994] [7.0] [cxt 0] Processing packet received on port 4
[01:58:35.396] [bmv2] [D] [thread 21994] [7.0] [cxt 0] Parser 'parser': start
[01:58:35.396] [bmv2] [D] [thread 21994] [7.0] [cxt 0] Parser 'parser' entering state 'start'
[01:58:35.396] [bmv2] [D] [thread 21994] [7.0] [cxt 0] Extracting header 'ethernet'
[01:58:35.396] [bmv2] [D] [thread 21994] [7.0] [cxt 0] Parser state 'start': key is 86dd
[01:58:35.396] [bmv2] [T] [thread 21994] [7.0] [cxt 0] Bytes parsed: 14
[01:58:35.396] [bmv2] [D] [thread 21994] [7.0] [cxt 0] Parser 'parser': end
[01:58:35.397] [bmv2] [D] [thread 21994] [7.0] [cxt 0] Pipeline 'ingress': start
[01:58:35.397] [bmv2] [T] [thread 21994] [7.0] [cxt 0] forward.p4(146) Condition "hdr.arp.isValid()" (node_2) is false
[01:58:35.397] [bmv2] [T] [thread 21994] [7.0] [cxt 0] forward.p4(149) Condition "hdr.ipv4.isValid()" (node_4) is false
[01:58:35.397] [bmv2] [D] [thread 21994] [7.0] [cxt 0] Pipeline 'ingress': end
[01:58:35.397] [bmv2] [D] [thread 21994] [7.0] [cxt 0] Egress port is 0
[01:58:35.397] [bmv2] [D] [thread 21995] [7.0] [cxt 0] Pipeline 'egress': start
[01:58:35.397] [bmv2] [D] [thread 21995] [7.0] [cxt 0] Pipeline 'egress': end
[01:58:35.397] [bmv2] [D] [thread 21995] [7.0] [cxt 0] Deparser 'deparser': start
[01:58:35.397] [bmv2] [T] [thread 21995] [7.0] [cxt 0] Skipping checksum 'cksum' update because condition not met
[01:58:35.397] [bmv2] [D] [thread 21995] [7.0] [cxt 0] Deparsing header 'ethernet'
[01:58:35.397] [bmv2] [D] [thread 21995] [7.0] [cxt 0] Deparser 'deparser': end
[01:58:35.397] [bmv2] [D] [thread 21999] [7.0] [cxt 0] Transmitting packet of size 70 out of port 0
[01:58:42.565] [bmv2] [D] [thread 21994] [8.0] [cxt 0] Processing packet received on port 3
[01:58:42.565] [bmv2] [D] [thread 21994] [8.0] [cxt 0] Parser 'parser': start
[01:58:42.565] [bmv2] [D] [thread 21994] [8.0] [cxt 0] Parser 'parser' entering state 'start'
[01:58:42.565] [bmv2] [D] [thread 21994] [8.0] [cxt 0] Extracting header 'ethernet'
[01:58:42.565] [bmv2] [D] [thread 21994] [8.0] [cxt 0] Parser state 'start': key is 86dd
[01:58:42.565] [bmv2] [T] [thread 21994] [8.0] [cxt 0] Bytes parsed: 14
[01:58:42.565] [bmv2] [D] [thread 21994] [8.0] [cxt 0] Parser 'parser': end
[01:58:42.565] [bmv2] [D] [thread 21994] [8.0] [cxt 0] Pipeline 'ingress': start
[01:58:42.565] [bmv2] [T] [thread 21994] [8.0] [cxt 0] forward.p4(146) Condition "hdr.arp.isValid()" (node_2) is false
[01:58:42.565] [bmv2] [T] [thread 21994] [8.0] [cxt 0] forward.p4(149) Condition "hdr.ipv4.isValid()" (node_4) is false
[01:58:42.565] [bmv2] [D] [thread 21994] [8.0] [cxt 0] Pipeline 'ingress': end
[01:58:42.565] [bmv2] [D] [thread 21994] [8.0] [cxt 0] Egress port is 0
[01:58:42.565] [bmv2] [D] [thread 21995] [8.0] [cxt 0] Pipeline 'egress': start
[01:58:42.565] [bmv2] [D] [thread 21995] [8.0] [cxt 0] Pipeline 'egress': end
[01:58:42.565] [bmv2] [D] [thread 21995] [8.0] [cxt 0] Deparser 'deparser': start
[01:58:42.565] [bmv2] [T] [thread 21995] [8.0] [cxt 0] Skipping checksum 'cksum' update because condition not met
[01:58:42.565] [bmv2] [D] [thread 21995] [8.0] [cxt 0] Deparsing header 'ethernet'
[01:58:42.565] [bmv2] [D] [thread 21995] [8.0] [cxt 0] Deparser 'deparser': end
[01:58:42.565] [bmv2] [D] [thread 21999] [8.0] [cxt 0] Transmitting packet of size 70 out of port 0
[01:58:42.821] [bmv2] [D] [thread 21994] [9.0] [cxt 0] Processing packet received on port 1
[01:58:42.821] [bmv2] [D] [thread 21994] [9.0] [cxt 0] Parser 'parser': start
[01:58:42.821] [bmv2] [D] [thread 21994] [9.0] [cxt 0] Parser 'parser' entering state 'start'
[01:58:42.821] [bmv2] [D] [thread 21994] [9.0] [cxt 0] Extracting header 'ethernet'
[01:58:42.821] [bmv2] [D] [thread 21994] [9.0] [cxt 0] Parser state 'start': key is 86dd
[01:58:42.821] [bmv2] [T] [thread 21994] [9.0] [cxt 0] Bytes parsed: 14
[01:58:42.821] [bmv2] [D] [thread 21994] [9.0] [cxt 0] Parser 'parser': end
[01:58:42.821] [bmv2] [D] [thread 21994] [9.0] [cxt 0] Pipeline 'ingress': start
[01:58:42.821] [bmv2] [T] [thread 21994] [9.0] [cxt 0] forward.p4(146) Condition "hdr.arp.isValid()" (node_2) is false
[01:58:42.821] [bmv2] [T] [thread 21994] [9.0] [cxt 0] forward.p4(149) Condition "hdr.ipv4.isValid()" (node_4) is false
[01:58:42.821] [bmv2] [D] [thread 21994] [9.0] [cxt 0] Pipeline 'ingress': end
[01:58:42.821] [bmv2] [D] [thread 21994] [9.0] [cxt 0] Egress port is 0
[01:58:42.821] [bmv2] [D] [thread 21995] [9.0] [cxt 0] Pipeline 'egress': start
[01:58:42.821] [bmv2] [D] [thread 21995] [9.0] [cxt 0] Pipeline 'egress': end
[01:58:42.821] [bmv2] [D] [thread 21995] [9.0] [cxt 0] Deparser 'deparser': start
[01:58:42.821] [bmv2] [T] [thread 21995] [9.0] [cxt 0] Skipping checksum 'cksum' update because condition not met
[01:58:42.821] [bmv2] [D] [thread 21995] [9.0] [cxt 0] Deparsing header 'ethernet'
[01:58:42.821] [bmv2] [D] [thread 21995] [9.0] [cxt 0] Deparser 'deparser': end
[01:58:42.822] [bmv2] [D] [thread 21994] [10.0] [cxt 0] Processing packet received on port 4
[01:58:42.822] [bmv2] [D] [thread 21994] [10.0] [cxt 0] Parser 'parser': start
[01:58:42.822] [bmv2] [D] [thread 21994] [10.0] [cxt 0] Parser 'parser' entering state 'start'
[01:58:42.822] [bmv2] [D] [thread 21994] [10.0] [cxt 0] Extracting header 'ethernet'
[01:58:42.822] [bmv2] [D] [thread 21999] [9.0] [cxt 0] Transmitting packet of size 70 out of port 0
[01:58:42.822] [bmv2] [D] [thread 21994] [10.0] [cxt 0] Parser state 'start': key is 86dd
[01:58:42.822] [bmv2] [T] [thread 21994] [10.0] [cxt 0] Bytes parsed: 14
[01:58:42.822] [bmv2] [D] [thread 21994] [10.0] [cxt 0] Parser 'parser': end
[01:58:42.822] [bmv2] [D] [thread 21994] [10.0] [cxt 0] Pipeline 'ingress': start
[01:58:42.822] [bmv2] [T] [thread 21994] [10.0] [cxt 0] forward.p4(146) Condition "hdr.arp.isValid()" (node_2) is false
[01:58:42.822] [bmv2] [T] [thread 21994] [10.0] [cxt 0] forward.p4(149) Condition "hdr.ipv4.isValid()" (node_4) is false
[01:58:42.822] [bmv2] [D] [thread 21994] [10.0] [cxt 0] Pipeline 'ingress': end
[01:58:42.822] [bmv2] [D] [thread 21994] [10.0] [cxt 0] Egress port is 0
[01:58:42.822] [bmv2] [D] [thread 21995] [10.0] [cxt 0] Pipeline 'egress': start
[01:58:42.822] [bmv2] [D] [thread 21995] [10.0] [cxt 0] Pipeline 'egress': end
[01:58:42.822] [bmv2] [D] [thread 21995] [10.0] [cxt 0] Deparser 'deparser': start
[01:58:42.822] [bmv2] [T] [thread 21995] [10.0] [cxt 0] Skipping checksum 'cksum' update because condition not met
[01:58:42.822] [bmv2] [D] [thread 21995] [10.0] [cxt 0] Deparsing header 'ethernet'
[01:58:42.822] [bmv2] [D] [thread 21995] [10.0] [cxt 0] Deparser 'deparser': end
[01:58:42.822] [bmv2] [D] [thread 21999] [10.0] [cxt 0] Transmitting packet of size 70 out of port 0
[01:58:43.588] [bmv2] [D] [thread 21994] [11.0] [cxt 0] Processing packet received on port 3
[01:58:43.588] [bmv2] [D] [thread 21994] [11.0] [cxt 0] Parser 'parser': start
[01:58:43.588] [bmv2] [D] [thread 21994] [11.0] [cxt 0] Parser 'parser' entering state 'start'
[01:58:43.588] [bmv2] [D] [thread 21994] [11.0] [cxt 0] Extracting header 'ethernet'
[01:58:43.588] [bmv2] [D] [thread 21994] [11.0] [cxt 0] Parser state 'start': key is 86dd
[01:58:43.588] [bmv2] [T] [thread 21994] [11.0] [cxt 0] Bytes parsed: 14
[01:58:43.588] [bmv2] [D] [thread 21994] [11.0] [cxt 0] Parser 'parser': end
[01:58:43.588] [bmv2] [D] [thread 21994] [11.0] [cxt 0] Pipeline 'ingress': start
[01:58:43.588] [bmv2] [T] [thread 21994] [11.0] [cxt 0] forward.p4(146) Condition "hdr.arp.isValid()" (node_2) is false
[01:58:43.588] [bmv2] [T] [thread 21994] [11.0] [cxt 0] forward.p4(149) Condition "hdr.ipv4.isValid()" (node_4) is false
[01:58:43.588] [bmv2] [D] [thread 21994] [11.0] [cxt 0] Pipeline 'ingress': end
[01:58:43.588] [bmv2] [D] [thread 21994] [11.0] [cxt 0] Egress port is 0
[01:58:43.588] [bmv2] [D] [thread 21995] [11.0] [cxt 0] Pipeline 'egress': start
[01:58:43.588] [bmv2] [D] [thread 21995] [11.0] [cxt 0] Pipeline 'egress': end
[01:58:43.588] [bmv2] [D] [thread 21995] [11.0] [cxt 0] Deparser 'deparser': start
[01:58:43.588] [bmv2] [T] [thread 21995] [11.0] [cxt 0] Skipping checksum 'cksum' update because condition not met
[01:58:43.588] [bmv2] [D] [thread 21995] [11.0] [cxt 0] Deparsing header 'ethernet'
[01:58:43.588] [bmv2] [D] [thread 21995] [11.0] [cxt 0] Deparser 'deparser': end
[01:58:43.589] [bmv2] [D] [thread 21999] [11.0] [cxt 0] Transmitting packet of size 70 out of port 0
[01:58:43.845] [bmv2] [D] [thread 21994] [12.0] [cxt 0] Processing packet received on port 4
[01:58:43.845] [bmv2] [D] [thread 21994] [12.0] [cxt 0] Parser 'parser': start
[01:58:43.845] [bmv2] [D] [thread 21994] [12.0] [cxt 0] Parser 'parser' entering state 'start'
[01:58:43.845] [bmv2] [D] [thread 21994] [12.0] [cxt 0] Extracting header 'ethernet'
[01:58:43.845] [bmv2] [D] [thread 21994] [12.0] [cxt 0] Parser state 'start': key is 86dd
[01:58:43.845] [bmv2] [T] [thread 21994] [12.0] [cxt 0] Bytes parsed: 14
[01:58:43.845] [bmv2] [D] [thread 21994] [12.0] [cxt 0] Parser 'parser': end
[01:58:43.845] [bmv2] [D] [thread 21994] [12.0] [cxt 0] Pipeline 'ingress': start
[01:58:43.845] [bmv2] [T] [thread 21994] [12.0] [cxt 0] forward.p4(146) Condition "hdr.arp.isValid()" (node_2) is false
[01:58:43.845] [bmv2] [T] [thread 21994] [12.0] [cxt 0] forward.p4(149) Condition "hdr.ipv4.isValid()" (node_4) is false
[01:58:43.845] [bmv2] [D] [thread 21994] [12.0] [cxt 0] Pipeline 'ingress': end
[01:58:43.845] [bmv2] [D] [thread 21994] [12.0] [cxt 0] Egress port is 0
[01:58:43.845] [bmv2] [D] [thread 21995] [12.0] [cxt 0] Pipeline 'egress': start
[01:58:43.845] [bmv2] [D] [thread 21995] [12.0] [cxt 0] Pipeline 'egress': end
[01:58:43.845] [bmv2] [D] [thread 21995] [12.0] [cxt 0] Deparser 'deparser': start
[01:58:43.845] [bmv2] [T] [thread 21995] [12.0] [cxt 0] Skipping checksum 'cksum' update because condition not met
[01:58:43.845] [bmv2] [D] [thread 21995] [12.0] [cxt 0] Deparsing header 'ethernet'
[01:58:43.845] [bmv2] [D] [thread 21995] [12.0] [cxt 0] Deparser 'deparser': end
[01:58:43.845] [bmv2] [D] [thread 21999] [12.0] [cxt 0] Transmitting packet of size 70 out of port 0
[01:58:44.104] [bmv2] [D] [thread 21994] [13.0] [cxt 0] Processing packet received on port 2
[01:58:44.104] [bmv2] [D] [thread 21994] [13.0] [cxt 0] Parser 'parser': start
[01:58:44.104] [bmv2] [D] [thread 21994] [13.0] [cxt 0] Parser 'parser' entering state 'start'
[01:58:44.104] [bmv2] [D] [thread 21994] [13.0] [cxt 0] Extracting header 'ethernet'
[01:58:44.104] [bmv2] [D] [thread 21994] [13.0] [cxt 0] Parser state 'start': key is 86dd
[01:58:44.104] [bmv2] [T] [thread 21994] [13.0] [cxt 0] Bytes parsed: 14
[01:58:44.104] [bmv2] [D] [thread 21994] [13.0] [cxt 0] Parser 'parser': end
[01:58:44.104] [bmv2] [D] [thread 21994] [13.0] [cxt 0] Pipeline 'ingress': start
[01:58:44.104] [bmv2] [T] [thread 21994] [13.0] [cxt 0] forward.p4(146) Condition "hdr.arp.isValid()" (node_2) is false
[01:58:44.104] [bmv2] [T] [thread 21994] [13.0] [cxt 0] forward.p4(149) Condition "hdr.ipv4.isValid()" (node_4) is false
[01:58:44.104] [bmv2] [D] [thread 21994] [13.0] [cxt 0] Pipeline 'ingress': end
[01:58:44.104] [bmv2] [D] [thread 21994] [13.0] [cxt 0] Egress port is 0
[01:58:44.104] [bmv2] [D] [thread 21995] [13.0] [cxt 0] Pipeline 'egress': start
[01:58:44.104] [bmv2] [D] [thread 21995] [13.0] [cxt 0] Pipeline 'egress': end
[01:58:44.104] [bmv2] [D] [thread 21995] [13.0] [cxt 0] Deparser 'deparser': start
[01:58:44.104] [bmv2] [T] [thread 21995] [13.0] [cxt 0] Skipping checksum 'cksum' update because condition not met
[01:58:44.104] [bmv2] [D] [thread 21995] [13.0] [cxt 0] Deparsing header 'ethernet'
[01:58:44.104] [bmv2] [D] [thread 21995] [13.0] [cxt 0] Deparser 'deparser': end
[01:58:44.104] [bmv2] [D] [thread 21999] [13.0] [cxt 0] Transmitting packet of size 70 out of port 0
[01:58:48.905] [bmv2] [W] [thread 22087] [P4Runtime] p4::tmp::P4DeviceConfig is deprecated
[01:58:48.905] [bmv2] [D] [thread 22087] Set default default entry for table 'tbl_broadcast': MyIngress.broadcast - 
[01:58:48.906] [bmv2] [D] [thread 22087] Set default default entry for table 'MyIngress.ipv4_lpm': MyIngress.send_to_cpu - 
[01:58:48.906] [bmv2] [D] [thread 22087] simple_switch target has been notified of a config swap
[01:58:48.908] [bmv2] [D] [thread 22112] Entry 0 added to table 'MyIngress.ipv4_lpm'
[01:58:48.908] [bmv2] [D] [thread 22112] Dumping entry 0
Match key:
* hdr.ipv4.dstAddr    : LPM       0a000100/24
Action entry: MyIngress.ipv4_forward - 80000000222,4,

[01:58:48.910] [bmv2] [D] [thread 22087] Entry 1 added to table 'MyIngress.ipv4_lpm'
[01:58:48.910] [bmv2] [D] [thread 22087] Dumping entry 1
Match key:
* hdr.ipv4.dstAddr    : LPM       0a000200/24
Action entry: MyIngress.ipv4_forward - 80000000222,4,

[01:58:48.911] [bmv2] [D] [thread 22112] Entry 2 added to table 'MyIngress.ipv4_lpm'
[01:58:48.911] [bmv2] [D] [thread 22112] Dumping entry 2
Match key:
* hdr.ipv4.dstAddr    : LPM       0a000300/24
Action entry: MyIngress.ipv4_forward - 80000000222,4,

[01:58:48.913] [bmv2] [D] [thread 22087] Entry 3 added to table 'MyIngress.ipv4_lpm'
[01:58:48.913] [bmv2] [D] [thread 22087] Dumping entry 3
Match key:
* hdr.ipv4.dstAddr    : LPM       0a000401/32
Action entry: MyIngress.ipv4_forward - 80000000777,1,

[01:58:48.914] [bmv2] [D] [thread 22112] Entry 4 added to table 'MyIngress.ipv4_lpm'
[01:58:48.914] [bmv2] [D] [thread 22112] Dumping entry 4
Match key:
* hdr.ipv4.dstAddr    : LPM       0a000402/32
Action entry: MyIngress.ipv4_forward - 80000000888,2,

[01:58:48.916] [bmv2] [D] [thread 22087] Entry 5 added to table 'MyIngress.ipv4_lpm'
[01:58:48.916] [bmv2] [D] [thread 22087] Dumping entry 5
Match key:
* hdr.ipv4.dstAddr    : LPM       0b000100/24
Action entry: MyIngress.ipv4_forward - 80000000222,4,

[01:58:48.962] [bmv2] [D] [thread 22112] mgrp node created for mgid 1
[01:58:48.962] [bmv2] [D] [thread 22112] node created for rid 1
[01:58:48.962] [bmv2] [D] [thread 22112] node associated with mgid 1
[01:58:57.924] [bmv2] [D] [thread 21994] [14.0] [cxt 0] Processing packet received on port 3
[01:58:57.924] [bmv2] [D] [thread 21994] [14.0] [cxt 0] Parser 'parser': start
[01:58:57.924] [bmv2] [D] [thread 21994] [14.0] [cxt 0] Parser 'parser' entering state 'start'
[01:58:57.924] [bmv2] [D] [thread 21994] [14.0] [cxt 0] Extracting header 'ethernet'
[01:58:57.925] [bmv2] [D] [thread 21994] [14.0] [cxt 0] Parser state 'start': key is 86dd
[01:58:57.925] [bmv2] [T] [thread 21994] [14.0] [cxt 0] Bytes parsed: 14
[01:58:57.925] [bmv2] [D] [thread 21994] [14.0] [cxt 0] Parser 'parser': end
[01:58:57.925] [bmv2] [D] [thread 21994] [14.0] [cxt 0] Pipeline 'ingress': start
[01:58:57.925] [bmv2] [T] [thread 21994] [14.0] [cxt 0] forward.p4(146) Condition "hdr.arp.isValid()" (node_2) is false
[01:58:57.925] [bmv2] [T] [thread 21994] [14.0] [cxt 0] forward.p4(149) Condition "hdr.ipv4.isValid()" (node_4) is false
[01:58:57.925] [bmv2] [D] [thread 21994] [14.0] [cxt 0] Pipeline 'ingress': end
[01:58:57.925] [bmv2] [D] [thread 21994] [14.0] [cxt 0] Egress port is 0
[01:58:57.925] [bmv2] [D] [thread 21995] [14.0] [cxt 0] Pipeline 'egress': start
[01:58:57.925] [bmv2] [D] [thread 21995] [14.0] [cxt 0] Pipeline 'egress': end
[01:58:57.925] [bmv2] [D] [thread 21995] [14.0] [cxt 0] Deparser 'deparser': start
[01:58:57.925] [bmv2] [T] [thread 21995] [14.0] [cxt 0] Skipping checksum 'cksum' update because condition not met
[01:58:57.925] [bmv2] [D] [thread 21995] [14.0] [cxt 0] Deparsing header 'ethernet'
[01:58:57.925] [bmv2] [D] [thread 21995] [14.0] [cxt 0] Deparser 'deparser': end
[01:58:57.925] [bmv2] [D] [thread 21999] [14.0] [cxt 0] Transmitting packet of size 70 out of port 0
[01:58:58.695] [bmv2] [D] [thread 21994] [15.0] [cxt 0] Processing packet received on port 4
[01:58:58.695] [bmv2] [D] [thread 21994] [15.0] [cxt 0] Parser 'parser': start
[01:58:58.695] [bmv2] [D] [thread 21994] [15.0] [cxt 0] Parser 'parser' entering state 'start'
[01:58:58.695] [bmv2] [D] [thread 21994] [15.0] [cxt 0] Extracting header 'ethernet'
[01:58:58.695] [bmv2] [D] [thread 21994] [15.0] [cxt 0] Parser state 'start': key is 86dd
[01:58:58.695] [bmv2] [T] [thread 21994] [15.0] [cxt 0] Bytes parsed: 14
[01:58:58.695] [bmv2] [D] [thread 21994] [15.0] [cxt 0] Parser 'parser': end
[01:58:58.695] [bmv2] [D] [thread 21994] [15.0] [cxt 0] Pipeline 'ingress': start
[01:58:58.695] [bmv2] [T] [thread 21994] [15.0] [cxt 0] forward.p4(146) Condition "hdr.arp.isValid()" (node_2) is false
[01:58:58.695] [bmv2] [T] [thread 21994] [15.0] [cxt 0] forward.p4(149) Condition "hdr.ipv4.isValid()" (node_4) is false
[01:58:58.695] [bmv2] [D] [thread 21994] [15.0] [cxt 0] Pipeline 'ingress': end
[01:58:58.695] [bmv2] [D] [thread 21994] [15.0] [cxt 0] Egress port is 0
[01:58:58.695] [bmv2] [D] [thread 21995] [15.0] [cxt 0] Pipeline 'egress': start
[01:58:58.695] [bmv2] [D] [thread 21995] [15.0] [cxt 0] Pipeline 'egress': end
[01:58:58.695] [bmv2] [D] [thread 21995] [15.0] [cxt 0] Deparser 'deparser': start
[01:58:58.695] [bmv2] [T] [thread 21995] [15.0] [cxt 0] Skipping checksum 'cksum' update because condition not met
[01:58:58.695] [bmv2] [D] [thread 21995] [15.0] [cxt 0] Deparsing header 'ethernet'
[01:58:58.696] [bmv2] [D] [thread 21995] [15.0] [cxt 0] Deparser 'deparser': end
[01:58:58.696] [bmv2] [D] [thread 21999] [15.0] [cxt 0] Transmitting packet of size 70 out of port 0
[01:59:00.997] [bmv2] [D] [thread 21994] [16.0] [cxt 0] Processing packet received on port 1
[01:59:00.997] [bmv2] [D] [thread 21994] [16.0] [cxt 0] Parser 'parser': start
[01:59:00.997] [bmv2] [D] [thread 21994] [16.0] [cxt 0] Parser 'parser' entering state 'start'
[01:59:00.997] [bmv2] [D] [thread 21994] [16.0] [cxt 0] Extracting header 'ethernet'
[01:59:00.997] [bmv2] [D] [thread 21994] [16.0] [cxt 0] Parser state 'start': key is 86dd
[01:59:00.997] [bmv2] [T] [thread 21994] [16.0] [cxt 0] Bytes parsed: 14
[01:59:00.997] [bmv2] [D] [thread 21994] [16.0] [cxt 0] Parser 'parser': end
[01:59:00.997] [bmv2] [D] [thread 21994] [16.0] [cxt 0] Pipeline 'ingress': start
[01:59:00.997] [bmv2] [T] [thread 21994] [16.0] [cxt 0] forward.p4(146) Condition "hdr.arp.isValid()" (node_2) is false
[01:59:00.997] [bmv2] [T] [thread 21994] [16.0] [cxt 0] forward.p4(149) Condition "hdr.ipv4.isValid()" (node_4) is false
[01:59:00.997] [bmv2] [D] [thread 21994] [16.0] [cxt 0] Pipeline 'ingress': end
[01:59:00.997] [bmv2] [D] [thread 21994] [16.0] [cxt 0] Egress port is 0
[01:59:00.997] [bmv2] [D] [thread 21994] [17.0] [cxt 0] Processing packet received on port 3
[01:59:00.997] [bmv2] [D] [thread 21994] [17.0] [cxt 0] Parser 'parser': start
[01:59:00.997] [bmv2] [D] [thread 21994] [17.0] [cxt 0] Parser 'parser' entering state 'start'
[01:59:00.997] [bmv2] [D] [thread 21994] [17.0] [cxt 0] Extracting header 'ethernet'
[01:59:00.997] [bmv2] [D] [thread 21994] [17.0] [cxt 0] Parser state 'start': key is 86dd
[01:59:00.997] [bmv2] [T] [thread 21994] [17.0] [cxt 0] Bytes parsed: 14
[01:59:00.997] [bmv2] [D] [thread 21994] [17.0] [cxt 0] Parser 'parser': end
[01:59:00.997] [bmv2] [D] [thread 21994] [17.0] [cxt 0] Pipeline 'ingress': start
[01:59:00.997] [bmv2] [T] [thread 21994] [17.0] [cxt 0] forward.p4(146) Condition "hdr.arp.isValid()" (node_2) is false
[01:59:00.997] [bmv2] [T] [thread 21994] [17.0] [cxt 0] forward.p4(149) Condition "hdr.ipv4.isValid()" (node_4) is false
[01:59:00.997] [bmv2] [D] [thread 21994] [17.0] [cxt 0] Pipeline 'ingress': end
[01:59:00.997] [bmv2] [D] [thread 21994] [17.0] [cxt 0] Egress port is 0
[01:59:00.997] [bmv2] [D] [thread 21995] [16.0] [cxt 0] Pipeline 'egress': start
[01:59:00.997] [bmv2] [D] [thread 21995] [16.0] [cxt 0] Pipeline 'egress': end
[01:59:00.997] [bmv2] [D] [thread 21995] [16.0] [cxt 0] Deparser 'deparser': start
[01:59:00.997] [bmv2] [T] [thread 21995] [16.0] [cxt 0] Skipping checksum 'cksum' update because condition not met
[01:59:00.997] [bmv2] [D] [thread 21995] [16.0] [cxt 0] Deparsing header 'ethernet'
[01:59:00.997] [bmv2] [D] [thread 21995] [16.0] [cxt 0] Deparser 'deparser': end
[01:59:00.997] [bmv2] [D] [thread 21995] [17.0] [cxt 0] Pipeline 'egress': start
[01:59:00.997] [bmv2] [D] [thread 21995] [17.0] [cxt 0] Pipeline 'egress': end
[01:59:00.997] [bmv2] [D] [thread 21995] [17.0] [cxt 0] Deparser 'deparser': start
[01:59:00.997] [bmv2] [T] [thread 21995] [17.0] [cxt 0] Skipping checksum 'cksum' update because condition not met
[01:59:00.997] [bmv2] [D] [thread 21995] [17.0] [cxt 0] Deparsing header 'ethernet'
[01:59:00.997] [bmv2] [D] [thread 21995] [17.0] [cxt 0] Deparser 'deparser': end
[01:59:00.997] [bmv2] [D] [thread 21999] [16.0] [cxt 0] Transmitting packet of size 70 out of port 0
[01:59:00.998] [bmv2] [D] [thread 21999] [17.0] [cxt 0] Transmitting packet of size 70 out of port 0
[01:59:00.999] [bmv2] [D] [thread 21994] [18.0] [cxt 0] Processing packet received on port 4
[01:59:00.999] [bmv2] [D] [thread 21994] [18.0] [cxt 0] Parser 'parser': start
[01:59:01.000] [bmv2] [D] [thread 21994] [18.0] [cxt 0] Parser 'parser' entering state 'start'
[01:59:01.000] [bmv2] [D] [thread 21994] [18.0] [cxt 0] Extracting header 'ethernet'
[01:59:01.000] [bmv2] [D] [thread 21994] [18.0] [cxt 0] Parser state 'start': key is 86dd
[01:59:01.000] [bmv2] [T] [thread 21994] [18.0] [cxt 0] Bytes parsed: 14
[01:59:01.000] [bmv2] [D] [thread 21994] [18.0] [cxt 0] Parser 'parser': end
[01:59:01.000] [bmv2] [D] [thread 21994] [18.0] [cxt 0] Pipeline 'ingress': start
[01:59:01.000] [bmv2] [T] [thread 21994] [18.0] [cxt 0] forward.p4(146) Condition "hdr.arp.isValid()" (node_2) is false
[01:59:01.000] [bmv2] [T] [thread 21994] [18.0] [cxt 0] forward.p4(149) Condition "hdr.ipv4.isValid()" (node_4) is false
[01:59:01.000] [bmv2] [D] [thread 21994] [18.0] [cxt 0] Pipeline 'ingress': end
[01:59:01.000] [bmv2] [D] [thread 21994] [18.0] [cxt 0] Egress port is 0
[01:59:01.000] [bmv2] [D] [thread 21995] [18.0] [cxt 0] Pipeline 'egress': start
[01:59:01.000] [bmv2] [D] [thread 21995] [18.0] [cxt 0] Pipeline 'egress': end
[01:59:01.000] [bmv2] [D] [thread 21995] [18.0] [cxt 0] Deparser 'deparser': start
[01:59:01.000] [bmv2] [T] [thread 21995] [18.0] [cxt 0] Skipping checksum 'cksum' update because condition not met
[01:59:01.000] [bmv2] [D] [thread 21995] [18.0] [cxt 0] Deparsing header 'ethernet'
[01:59:01.000] [bmv2] [D] [thread 21995] [18.0] [cxt 0] Deparser 'deparser': end
[01:59:01.000] [bmv2] [D] [thread 21999] [18.0] [cxt 0] Transmitting packet of size 70 out of port 0
[01:59:05.091] [bmv2] [D] [thread 21994] [19.0] [cxt 0] Processing packet received on port 2
[01:59:05.091] [bmv2] [D] [thread 21994] [19.0] [cxt 0] Parser 'parser': start
[01:59:05.091] [bmv2] [D] [thread 21994] [19.0] [cxt 0] Parser 'parser' entering state 'start'
[01:59:05.091] [bmv2] [D] [thread 21994] [19.0] [cxt 0] Extracting header 'ethernet'
[01:59:05.091] [bmv2] [D] [thread 21994] [19.0] [cxt 0] Parser state 'start': key is 86dd
[01:59:05.091] [bmv2] [T] [thread 21994] [19.0] [cxt 0] Bytes parsed: 14
[01:59:05.091] [bmv2] [D] [thread 21994] [19.0] [cxt 0] Parser 'parser': end
[01:59:05.091] [bmv2] [D] [thread 21994] [19.0] [cxt 0] Pipeline 'ingress': start
[01:59:05.091] [bmv2] [T] [thread 21994] [19.0] [cxt 0] forward.p4(146) Condition "hdr.arp.isValid()" (node_2) is false
[01:59:05.091] [bmv2] [T] [thread 21994] [19.0] [cxt 0] forward.p4(149) Condition "hdr.ipv4.isValid()" (node_4) is false
[01:59:05.091] [bmv2] [D] [thread 21994] [19.0] [cxt 0] Pipeline 'ingress': end
[01:59:05.091] [bmv2] [D] [thread 21994] [19.0] [cxt 0] Egress port is 0
[01:59:05.091] [bmv2] [D] [thread 21995] [19.0] [cxt 0] Pipeline 'egress': start
[01:59:05.091] [bmv2] [D] [thread 21995] [19.0] [cxt 0] Pipeline 'egress': end
[01:59:05.091] [bmv2] [D] [thread 21995] [19.0] [cxt 0] Deparser 'deparser': start
[01:59:05.092] [bmv2] [T] [thread 21995] [19.0] [cxt 0] Skipping checksum 'cksum' update because condition not met
[01:59:05.092] [bmv2] [D] [thread 21995] [19.0] [cxt 0] Deparsing header 'ethernet'
[01:59:05.092] [bmv2] [D] [thread 21995] [19.0] [cxt 0] Deparser 'deparser': end
[01:59:05.092] [bmv2] [D] [thread 21999] [19.0] [cxt 0] Transmitting packet of size 70 out of port 0
[01:59:27.620] [bmv2] [D] [thread 21994] [20.0] [cxt 0] Processing packet received on port 3
[01:59:27.620] [bmv2] [D] [thread 21994] [20.0] [cxt 0] Parser 'parser': start
[01:59:27.620] [bmv2] [D] [thread 21994] [20.0] [cxt 0] Parser 'parser' entering state 'start'
[01:59:27.620] [bmv2] [D] [thread 21994] [20.0] [cxt 0] Extracting header 'ethernet'
[01:59:27.620] [bmv2] [D] [thread 21994] [20.0] [cxt 0] Parser state 'start': key is 86dd
[01:59:27.620] [bmv2] [T] [thread 21994] [20.0] [cxt 0] Bytes parsed: 14
[01:59:27.620] [bmv2] [D] [thread 21994] [20.0] [cxt 0] Parser 'parser': end
[01:59:27.620] [bmv2] [D] [thread 21994] [20.0] [cxt 0] Pipeline 'ingress': start
[01:59:27.620] [bmv2] [T] [thread 21994] [20.0] [cxt 0] forward.p4(146) Condition "hdr.arp.isValid()" (node_2) is false
[01:59:27.620] [bmv2] [T] [thread 21994] [20.0] [cxt 0] forward.p4(149) Condition "hdr.ipv4.isValid()" (node_4) is false
[01:59:27.620] [bmv2] [D] [thread 21994] [20.0] [cxt 0] Pipeline 'ingress': end
[01:59:27.620] [bmv2] [D] [thread 21994] [20.0] [cxt 0] Egress port is 0
[01:59:27.620] [bmv2] [D] [thread 21995] [20.0] [cxt 0] Pipeline 'egress': start
[01:59:27.620] [bmv2] [D] [thread 21995] [20.0] [cxt 0] Pipeline 'egress': end
[01:59:27.620] [bmv2] [D] [thread 21995] [20.0] [cxt 0] Deparser 'deparser': start
[01:59:27.620] [bmv2] [T] [thread 21995] [20.0] [cxt 0] Skipping checksum 'cksum' update because condition not met
[01:59:27.620] [bmv2] [D] [thread 21995] [20.0] [cxt 0] Deparsing header 'ethernet'
[01:59:27.620] [bmv2] [D] [thread 21995] [20.0] [cxt 0] Deparser 'deparser': end
[01:59:27.621] [bmv2] [D] [thread 21999] [20.0] [cxt 0] Transmitting packet of size 70 out of port 0
[01:59:29.667] [bmv2] [D] [thread 21994] [21.0] [cxt 0] Processing packet received on port 4
[01:59:29.667] [bmv2] [D] [thread 21994] [21.0] [cxt 0] Parser 'parser': start
[01:59:29.667] [bmv2] [D] [thread 21994] [21.0] [cxt 0] Parser 'parser' entering state 'start'
[01:59:29.667] [bmv2] [D] [thread 21994] [21.0] [cxt 0] Extracting header 'ethernet'
[01:59:29.667] [bmv2] [D] [thread 21994] [21.0] [cxt 0] Parser state 'start': key is 86dd
[01:59:29.667] [bmv2] [T] [thread 21994] [21.0] [cxt 0] Bytes parsed: 14
[01:59:29.667] [bmv2] [D] [thread 21994] [21.0] [cxt 0] Parser 'parser': end
[01:59:29.667] [bmv2] [D] [thread 21994] [21.0] [cxt 0] Pipeline 'ingress': start
[01:59:29.667] [bmv2] [T] [thread 21994] [21.0] [cxt 0] forward.p4(146) Condition "hdr.arp.isValid()" (node_2) is false
[01:59:29.667] [bmv2] [T] [thread 21994] [21.0] [cxt 0] forward.p4(149) Condition "hdr.ipv4.isValid()" (node_4) is false
[01:59:29.667] [bmv2] [D] [thread 21994] [21.0] [cxt 0] Pipeline 'ingress': end
[01:59:29.667] [bmv2] [D] [thread 21994] [21.0] [cxt 0] Egress port is 0
[01:59:29.667] [bmv2] [D] [thread 21995] [21.0] [cxt 0] Pipeline 'egress': start
[01:59:29.667] [bmv2] [D] [thread 21995] [21.0] [cxt 0] Pipeline 'egress': end
[01:59:29.667] [bmv2] [D] [thread 21995] [21.0] [cxt 0] Deparser 'deparser': start
[01:59:29.667] [bmv2] [T] [thread 21995] [21.0] [cxt 0] Skipping checksum 'cksum' update because condition not met
[01:59:29.667] [bmv2] [D] [thread 21995] [21.0] [cxt 0] Deparsing header 'ethernet'
[01:59:29.667] [bmv2] [D] [thread 21995] [21.0] [cxt 0] Deparser 'deparser': end
[01:59:29.668] [bmv2] [D] [thread 21999] [21.0] [cxt 0] Transmitting packet of size 70 out of port 0
[01:59:35.811] [bmv2] [D] [thread 21994] [22.0] [cxt 0] Processing packet received on port 1
[01:59:35.811] [bmv2] [D] [thread 21994] [22.0] [cxt 0] Parser 'parser': start
[01:59:35.811] [bmv2] [D] [thread 21994] [22.0] [cxt 0] Parser 'parser' entering state 'start'
[01:59:35.811] [bmv2] [D] [thread 21994] [22.0] [cxt 0] Extracting header 'ethernet'
[01:59:35.811] [bmv2] [D] [thread 21994] [22.0] [cxt 0] Parser state 'start': key is 86dd
[01:59:35.811] [bmv2] [T] [thread 21994] [22.0] [cxt 0] Bytes parsed: 14
[01:59:35.811] [bmv2] [D] [thread 21994] [22.0] [cxt 0] Parser 'parser': end
[01:59:35.811] [bmv2] [D] [thread 21994] [22.0] [cxt 0] Pipeline 'ingress': start
[01:59:35.811] [bmv2] [T] [thread 21994] [22.0] [cxt 0] forward.p4(146) Condition "hdr.arp.isValid()" (node_2) is false
[01:59:35.811] [bmv2] [T] [thread 21994] [22.0] [cxt 0] forward.p4(149) Condition "hdr.ipv4.isValid()" (node_4) is false
[01:59:35.811] [bmv2] [D] [thread 21994] [22.0] [cxt 0] Pipeline 'ingress': end
[01:59:35.811] [bmv2] [D] [thread 21994] [22.0] [cxt 0] Egress port is 0
[01:59:35.812] [bmv2] [D] [thread 21995] [22.0] [cxt 0] Pipeline 'egress': start
[01:59:35.812] [bmv2] [D] [thread 21995] [22.0] [cxt 0] Pipeline 'egress': end
[01:59:35.812] [bmv2] [D] [thread 21995] [22.0] [cxt 0] Deparser 'deparser': start
[01:59:35.812] [bmv2] [T] [thread 21995] [22.0] [cxt 0] Skipping checksum 'cksum' update because condition not met
[01:59:35.812] [bmv2] [D] [thread 21995] [22.0] [cxt 0] Deparsing header 'ethernet'
[01:59:35.812] [bmv2] [D] [thread 21995] [22.0] [cxt 0] Deparser 'deparser': end
[01:59:35.812] [bmv2] [D] [thread 21999] [22.0] [cxt 0] Transmitting packet of size 70 out of port 0
[01:59:35.812] [bmv2] [D] [thread 21994] [23.0] [cxt 0] Processing packet received on port 3
[01:59:35.812] [bmv2] [D] [thread 21994] [23.0] [cxt 0] Parser 'parser': start
[01:59:35.812] [bmv2] [D] [thread 21994] [23.0] [cxt 0] Parser 'parser' entering state 'start'
[01:59:35.812] [bmv2] [D] [thread 21994] [23.0] [cxt 0] Extracting header 'ethernet'
[01:59:35.812] [bmv2] [D] [thread 21994] [23.0] [cxt 0] Parser state 'start': key is 86dd
[01:59:35.812] [bmv2] [T] [thread 21994] [23.0] [cxt 0] Bytes parsed: 14
[01:59:35.812] [bmv2] [D] [thread 21994] [23.0] [cxt 0] Parser 'parser': end
[01:59:35.812] [bmv2] [D] [thread 21994] [23.0] [cxt 0] Pipeline 'ingress': start
[01:59:35.812] [bmv2] [T] [thread 21994] [23.0] [cxt 0] forward.p4(146) Condition "hdr.arp.isValid()" (node_2) is false
[01:59:35.812] [bmv2] [T] [thread 21994] [23.0] [cxt 0] forward.p4(149) Condition "hdr.ipv4.isValid()" (node_4) is false
[01:59:35.812] [bmv2] [D] [thread 21994] [23.0] [cxt 0] Pipeline 'ingress': end
[01:59:35.812] [bmv2] [D] [thread 21994] [23.0] [cxt 0] Egress port is 0
[01:59:35.812] [bmv2] [D] [thread 21995] [23.0] [cxt 0] Pipeline 'egress': start
[01:59:35.812] [bmv2] [D] [thread 21995] [23.0] [cxt 0] Pipeline 'egress': end
[01:59:35.812] [bmv2] [D] [thread 21995] [23.0] [cxt 0] Deparser 'deparser': start
[01:59:35.812] [bmv2] [T] [thread 21995] [23.0] [cxt 0] Skipping checksum 'cksum' update because condition not met
[01:59:35.812] [bmv2] [D] [thread 21995] [23.0] [cxt 0] Deparsing header 'ethernet'
[01:59:35.812] [bmv2] [D] [thread 21995] [23.0] [cxt 0] Deparser 'deparser': end
[01:59:35.812] [bmv2] [D] [thread 21999] [23.0] [cxt 0] Transmitting packet of size 70 out of port 0
[01:59:35.812] [bmv2] [D] [thread 21994] [24.0] [cxt 0] Processing packet received on port 4
[01:59:35.812] [bmv2] [D] [thread 21994] [24.0] [cxt 0] Parser 'parser': start
[01:59:35.812] [bmv2] [D] [thread 21994] [24.0] [cxt 0] Parser 'parser' entering state 'start'
[01:59:35.812] [bmv2] [D] [thread 21994] [24.0] [cxt 0] Extracting header 'ethernet'
[01:59:35.812] [bmv2] [D] [thread 21994] [24.0] [cxt 0] Parser state 'start': key is 86dd
[01:59:35.812] [bmv2] [T] [thread 21994] [24.0] [cxt 0] Bytes parsed: 14
[01:59:35.812] [bmv2] [D] [thread 21994] [24.0] [cxt 0] Parser 'parser': end
[01:59:35.812] [bmv2] [D] [thread 21994] [24.0] [cxt 0] Pipeline 'ingress': start
[01:59:35.812] [bmv2] [T] [thread 21994] [24.0] [cxt 0] forward.p4(146) Condition "hdr.arp.isValid()" (node_2) is false
[01:59:35.812] [bmv2] [T] [thread 21994] [24.0] [cxt 0] forward.p4(149) Condition "hdr.ipv4.isValid()" (node_4) is false
[01:59:35.813] [bmv2] [D] [thread 21994] [24.0] [cxt 0] Pipeline 'ingress': end
[01:59:35.813] [bmv2] [D] [thread 21994] [24.0] [cxt 0] Egress port is 0
[01:59:35.813] [bmv2] [D] [thread 21995] [24.0] [cxt 0] Pipeline 'egress': start
[01:59:35.813] [bmv2] [D] [thread 21995] [24.0] [cxt 0] Pipeline 'egress': end
[01:59:35.813] [bmv2] [D] [thread 21995] [24.0] [cxt 0] Deparser 'deparser': start
[01:59:35.813] [bmv2] [T] [thread 21995] [24.0] [cxt 0] Skipping checksum 'cksum' update because condition not met
[01:59:35.813] [bmv2] [D] [thread 21995] [24.0] [cxt 0] Deparsing header 'ethernet'
[01:59:35.813] [bmv2] [D] [thread 21995] [24.0] [cxt 0] Deparser 'deparser': end
[01:59:35.813] [bmv2] [D] [thread 21999] [24.0] [cxt 0] Transmitting packet of size 70 out of port 0
[01:59:46.051] [bmv2] [D] [thread 21994] [25.0] [cxt 0] Processing packet received on port 2
[01:59:46.051] [bmv2] [D] [thread 21994] [25.0] [cxt 0] Parser 'parser': start
[01:59:46.051] [bmv2] [D] [thread 21994] [25.0] [cxt 0] Parser 'parser' entering state 'start'
[01:59:46.051] [bmv2] [D] [thread 21994] [25.0] [cxt 0] Extracting header 'ethernet'
[01:59:46.051] [bmv2] [D] [thread 21994] [25.0] [cxt 0] Parser state 'start': key is 86dd
[01:59:46.051] [bmv2] [T] [thread 21994] [25.0] [cxt 0] Bytes parsed: 14
[01:59:46.051] [bmv2] [D] [thread 21994] [25.0] [cxt 0] Parser 'parser': end
[01:59:46.051] [bmv2] [D] [thread 21994] [25.0] [cxt 0] Pipeline 'ingress': start
[01:59:46.051] [bmv2] [T] [thread 21994] [25.0] [cxt 0] forward.p4(146) Condition "hdr.arp.isValid()" (node_2) is false
[01:59:46.051] [bmv2] [T] [thread 21994] [25.0] [cxt 0] forward.p4(149) Condition "hdr.ipv4.isValid()" (node_4) is false
[01:59:46.051] [bmv2] [D] [thread 21994] [25.0] [cxt 0] Pipeline 'ingress': end
[01:59:46.051] [bmv2] [D] [thread 21994] [25.0] [cxt 0] Egress port is 0
[01:59:46.051] [bmv2] [D] [thread 21995] [25.0] [cxt 0] Pipeline 'egress': start
[01:59:46.051] [bmv2] [D] [thread 21995] [25.0] [cxt 0] Pipeline 'egress': end
[01:59:46.051] [bmv2] [D] [thread 21995] [25.0] [cxt 0] Deparser 'deparser': start
[01:59:46.051] [bmv2] [T] [thread 21995] [25.0] [cxt 0] Skipping checksum 'cksum' update because condition not met
[01:59:46.051] [bmv2] [D] [thread 21995] [25.0] [cxt 0] Deparsing header 'ethernet'
[01:59:46.051] [bmv2] [D] [thread 21995] [25.0] [cxt 0] Deparser 'deparser': end
[01:59:46.051] [bmv2] [D] [thread 21999] [25.0] [cxt 0] Transmitting packet of size 70 out of port 0
[02:00:27.012] [bmv2] [D] [thread 21994] [26.0] [cxt 0] Processing packet received on port 3
[02:00:27.012] [bmv2] [D] [thread 21994] [26.0] [cxt 0] Parser 'parser': start
[02:00:27.012] [bmv2] [D] [thread 21994] [26.0] [cxt 0] Parser 'parser' entering state 'start'
[02:00:27.012] [bmv2] [D] [thread 21994] [26.0] [cxt 0] Extracting header 'ethernet'
[02:00:27.012] [bmv2] [D] [thread 21994] [26.0] [cxt 0] Parser state 'start': key is 86dd
[02:00:27.012] [bmv2] [T] [thread 21994] [26.0] [cxt 0] Bytes parsed: 14
[02:00:27.012] [bmv2] [D] [thread 21994] [26.0] [cxt 0] Parser 'parser': end
[02:00:27.012] [bmv2] [D] [thread 21994] [26.0] [cxt 0] Pipeline 'ingress': start
[02:00:27.012] [bmv2] [T] [thread 21994] [26.0] [cxt 0] forward.p4(146) Condition "hdr.arp.isValid()" (node_2) is false
[02:00:27.012] [bmv2] [T] [thread 21994] [26.0] [cxt 0] forward.p4(149) Condition "hdr.ipv4.isValid()" (node_4) is false
[02:00:27.012] [bmv2] [D] [thread 21994] [26.0] [cxt 0] Pipeline 'ingress': end
[02:00:27.012] [bmv2] [D] [thread 21994] [26.0] [cxt 0] Egress port is 0
[02:00:27.012] [bmv2] [D] [thread 21995] [26.0] [cxt 0] Pipeline 'egress': start
[02:00:27.012] [bmv2] [D] [thread 21995] [26.0] [cxt 0] Pipeline 'egress': end
[02:00:27.012] [bmv2] [D] [thread 21995] [26.0] [cxt 0] Deparser 'deparser': start
[02:00:27.012] [bmv2] [T] [thread 21995] [26.0] [cxt 0] Skipping checksum 'cksum' update because condition not met
[02:00:27.012] [bmv2] [D] [thread 21995] [26.0] [cxt 0] Deparsing header 'ethernet'
[02:00:27.012] [bmv2] [D] [thread 21995] [26.0] [cxt 0] Deparser 'deparser': end
[02:00:27.012] [bmv2] [D] [thread 21999] [26.0] [cxt 0] Transmitting packet of size 70 out of port 0
open: No such file or directory
open: No such file or directory
open: No such file or directory
open: No such file or directory
open: No such file or directory
open: No such file or directory
open: No such file or directory
open: No such file or directory
open: No such file or directory
open: No such file or directory
open: No such file or directory
open: No such file or directory
