Calling target program-options parser
[15:14:12.353] [bmv2] [D] [thread 12778] Set default default entry for table 'MyIngress.ipv4_lpm': MyIngress.send_to_cpu - 
Adding interface s5-eth1 as port 1
[15:14:12.354] [bmv2] [D] [thread 12778] Adding interface s5-eth1 as port 1
Adding interface s5-eth2 as port 2
[15:14:12.393] [bmv2] [D] [thread 12778] Adding interface s5-eth2 as port 2
Adding interface s5-eth3 as port 3
[15:14:12.433] [bmv2] [D] [thread 12778] Adding interface s5-eth3 as port 3
Adding interface s5-eth4 as port 4
[15:14:12.473] [bmv2] [D] [thread 12778] Adding interface s5-eth4 as port 4
Adding interface s5-eth5 as port 5
[15:14:12.509] [bmv2] [D] [thread 12778] Adding interface s5-eth5 as port 5
Server listening on 0.0.0.0:50055
[15:14:12.551] [bmv2] [I] [thread 12778] Starting Thrift server on port 9094
[15:14:12.551] [bmv2] [I] [thread 12778] Thrift server was started
[15:14:14.382] [bmv2] [D] [thread 12788] [0.0] [cxt 0] Processing packet received on port 5
[15:14:14.382] [bmv2] [D] [thread 12788] [0.0] [cxt 0] Parser 'parser': start
[15:14:14.382] [bmv2] [D] [thread 12788] [0.0] [cxt 0] Parser 'parser' entering state 'start'
[15:14:14.382] [bmv2] [D] [thread 12788] [0.0] [cxt 0] Extracting header 'ethernet'
[15:14:14.382] [bmv2] [D] [thread 12788] [0.0] [cxt 0] Parser state 'start': key is 86dd
[15:14:14.382] [bmv2] [T] [thread 12788] [0.0] [cxt 0] Bytes parsed: 14
[15:14:14.382] [bmv2] [D] [thread 12788] [0.0] [cxt 0] Parser 'parser': end
[15:14:14.382] [bmv2] [D] [thread 12788] [0.0] [cxt 0] Pipeline 'ingress': start
[15:14:14.382] [bmv2] [T] [thread 12788] [0.0] [cxt 0] forward.p4(119) Condition "hdr.ipv4.isValid()" (node_2) is false
[15:14:14.382] [bmv2] [D] [thread 12788] [0.0] [cxt 0] Pipeline 'ingress': end
[15:14:14.382] [bmv2] [D] [thread 12788] [0.0] [cxt 0] Egress port is 0
[15:14:14.382] [bmv2] [D] [thread 12788] [1.0] [cxt 0] Processing packet received on port 5
[15:14:14.382] [bmv2] [D] [thread 12788] [1.0] [cxt 0] Parser 'parser': start
[15:14:14.382] [bmv2] [D] [thread 12788] [1.0] [cxt 0] Parser 'parser' entering state 'start'
[15:14:14.382] [bmv2] [D] [thread 12788] [1.0] [cxt 0] Extracting header 'ethernet'
[15:14:14.382] [bmv2] [D] [thread 12788] [1.0] [cxt 0] Parser state 'start': key is 86dd
[15:14:14.382] [bmv2] [T] [thread 12788] [1.0] [cxt 0] Bytes parsed: 14
[15:14:14.382] [bmv2] [D] [thread 12788] [1.0] [cxt 0] Parser 'parser': end
[15:14:14.382] [bmv2] [D] [thread 12788] [1.0] [cxt 0] Pipeline 'ingress': start
[15:14:14.382] [bmv2] [T] [thread 12788] [1.0] [cxt 0] forward.p4(119) Condition "hdr.ipv4.isValid()" (node_2) is false
[15:14:14.382] [bmv2] [D] [thread 12788] [1.0] [cxt 0] Pipeline 'ingress': end
[15:14:14.382] [bmv2] [D] [thread 12788] [1.0] [cxt 0] Egress port is 0
[15:14:14.382] [bmv2] [D] [thread 12789] [0.0] [cxt 0] Pipeline 'egress': start
[15:14:14.383] [bmv2] [D] [thread 12789] [0.0] [cxt 0] Pipeline 'egress': end
[15:14:14.383] [bmv2] [D] [thread 12789] [0.0] [cxt 0] Deparser 'deparser': start
[15:14:14.383] [bmv2] [T] [thread 12789] [0.0] [cxt 0] Skipping checksum 'cksum' update because condition not met
[15:14:14.383] [bmv2] [D] [thread 12789] [0.0] [cxt 0] Deparsing header 'ethernet'
[15:14:14.383] [bmv2] [D] [thread 12789] [0.0] [cxt 0] Deparser 'deparser': end
[15:14:14.383] [bmv2] [D] [thread 12789] [1.0] [cxt 0] Pipeline 'egress': start
[15:14:14.383] [bmv2] [D] [thread 12789] [1.0] [cxt 0] Pipeline 'egress': end
[15:14:14.383] [bmv2] [D] [thread 12789] [1.0] [cxt 0] Deparser 'deparser': start
[15:14:14.383] [bmv2] [T] [thread 12789] [1.0] [cxt 0] Skipping checksum 'cksum' update because condition not met
[15:14:14.383] [bmv2] [D] [thread 12789] [1.0] [cxt 0] Deparsing header 'ethernet'
[15:14:14.383] [bmv2] [D] [thread 12789] [1.0] [cxt 0] Deparser 'deparser': end
[15:14:14.383] [bmv2] [D] [thread 12793] [0.0] [cxt 0] Transmitting packet of size 70 out of port 0
[15:14:14.383] [bmv2] [D] [thread 12793] [1.0] [cxt 0] Transmitting packet of size 70 out of port 0
[15:14:14.385] [bmv2] [D] [thread 12788] [2.0] [cxt 0] Processing packet received on port 3
[15:14:14.385] [bmv2] [D] [thread 12788] [2.0] [cxt 0] Parser 'parser': start
[15:14:14.385] [bmv2] [D] [thread 12788] [2.0] [cxt 0] Parser 'parser' entering state 'start'
[15:14:14.385] [bmv2] [D] [thread 12788] [2.0] [cxt 0] Extracting header 'ethernet'
[15:14:14.385] [bmv2] [D] [thread 12788] [2.0] [cxt 0] Parser state 'start': key is 86dd
[15:14:14.385] [bmv2] [T] [thread 12788] [2.0] [cxt 0] Bytes parsed: 14
[15:14:14.385] [bmv2] [D] [thread 12788] [2.0] [cxt 0] Parser 'parser': end
[15:14:14.385] [bmv2] [D] [thread 12788] [2.0] [cxt 0] Pipeline 'ingress': start
[15:14:14.385] [bmv2] [T] [thread 12788] [2.0] [cxt 0] forward.p4(119) Condition "hdr.ipv4.isValid()" (node_2) is false
[15:14:14.385] [bmv2] [D] [thread 12788] [2.0] [cxt 0] Pipeline 'ingress': end
[15:14:14.385] [bmv2] [D] [thread 12788] [2.0] [cxt 0] Egress port is 0
[15:14:14.385] [bmv2] [D] [thread 12789] [2.0] [cxt 0] Pipeline 'egress': start
[15:14:14.385] [bmv2] [D] [thread 12789] [2.0] [cxt 0] Pipeline 'egress': end
[15:14:14.385] [bmv2] [D] [thread 12789] [2.0] [cxt 0] Deparser 'deparser': start
[15:14:14.385] [bmv2] [T] [thread 12789] [2.0] [cxt 0] Skipping checksum 'cksum' update because condition not met
[15:14:14.385] [bmv2] [D] [thread 12789] [2.0] [cxt 0] Deparsing header 'ethernet'
[15:14:14.385] [bmv2] [D] [thread 12789] [2.0] [cxt 0] Deparser 'deparser': end
[15:14:14.385] [bmv2] [D] [thread 12793] [2.0] [cxt 0] Transmitting packet of size 70 out of port 0
[15:14:14.639] [bmv2] [D] [thread 12788] [3.0] [cxt 0] Processing packet received on port 1
[15:14:14.639] [bmv2] [D] [thread 12788] [3.0] [cxt 0] Parser 'parser': start
[15:14:14.639] [bmv2] [D] [thread 12788] [3.0] [cxt 0] Parser 'parser' entering state 'start'
[15:14:14.639] [bmv2] [D] [thread 12788] [3.0] [cxt 0] Extracting header 'ethernet'
[15:14:14.639] [bmv2] [D] [thread 12788] [3.0] [cxt 0] Parser state 'start': key is 86dd
[15:14:14.639] [bmv2] [T] [thread 12788] [3.0] [cxt 0] Bytes parsed: 14
[15:14:14.639] [bmv2] [D] [thread 12788] [3.0] [cxt 0] Parser 'parser': end
[15:14:14.639] [bmv2] [D] [thread 12788] [3.0] [cxt 0] Pipeline 'ingress': start
[15:14:14.639] [bmv2] [T] [thread 12788] [3.0] [cxt 0] forward.p4(119) Condition "hdr.ipv4.isValid()" (node_2) is false
[15:14:14.639] [bmv2] [D] [thread 12788] [3.0] [cxt 0] Pipeline 'ingress': end
[15:14:14.639] [bmv2] [D] [thread 12788] [3.0] [cxt 0] Egress port is 0
[15:14:14.639] [bmv2] [D] [thread 12789] [3.0] [cxt 0] Pipeline 'egress': start
[15:14:14.639] [bmv2] [D] [thread 12789] [3.0] [cxt 0] Pipeline 'egress': end
[15:14:14.639] [bmv2] [D] [thread 12789] [3.0] [cxt 0] Deparser 'deparser': start
[15:14:14.639] [bmv2] [T] [thread 12789] [3.0] [cxt 0] Skipping checksum 'cksum' update because condition not met
[15:14:14.639] [bmv2] [D] [thread 12789] [3.0] [cxt 0] Deparsing header 'ethernet'
[15:14:14.639] [bmv2] [D] [thread 12789] [3.0] [cxt 0] Deparser 'deparser': end
[15:14:14.639] [bmv2] [D] [thread 12793] [3.0] [cxt 0] Transmitting packet of size 70 out of port 0
[15:14:14.642] [bmv2] [D] [thread 12788] [4.0] [cxt 0] Processing packet received on port 2
[15:14:14.642] [bmv2] [D] [thread 12788] [4.0] [cxt 0] Parser 'parser': start
[15:14:14.642] [bmv2] [D] [thread 12788] [4.0] [cxt 0] Parser 'parser' entering state 'start'
[15:14:14.642] [bmv2] [D] [thread 12788] [4.0] [cxt 0] Extracting header 'ethernet'
[15:14:14.642] [bmv2] [D] [thread 12788] [4.0] [cxt 0] Parser state 'start': key is 86dd
[15:14:14.642] [bmv2] [T] [thread 12788] [4.0] [cxt 0] Bytes parsed: 14
[15:14:14.642] [bmv2] [D] [thread 12788] [4.0] [cxt 0] Parser 'parser': end
[15:14:14.642] [bmv2] [D] [thread 12788] [4.0] [cxt 0] Pipeline 'ingress': start
[15:14:14.642] [bmv2] [T] [thread 12788] [4.0] [cxt 0] forward.p4(119) Condition "hdr.ipv4.isValid()" (node_2) is false
[15:14:14.642] [bmv2] [D] [thread 12788] [4.0] [cxt 0] Pipeline 'ingress': end
[15:14:14.642] [bmv2] [D] [thread 12788] [4.0] [cxt 0] Egress port is 0
[15:14:14.642] [bmv2] [D] [thread 12789] [4.0] [cxt 0] Pipeline 'egress': start
[15:14:14.642] [bmv2] [D] [thread 12789] [4.0] [cxt 0] Pipeline 'egress': end
[15:14:14.642] [bmv2] [D] [thread 12789] [4.0] [cxt 0] Deparser 'deparser': start
[15:14:14.642] [bmv2] [T] [thread 12789] [4.0] [cxt 0] Skipping checksum 'cksum' update because condition not met
[15:14:14.642] [bmv2] [D] [thread 12789] [4.0] [cxt 0] Deparsing header 'ethernet'
[15:14:14.642] [bmv2] [D] [thread 12789] [4.0] [cxt 0] Deparser 'deparser': end
[15:14:14.642] [bmv2] [D] [thread 12793] [4.0] [cxt 0] Transmitting packet of size 70 out of port 0
[15:14:14.893] [bmv2] [D] [thread 12788] [5.0] [cxt 0] Processing packet received on port 2
[15:14:14.893] [bmv2] [D] [thread 12788] [5.0] [cxt 0] Parser 'parser': start
[15:14:14.893] [bmv2] [D] [thread 12788] [5.0] [cxt 0] Parser 'parser' entering state 'start'
[15:14:14.893] [bmv2] [D] [thread 12788] [5.0] [cxt 0] Extracting header 'ethernet'
[15:14:14.893] [bmv2] [D] [thread 12788] [5.0] [cxt 0] Parser state 'start': key is 86dd
[15:14:14.893] [bmv2] [T] [thread 12788] [5.0] [cxt 0] Bytes parsed: 14
[15:14:14.893] [bmv2] [D] [thread 12788] [5.0] [cxt 0] Parser 'parser': end
[15:14:14.893] [bmv2] [D] [thread 12788] [5.0] [cxt 0] Pipeline 'ingress': start
[15:14:14.893] [bmv2] [T] [thread 12788] [5.0] [cxt 0] forward.p4(119) Condition "hdr.ipv4.isValid()" (node_2) is false
[15:14:14.893] [bmv2] [D] [thread 12788] [5.0] [cxt 0] Pipeline 'ingress': end
[15:14:14.893] [bmv2] [D] [thread 12788] [5.0] [cxt 0] Egress port is 0
[15:14:14.893] [bmv2] [D] [thread 12789] [5.0] [cxt 0] Pipeline 'egress': start
[15:14:14.894] [bmv2] [D] [thread 12789] [5.0] [cxt 0] Pipeline 'egress': end
[15:14:14.894] [bmv2] [D] [thread 12789] [5.0] [cxt 0] Deparser 'deparser': start
[15:14:14.894] [bmv2] [T] [thread 12789] [5.0] [cxt 0] Skipping checksum 'cksum' update because condition not met
[15:14:14.894] [bmv2] [D] [thread 12789] [5.0] [cxt 0] Deparsing header 'ethernet'
[15:14:14.894] [bmv2] [D] [thread 12789] [5.0] [cxt 0] Deparser 'deparser': end
[15:14:14.894] [bmv2] [D] [thread 12793] [5.0] [cxt 0] Transmitting packet of size 70 out of port 0
[15:14:14.897] [bmv2] [D] [thread 12788] [6.0] [cxt 0] Processing packet received on port 1
[15:14:14.897] [bmv2] [D] [thread 12788] [6.0] [cxt 0] Parser 'parser': start
[15:14:14.897] [bmv2] [D] [thread 12788] [6.0] [cxt 0] Parser 'parser' entering state 'start'
[15:14:14.897] [bmv2] [D] [thread 12788] [6.0] [cxt 0] Extracting header 'ethernet'
[15:14:14.897] [bmv2] [D] [thread 12788] [6.0] [cxt 0] Parser state 'start': key is 86dd
[15:14:14.897] [bmv2] [T] [thread 12788] [6.0] [cxt 0] Bytes parsed: 14
[15:14:14.897] [bmv2] [D] [thread 12788] [6.0] [cxt 0] Parser 'parser': end
[15:14:14.897] [bmv2] [D] [thread 12788] [6.0] [cxt 0] Pipeline 'ingress': start
[15:14:14.897] [bmv2] [T] [thread 12788] [6.0] [cxt 0] forward.p4(119) Condition "hdr.ipv4.isValid()" (node_2) is false
[15:14:14.897] [bmv2] [D] [thread 12788] [6.0] [cxt 0] Pipeline 'ingress': end
[15:14:14.897] [bmv2] [D] [thread 12788] [6.0] [cxt 0] Egress port is 0
[15:14:14.897] [bmv2] [D] [thread 12789] [6.0] [cxt 0] Pipeline 'egress': start
[15:14:14.897] [bmv2] [D] [thread 12789] [6.0] [cxt 0] Pipeline 'egress': end
[15:14:14.897] [bmv2] [D] [thread 12789] [6.0] [cxt 0] Deparser 'deparser': start
[15:14:14.897] [bmv2] [T] [thread 12789] [6.0] [cxt 0] Skipping checksum 'cksum' update because condition not met
[15:14:14.897] [bmv2] [D] [thread 12789] [6.0] [cxt 0] Deparsing header 'ethernet'
[15:14:14.897] [bmv2] [D] [thread 12789] [6.0] [cxt 0] Deparser 'deparser': end
[15:14:14.897] [bmv2] [D] [thread 12793] [6.0] [cxt 0] Transmitting packet of size 70 out of port 0
[15:14:14.898] [bmv2] [D] [thread 12788] [7.0] [cxt 0] Processing packet received on port 3
[15:14:14.898] [bmv2] [D] [thread 12788] [7.0] [cxt 0] Parser 'parser': start
[15:14:14.898] [bmv2] [D] [thread 12788] [7.0] [cxt 0] Parser 'parser' entering state 'start'
[15:14:14.898] [bmv2] [D] [thread 12788] [7.0] [cxt 0] Extracting header 'ethernet'
[15:14:14.898] [bmv2] [D] [thread 12788] [7.0] [cxt 0] Parser state 'start': key is 86dd
[15:14:14.898] [bmv2] [T] [thread 12788] [7.0] [cxt 0] Bytes parsed: 14
[15:14:14.898] [bmv2] [D] [thread 12788] [7.0] [cxt 0] Parser 'parser': end
[15:14:14.898] [bmv2] [D] [thread 12788] [7.0] [cxt 0] Pipeline 'ingress': start
[15:14:14.898] [bmv2] [T] [thread 12788] [7.0] [cxt 0] forward.p4(119) Condition "hdr.ipv4.isValid()" (node_2) is false
[15:14:14.898] [bmv2] [D] [thread 12788] [7.0] [cxt 0] Pipeline 'ingress': end
[15:14:14.898] [bmv2] [D] [thread 12788] [7.0] [cxt 0] Egress port is 0
[15:14:14.898] [bmv2] [D] [thread 12789] [7.0] [cxt 0] Pipeline 'egress': start
[15:14:14.898] [bmv2] [D] [thread 12789] [7.0] [cxt 0] Pipeline 'egress': end
[15:14:14.898] [bmv2] [D] [thread 12789] [7.0] [cxt 0] Deparser 'deparser': start
[15:14:14.898] [bmv2] [T] [thread 12789] [7.0] [cxt 0] Skipping checksum 'cksum' update because condition not met
[15:14:14.898] [bmv2] [D] [thread 12789] [7.0] [cxt 0] Deparsing header 'ethernet'
[15:14:14.898] [bmv2] [D] [thread 12789] [7.0] [cxt 0] Deparser 'deparser': end
[15:14:14.898] [bmv2] [D] [thread 12793] [7.0] [cxt 0] Transmitting packet of size 70 out of port 0
[15:14:15.410] [bmv2] [D] [thread 12788] [8.0] [cxt 0] Processing packet received on port 4
[15:14:15.410] [bmv2] [D] [thread 12788] [8.0] [cxt 0] Parser 'parser': start
[15:14:15.410] [bmv2] [D] [thread 12788] [8.0] [cxt 0] Parser 'parser' entering state 'start'
[15:14:15.410] [bmv2] [D] [thread 12788] [8.0] [cxt 0] Extracting header 'ethernet'
[15:14:15.410] [bmv2] [D] [thread 12788] [8.0] [cxt 0] Parser state 'start': key is 86dd
[15:14:15.410] [bmv2] [T] [thread 12788] [8.0] [cxt 0] Bytes parsed: 14
[15:14:15.410] [bmv2] [D] [thread 12788] [8.0] [cxt 0] Parser 'parser': end
[15:14:15.410] [bmv2] [D] [thread 12788] [8.0] [cxt 0] Pipeline 'ingress': start
[15:14:15.410] [bmv2] [T] [thread 12788] [8.0] [cxt 0] forward.p4(119) Condition "hdr.ipv4.isValid()" (node_2) is false
[15:14:15.410] [bmv2] [D] [thread 12788] [8.0] [cxt 0] Pipeline 'ingress': end
[15:14:15.410] [bmv2] [D] [thread 12788] [8.0] [cxt 0] Egress port is 0
[15:14:15.410] [bmv2] [D] [thread 12789] [8.0] [cxt 0] Pipeline 'egress': start
[15:14:15.410] [bmv2] [D] [thread 12789] [8.0] [cxt 0] Pipeline 'egress': end
[15:14:15.410] [bmv2] [D] [thread 12789] [8.0] [cxt 0] Deparser 'deparser': start
[15:14:15.410] [bmv2] [T] [thread 12789] [8.0] [cxt 0] Skipping checksum 'cksum' update because condition not met
[15:14:15.410] [bmv2] [D] [thread 12789] [8.0] [cxt 0] Deparsing header 'ethernet'
[15:14:15.410] [bmv2] [D] [thread 12789] [8.0] [cxt 0] Deparser 'deparser': end
[15:14:15.410] [bmv2] [D] [thread 12793] [8.0] [cxt 0] Transmitting packet of size 70 out of port 0
[15:14:15.664] [bmv2] [D] [thread 12788] [9.0] [cxt 0] Processing packet received on port 4
[15:14:15.664] [bmv2] [D] [thread 12788] [9.0] [cxt 0] Parser 'parser': start
[15:14:15.664] [bmv2] [D] [thread 12788] [9.0] [cxt 0] Parser 'parser' entering state 'start'
[15:14:15.664] [bmv2] [D] [thread 12788] [9.0] [cxt 0] Extracting header 'ethernet'
[15:14:15.664] [bmv2] [D] [thread 12788] [9.0] [cxt 0] Parser state 'start': key is 86dd
[15:14:15.664] [bmv2] [T] [thread 12788] [9.0] [cxt 0] Bytes parsed: 14
[15:14:15.664] [bmv2] [D] [thread 12788] [9.0] [cxt 0] Parser 'parser': end
[15:14:15.664] [bmv2] [D] [thread 12788] [9.0] [cxt 0] Pipeline 'ingress': start
[15:14:15.664] [bmv2] [T] [thread 12788] [9.0] [cxt 0] forward.p4(119) Condition "hdr.ipv4.isValid()" (node_2) is false
[15:14:15.664] [bmv2] [D] [thread 12788] [9.0] [cxt 0] Pipeline 'ingress': end
[15:14:15.664] [bmv2] [D] [thread 12788] [9.0] [cxt 0] Egress port is 0
[15:14:15.664] [bmv2] [D] [thread 12789] [9.0] [cxt 0] Pipeline 'egress': start
[15:14:15.664] [bmv2] [D] [thread 12789] [9.0] [cxt 0] Pipeline 'egress': end
[15:14:15.664] [bmv2] [D] [thread 12789] [9.0] [cxt 0] Deparser 'deparser': start
[15:14:15.664] [bmv2] [T] [thread 12789] [9.0] [cxt 0] Skipping checksum 'cksum' update because condition not met
[15:14:15.664] [bmv2] [D] [thread 12789] [9.0] [cxt 0] Deparsing header 'ethernet'
[15:14:15.664] [bmv2] [D] [thread 12789] [9.0] [cxt 0] Deparser 'deparser': end
[15:14:15.664] [bmv2] [D] [thread 12793] [9.0] [cxt 0] Transmitting packet of size 70 out of port 0
[15:14:19.355] [bmv2] [W] [thread 12866] [P4Runtime] p4::tmp::P4DeviceConfig is deprecated
[15:14:19.356] [bmv2] [D] [thread 12866] Set default default entry for table 'MyIngress.ipv4_lpm': MyIngress.send_to_cpu - 
[15:14:19.357] [bmv2] [D] [thread 12866] simple_switch target has been notified of a config swap
[15:14:19.377] [bmv2] [D] [thread 12893] Entry 0 added to table 'MyIngress.ipv4_lpm'
[15:14:19.377] [bmv2] [D] [thread 12893] Dumping entry 0
Match key:
* hdr.ipv4.dstAddr    : LPM       0a000100/24
Action entry: MyIngress.ipv4_forward - 80000000222,1,

[15:14:19.379] [bmv2] [D] [thread 12866] Entry 1 added to table 'MyIngress.ipv4_lpm'
[15:14:19.379] [bmv2] [D] [thread 12866] Dumping entry 1
Match key:
* hdr.ipv4.dstAddr    : LPM       0a000200/24
Action entry: MyIngress.ipv4_forward - 80000000222,2,

[15:14:19.380] [bmv2] [D] [thread 12893] Entry 2 added to table 'MyIngress.ipv4_lpm'
[15:14:19.380] [bmv2] [D] [thread 12893] Dumping entry 2
Match key:
* hdr.ipv4.dstAddr    : LPM       0a000000/8
Action entry: MyIngress.ipv4_forward - 80000000222,3,

[15:14:21.806] [bmv2] [D] [thread 12788] [10.0] [cxt 0] Processing packet received on port 5
[15:14:21.806] [bmv2] [D] [thread 12788] [10.0] [cxt 0] Parser 'parser': start
[15:14:21.806] [bmv2] [D] [thread 12788] [10.0] [cxt 0] Parser 'parser' entering state 'start'
[15:14:21.806] [bmv2] [D] [thread 12788] [10.0] [cxt 0] Extracting header 'ethernet'
[15:14:21.806] [bmv2] [D] [thread 12788] [10.0] [cxt 0] Parser state 'start': key is 86dd
[15:14:21.806] [bmv2] [T] [thread 12788] [10.0] [cxt 0] Bytes parsed: 14
[15:14:21.806] [bmv2] [D] [thread 12788] [10.0] [cxt 0] Parser 'parser': end
[15:14:21.806] [bmv2] [D] [thread 12788] [10.0] [cxt 0] Pipeline 'ingress': start
[15:14:21.806] [bmv2] [T] [thread 12788] [10.0] [cxt 0] forward.p4(119) Condition "hdr.ipv4.isValid()" (node_2) is false
[15:14:21.806] [bmv2] [D] [thread 12788] [10.0] [cxt 0] Pipeline 'ingress': end
[15:14:21.806] [bmv2] [D] [thread 12788] [10.0] [cxt 0] Egress port is 0
[15:14:21.806] [bmv2] [D] [thread 12788] [11.0] [cxt 0] Processing packet received on port 5
[15:14:21.806] [bmv2] [D] [thread 12788] [11.0] [cxt 0] Parser 'parser': start
[15:14:21.806] [bmv2] [D] [thread 12788] [11.0] [cxt 0] Parser 'parser' entering state 'start'
[15:14:21.806] [bmv2] [D] [thread 12788] [11.0] [cxt 0] Extracting header 'ethernet'
[15:14:21.806] [bmv2] [D] [thread 12788] [11.0] [cxt 0] Parser state 'start': key is 86dd
[15:14:21.806] [bmv2] [T] [thread 12788] [11.0] [cxt 0] Bytes parsed: 14
[15:14:21.806] [bmv2] [D] [thread 12788] [11.0] [cxt 0] Parser 'parser': end
[15:14:21.806] [bmv2] [D] [thread 12788] [11.0] [cxt 0] Pipeline 'ingress': start
[15:14:21.806] [bmv2] [T] [thread 12788] [11.0] [cxt 0] forward.p4(119) Condition "hdr.ipv4.isValid()" (node_2) is false
[15:14:21.806] [bmv2] [D] [thread 12788] [11.0] [cxt 0] Pipeline 'ingress': end
[15:14:21.806] [bmv2] [D] [thread 12788] [11.0] [cxt 0] Egress port is 0
[15:14:21.806] [bmv2] [D] [thread 12789] [10.0] [cxt 0] Pipeline 'egress': start
[15:14:21.806] [bmv2] [D] [thread 12789] [10.0] [cxt 0] Pipeline 'egress': end
[15:14:21.806] [bmv2] [D] [thread 12789] [10.0] [cxt 0] Deparser 'deparser': start
[15:14:21.806] [bmv2] [T] [thread 12789] [10.0] [cxt 0] Skipping checksum 'cksum' update because condition not met
[15:14:21.806] [bmv2] [D] [thread 12789] [10.0] [cxt 0] Deparsing header 'ethernet'
[15:14:21.806] [bmv2] [D] [thread 12789] [10.0] [cxt 0] Deparser 'deparser': end
[15:14:21.806] [bmv2] [D] [thread 12789] [11.0] [cxt 0] Pipeline 'egress': start
[15:14:21.806] [bmv2] [D] [thread 12789] [11.0] [cxt 0] Pipeline 'egress': end
[15:14:21.806] [bmv2] [D] [thread 12789] [11.0] [cxt 0] Deparser 'deparser': start
[15:14:21.806] [bmv2] [T] [thread 12789] [11.0] [cxt 0] Skipping checksum 'cksum' update because condition not met
[15:14:21.806] [bmv2] [D] [thread 12789] [11.0] [cxt 0] Deparsing header 'ethernet'
[15:14:21.806] [bmv2] [D] [thread 12789] [11.0] [cxt 0] Deparser 'deparser': end
[15:14:21.806] [bmv2] [D] [thread 12793] [10.0] [cxt 0] Transmitting packet of size 70 out of port 0
[15:14:21.806] [bmv2] [D] [thread 12793] [11.0] [cxt 0] Transmitting packet of size 70 out of port 0
[15:14:22.061] [bmv2] [D] [thread 12788] [12.0] [cxt 0] Processing packet received on port 3
[15:14:22.061] [bmv2] [D] [thread 12788] [12.0] [cxt 0] Parser 'parser': start
[15:14:22.061] [bmv2] [D] [thread 12788] [12.0] [cxt 0] Parser 'parser' entering state 'start'
[15:14:22.061] [bmv2] [D] [thread 12788] [12.0] [cxt 0] Extracting header 'ethernet'
[15:14:22.061] [bmv2] [D] [thread 12788] [12.0] [cxt 0] Parser state 'start': key is 86dd
[15:14:22.061] [bmv2] [T] [thread 12788] [12.0] [cxt 0] Bytes parsed: 14
[15:14:22.061] [bmv2] [D] [thread 12788] [12.0] [cxt 0] Parser 'parser': end
[15:14:22.061] [bmv2] [D] [thread 12788] [12.0] [cxt 0] Pipeline 'ingress': start
[15:14:22.061] [bmv2] [T] [thread 12788] [12.0] [cxt 0] forward.p4(119) Condition "hdr.ipv4.isValid()" (node_2) is false
[15:14:22.061] [bmv2] [D] [thread 12788] [12.0] [cxt 0] Pipeline 'ingress': end
[15:14:22.061] [bmv2] [D] [thread 12788] [12.0] [cxt 0] Egress port is 0
[15:14:22.061] [bmv2] [D] [thread 12789] [12.0] [cxt 0] Pipeline 'egress': start
[15:14:22.061] [bmv2] [D] [thread 12789] [12.0] [cxt 0] Pipeline 'egress': end
[15:14:22.061] [bmv2] [D] [thread 12789] [12.0] [cxt 0] Deparser 'deparser': start
[15:14:22.061] [bmv2] [T] [thread 12789] [12.0] [cxt 0] Skipping checksum 'cksum' update because condition not met
[15:14:22.061] [bmv2] [D] [thread 12789] [12.0] [cxt 0] Deparsing header 'ethernet'
[15:14:22.061] [bmv2] [D] [thread 12789] [12.0] [cxt 0] Deparser 'deparser': end
[15:14:22.061] [bmv2] [D] [thread 12793] [12.0] [cxt 0] Transmitting packet of size 70 out of port 0
[15:14:22.318] [bmv2] [D] [thread 12788] [13.0] [cxt 0] Processing packet received on port 2
[15:14:22.318] [bmv2] [D] [thread 12788] [13.0] [cxt 0] Parser 'parser': start
[15:14:22.318] [bmv2] [D] [thread 12788] [13.0] [cxt 0] Parser 'parser' entering state 'start'
[15:14:22.318] [bmv2] [D] [thread 12788] [13.0] [cxt 0] Extracting header 'ethernet'
[15:14:22.318] [bmv2] [D] [thread 12788] [13.0] [cxt 0] Parser state 'start': key is 86dd
[15:14:22.318] [bmv2] [T] [thread 12788] [13.0] [cxt 0] Bytes parsed: 14
[15:14:22.318] [bmv2] [D] [thread 12788] [13.0] [cxt 0] Parser 'parser': end
[15:14:22.318] [bmv2] [D] [thread 12788] [13.0] [cxt 0] Pipeline 'ingress': start
[15:14:22.318] [bmv2] [T] [thread 12788] [13.0] [cxt 0] forward.p4(119) Condition "hdr.ipv4.isValid()" (node_2) is false
[15:14:22.318] [bmv2] [D] [thread 12788] [13.0] [cxt 0] Pipeline 'ingress': end
[15:14:22.318] [bmv2] [D] [thread 12788] [13.0] [cxt 0] Egress port is 0
[15:14:22.318] [bmv2] [D] [thread 12788] [14.0] [cxt 0] Processing packet received on port 2
[15:14:22.318] [bmv2] [D] [thread 12788] [14.0] [cxt 0] Parser 'parser': start
[15:14:22.318] [bmv2] [D] [thread 12788] [14.0] [cxt 0] Parser 'parser' entering state 'start'
[15:14:22.318] [bmv2] [D] [thread 12788] [14.0] [cxt 0] Extracting header 'ethernet'
[15:14:22.318] [bmv2] [D] [thread 12788] [14.0] [cxt 0] Parser state 'start': key is 86dd
[15:14:22.318] [bmv2] [T] [thread 12788] [14.0] [cxt 0] Bytes parsed: 14
[15:14:22.318] [bmv2] [D] [thread 12788] [14.0] [cxt 0] Parser 'parser': end
[15:14:22.318] [bmv2] [D] [thread 12788] [14.0] [cxt 0] Pipeline 'ingress': start
[15:14:22.318] [bmv2] [T] [thread 12788] [14.0] [cxt 0] forward.p4(119) Condition "hdr.ipv4.isValid()" (node_2) is false
[15:14:22.318] [bmv2] [D] [thread 12788] [14.0] [cxt 0] Pipeline 'ingress': end
[15:14:22.318] [bmv2] [D] [thread 12788] [14.0] [cxt 0] Egress port is 0
[15:14:22.318] [bmv2] [D] [thread 12789] [13.0] [cxt 0] Pipeline 'egress': start
[15:14:22.318] [bmv2] [D] [thread 12789] [13.0] [cxt 0] Pipeline 'egress': end
[15:14:22.318] [bmv2] [D] [thread 12789] [13.0] [cxt 0] Deparser 'deparser': start
[15:14:22.318] [bmv2] [T] [thread 12789] [13.0] [cxt 0] Skipping checksum 'cksum' update because condition not met
[15:14:22.318] [bmv2] [D] [thread 12789] [13.0] [cxt 0] Deparsing header 'ethernet'
[15:14:22.318] [bmv2] [D] [thread 12789] [13.0] [cxt 0] Deparser 'deparser': end
[15:14:22.318] [bmv2] [D] [thread 12789] [14.0] [cxt 0] Pipeline 'egress': start
[15:14:22.318] [bmv2] [D] [thread 12789] [14.0] [cxt 0] Pipeline 'egress': end
[15:14:22.318] [bmv2] [D] [thread 12789] [14.0] [cxt 0] Deparser 'deparser': start
[15:14:22.318] [bmv2] [T] [thread 12789] [14.0] [cxt 0] Skipping checksum 'cksum' update because condition not met
[15:14:22.318] [bmv2] [D] [thread 12789] [14.0] [cxt 0] Deparsing header 'ethernet'
[15:14:22.318] [bmv2] [D] [thread 12789] [14.0] [cxt 0] Deparser 'deparser': end
[15:14:22.318] [bmv2] [D] [thread 12793] [13.0] [cxt 0] Transmitting packet of size 70 out of port 0
[15:14:22.318] [bmv2] [D] [thread 12793] [14.0] [cxt 0] Transmitting packet of size 70 out of port 0
[15:14:22.574] [bmv2] [D] [thread 12788] [15.0] [cxt 0] Processing packet received on port 3
[15:14:22.574] [bmv2] [D] [thread 12788] [15.0] [cxt 0] Parser 'parser': start
[15:14:22.574] [bmv2] [D] [thread 12788] [15.0] [cxt 0] Parser 'parser' entering state 'start'
[15:14:22.574] [bmv2] [D] [thread 12788] [15.0] [cxt 0] Extracting header 'ethernet'
[15:14:22.574] [bmv2] [D] [thread 12788] [15.0] [cxt 0] Parser state 'start': key is 86dd
[15:14:22.574] [bmv2] [T] [thread 12788] [15.0] [cxt 0] Bytes parsed: 14
[15:14:22.574] [bmv2] [D] [thread 12788] [15.0] [cxt 0] Parser 'parser': end
[15:14:22.574] [bmv2] [D] [thread 12788] [15.0] [cxt 0] Pipeline 'ingress': start
[15:14:22.574] [bmv2] [T] [thread 12788] [15.0] [cxt 0] forward.p4(119) Condition "hdr.ipv4.isValid()" (node_2) is false
[15:14:22.574] [bmv2] [D] [thread 12788] [15.0] [cxt 0] Pipeline 'ingress': end
[15:14:22.574] [bmv2] [D] [thread 12788] [15.0] [cxt 0] Egress port is 0
[15:14:22.574] [bmv2] [D] [thread 12789] [15.0] [cxt 0] Pipeline 'egress': start
[15:14:22.574] [bmv2] [D] [thread 12789] [15.0] [cxt 0] Pipeline 'egress': end
[15:14:22.574] [bmv2] [D] [thread 12789] [15.0] [cxt 0] Deparser 'deparser': start
[15:14:22.574] [bmv2] [T] [thread 12789] [15.0] [cxt 0] Skipping checksum 'cksum' update because condition not met
[15:14:22.574] [bmv2] [D] [thread 12789] [15.0] [cxt 0] Deparsing header 'ethernet'
[15:14:22.574] [bmv2] [D] [thread 12789] [15.0] [cxt 0] Deparser 'deparser': end
[15:14:22.574] [bmv2] [D] [thread 12793] [15.0] [cxt 0] Transmitting packet of size 70 out of port 0
[15:14:22.831] [bmv2] [D] [thread 12788] [16.0] [cxt 0] Processing packet received on port 1
[15:14:22.831] [bmv2] [D] [thread 12788] [16.0] [cxt 0] Parser 'parser': start
[15:14:22.831] [bmv2] [D] [thread 12788] [16.0] [cxt 0] Parser 'parser' entering state 'start'
[15:14:22.831] [bmv2] [D] [thread 12788] [16.0] [cxt 0] Extracting header 'ethernet'
[15:14:22.831] [bmv2] [D] [thread 12788] [16.0] [cxt 0] Parser state 'start': key is 86dd
[15:14:22.831] [bmv2] [T] [thread 12788] [16.0] [cxt 0] Bytes parsed: 14
[15:14:22.831] [bmv2] [D] [thread 12788] [16.0] [cxt 0] Parser 'parser': end
[15:14:22.831] [bmv2] [D] [thread 12788] [16.0] [cxt 0] Pipeline 'ingress': start
[15:14:22.831] [bmv2] [T] [thread 12788] [16.0] [cxt 0] forward.p4(119) Condition "hdr.ipv4.isValid()" (node_2) is false
[15:14:22.831] [bmv2] [D] [thread 12788] [16.0] [cxt 0] Pipeline 'ingress': end
[15:14:22.832] [bmv2] [D] [thread 12788] [16.0] [cxt 0] Egress port is 0
[15:14:22.832] [bmv2] [D] [thread 12789] [16.0] [cxt 0] Pipeline 'egress': start
[15:14:22.832] [bmv2] [D] [thread 12789] [16.0] [cxt 0] Pipeline 'egress': end
[15:14:22.832] [bmv2] [D] [thread 12789] [16.0] [cxt 0] Deparser 'deparser': start
[15:14:22.832] [bmv2] [T] [thread 12789] [16.0] [cxt 0] Skipping checksum 'cksum' update because condition not met
[15:14:22.832] [bmv2] [D] [thread 12789] [16.0] [cxt 0] Deparsing header 'ethernet'
[15:14:22.832] [bmv2] [D] [thread 12789] [16.0] [cxt 0] Deparser 'deparser': end
[15:14:22.832] [bmv2] [D] [thread 12793] [16.0] [cxt 0] Transmitting packet of size 70 out of port 0
[15:14:23.085] [bmv2] [D] [thread 12788] [17.0] [cxt 0] Processing packet received on port 1
[15:14:23.085] [bmv2] [D] [thread 12788] [17.0] [cxt 0] Parser 'parser': start
[15:14:23.085] [bmv2] [D] [thread 12788] [17.0] [cxt 0] Parser 'parser' entering state 'start'
[15:14:23.085] [bmv2] [D] [thread 12788] [17.0] [cxt 0] Extracting header 'ethernet'
[15:14:23.085] [bmv2] [D] [thread 12788] [17.0] [cxt 0] Parser state 'start': key is 86dd
[15:14:23.085] [bmv2] [T] [thread 12788] [17.0] [cxt 0] Bytes parsed: 14
[15:14:23.085] [bmv2] [D] [thread 12788] [17.0] [cxt 0] Parser 'parser': end
[15:14:23.085] [bmv2] [D] [thread 12788] [17.0] [cxt 0] Pipeline 'ingress': start
[15:14:23.085] [bmv2] [T] [thread 12788] [17.0] [cxt 0] forward.p4(119) Condition "hdr.ipv4.isValid()" (node_2) is false
[15:14:23.085] [bmv2] [D] [thread 12788] [17.0] [cxt 0] Pipeline 'ingress': end
[15:14:23.085] [bmv2] [D] [thread 12788] [17.0] [cxt 0] Egress port is 0
[15:14:23.085] [bmv2] [D] [thread 12789] [17.0] [cxt 0] Pipeline 'egress': start
[15:14:23.085] [bmv2] [D] [thread 12789] [17.0] [cxt 0] Pipeline 'egress': end
[15:14:23.085] [bmv2] [D] [thread 12789] [17.0] [cxt 0] Deparser 'deparser': start
[15:14:23.085] [bmv2] [T] [thread 12789] [17.0] [cxt 0] Skipping checksum 'cksum' update because condition not met
[15:14:23.085] [bmv2] [D] [thread 12789] [17.0] [cxt 0] Deparsing header 'ethernet'
[15:14:23.085] [bmv2] [D] [thread 12789] [17.0] [cxt 0] Deparser 'deparser': end
[15:14:23.085] [bmv2] [D] [thread 12793] [17.0] [cxt 0] Transmitting packet of size 70 out of port 0
[15:14:23.342] [bmv2] [D] [thread 12788] [18.0] [cxt 0] Processing packet received on port 4
[15:14:23.342] [bmv2] [D] [thread 12788] [18.0] [cxt 0] Parser 'parser': start
[15:14:23.342] [bmv2] [D] [thread 12788] [18.0] [cxt 0] Parser 'parser' entering state 'start'
[15:14:23.342] [bmv2] [D] [thread 12788] [18.0] [cxt 0] Extracting header 'ethernet'
[15:14:23.342] [bmv2] [D] [thread 12788] [18.0] [cxt 0] Parser state 'start': key is 86dd
[15:14:23.342] [bmv2] [T] [thread 12788] [18.0] [cxt 0] Bytes parsed: 14
[15:14:23.342] [bmv2] [D] [thread 12788] [18.0] [cxt 0] Parser 'parser': end
[15:14:23.342] [bmv2] [D] [thread 12788] [18.0] [cxt 0] Pipeline 'ingress': start
[15:14:23.342] [bmv2] [T] [thread 12788] [18.0] [cxt 0] forward.p4(119) Condition "hdr.ipv4.isValid()" (node_2) is false
[15:14:23.342] [bmv2] [D] [thread 12788] [18.0] [cxt 0] Pipeline 'ingress': end
[15:14:23.342] [bmv2] [D] [thread 12788] [18.0] [cxt 0] Egress port is 0
[15:14:23.342] [bmv2] [D] [thread 12789] [18.0] [cxt 0] Pipeline 'egress': start
[15:14:23.342] [bmv2] [D] [thread 12789] [18.0] [cxt 0] Pipeline 'egress': end
[15:14:23.342] [bmv2] [D] [thread 12789] [18.0] [cxt 0] Deparser 'deparser': start
[15:14:23.342] [bmv2] [T] [thread 12789] [18.0] [cxt 0] Skipping checksum 'cksum' update because condition not met
[15:14:23.342] [bmv2] [D] [thread 12789] [18.0] [cxt 0] Deparsing header 'ethernet'
[15:14:23.342] [bmv2] [D] [thread 12789] [18.0] [cxt 0] Deparser 'deparser': end
[15:14:23.342] [bmv2] [D] [thread 12793] [18.0] [cxt 0] Transmitting packet of size 70 out of port 0
[15:14:23.597] [bmv2] [D] [thread 12788] [19.0] [cxt 0] Processing packet received on port 4
[15:14:23.597] [bmv2] [D] [thread 12788] [19.0] [cxt 0] Parser 'parser': start
[15:14:23.597] [bmv2] [D] [thread 12788] [19.0] [cxt 0] Parser 'parser' entering state 'start'
[15:14:23.597] [bmv2] [D] [thread 12788] [19.0] [cxt 0] Extracting header 'ethernet'
[15:14:23.597] [bmv2] [D] [thread 12788] [19.0] [cxt 0] Parser state 'start': key is 86dd
[15:14:23.597] [bmv2] [T] [thread 12788] [19.0] [cxt 0] Bytes parsed: 14
[15:14:23.597] [bmv2] [D] [thread 12788] [19.0] [cxt 0] Parser 'parser': end
[15:14:23.597] [bmv2] [D] [thread 12788] [19.0] [cxt 0] Pipeline 'ingress': start
[15:14:23.597] [bmv2] [T] [thread 12788] [19.0] [cxt 0] forward.p4(119) Condition "hdr.ipv4.isValid()" (node_2) is false
[15:14:23.597] [bmv2] [D] [thread 12788] [19.0] [cxt 0] Pipeline 'ingress': end
[15:14:23.597] [bmv2] [D] [thread 12788] [19.0] [cxt 0] Egress port is 0
[15:14:23.597] [bmv2] [D] [thread 12789] [19.0] [cxt 0] Pipeline 'egress': start
[15:14:23.597] [bmv2] [D] [thread 12789] [19.0] [cxt 0] Pipeline 'egress': end
[15:14:23.598] [bmv2] [D] [thread 12789] [19.0] [cxt 0] Deparser 'deparser': start
[15:14:23.598] [bmv2] [T] [thread 12789] [19.0] [cxt 0] Skipping checksum 'cksum' update because condition not met
[15:14:23.598] [bmv2] [D] [thread 12789] [19.0] [cxt 0] Deparsing header 'ethernet'
[15:14:23.598] [bmv2] [D] [thread 12789] [19.0] [cxt 0] Deparser 'deparser': end
[15:14:23.598] [bmv2] [D] [thread 12793] [19.0] [cxt 0] Transmitting packet of size 70 out of port 0
[15:14:35.885] [bmv2] [D] [thread 12788] [20.0] [cxt 0] Processing packet received on port 5
[15:14:35.886] [bmv2] [D] [thread 12788] [20.0] [cxt 0] Parser 'parser': start
[15:14:35.886] [bmv2] [D] [thread 12788] [20.0] [cxt 0] Parser 'parser' entering state 'start'
[15:14:35.886] [bmv2] [D] [thread 12788] [20.0] [cxt 0] Extracting header 'ethernet'
[15:14:35.886] [bmv2] [D] [thread 12788] [20.0] [cxt 0] Parser state 'start': key is 86dd
[15:14:35.886] [bmv2] [T] [thread 12788] [20.0] [cxt 0] Bytes parsed: 14
[15:14:35.886] [bmv2] [D] [thread 12788] [20.0] [cxt 0] Parser 'parser': end
[15:14:35.886] [bmv2] [D] [thread 12788] [20.0] [cxt 0] Pipeline 'ingress': start
[15:14:35.886] [bmv2] [T] [thread 12788] [20.0] [cxt 0] forward.p4(119) Condition "hdr.ipv4.isValid()" (node_2) is false
[15:14:35.886] [bmv2] [D] [thread 12788] [20.0] [cxt 0] Pipeline 'ingress': end
[15:14:35.886] [bmv2] [D] [thread 12788] [20.0] [cxt 0] Egress port is 0
[15:14:35.886] [bmv2] [D] [thread 12789] [20.0] [cxt 0] Pipeline 'egress': start
[15:14:35.886] [bmv2] [D] [thread 12789] [20.0] [cxt 0] Pipeline 'egress': end
[15:14:35.886] [bmv2] [D] [thread 12789] [20.0] [cxt 0] Deparser 'deparser': start
[15:14:35.886] [bmv2] [T] [thread 12789] [20.0] [cxt 0] Skipping checksum 'cksum' update because condition not met
[15:14:35.886] [bmv2] [D] [thread 12789] [20.0] [cxt 0] Deparsing header 'ethernet'
[15:14:35.886] [bmv2] [D] [thread 12789] [20.0] [cxt 0] Deparser 'deparser': end
[15:14:35.886] [bmv2] [D] [thread 12793] [20.0] [cxt 0] Transmitting packet of size 70 out of port 0
[15:14:36.909] [bmv2] [D] [thread 12788] [21.0] [cxt 0] Processing packet received on port 5
[15:14:36.909] [bmv2] [D] [thread 12788] [21.0] [cxt 0] Parser 'parser': start
[15:14:36.909] [bmv2] [D] [thread 12788] [21.0] [cxt 0] Parser 'parser' entering state 'start'
[15:14:36.909] [bmv2] [D] [thread 12788] [21.0] [cxt 0] Extracting header 'ethernet'
[15:14:36.909] [bmv2] [D] [thread 12788] [21.0] [cxt 0] Parser state 'start': key is 86dd
[15:14:36.909] [bmv2] [T] [thread 12788] [21.0] [cxt 0] Bytes parsed: 14
[15:14:36.909] [bmv2] [D] [thread 12788] [21.0] [cxt 0] Parser 'parser': end
[15:14:36.909] [bmv2] [D] [thread 12788] [21.0] [cxt 0] Pipeline 'ingress': start
[15:14:36.909] [bmv2] [T] [thread 12788] [21.0] [cxt 0] forward.p4(119) Condition "hdr.ipv4.isValid()" (node_2) is false
[15:14:36.909] [bmv2] [D] [thread 12788] [21.0] [cxt 0] Pipeline 'ingress': end
[15:14:36.909] [bmv2] [D] [thread 12788] [21.0] [cxt 0] Egress port is 0
[15:14:36.909] [bmv2] [D] [thread 12789] [21.0] [cxt 0] Pipeline 'egress': start
[15:14:36.909] [bmv2] [D] [thread 12789] [21.0] [cxt 0] Pipeline 'egress': end
[15:14:36.909] [bmv2] [D] [thread 12789] [21.0] [cxt 0] Deparser 'deparser': start
[15:14:36.909] [bmv2] [T] [thread 12789] [21.0] [cxt 0] Skipping checksum 'cksum' update because condition not met
[15:14:36.909] [bmv2] [D] [thread 12789] [21.0] [cxt 0] Deparsing header 'ethernet'
[15:14:36.909] [bmv2] [D] [thread 12789] [21.0] [cxt 0] Deparser 'deparser': end
[15:14:36.909] [bmv2] [D] [thread 12793] [21.0] [cxt 0] Transmitting packet of size 70 out of port 0
[15:14:37.166] [bmv2] [D] [thread 12788] [22.0] [cxt 0] Processing packet received on port 2
[15:14:37.166] [bmv2] [D] [thread 12788] [22.0] [cxt 0] Parser 'parser': start
[15:14:37.166] [bmv2] [D] [thread 12788] [22.0] [cxt 0] Parser 'parser' entering state 'start'
[15:14:37.166] [bmv2] [D] [thread 12788] [22.0] [cxt 0] Extracting header 'ethernet'
[15:14:37.166] [bmv2] [D] [thread 12788] [22.0] [cxt 0] Parser state 'start': key is 86dd
[15:14:37.166] [bmv2] [T] [thread 12788] [22.0] [cxt 0] Bytes parsed: 14
[15:14:37.166] [bmv2] [D] [thread 12788] [22.0] [cxt 0] Parser 'parser': end
[15:14:37.166] [bmv2] [D] [thread 12788] [22.0] [cxt 0] Pipeline 'ingress': start
[15:14:37.166] [bmv2] [T] [thread 12788] [22.0] [cxt 0] forward.p4(119) Condition "hdr.ipv4.isValid()" (node_2) is false
[15:14:37.166] [bmv2] [D] [thread 12788] [22.0] [cxt 0] Pipeline 'ingress': end
[15:14:37.166] [bmv2] [D] [thread 12788] [22.0] [cxt 0] Egress port is 0
[15:14:37.166] [bmv2] [D] [thread 12789] [22.0] [cxt 0] Pipeline 'egress': start
[15:14:37.166] [bmv2] [D] [thread 12789] [22.0] [cxt 0] Pipeline 'egress': end
[15:14:37.166] [bmv2] [D] [thread 12789] [22.0] [cxt 0] Deparser 'deparser': start
[15:14:37.166] [bmv2] [T] [thread 12789] [22.0] [cxt 0] Skipping checksum 'cksum' update because condition not met
[15:14:37.166] [bmv2] [D] [thread 12789] [22.0] [cxt 0] Deparsing header 'ethernet'
[15:14:37.166] [bmv2] [D] [thread 12789] [22.0] [cxt 0] Deparser 'deparser': end
[15:14:37.166] [bmv2] [D] [thread 12793] [22.0] [cxt 0] Transmitting packet of size 70 out of port 0
[15:14:37.422] [bmv2] [D] [thread 12788] [23.0] [cxt 0] Processing packet received on port 3
[15:14:37.422] [bmv2] [D] [thread 12788] [23.0] [cxt 0] Parser 'parser': start
[15:14:37.422] [bmv2] [D] [thread 12788] [23.0] [cxt 0] Parser 'parser' entering state 'start'
[15:14:37.422] [bmv2] [D] [thread 12788] [23.0] [cxt 0] Extracting header 'ethernet'
[15:14:37.422] [bmv2] [D] [thread 12788] [23.0] [cxt 0] Parser state 'start': key is 86dd
[15:14:37.422] [bmv2] [T] [thread 12788] [23.0] [cxt 0] Bytes parsed: 14
[15:14:37.422] [bmv2] [D] [thread 12788] [23.0] [cxt 0] Parser 'parser': end
[15:14:37.422] [bmv2] [D] [thread 12788] [23.0] [cxt 0] Pipeline 'ingress': start
[15:14:37.422] [bmv2] [T] [thread 12788] [23.0] [cxt 0] forward.p4(119) Condition "hdr.ipv4.isValid()" (node_2) is false
[15:14:37.422] [bmv2] [D] [thread 12788] [23.0] [cxt 0] Pipeline 'ingress': end
[15:14:37.422] [bmv2] [D] [thread 12788] [23.0] [cxt 0] Egress port is 0
[15:14:37.422] [bmv2] [D] [thread 12789] [23.0] [cxt 0] Pipeline 'egress': start
[15:14:37.422] [bmv2] [D] [thread 12789] [23.0] [cxt 0] Pipeline 'egress': end
[15:14:37.422] [bmv2] [D] [thread 12789] [23.0] [cxt 0] Deparser 'deparser': start
[15:14:37.422] [bmv2] [T] [thread 12789] [23.0] [cxt 0] Skipping checksum 'cksum' update because condition not met
[15:14:37.422] [bmv2] [D] [thread 12789] [23.0] [cxt 0] Deparsing header 'ethernet'
[15:14:37.422] [bmv2] [D] [thread 12789] [23.0] [cxt 0] Deparser 'deparser': end
[15:14:37.422] [bmv2] [D] [thread 12793] [23.0] [cxt 0] Transmitting packet of size 70 out of port 0
[15:14:37.933] [bmv2] [D] [thread 12788] [24.0] [cxt 0] Processing packet received on port 2
[15:14:37.933] [bmv2] [D] [thread 12788] [24.0] [cxt 0] Parser 'parser': start
[15:14:37.933] [bmv2] [D] [thread 12788] [24.0] [cxt 0] Parser 'parser' entering state 'start'
[15:14:37.933] [bmv2] [D] [thread 12788] [24.0] [cxt 0] Extracting header 'ethernet'
[15:14:37.933] [bmv2] [D] [thread 12788] [24.0] [cxt 0] Parser state 'start': key is 86dd
[15:14:37.933] [bmv2] [T] [thread 12788] [24.0] [cxt 0] Bytes parsed: 14
[15:14:37.933] [bmv2] [D] [thread 12788] [24.0] [cxt 0] Parser 'parser': end
[15:14:37.933] [bmv2] [D] [thread 12788] [24.0] [cxt 0] Pipeline 'ingress': start
[15:14:37.933] [bmv2] [T] [thread 12788] [24.0] [cxt 0] forward.p4(119) Condition "hdr.ipv4.isValid()" (node_2) is false
[15:14:37.933] [bmv2] [D] [thread 12788] [24.0] [cxt 0] Pipeline 'ingress': end
[15:14:37.933] [bmv2] [D] [thread 12788] [24.0] [cxt 0] Egress port is 0
[15:14:37.933] [bmv2] [D] [thread 12788] [25.0] [cxt 0] Processing packet received on port 3
[15:14:37.933] [bmv2] [D] [thread 12788] [25.0] [cxt 0] Parser 'parser': start
[15:14:37.933] [bmv2] [D] [thread 12788] [25.0] [cxt 0] Parser 'parser' entering state 'start'
[15:14:37.933] [bmv2] [D] [thread 12788] [25.0] [cxt 0] Extracting header 'ethernet'
[15:14:37.933] [bmv2] [D] [thread 12788] [25.0] [cxt 0] Parser state 'start': key is 86dd
[15:14:37.933] [bmv2] [T] [thread 12788] [25.0] [cxt 0] Bytes parsed: 14
[15:14:37.933] [bmv2] [D] [thread 12788] [25.0] [cxt 0] Parser 'parser': end
[15:14:37.933] [bmv2] [D] [thread 12788] [25.0] [cxt 0] Pipeline 'ingress': start
[15:14:37.933] [bmv2] [T] [thread 12788] [25.0] [cxt 0] forward.p4(119) Condition "hdr.ipv4.isValid()" (node_2) is false
[15:14:37.933] [bmv2] [D] [thread 12788] [25.0] [cxt 0] Pipeline 'ingress': end
[15:14:37.933] [bmv2] [D] [thread 12788] [25.0] [cxt 0] Egress port is 0
[15:14:37.933] [bmv2] [D] [thread 12789] [24.0] [cxt 0] Pipeline 'egress': start
[15:14:37.933] [bmv2] [D] [thread 12789] [24.0] [cxt 0] Pipeline 'egress': end
[15:14:37.933] [bmv2] [D] [thread 12789] [24.0] [cxt 0] Deparser 'deparser': start
[15:14:37.933] [bmv2] [T] [thread 12789] [24.0] [cxt 0] Skipping checksum 'cksum' update because condition not met
[15:14:37.933] [bmv2] [D] [thread 12789] [24.0] [cxt 0] Deparsing header 'ethernet'
[15:14:37.933] [bmv2] [D] [thread 12789] [24.0] [cxt 0] Deparser 'deparser': end
[15:14:37.933] [bmv2] [D] [thread 12789] [25.0] [cxt 0] Pipeline 'egress': start
[15:14:37.933] [bmv2] [D] [thread 12789] [25.0] [cxt 0] Pipeline 'egress': end
[15:14:37.933] [bmv2] [D] [thread 12789] [25.0] [cxt 0] Deparser 'deparser': start
[15:14:37.933] [bmv2] [T] [thread 12789] [25.0] [cxt 0] Skipping checksum 'cksum' update because condition not met
[15:14:37.933] [bmv2] [D] [thread 12789] [25.0] [cxt 0] Deparsing header 'ethernet'
[15:14:37.933] [bmv2] [D] [thread 12789] [25.0] [cxt 0] Deparser 'deparser': end
[15:14:37.933] [bmv2] [D] [thread 12793] [24.0] [cxt 0] Transmitting packet of size 70 out of port 0
[15:14:37.933] [bmv2] [D] [thread 12793] [25.0] [cxt 0] Transmitting packet of size 70 out of port 0
[15:14:38.446] [bmv2] [D] [thread 12788] [26.0] [cxt 0] Processing packet received on port 1
[15:14:38.446] [bmv2] [D] [thread 12788] [26.0] [cxt 0] Parser 'parser': start
[15:14:38.446] [bmv2] [D] [thread 12788] [26.0] [cxt 0] Parser 'parser' entering state 'start'
[15:14:38.446] [bmv2] [D] [thread 12788] [26.0] [cxt 0] Extracting header 'ethernet'
[15:14:38.446] [bmv2] [D] [thread 12788] [26.0] [cxt 0] Parser state 'start': key is 86dd
[15:14:38.446] [bmv2] [T] [thread 12788] [26.0] [cxt 0] Bytes parsed: 14
[15:14:38.446] [bmv2] [D] [thread 12788] [26.0] [cxt 0] Parser 'parser': end
[15:14:38.446] [bmv2] [D] [thread 12788] [26.0] [cxt 0] Pipeline 'ingress': start
[15:14:38.446] [bmv2] [T] [thread 12788] [26.0] [cxt 0] forward.p4(119) Condition "hdr.ipv4.isValid()" (node_2) is false
[15:14:38.446] [bmv2] [D] [thread 12788] [26.0] [cxt 0] Pipeline 'ingress': end
[15:14:38.446] [bmv2] [D] [thread 12788] [26.0] [cxt 0] Egress port is 0
[15:14:38.446] [bmv2] [D] [thread 12789] [26.0] [cxt 0] Pipeline 'egress': start
[15:14:38.446] [bmv2] [D] [thread 12789] [26.0] [cxt 0] Pipeline 'egress': end
[15:14:38.446] [bmv2] [D] [thread 12789] [26.0] [cxt 0] Deparser 'deparser': start
[15:14:38.446] [bmv2] [T] [thread 12789] [26.0] [cxt 0] Skipping checksum 'cksum' update because condition not met
[15:14:38.446] [bmv2] [D] [thread 12789] [26.0] [cxt 0] Deparsing header 'ethernet'
[15:14:38.446] [bmv2] [D] [thread 12789] [26.0] [cxt 0] Deparser 'deparser': end
[15:14:38.446] [bmv2] [D] [thread 12793] [26.0] [cxt 0] Transmitting packet of size 70 out of port 0
[15:14:39.469] [bmv2] [D] [thread 12788] [27.0] [cxt 0] Processing packet received on port 1
[15:14:39.469] [bmv2] [D] [thread 12788] [27.0] [cxt 0] Parser 'parser': start
[15:14:39.469] [bmv2] [D] [thread 12788] [27.0] [cxt 0] Parser 'parser' entering state 'start'
[15:14:39.469] [bmv2] [D] [thread 12788] [27.0] [cxt 0] Extracting header 'ethernet'
[15:14:39.469] [bmv2] [D] [thread 12788] [27.0] [cxt 0] Parser state 'start': key is 86dd
[15:14:39.469] [bmv2] [T] [thread 12788] [27.0] [cxt 0] Bytes parsed: 14
[15:14:39.469] [bmv2] [D] [thread 12788] [27.0] [cxt 0] Parser 'parser': end
[15:14:39.469] [bmv2] [D] [thread 12788] [27.0] [cxt 0] Pipeline 'ingress': start
[15:14:39.470] [bmv2] [T] [thread 12788] [27.0] [cxt 0] forward.p4(119) Condition "hdr.ipv4.isValid()" (node_2) is false
[15:14:39.470] [bmv2] [D] [thread 12788] [27.0] [cxt 0] Pipeline 'ingress': end
[15:14:39.470] [bmv2] [D] [thread 12788] [27.0] [cxt 0] Egress port is 0
[15:14:39.470] [bmv2] [D] [thread 12788] [28.0] [cxt 0] Processing packet received on port 4
[15:14:39.470] [bmv2] [D] [thread 12788] [28.0] [cxt 0] Parser 'parser': start
[15:14:39.470] [bmv2] [D] [thread 12788] [28.0] [cxt 0] Parser 'parser' entering state 'start'
[15:14:39.470] [bmv2] [D] [thread 12788] [28.0] [cxt 0] Extracting header 'ethernet'
[15:14:39.470] [bmv2] [D] [thread 12788] [28.0] [cxt 0] Parser state 'start': key is 86dd
[15:14:39.470] [bmv2] [T] [thread 12788] [28.0] [cxt 0] Bytes parsed: 14
[15:14:39.470] [bmv2] [D] [thread 12788] [28.0] [cxt 0] Parser 'parser': end
[15:14:39.470] [bmv2] [D] [thread 12788] [28.0] [cxt 0] Pipeline 'ingress': start
[15:14:39.470] [bmv2] [T] [thread 12788] [28.0] [cxt 0] forward.p4(119) Condition "hdr.ipv4.isValid()" (node_2) is false
[15:14:39.470] [bmv2] [D] [thread 12789] [27.0] [cxt 0] Pipeline 'egress': start
[15:14:39.470] [bmv2] [D] [thread 12789] [27.0] [cxt 0] Pipeline 'egress': end
[15:14:39.470] [bmv2] [D] [thread 12789] [27.0] [cxt 0] Deparser 'deparser': start
[15:14:39.470] [bmv2] [T] [thread 12789] [27.0] [cxt 0] Skipping checksum 'cksum' update because condition not met
[15:14:39.470] [bmv2] [D] [thread 12788] [28.0] [cxt 0] Pipeline 'ingress': end
[15:14:39.470] [bmv2] [D] [thread 12788] [28.0] [cxt 0] Egress port is 0
[15:14:39.470] [bmv2] [D] [thread 12789] [27.0] [cxt 0] Deparsing header 'ethernet'
[15:14:39.470] [bmv2] [D] [thread 12789] [27.0] [cxt 0] Deparser 'deparser': end
[15:14:39.470] [bmv2] [D] [thread 12789] [28.0] [cxt 0] Pipeline 'egress': start
[15:14:39.470] [bmv2] [D] [thread 12789] [28.0] [cxt 0] Pipeline 'egress': end
[15:14:39.470] [bmv2] [D] [thread 12789] [28.0] [cxt 0] Deparser 'deparser': start
[15:14:39.470] [bmv2] [T] [thread 12789] [28.0] [cxt 0] Skipping checksum 'cksum' update because condition not met
[15:14:39.470] [bmv2] [D] [thread 12789] [28.0] [cxt 0] Deparsing header 'ethernet'
[15:14:39.470] [bmv2] [D] [thread 12789] [28.0] [cxt 0] Deparser 'deparser': end
[15:14:39.470] [bmv2] [D] [thread 12793] [27.0] [cxt 0] Transmitting packet of size 70 out of port 0
[15:14:39.470] [bmv2] [D] [thread 12793] [28.0] [cxt 0] Transmitting packet of size 70 out of port 0
[15:14:41.517] [bmv2] [D] [thread 12788] [29.0] [cxt 0] Processing packet received on port 4
[15:14:41.517] [bmv2] [D] [thread 12788] [29.0] [cxt 0] Parser 'parser': start
[15:14:41.517] [bmv2] [D] [thread 12788] [29.0] [cxt 0] Parser 'parser' entering state 'start'
[15:14:41.517] [bmv2] [D] [thread 12788] [29.0] [cxt 0] Extracting header 'ethernet'
[15:14:41.517] [bmv2] [D] [thread 12788] [29.0] [cxt 0] Parser state 'start': key is 86dd
[15:14:41.517] [bmv2] [T] [thread 12788] [29.0] [cxt 0] Bytes parsed: 14
[15:14:41.517] [bmv2] [D] [thread 12788] [29.0] [cxt 0] Parser 'parser': end
[15:14:41.517] [bmv2] [D] [thread 12788] [29.0] [cxt 0] Pipeline 'ingress': start
[15:14:41.517] [bmv2] [T] [thread 12788] [29.0] [cxt 0] forward.p4(119) Condition "hdr.ipv4.isValid()" (node_2) is false
[15:14:41.517] [bmv2] [D] [thread 12788] [29.0] [cxt 0] Pipeline 'ingress': end
[15:14:41.517] [bmv2] [D] [thread 12788] [29.0] [cxt 0] Egress port is 0
[15:14:41.518] [bmv2] [D] [thread 12789] [29.0] [cxt 0] Pipeline 'egress': start
[15:14:41.518] [bmv2] [D] [thread 12789] [29.0] [cxt 0] Pipeline 'egress': end
[15:14:41.518] [bmv2] [D] [thread 12789] [29.0] [cxt 0] Deparser 'deparser': start
[15:14:41.518] [bmv2] [T] [thread 12789] [29.0] [cxt 0] Skipping checksum 'cksum' update because condition not met
[15:14:41.518] [bmv2] [D] [thread 12789] [29.0] [cxt 0] Deparsing header 'ethernet'
[15:14:41.518] [bmv2] [D] [thread 12789] [29.0] [cxt 0] Deparser 'deparser': end
[15:14:41.518] [bmv2] [D] [thread 12793] [29.0] [cxt 0] Transmitting packet of size 70 out of port 0
[15:15:04.046] [bmv2] [D] [thread 12788] [30.0] [cxt 0] Processing packet received on port 5
[15:15:04.046] [bmv2] [D] [thread 12788] [30.0] [cxt 0] Parser 'parser': start
[15:15:04.046] [bmv2] [D] [thread 12788] [30.0] [cxt 0] Parser 'parser' entering state 'start'
[15:15:04.046] [bmv2] [D] [thread 12788] [30.0] [cxt 0] Extracting header 'ethernet'
[15:15:04.046] [bmv2] [D] [thread 12788] [30.0] [cxt 0] Parser state 'start': key is 86dd
[15:15:04.046] [bmv2] [T] [thread 12788] [30.0] [cxt 0] Bytes parsed: 14
[15:15:04.046] [bmv2] [D] [thread 12788] [30.0] [cxt 0] Parser 'parser': end
[15:15:04.046] [bmv2] [D] [thread 12788] [30.0] [cxt 0] Pipeline 'ingress': start
[15:15:04.046] [bmv2] [T] [thread 12788] [30.0] [cxt 0] forward.p4(119) Condition "hdr.ipv4.isValid()" (node_2) is false
[15:15:04.046] [bmv2] [D] [thread 12788] [30.0] [cxt 0] Pipeline 'ingress': end
[15:15:04.046] [bmv2] [D] [thread 12788] [30.0] [cxt 0] Egress port is 0
[15:15:04.046] [bmv2] [D] [thread 12789] [30.0] [cxt 0] Pipeline 'egress': start
[15:15:04.046] [bmv2] [D] [thread 12789] [30.0] [cxt 0] Pipeline 'egress': end
[15:15:04.046] [bmv2] [D] [thread 12789] [30.0] [cxt 0] Deparser 'deparser': start
[15:15:04.046] [bmv2] [T] [thread 12789] [30.0] [cxt 0] Skipping checksum 'cksum' update because condition not met
[15:15:04.046] [bmv2] [D] [thread 12789] [30.0] [cxt 0] Deparsing header 'ethernet'
[15:15:04.046] [bmv2] [D] [thread 12789] [30.0] [cxt 0] Deparser 'deparser': end
[15:15:04.046] [bmv2] [D] [thread 12793] [30.0] [cxt 0] Transmitting packet of size 70 out of port 0
[15:15:06.095] [bmv2] [D] [thread 12788] [31.0] [cxt 0] Processing packet received on port 2
[15:15:06.095] [bmv2] [D] [thread 12788] [31.0] [cxt 0] Parser 'parser': start
[15:15:06.095] [bmv2] [D] [thread 12788] [31.0] [cxt 0] Parser 'parser' entering state 'start'
[15:15:06.095] [bmv2] [D] [thread 12788] [31.0] [cxt 0] Extracting header 'ethernet'
[15:15:06.095] [bmv2] [D] [thread 12788] [31.0] [cxt 0] Parser state 'start': key is 86dd
[15:15:06.095] [bmv2] [T] [thread 12788] [31.0] [cxt 0] Bytes parsed: 14
[15:15:06.095] [bmv2] [D] [thread 12788] [31.0] [cxt 0] Parser 'parser': end
[15:15:06.095] [bmv2] [D] [thread 12788] [31.0] [cxt 0] Pipeline 'ingress': start
[15:15:06.095] [bmv2] [T] [thread 12788] [31.0] [cxt 0] forward.p4(119) Condition "hdr.ipv4.isValid()" (node_2) is false
[15:15:06.095] [bmv2] [D] [thread 12788] [31.0] [cxt 0] Pipeline 'ingress': end
[15:15:06.095] [bmv2] [D] [thread 12788] [31.0] [cxt 0] Egress port is 0
[15:15:06.095] [bmv2] [D] [thread 12789] [31.0] [cxt 0] Pipeline 'egress': start
[15:15:06.095] [bmv2] [D] [thread 12789] [31.0] [cxt 0] Pipeline 'egress': end
[15:15:06.095] [bmv2] [D] [thread 12789] [31.0] [cxt 0] Deparser 'deparser': start
[15:15:06.095] [bmv2] [T] [thread 12789] [31.0] [cxt 0] Skipping checksum 'cksum' update because condition not met
[15:15:06.095] [bmv2] [D] [thread 12789] [31.0] [cxt 0] Deparsing header 'ethernet'
[15:15:06.095] [bmv2] [D] [thread 12789] [31.0] [cxt 0] Deparser 'deparser': end
[15:15:06.095] [bmv2] [D] [thread 12793] [31.0] [cxt 0] Transmitting packet of size 70 out of port 0
[15:15:08.145] [bmv2] [D] [thread 12788] [32.0] [cxt 0] Processing packet received on port 3
[15:15:08.145] [bmv2] [D] [thread 12788] [32.0] [cxt 0] Parser 'parser': start
[15:15:08.145] [bmv2] [D] [thread 12788] [32.0] [cxt 0] Parser 'parser' entering state 'start'
[15:15:08.145] [bmv2] [D] [thread 12788] [32.0] [cxt 0] Extracting header 'ethernet'
[15:15:08.145] [bmv2] [D] [thread 12788] [32.0] [cxt 0] Parser state 'start': key is 86dd
[15:15:08.145] [bmv2] [T] [thread 12788] [32.0] [cxt 0] Bytes parsed: 14
[15:15:08.145] [bmv2] [D] [thread 12788] [32.0] [cxt 0] Parser 'parser': end
[15:15:08.145] [bmv2] [D] [thread 12788] [32.0] [cxt 0] Pipeline 'ingress': start
[15:15:08.145] [bmv2] [T] [thread 12788] [32.0] [cxt 0] forward.p4(119) Condition "hdr.ipv4.isValid()" (node_2) is false
[15:15:08.145] [bmv2] [D] [thread 12788] [32.0] [cxt 0] Pipeline 'ingress': end
[15:15:08.145] [bmv2] [D] [thread 12788] [32.0] [cxt 0] Egress port is 0
[15:15:08.145] [bmv2] [D] [thread 12789] [32.0] [cxt 0] Pipeline 'egress': start
[15:15:08.145] [bmv2] [D] [thread 12789] [32.0] [cxt 0] Pipeline 'egress': end
[15:15:08.145] [bmv2] [D] [thread 12789] [32.0] [cxt 0] Deparser 'deparser': start
[15:15:08.145] [bmv2] [T] [thread 12789] [32.0] [cxt 0] Skipping checksum 'cksum' update because condition not met
[15:15:08.145] [bmv2] [D] [thread 12789] [32.0] [cxt 0] Deparsing header 'ethernet'
[15:15:08.145] [bmv2] [D] [thread 12789] [32.0] [cxt 0] Deparser 'deparser': end
[15:15:08.145] [bmv2] [D] [thread 12793] [32.0] [cxt 0] Transmitting packet of size 70 out of port 0
[15:15:10.190] [bmv2] [D] [thread 12788] [33.0] [cxt 0] Processing packet received on port 2
[15:15:10.190] [bmv2] [D] [thread 12788] [33.0] [cxt 0] Parser 'parser': start
[15:15:10.190] [bmv2] [D] [thread 12788] [33.0] [cxt 0] Parser 'parser' entering state 'start'
[15:15:10.190] [bmv2] [D] [thread 12788] [33.0] [cxt 0] Extracting header 'ethernet'
[15:15:10.190] [bmv2] [D] [thread 12788] [33.0] [cxt 0] Parser state 'start': key is 86dd
[15:15:10.190] [bmv2] [T] [thread 12788] [33.0] [cxt 0] Bytes parsed: 14
[15:15:10.190] [bmv2] [D] [thread 12788] [33.0] [cxt 0] Parser 'parser': end
[15:15:10.190] [bmv2] [D] [thread 12788] [33.0] [cxt 0] Pipeline 'ingress': start
[15:15:10.190] [bmv2] [T] [thread 12788] [33.0] [cxt 0] forward.p4(119) Condition "hdr.ipv4.isValid()" (node_2) is false
[15:15:10.190] [bmv2] [D] [thread 12788] [33.0] [cxt 0] Pipeline 'ingress': end
[15:15:10.190] [bmv2] [D] [thread 12788] [33.0] [cxt 0] Egress port is 0
[15:15:10.190] [bmv2] [D] [thread 12788] [34.0] [cxt 0] Processing packet received on port 3
[15:15:10.190] [bmv2] [D] [thread 12788] [34.0] [cxt 0] Parser 'parser': start
[15:15:10.190] [bmv2] [D] [thread 12788] [34.0] [cxt 0] Parser 'parser' entering state 'start'
[15:15:10.190] [bmv2] [D] [thread 12788] [34.0] [cxt 0] Extracting header 'ethernet'
[15:15:10.190] [bmv2] [D] [thread 12788] [34.0] [cxt 0] Parser state 'start': key is 86dd
[15:15:10.190] [bmv2] [T] [thread 12788] [34.0] [cxt 0] Bytes parsed: 14
[15:15:10.190] [bmv2] [D] [thread 12788] [34.0] [cxt 0] Parser 'parser': end
[15:15:10.190] [bmv2] [D] [thread 12788] [34.0] [cxt 0] Pipeline 'ingress': start
[15:15:10.190] [bmv2] [T] [thread 12788] [34.0] [cxt 0] forward.p4(119) Condition "hdr.ipv4.isValid()" (node_2) is false
[15:15:10.190] [bmv2] [D] [thread 12788] [34.0] [cxt 0] Pipeline 'ingress': end
[15:15:10.190] [bmv2] [D] [thread 12788] [34.0] [cxt 0] Egress port is 0
[15:15:10.190] [bmv2] [D] [thread 12788] [35.0] [cxt 0] Processing packet received on port 5
[15:15:10.190] [bmv2] [D] [thread 12788] [35.0] [cxt 0] Parser 'parser': start
[15:15:10.190] [bmv2] [D] [thread 12788] [35.0] [cxt 0] Parser 'parser' entering state 'start'
[15:15:10.190] [bmv2] [D] [thread 12788] [35.0] [cxt 0] Extracting header 'ethernet'
[15:15:10.190] [bmv2] [D] [thread 12788] [35.0] [cxt 0] Parser state 'start': key is 86dd
[15:15:10.190] [bmv2] [T] [thread 12788] [35.0] [cxt 0] Bytes parsed: 14
[15:15:10.190] [bmv2] [D] [thread 12788] [35.0] [cxt 0] Parser 'parser': end
[15:15:10.190] [bmv2] [D] [thread 12788] [35.0] [cxt 0] Pipeline 'ingress': start
[15:15:10.190] [bmv2] [T] [thread 12788] [35.0] [cxt 0] forward.p4(119) Condition "hdr.ipv4.isValid()" (node_2) is false
[15:15:10.190] [bmv2] [D] [thread 12788] [35.0] [cxt 0] Pipeline 'ingress': end
[15:15:10.190] [bmv2] [D] [thread 12788] [35.0] [cxt 0] Egress port is 0
[15:15:10.190] [bmv2] [D] [thread 12789] [33.0] [cxt 0] Pipeline 'egress': start
[15:15:10.190] [bmv2] [D] [thread 12789] [33.0] [cxt 0] Pipeline 'egress': end
[15:15:10.190] [bmv2] [D] [thread 12789] [33.0] [cxt 0] Deparser 'deparser': start
[15:15:10.190] [bmv2] [T] [thread 12789] [33.0] [cxt 0] Skipping checksum 'cksum' update because condition not met
[15:15:10.190] [bmv2] [D] [thread 12789] [33.0] [cxt 0] Deparsing header 'ethernet'
[15:15:10.190] [bmv2] [D] [thread 12789] [33.0] [cxt 0] Deparser 'deparser': end
[15:15:10.190] [bmv2] [D] [thread 12789] [34.0] [cxt 0] Pipeline 'egress': start
[15:15:10.190] [bmv2] [D] [thread 12789] [34.0] [cxt 0] Pipeline 'egress': end
[15:15:10.190] [bmv2] [D] [thread 12789] [34.0] [cxt 0] Deparser 'deparser': start
[15:15:10.190] [bmv2] [T] [thread 12789] [34.0] [cxt 0] Skipping checksum 'cksum' update because condition not met
[15:15:10.190] [bmv2] [D] [thread 12789] [34.0] [cxt 0] Deparsing header 'ethernet'
[15:15:10.190] [bmv2] [D] [thread 12789] [34.0] [cxt 0] Deparser 'deparser': end
[15:15:10.190] [bmv2] [D] [thread 12789] [35.0] [cxt 0] Pipeline 'egress': start
[15:15:10.190] [bmv2] [D] [thread 12789] [35.0] [cxt 0] Pipeline 'egress': end
[15:15:10.190] [bmv2] [D] [thread 12789] [35.0] [cxt 0] Deparser 'deparser': start
[15:15:10.190] [bmv2] [T] [thread 12789] [35.0] [cxt 0] Skipping checksum 'cksum' update because condition not met
[15:15:10.190] [bmv2] [D] [thread 12789] [35.0] [cxt 0] Deparsing header 'ethernet'
[15:15:10.190] [bmv2] [D] [thread 12789] [35.0] [cxt 0] Deparser 'deparser': end
[15:15:10.190] [bmv2] [D] [thread 12793] [33.0] [cxt 0] Transmitting packet of size 70 out of port 0
[15:15:10.190] [bmv2] [D] [thread 12793] [34.0] [cxt 0] Transmitting packet of size 70 out of port 0
[15:15:10.190] [bmv2] [D] [thread 12793] [35.0] [cxt 0] Transmitting packet of size 70 out of port 0
[15:15:10.190] [bmv2] [D] [thread 12788] [36.0] [cxt 0] Processing packet received on port 1
[15:15:10.190] [bmv2] [D] [thread 12788] [36.0] [cxt 0] Parser 'parser': start
[15:15:10.190] [bmv2] [D] [thread 12788] [36.0] [cxt 0] Parser 'parser' entering state 'start'
[15:15:10.190] [bmv2] [D] [thread 12788] [36.0] [cxt 0] Extracting header 'ethernet'
[15:15:10.190] [bmv2] [D] [thread 12788] [36.0] [cxt 0] Parser state 'start': key is 86dd
[15:15:10.190] [bmv2] [T] [thread 12788] [36.0] [cxt 0] Bytes parsed: 14
[15:15:10.190] [bmv2] [D] [thread 12788] [36.0] [cxt 0] Parser 'parser': end
[15:15:10.190] [bmv2] [D] [thread 12788] [36.0] [cxt 0] Pipeline 'ingress': start
[15:15:10.190] [bmv2] [T] [thread 12788] [36.0] [cxt 0] forward.p4(119) Condition "hdr.ipv4.isValid()" (node_2) is false
[15:15:10.190] [bmv2] [D] [thread 12788] [36.0] [cxt 0] Pipeline 'ingress': end
[15:15:10.190] [bmv2] [D] [thread 12788] [36.0] [cxt 0] Egress port is 0
[15:15:10.190] [bmv2] [D] [thread 12789] [36.0] [cxt 0] Pipeline 'egress': start
[15:15:10.190] [bmv2] [D] [thread 12789] [36.0] [cxt 0] Pipeline 'egress': end
[15:15:10.190] [bmv2] [D] [thread 12789] [36.0] [cxt 0] Deparser 'deparser': start
[15:15:10.190] [bmv2] [T] [thread 12789] [36.0] [cxt 0] Skipping checksum 'cksum' update because condition not met
[15:15:10.190] [bmv2] [D] [thread 12789] [36.0] [cxt 0] Deparsing header 'ethernet'
[15:15:10.190] [bmv2] [D] [thread 12789] [36.0] [cxt 0] Deparser 'deparser': end
[15:15:10.190] [bmv2] [D] [thread 12793] [36.0] [cxt 0] Transmitting packet of size 70 out of port 0
[15:15:12.239] [bmv2] [D] [thread 12788] [37.0] [cxt 0] Processing packet received on port 4
[15:15:12.239] [bmv2] [D] [thread 12788] [37.0] [cxt 0] Parser 'parser': start
[15:15:12.239] [bmv2] [D] [thread 12788] [37.0] [cxt 0] Parser 'parser' entering state 'start'
[15:15:12.239] [bmv2] [D] [thread 12788] [37.0] [cxt 0] Extracting header 'ethernet'
[15:15:12.239] [bmv2] [D] [thread 12788] [37.0] [cxt 0] Parser state 'start': key is 86dd
[15:15:12.239] [bmv2] [T] [thread 12788] [37.0] [cxt 0] Bytes parsed: 14
[15:15:12.239] [bmv2] [D] [thread 12788] [37.0] [cxt 0] Parser 'parser': end
[15:15:12.239] [bmv2] [D] [thread 12788] [37.0] [cxt 0] Pipeline 'ingress': start
[15:15:12.239] [bmv2] [T] [thread 12788] [37.0] [cxt 0] forward.p4(119) Condition "hdr.ipv4.isValid()" (node_2) is false
[15:15:12.239] [bmv2] [D] [thread 12788] [37.0] [cxt 0] Pipeline 'ingress': end
[15:15:12.239] [bmv2] [D] [thread 12788] [37.0] [cxt 0] Egress port is 0
[15:15:12.239] [bmv2] [D] [thread 12789] [37.0] [cxt 0] Pipeline 'egress': start
[15:15:12.239] [bmv2] [D] [thread 12789] [37.0] [cxt 0] Pipeline 'egress': end
[15:15:12.239] [bmv2] [D] [thread 12789] [37.0] [cxt 0] Deparser 'deparser': start
[15:15:12.239] [bmv2] [T] [thread 12789] [37.0] [cxt 0] Skipping checksum 'cksum' update because condition not met
[15:15:12.239] [bmv2] [D] [thread 12789] [37.0] [cxt 0] Deparsing header 'ethernet'
[15:15:12.239] [bmv2] [D] [thread 12789] [37.0] [cxt 0] Deparser 'deparser': end
[15:15:12.240] [bmv2] [D] [thread 12793] [37.0] [cxt 0] Transmitting packet of size 70 out of port 0
[15:15:14.286] [bmv2] [D] [thread 12788] [38.0] [cxt 0] Processing packet received on port 1
[15:15:14.286] [bmv2] [D] [thread 12788] [38.0] [cxt 0] Parser 'parser': start
[15:15:14.286] [bmv2] [D] [thread 12788] [38.0] [cxt 0] Parser 'parser' entering state 'start'
[15:15:14.286] [bmv2] [D] [thread 12788] [38.0] [cxt 0] Extracting header 'ethernet'
[15:15:14.286] [bmv2] [D] [thread 12788] [38.0] [cxt 0] Parser state 'start': key is 86dd
[15:15:14.286] [bmv2] [T] [thread 12788] [38.0] [cxt 0] Bytes parsed: 14
[15:15:14.286] [bmv2] [D] [thread 12788] [38.0] [cxt 0] Parser 'parser': end
[15:15:14.286] [bmv2] [D] [thread 12788] [38.0] [cxt 0] Pipeline 'ingress': start
[15:15:14.286] [bmv2] [T] [thread 12788] [38.0] [cxt 0] forward.p4(119) Condition "hdr.ipv4.isValid()" (node_2) is false
[15:15:14.286] [bmv2] [D] [thread 12788] [38.0] [cxt 0] Pipeline 'ingress': end
[15:15:14.286] [bmv2] [D] [thread 12788] [38.0] [cxt 0] Egress port is 0
[15:15:14.286] [bmv2] [D] [thread 12788] [39.0] [cxt 0] Processing packet received on port 4
[15:15:14.286] [bmv2] [D] [thread 12788] [39.0] [cxt 0] Parser 'parser': start
[15:15:14.286] [bmv2] [D] [thread 12788] [39.0] [cxt 0] Parser 'parser' entering state 'start'
[15:15:14.286] [bmv2] [D] [thread 12788] [39.0] [cxt 0] Extracting header 'ethernet'
[15:15:14.286] [bmv2] [D] [thread 12788] [39.0] [cxt 0] Parser state 'start': key is 86dd
[15:15:14.286] [bmv2] [T] [thread 12788] [39.0] [cxt 0] Bytes parsed: 14
[15:15:14.286] [bmv2] [D] [thread 12788] [39.0] [cxt 0] Parser 'parser': end
[15:15:14.286] [bmv2] [D] [thread 12788] [39.0] [cxt 0] Pipeline 'ingress': start
[15:15:14.286] [bmv2] [T] [thread 12788] [39.0] [cxt 0] forward.p4(119) Condition "hdr.ipv4.isValid()" (node_2) is false
[15:15:14.286] [bmv2] [D] [thread 12788] [39.0] [cxt 0] Pipeline 'ingress': end
[15:15:14.286] [bmv2] [D] [thread 12788] [39.0] [cxt 0] Egress port is 0
[15:15:14.286] [bmv2] [D] [thread 12789] [38.0] [cxt 0] Pipeline 'egress': start
[15:15:14.286] [bmv2] [D] [thread 12789] [38.0] [cxt 0] Pipeline 'egress': end
[15:15:14.286] [bmv2] [D] [thread 12789] [38.0] [cxt 0] Deparser 'deparser': start
[15:15:14.286] [bmv2] [T] [thread 12789] [38.0] [cxt 0] Skipping checksum 'cksum' update because condition not met
[15:15:14.286] [bmv2] [D] [thread 12789] [38.0] [cxt 0] Deparsing header 'ethernet'
[15:15:14.286] [bmv2] [D] [thread 12789] [38.0] [cxt 0] Deparser 'deparser': end
[15:15:14.286] [bmv2] [D] [thread 12789] [39.0] [cxt 0] Pipeline 'egress': start
[15:15:14.286] [bmv2] [D] [thread 12789] [39.0] [cxt 0] Pipeline 'egress': end
[15:15:14.286] [bmv2] [D] [thread 12789] [39.0] [cxt 0] Deparser 'deparser': start
[15:15:14.286] [bmv2] [T] [thread 12789] [39.0] [cxt 0] Skipping checksum 'cksum' update because condition not met
[15:15:14.286] [bmv2] [D] [thread 12789] [39.0] [cxt 0] Deparsing header 'ethernet'
[15:15:14.286] [bmv2] [D] [thread 12789] [39.0] [cxt 0] Deparser 'deparser': end
[15:15:14.286] [bmv2] [D] [thread 12793] [38.0] [cxt 0] Transmitting packet of size 70 out of port 0
[15:15:14.286] [bmv2] [D] [thread 12793] [39.0] [cxt 0] Transmitting packet of size 70 out of port 0
[15:15:14.990] [bmv2] [D] [thread 12788] [40.0] [cxt 0] Processing packet received on port 1
[15:15:14.990] [bmv2] [D] [thread 12788] [40.0] [cxt 0] Parser 'parser': start
[15:15:14.990] [bmv2] [D] [thread 12788] [40.0] [cxt 0] Parser 'parser' entering state 'start'
[15:15:14.990] [bmv2] [D] [thread 12788] [40.0] [cxt 0] Extracting header 'ethernet'
[15:15:14.990] [bmv2] [D] [thread 12788] [40.0] [cxt 0] Parser state 'start': key is 0800
[15:15:14.990] [bmv2] [T] [thread 12788] [40.0] [cxt 0] Bytes parsed: 14
[15:15:14.990] [bmv2] [D] [thread 12788] [40.0] [cxt 0] Parser 'parser' entering state 'parse_ipv4'
[15:15:14.990] [bmv2] [D] [thread 12788] [40.0] [cxt 0] Extracting header 'ipv4'
[15:15:14.990] [bmv2] [D] [thread 12788] [40.0] [cxt 0] Parser state 'parse_ipv4' has no switch, going to default next state
[15:15:14.990] [bmv2] [T] [thread 12788] [40.0] [cxt 0] Bytes parsed: 34
[15:15:14.990] [bmv2] [D] [thread 12788] [40.0] [cxt 0] Parser 'parser': end
[15:15:14.990] [bmv2] [D] [thread 12788] [40.0] [cxt 0] Pipeline 'ingress': start
[15:15:14.990] [bmv2] [T] [thread 12788] [40.0] [cxt 0] forward.p4(119) Condition "hdr.ipv4.isValid()" (node_2) is true
[15:15:14.990] [bmv2] [T] [thread 12788] [40.0] [cxt 0] Applying table 'MyIngress.ipv4_lpm'
[15:15:14.990] [bmv2] [D] [thread 12788] [40.0] [cxt 0] Looking up key:
* hdr.ipv4.dstAddr    : 0a000201

[15:15:14.990] [bmv2] [D] [thread 12788] [40.0] [cxt 0] Table 'MyIngress.ipv4_lpm': hit with handle 1
[15:15:14.990] [bmv2] [D] [thread 12788] [40.0] [cxt 0] Dumping entry 1
Match key:
* hdr.ipv4.dstAddr    : LPM       0a000200/24
Action entry: MyIngress.ipv4_forward - 80000000222,2,

[15:15:14.990] [bmv2] [D] [thread 12788] [40.0] [cxt 0] Action entry is MyIngress.ipv4_forward - 80000000222,2,
[15:15:14.990] [bmv2] [T] [thread 12788] [40.0] [cxt 0] Action MyIngress.ipv4_forward
[15:15:14.990] [bmv2] [T] [thread 12788] [40.0] [cxt 0] forward.p4(95) Primitive standard_metadata.egress_spec = port
[15:15:14.990] [bmv2] [T] [thread 12788] [40.0] [cxt 0] forward.p4(96) Primitive hdr.ethernet.srcAddr = hdr.ethernet.dstAddr
[15:15:14.990] [bmv2] [T] [thread 12788] [40.0] [cxt 0] forward.p4(97) Primitive hdr.ethernet.dstAddr = dstAddr
[15:15:14.990] [bmv2] [T] [thread 12788] [40.0] [cxt 0] forward.p4(98) Primitive hdr.ipv4.ttl = hdr.ipv4.ttl - 1
[15:15:14.990] [bmv2] [D] [thread 12788] [40.0] [cxt 0] Pipeline 'ingress': end
[15:15:14.990] [bmv2] [D] [thread 12788] [40.0] [cxt 0] Egress port is 2
[15:15:14.990] [bmv2] [D] [thread 12791] [40.0] [cxt 0] Pipeline 'egress': start
[15:15:14.990] [bmv2] [D] [thread 12791] [40.0] [cxt 0] Pipeline 'egress': end
[15:15:14.990] [bmv2] [D] [thread 12791] [40.0] [cxt 0] Deparser 'deparser': start
[15:15:14.990] [bmv2] [D] [thread 12791] [40.0] [cxt 0] Updating checksum 'cksum'
[15:15:14.990] [bmv2] [D] [thread 12791] [40.0] [cxt 0] Deparsing header 'ethernet'
[15:15:14.990] [bmv2] [D] [thread 12791] [40.0] [cxt 0] Deparsing header 'ipv4'
[15:15:14.990] [bmv2] [D] [thread 12791] [40.0] [cxt 0] Deparser 'deparser': end
[15:15:14.990] [bmv2] [D] [thread 12793] [40.0] [cxt 0] Transmitting packet of size 63 out of port 2
[15:15:55.246] [bmv2] [D] [thread 12788] [41.0] [cxt 0] Processing packet received on port 5
[15:15:55.246] [bmv2] [D] [thread 12788] [41.0] [cxt 0] Parser 'parser': start
[15:15:55.246] [bmv2] [D] [thread 12788] [41.0] [cxt 0] Parser 'parser' entering state 'start'
[15:15:55.246] [bmv2] [D] [thread 12788] [41.0] [cxt 0] Extracting header 'ethernet'
[15:15:55.246] [bmv2] [D] [thread 12788] [41.0] [cxt 0] Parser state 'start': key is 86dd
[15:15:55.246] [bmv2] [T] [thread 12788] [41.0] [cxt 0] Bytes parsed: 14
[15:15:55.246] [bmv2] [D] [thread 12788] [41.0] [cxt 0] Parser 'parser': end
[15:15:55.246] [bmv2] [D] [thread 12788] [41.0] [cxt 0] Pipeline 'ingress': start
[15:15:55.246] [bmv2] [T] [thread 12788] [41.0] [cxt 0] forward.p4(119) Condition "hdr.ipv4.isValid()" (node_2) is false
[15:15:55.246] [bmv2] [D] [thread 12788] [41.0] [cxt 0] Pipeline 'ingress': end
[15:15:55.246] [bmv2] [D] [thread 12788] [41.0] [cxt 0] Egress port is 0
[15:15:55.246] [bmv2] [D] [thread 12789] [41.0] [cxt 0] Pipeline 'egress': start
[15:15:55.246] [bmv2] [D] [thread 12789] [41.0] [cxt 0] Pipeline 'egress': end
[15:15:55.246] [bmv2] [D] [thread 12789] [41.0] [cxt 0] Deparser 'deparser': start
[15:15:55.246] [bmv2] [T] [thread 12789] [41.0] [cxt 0] Skipping checksum 'cksum' update because condition not met
[15:15:55.246] [bmv2] [D] [thread 12789] [41.0] [cxt 0] Deparsing header 'ethernet'
[15:15:55.246] [bmv2] [D] [thread 12789] [41.0] [cxt 0] Deparser 'deparser': end
[15:15:55.246] [bmv2] [D] [thread 12793] [41.0] [cxt 0] Transmitting packet of size 70 out of port 0
[15:16:03.437] [bmv2] [D] [thread 12788] [42.0] [cxt 0] Processing packet received on port 2
[15:16:03.437] [bmv2] [D] [thread 12788] [42.0] [cxt 0] Parser 'parser': start
[15:16:03.437] [bmv2] [D] [thread 12788] [42.0] [cxt 0] Parser 'parser' entering state 'start'
[15:16:03.437] [bmv2] [D] [thread 12788] [42.0] [cxt 0] Extracting header 'ethernet'
[15:16:03.437] [bmv2] [D] [thread 12788] [42.0] [cxt 0] Parser state 'start': key is 86dd
[15:16:03.437] [bmv2] [T] [thread 12788] [42.0] [cxt 0] Bytes parsed: 14
[15:16:03.437] [bmv2] [D] [thread 12788] [42.0] [cxt 0] Parser 'parser': end
[15:16:03.437] [bmv2] [D] [thread 12788] [42.0] [cxt 0] Pipeline 'ingress': start
[15:16:03.437] [bmv2] [T] [thread 12788] [42.0] [cxt 0] forward.p4(119) Condition "hdr.ipv4.isValid()" (node_2) is false
[15:16:03.437] [bmv2] [D] [thread 12788] [42.0] [cxt 0] Pipeline 'ingress': end
[15:16:03.437] [bmv2] [D] [thread 12788] [42.0] [cxt 0] Egress port is 0
[15:16:03.437] [bmv2] [D] [thread 12789] [42.0] [cxt 0] Pipeline 'egress': start
[15:16:03.437] [bmv2] [D] [thread 12789] [42.0] [cxt 0] Pipeline 'egress': end
[15:16:03.437] [bmv2] [D] [thread 12789] [42.0] [cxt 0] Deparser 'deparser': start
[15:16:03.437] [bmv2] [T] [thread 12789] [42.0] [cxt 0] Skipping checksum 'cksum' update because condition not met
[15:16:03.437] [bmv2] [D] [thread 12789] [42.0] [cxt 0] Deparsing header 'ethernet'
[15:16:03.437] [bmv2] [D] [thread 12789] [42.0] [cxt 0] Deparser 'deparser': end
[15:16:03.437] [bmv2] [D] [thread 12793] [42.0] [cxt 0] Transmitting packet of size 70 out of port 0
[15:16:07.394] [bmv2] [W] [thread 12893] [P4Runtime] p4::tmp::P4DeviceConfig is deprecated
[15:16:07.395] [bmv2] [D] [thread 12893] Set default default entry for table 'MyIngress.ipv4_lpm': MyIngress.send_to_cpu - 
[15:16:07.395] [bmv2] [D] [thread 12893] simple_switch target has been notified of a config swap
[15:16:07.410] [bmv2] [D] [thread 12998] Entry 0 added to table 'MyIngress.ipv4_lpm'
[15:16:07.410] [bmv2] [D] [thread 12998] Dumping entry 0
Match key:
* hdr.ipv4.dstAddr    : LPM       0a000100/24
Action entry: MyIngress.ipv4_forward - 80000000222,1,

[15:16:07.412] [bmv2] [D] [thread 12893] Entry 1 added to table 'MyIngress.ipv4_lpm'
[15:16:07.412] [bmv2] [D] [thread 12893] Dumping entry 1
Match key:
* hdr.ipv4.dstAddr    : LPM       0a000200/24
Action entry: MyIngress.ipv4_forward - 80000000222,2,

[15:16:07.414] [bmv2] [D] [thread 12998] Entry 2 added to table 'MyIngress.ipv4_lpm'
[15:16:07.414] [bmv2] [D] [thread 12998] Dumping entry 2
Match key:
* hdr.ipv4.dstAddr    : LPM       0a000000/8
Action entry: MyIngress.ipv4_forward - 80000000222,3,

[15:16:09.581] [bmv2] [D] [thread 12788] [43.0] [cxt 0] Processing packet received on port 3
[15:16:09.581] [bmv2] [D] [thread 12788] [43.0] [cxt 0] Parser 'parser': start
[15:16:09.581] [bmv2] [D] [thread 12788] [43.0] [cxt 0] Parser 'parser' entering state 'start'
[15:16:09.581] [bmv2] [D] [thread 12788] [43.0] [cxt 0] Extracting header 'ethernet'
[15:16:09.581] [bmv2] [D] [thread 12788] [43.0] [cxt 0] Parser state 'start': key is 86dd
[15:16:09.581] [bmv2] [T] [thread 12788] [43.0] [cxt 0] Bytes parsed: 14
[15:16:09.581] [bmv2] [D] [thread 12788] [43.0] [cxt 0] Parser 'parser': end
[15:16:09.581] [bmv2] [D] [thread 12788] [43.0] [cxt 0] Pipeline 'ingress': start
[15:16:09.581] [bmv2] [T] [thread 12788] [43.0] [cxt 0] forward.p4(119) Condition "hdr.ipv4.isValid()" (node_2) is false
[15:16:09.581] [bmv2] [D] [thread 12788] [43.0] [cxt 0] Pipeline 'ingress': end
[15:16:09.581] [bmv2] [D] [thread 12788] [43.0] [cxt 0] Egress port is 0
[15:16:09.582] [bmv2] [D] [thread 12789] [43.0] [cxt 0] Pipeline 'egress': start
[15:16:09.582] [bmv2] [D] [thread 12789] [43.0] [cxt 0] Pipeline 'egress': end
[15:16:09.582] [bmv2] [D] [thread 12789] [43.0] [cxt 0] Deparser 'deparser': start
[15:16:09.582] [bmv2] [T] [thread 12789] [43.0] [cxt 0] Skipping checksum 'cksum' update because condition not met
[15:16:09.582] [bmv2] [D] [thread 12789] [43.0] [cxt 0] Deparsing header 'ethernet'
[15:16:09.582] [bmv2] [D] [thread 12789] [43.0] [cxt 0] Deparser 'deparser': end
[15:16:09.582] [bmv2] [D] [thread 12793] [43.0] [cxt 0] Transmitting packet of size 70 out of port 0
[15:16:11.629] [bmv2] [D] [thread 12788] [44.0] [cxt 0] Processing packet received on port 3
[15:16:11.630] [bmv2] [D] [thread 12788] [44.0] [cxt 0] Parser 'parser': start
[15:16:11.630] [bmv2] [D] [thread 12788] [44.0] [cxt 0] Parser 'parser' entering state 'start'
[15:16:11.630] [bmv2] [D] [thread 12788] [44.0] [cxt 0] Extracting header 'ethernet'
[15:16:11.630] [bmv2] [D] [thread 12788] [44.0] [cxt 0] Parser state 'start': key is 86dd
[15:16:11.630] [bmv2] [T] [thread 12788] [44.0] [cxt 0] Bytes parsed: 14
[15:16:11.630] [bmv2] [D] [thread 12788] [44.0] [cxt 0] Parser 'parser': end
[15:16:11.630] [bmv2] [D] [thread 12788] [44.0] [cxt 0] Pipeline 'ingress': start
[15:16:11.630] [bmv2] [T] [thread 12788] [44.0] [cxt 0] forward.p4(119) Condition "hdr.ipv4.isValid()" (node_2) is false
[15:16:11.630] [bmv2] [D] [thread 12788] [44.0] [cxt 0] Pipeline 'ingress': end
[15:16:11.630] [bmv2] [D] [thread 12788] [44.0] [cxt 0] Egress port is 0
[15:16:11.630] [bmv2] [D] [thread 12789] [44.0] [cxt 0] Pipeline 'egress': start
[15:16:11.630] [bmv2] [D] [thread 12789] [44.0] [cxt 0] Pipeline 'egress': end
[15:16:11.630] [bmv2] [D] [thread 12789] [44.0] [cxt 0] Deparser 'deparser': start
[15:16:11.630] [bmv2] [T] [thread 12789] [44.0] [cxt 0] Skipping checksum 'cksum' update because condition not met
[15:16:11.630] [bmv2] [D] [thread 12789] [44.0] [cxt 0] Deparsing header 'ethernet'
[15:16:11.630] [bmv2] [D] [thread 12789] [44.0] [cxt 0] Deparser 'deparser': end
[15:16:11.630] [bmv2] [D] [thread 12793] [44.0] [cxt 0] Transmitting packet of size 70 out of port 0
[15:16:13.678] [bmv2] [D] [thread 12788] [45.0] [cxt 0] Processing packet received on port 5
[15:16:13.678] [bmv2] [D] [thread 12788] [45.0] [cxt 0] Parser 'parser': start
[15:16:13.678] [bmv2] [D] [thread 12788] [45.0] [cxt 0] Parser 'parser' entering state 'start'
[15:16:13.678] [bmv2] [D] [thread 12788] [45.0] [cxt 0] Extracting header 'ethernet'
[15:16:13.678] [bmv2] [D] [thread 12788] [45.0] [cxt 0] Parser state 'start': key is 86dd
[15:16:13.678] [bmv2] [T] [thread 12788] [45.0] [cxt 0] Bytes parsed: 14
[15:16:13.678] [bmv2] [D] [thread 12788] [45.0] [cxt 0] Parser 'parser': end
[15:16:13.678] [bmv2] [D] [thread 12788] [45.0] [cxt 0] Pipeline 'ingress': start
[15:16:13.678] [bmv2] [T] [thread 12788] [45.0] [cxt 0] forward.p4(119) Condition "hdr.ipv4.isValid()" (node_2) is false
[15:16:13.678] [bmv2] [D] [thread 12788] [45.0] [cxt 0] Pipeline 'ingress': end
[15:16:13.678] [bmv2] [D] [thread 12788] [45.0] [cxt 0] Egress port is 0
[15:16:13.678] [bmv2] [D] [thread 12789] [45.0] [cxt 0] Pipeline 'egress': start
[15:16:13.678] [bmv2] [D] [thread 12789] [45.0] [cxt 0] Pipeline 'egress': end
[15:16:13.678] [bmv2] [D] [thread 12789] [45.0] [cxt 0] Deparser 'deparser': start
[15:16:13.678] [bmv2] [T] [thread 12789] [45.0] [cxt 0] Skipping checksum 'cksum' update because condition not met
[15:16:13.678] [bmv2] [D] [thread 12789] [45.0] [cxt 0] Deparsing header 'ethernet'
[15:16:13.678] [bmv2] [D] [thread 12789] [45.0] [cxt 0] Deparser 'deparser': end
[15:16:13.679] [bmv2] [D] [thread 12793] [45.0] [cxt 0] Transmitting packet of size 70 out of port 0
[15:16:15.727] [bmv2] [D] [thread 12788] [46.0] [cxt 0] Processing packet received on port 1
[15:16:15.727] [bmv2] [D] [thread 12788] [46.0] [cxt 0] Parser 'parser': start
[15:16:15.727] [bmv2] [D] [thread 12788] [46.0] [cxt 0] Parser 'parser' entering state 'start'
[15:16:15.727] [bmv2] [D] [thread 12788] [46.0] [cxt 0] Extracting header 'ethernet'
[15:16:15.727] [bmv2] [D] [thread 12788] [46.0] [cxt 0] Parser state 'start': key is 86dd
[15:16:15.727] [bmv2] [T] [thread 12788] [46.0] [cxt 0] Bytes parsed: 14
[15:16:15.727] [bmv2] [D] [thread 12788] [46.0] [cxt 0] Parser 'parser': end
[15:16:15.727] [bmv2] [D] [thread 12788] [46.0] [cxt 0] Pipeline 'ingress': start
[15:16:15.727] [bmv2] [T] [thread 12788] [46.0] [cxt 0] forward.p4(119) Condition "hdr.ipv4.isValid()" (node_2) is false
[15:16:15.727] [bmv2] [D] [thread 12788] [46.0] [cxt 0] Pipeline 'ingress': end
[15:16:15.727] [bmv2] [D] [thread 12788] [46.0] [cxt 0] Egress port is 0
[15:16:15.727] [bmv2] [D] [thread 12789] [46.0] [cxt 0] Pipeline 'egress': start
[15:16:15.727] [bmv2] [D] [thread 12789] [46.0] [cxt 0] Pipeline 'egress': end
[15:16:15.727] [bmv2] [D] [thread 12789] [46.0] [cxt 0] Deparser 'deparser': start
[15:16:15.727] [bmv2] [T] [thread 12789] [46.0] [cxt 0] Skipping checksum 'cksum' update because condition not met
[15:16:15.727] [bmv2] [D] [thread 12789] [46.0] [cxt 0] Deparsing header 'ethernet'
[15:16:15.727] [bmv2] [D] [thread 12789] [46.0] [cxt 0] Deparser 'deparser': end
[15:16:15.728] [bmv2] [D] [thread 12793] [46.0] [cxt 0] Transmitting packet of size 70 out of port 0
[15:16:15.729] [bmv2] [D] [thread 12788] [47.0] [cxt 0] Processing packet received on port 2
[15:16:15.729] [bmv2] [D] [thread 12788] [47.0] [cxt 0] Parser 'parser': start
[15:16:15.729] [bmv2] [D] [thread 12788] [47.0] [cxt 0] Parser 'parser' entering state 'start'
[15:16:15.729] [bmv2] [D] [thread 12788] [47.0] [cxt 0] Extracting header 'ethernet'
[15:16:15.729] [bmv2] [D] [thread 12788] [47.0] [cxt 0] Parser state 'start': key is 86dd
[15:16:15.729] [bmv2] [T] [thread 12788] [47.0] [cxt 0] Bytes parsed: 14
[15:16:15.729] [bmv2] [D] [thread 12788] [47.0] [cxt 0] Parser 'parser': end
[15:16:15.729] [bmv2] [D] [thread 12788] [47.0] [cxt 0] Pipeline 'ingress': start
[15:16:15.729] [bmv2] [T] [thread 12788] [47.0] [cxt 0] forward.p4(119) Condition "hdr.ipv4.isValid()" (node_2) is false
[15:16:15.729] [bmv2] [D] [thread 12788] [47.0] [cxt 0] Pipeline 'ingress': end
[15:16:15.729] [bmv2] [D] [thread 12788] [47.0] [cxt 0] Egress port is 0
[15:16:15.729] [bmv2] [D] [thread 12789] [47.0] [cxt 0] Pipeline 'egress': start
[15:16:15.729] [bmv2] [D] [thread 12789] [47.0] [cxt 0] Pipeline 'egress': end
[15:16:15.729] [bmv2] [D] [thread 12789] [47.0] [cxt 0] Deparser 'deparser': start
[15:16:15.729] [bmv2] [T] [thread 12789] [47.0] [cxt 0] Skipping checksum 'cksum' update because condition not met
[15:16:15.729] [bmv2] [D] [thread 12789] [47.0] [cxt 0] Deparsing header 'ethernet'
[15:16:15.729] [bmv2] [D] [thread 12789] [47.0] [cxt 0] Deparser 'deparser': end
[15:16:15.729] [bmv2] [D] [thread 12793] [47.0] [cxt 0] Transmitting packet of size 70 out of port 0
[15:16:17.773] [bmv2] [D] [thread 12788] [48.0] [cxt 0] Processing packet received on port 4
[15:16:17.773] [bmv2] [D] [thread 12788] [48.0] [cxt 0] Parser 'parser': start
[15:16:17.773] [bmv2] [D] [thread 12788] [48.0] [cxt 0] Parser 'parser' entering state 'start'
[15:16:17.773] [bmv2] [D] [thread 12788] [48.0] [cxt 0] Extracting header 'ethernet'
[15:16:17.773] [bmv2] [D] [thread 12788] [48.0] [cxt 0] Parser state 'start': key is 86dd
[15:16:17.773] [bmv2] [T] [thread 12788] [48.0] [cxt 0] Bytes parsed: 14
[15:16:17.773] [bmv2] [D] [thread 12788] [48.0] [cxt 0] Parser 'parser': end
[15:16:17.773] [bmv2] [D] [thread 12788] [48.0] [cxt 0] Pipeline 'ingress': start
[15:16:17.773] [bmv2] [T] [thread 12788] [48.0] [cxt 0] forward.p4(119) Condition "hdr.ipv4.isValid()" (node_2) is false
[15:16:17.773] [bmv2] [D] [thread 12788] [48.0] [cxt 0] Pipeline 'ingress': end
[15:16:17.773] [bmv2] [D] [thread 12788] [48.0] [cxt 0] Egress port is 0
[15:16:17.773] [bmv2] [D] [thread 12789] [48.0] [cxt 0] Pipeline 'egress': start
[15:16:17.773] [bmv2] [D] [thread 12789] [48.0] [cxt 0] Pipeline 'egress': end
[15:16:17.773] [bmv2] [D] [thread 12789] [48.0] [cxt 0] Deparser 'deparser': start
[15:16:17.773] [bmv2] [T] [thread 12789] [48.0] [cxt 0] Skipping checksum 'cksum' update because condition not met
[15:16:17.773] [bmv2] [D] [thread 12789] [48.0] [cxt 0] Deparsing header 'ethernet'
[15:16:17.773] [bmv2] [D] [thread 12789] [48.0] [cxt 0] Deparser 'deparser': end
[15:16:17.773] [bmv2] [D] [thread 12793] [48.0] [cxt 0] Transmitting packet of size 70 out of port 0
[15:16:17.774] [bmv2] [D] [thread 12788] [49.0] [cxt 0] Processing packet received on port 4
[15:16:17.774] [bmv2] [D] [thread 12788] [49.0] [cxt 0] Parser 'parser': start
[15:16:17.774] [bmv2] [D] [thread 12788] [49.0] [cxt 0] Parser 'parser' entering state 'start'
[15:16:17.774] [bmv2] [D] [thread 12788] [49.0] [cxt 0] Extracting header 'ethernet'
[15:16:17.774] [bmv2] [D] [thread 12788] [49.0] [cxt 0] Parser state 'start': key is 86dd
[15:16:17.774] [bmv2] [T] [thread 12788] [49.0] [cxt 0] Bytes parsed: 14
[15:16:17.774] [bmv2] [D] [thread 12788] [49.0] [cxt 0] Parser 'parser': end
[15:16:17.774] [bmv2] [D] [thread 12788] [49.0] [cxt 0] Pipeline 'ingress': start
[15:16:17.774] [bmv2] [T] [thread 12788] [49.0] [cxt 0] forward.p4(119) Condition "hdr.ipv4.isValid()" (node_2) is false
[15:16:17.774] [bmv2] [D] [thread 12788] [49.0] [cxt 0] Pipeline 'ingress': end
[15:16:17.774] [bmv2] [D] [thread 12788] [49.0] [cxt 0] Egress port is 0
[15:16:17.774] [bmv2] [D] [thread 12789] [49.0] [cxt 0] Pipeline 'egress': start
[15:16:17.774] [bmv2] [D] [thread 12789] [49.0] [cxt 0] Pipeline 'egress': end
[15:16:17.774] [bmv2] [D] [thread 12789] [49.0] [cxt 0] Deparser 'deparser': start
[15:16:17.774] [bmv2] [T] [thread 12789] [49.0] [cxt 0] Skipping checksum 'cksum' update because condition not met
[15:16:17.774] [bmv2] [D] [thread 12789] [49.0] [cxt 0] Deparsing header 'ethernet'
[15:16:17.774] [bmv2] [D] [thread 12789] [49.0] [cxt 0] Deparser 'deparser': end
[15:16:17.774] [bmv2] [D] [thread 12793] [49.0] [cxt 0] Transmitting packet of size 70 out of port 0
[15:16:19.821] [bmv2] [D] [thread 12788] [50.0] [cxt 0] Processing packet received on port 1
[15:16:19.821] [bmv2] [D] [thread 12788] [50.0] [cxt 0] Parser 'parser': start
[15:16:19.821] [bmv2] [D] [thread 12788] [50.0] [cxt 0] Parser 'parser' entering state 'start'
[15:16:19.821] [bmv2] [D] [thread 12788] [50.0] [cxt 0] Extracting header 'ethernet'
[15:16:19.821] [bmv2] [D] [thread 12788] [50.0] [cxt 0] Parser state 'start': key is 86dd
[15:16:19.821] [bmv2] [T] [thread 12788] [50.0] [cxt 0] Bytes parsed: 14
[15:16:19.821] [bmv2] [D] [thread 12788] [50.0] [cxt 0] Parser 'parser': end
[15:16:19.821] [bmv2] [D] [thread 12788] [50.0] [cxt 0] Pipeline 'ingress': start
[15:16:19.821] [bmv2] [T] [thread 12788] [50.0] [cxt 0] forward.p4(119) Condition "hdr.ipv4.isValid()" (node_2) is false
[15:16:19.821] [bmv2] [D] [thread 12788] [50.0] [cxt 0] Pipeline 'ingress': end
[15:16:19.821] [bmv2] [D] [thread 12788] [50.0] [cxt 0] Egress port is 0
[15:16:19.821] [bmv2] [D] [thread 12789] [50.0] [cxt 0] Pipeline 'egress': start
[15:16:19.821] [bmv2] [D] [thread 12789] [50.0] [cxt 0] Pipeline 'egress': end
[15:16:19.821] [bmv2] [D] [thread 12789] [50.0] [cxt 0] Deparser 'deparser': start
[15:16:19.821] [bmv2] [T] [thread 12789] [50.0] [cxt 0] Skipping checksum 'cksum' update because condition not met
[15:16:19.821] [bmv2] [D] [thread 12789] [50.0] [cxt 0] Deparsing header 'ethernet'
[15:16:19.821] [bmv2] [D] [thread 12789] [50.0] [cxt 0] Deparser 'deparser': end
[15:16:19.822] [bmv2] [D] [thread 12793] [50.0] [cxt 0] Transmitting packet of size 70 out of port 0
[15:16:23.070] [bmv2] [D] [thread 12788] [51.0] [cxt 0] Processing packet received on port 2
[15:16:23.070] [bmv2] [D] [thread 12788] [51.0] [cxt 0] Parser 'parser': start
[15:16:23.070] [bmv2] [D] [thread 12788] [51.0] [cxt 0] Parser 'parser' entering state 'start'
[15:16:23.070] [bmv2] [D] [thread 12788] [51.0] [cxt 0] Extracting header 'ethernet'
[15:16:23.070] [bmv2] [D] [thread 12788] [51.0] [cxt 0] Parser state 'start': key is 0800
[15:16:23.070] [bmv2] [T] [thread 12788] [51.0] [cxt 0] Bytes parsed: 14
[15:16:23.070] [bmv2] [D] [thread 12788] [51.0] [cxt 0] Parser 'parser' entering state 'parse_ipv4'
[15:16:23.070] [bmv2] [D] [thread 12788] [51.0] [cxt 0] Extracting header 'ipv4'
[15:16:23.070] [bmv2] [D] [thread 12788] [51.0] [cxt 0] Parser state 'parse_ipv4' has no switch, going to default next state
[15:16:23.070] [bmv2] [T] [thread 12788] [51.0] [cxt 0] Bytes parsed: 34
[15:16:23.070] [bmv2] [D] [thread 12788] [51.0] [cxt 0] Parser 'parser': end
[15:16:23.070] [bmv2] [D] [thread 12788] [51.0] [cxt 0] Pipeline 'ingress': start
[15:16:23.070] [bmv2] [T] [thread 12788] [51.0] [cxt 0] forward.p4(119) Condition "hdr.ipv4.isValid()" (node_2) is true
[15:16:23.070] [bmv2] [T] [thread 12788] [51.0] [cxt 0] Applying table 'MyIngress.ipv4_lpm'
[15:16:23.070] [bmv2] [D] [thread 12788] [51.0] [cxt 0] Looking up key:
* hdr.ipv4.dstAddr    : 0a000101

[15:16:23.070] [bmv2] [D] [thread 12788] [51.0] [cxt 0] Table 'MyIngress.ipv4_lpm': hit with handle 0
[15:16:23.070] [bmv2] [D] [thread 12788] [51.0] [cxt 0] Dumping entry 0
Match key:
* hdr.ipv4.dstAddr    : LPM       0a000100/24
Action entry: MyIngress.ipv4_forward - 80000000222,1,

[15:16:23.070] [bmv2] [D] [thread 12788] [51.0] [cxt 0] Action entry is MyIngress.ipv4_forward - 80000000222,1,
[15:16:23.070] [bmv2] [T] [thread 12788] [51.0] [cxt 0] Action MyIngress.ipv4_forward
[15:16:23.070] [bmv2] [T] [thread 12788] [51.0] [cxt 0] forward.p4(95) Primitive standard_metadata.egress_spec = port
[15:16:23.070] [bmv2] [T] [thread 12788] [51.0] [cxt 0] forward.p4(96) Primitive hdr.ethernet.srcAddr = hdr.ethernet.dstAddr
[15:16:23.070] [bmv2] [T] [thread 12788] [51.0] [cxt 0] forward.p4(97) Primitive hdr.ethernet.dstAddr = dstAddr
[15:16:23.070] [bmv2] [T] [thread 12788] [51.0] [cxt 0] forward.p4(98) Primitive hdr.ipv4.ttl = hdr.ipv4.ttl - 1
[15:16:23.070] [bmv2] [D] [thread 12788] [51.0] [cxt 0] Pipeline 'ingress': end
[15:16:23.070] [bmv2] [D] [thread 12788] [51.0] [cxt 0] Egress port is 1
[15:16:23.071] [bmv2] [D] [thread 12790] [51.0] [cxt 0] Pipeline 'egress': start
[15:16:23.071] [bmv2] [D] [thread 12790] [51.0] [cxt 0] Pipeline 'egress': end
[15:16:23.071] [bmv2] [D] [thread 12790] [51.0] [cxt 0] Deparser 'deparser': start
[15:16:23.071] [bmv2] [D] [thread 12790] [51.0] [cxt 0] Updating checksum 'cksum'
[15:16:23.071] [bmv2] [D] [thread 12790] [51.0] [cxt 0] Deparsing header 'ethernet'
[15:16:23.071] [bmv2] [D] [thread 12790] [51.0] [cxt 0] Deparsing header 'ipv4'
[15:16:23.071] [bmv2] [D] [thread 12790] [51.0] [cxt 0] Deparser 'deparser': end
[15:16:23.071] [bmv2] [D] [thread 12793] [51.0] [cxt 0] Transmitting packet of size 63 out of port 1
open: No such file or directory
open: No such file or directory
open: No such file or directory
open: No such file or directory
open: No such file or directory
open: No such file or directory
open: No such file or directory
open: No such file or directory
open: No such file or directory
open: No such file or directory
open: No such file or directory
open: No such file or directory
open: No such file or directory
open: No such file or directory
open: No such file or directory
open: No such file or directory
open: No such file or directory
open: No such file or directory
