Calling target program-options parser
[15:14:12.926] [bmv2] [D] [thread 12795] Set default default entry for table 'MyIngress.ipv4_lpm': MyIngress.send_to_cpu - 
Adding interface s6-eth1 as port 1
[15:14:12.926] [bmv2] [D] [thread 12795] Adding interface s6-eth1 as port 1
Adding interface s6-eth2 as port 2
[15:14:12.961] [bmv2] [D] [thread 12795] Adding interface s6-eth2 as port 2
Adding interface s6-eth3 as port 3
[15:14:13.001] [bmv2] [D] [thread 12795] Adding interface s6-eth3 as port 3
Adding interface s6-eth4 as port 4
[15:14:13.033] [bmv2] [D] [thread 12795] Adding interface s6-eth4 as port 4
Adding interface s6-eth5 as port 5
[15:14:13.069] [bmv2] [D] [thread 12795] Adding interface s6-eth5 as port 5
Server listening on 0.0.0.0:50056
[15:14:13.102] [bmv2] [I] [thread 12795] Starting Thrift server on port 9095
[15:14:13.103] [bmv2] [I] [thread 12795] Thrift server was started
[15:14:14.638] [bmv2] [D] [thread 12805] [0.0] [cxt 0] Processing packet received on port 2
[15:14:14.638] [bmv2] [D] [thread 12805] [0.0] [cxt 0] Parser 'parser': start
[15:14:14.638] [bmv2] [D] [thread 12805] [0.0] [cxt 0] Parser 'parser' entering state 'start'
[15:14:14.638] [bmv2] [D] [thread 12805] [0.0] [cxt 0] Extracting header 'ethernet'
[15:14:14.638] [bmv2] [D] [thread 12805] [0.0] [cxt 0] Parser state 'start': key is 86dd
[15:14:14.638] [bmv2] [T] [thread 12805] [0.0] [cxt 0] Bytes parsed: 14
[15:14:14.638] [bmv2] [D] [thread 12805] [0.0] [cxt 0] Parser 'parser': end
[15:14:14.638] [bmv2] [D] [thread 12805] [0.0] [cxt 0] Pipeline 'ingress': start
[15:14:14.638] [bmv2] [T] [thread 12805] [0.0] [cxt 0] forward.p4(119) Condition "hdr.ipv4.isValid()" (node_2) is false
[15:14:14.638] [bmv2] [D] [thread 12805] [0.0] [cxt 0] Pipeline 'ingress': end
[15:14:14.638] [bmv2] [D] [thread 12805] [0.0] [cxt 0] Egress port is 0
[15:14:14.638] [bmv2] [D] [thread 12806] [0.0] [cxt 0] Pipeline 'egress': start
[15:14:14.638] [bmv2] [D] [thread 12806] [0.0] [cxt 0] Pipeline 'egress': end
[15:14:14.638] [bmv2] [D] [thread 12806] [0.0] [cxt 0] Deparser 'deparser': start
[15:14:14.638] [bmv2] [T] [thread 12806] [0.0] [cxt 0] Skipping checksum 'cksum' update because condition not met
[15:14:14.638] [bmv2] [D] [thread 12806] [0.0] [cxt 0] Deparsing header 'ethernet'
[15:14:14.638] [bmv2] [D] [thread 12806] [0.0] [cxt 0] Deparser 'deparser': end
[15:14:14.639] [bmv2] [D] [thread 12810] [0.0] [cxt 0] Transmitting packet of size 70 out of port 0
[15:14:14.642] [bmv2] [D] [thread 12805] [1.0] [cxt 0] Processing packet received on port 5
[15:14:14.642] [bmv2] [D] [thread 12805] [1.0] [cxt 0] Parser 'parser': start
[15:14:14.642] [bmv2] [D] [thread 12805] [1.0] [cxt 0] Parser 'parser' entering state 'start'
[15:14:14.642] [bmv2] [D] [thread 12805] [1.0] [cxt 0] Extracting header 'ethernet'
[15:14:14.642] [bmv2] [D] [thread 12805] [1.0] [cxt 0] Parser state 'start': key is 86dd
[15:14:14.642] [bmv2] [T] [thread 12805] [1.0] [cxt 0] Bytes parsed: 14
[15:14:14.642] [bmv2] [D] [thread 12805] [1.0] [cxt 0] Parser 'parser': end
[15:14:14.642] [bmv2] [D] [thread 12805] [1.0] [cxt 0] Pipeline 'ingress': start
[15:14:14.642] [bmv2] [T] [thread 12805] [1.0] [cxt 0] forward.p4(119) Condition "hdr.ipv4.isValid()" (node_2) is false
[15:14:14.642] [bmv2] [D] [thread 12805] [1.0] [cxt 0] Pipeline 'ingress': end
[15:14:14.642] [bmv2] [D] [thread 12805] [1.0] [cxt 0] Egress port is 0
[15:14:14.643] [bmv2] [D] [thread 12806] [1.0] [cxt 0] Pipeline 'egress': start
[15:14:14.643] [bmv2] [D] [thread 12806] [1.0] [cxt 0] Pipeline 'egress': end
[15:14:14.643] [bmv2] [D] [thread 12806] [1.0] [cxt 0] Deparser 'deparser': start
[15:14:14.643] [bmv2] [T] [thread 12806] [1.0] [cxt 0] Skipping checksum 'cksum' update because condition not met
[15:14:14.643] [bmv2] [D] [thread 12806] [1.0] [cxt 0] Deparsing header 'ethernet'
[15:14:14.643] [bmv2] [D] [thread 12806] [1.0] [cxt 0] Deparser 'deparser': end
[15:14:14.643] [bmv2] [D] [thread 12810] [1.0] [cxt 0] Transmitting packet of size 70 out of port 0
[15:14:15.151] [bmv2] [D] [thread 12805] [2.0] [cxt 0] Processing packet received on port 2
[15:14:15.152] [bmv2] [D] [thread 12805] [2.0] [cxt 0] Parser 'parser': start
[15:14:15.152] [bmv2] [D] [thread 12805] [2.0] [cxt 0] Parser 'parser' entering state 'start'
[15:14:15.152] [bmv2] [D] [thread 12805] [2.0] [cxt 0] Extracting header 'ethernet'
[15:14:15.152] [bmv2] [D] [thread 12805] [2.0] [cxt 0] Parser state 'start': key is 86dd
[15:14:15.152] [bmv2] [T] [thread 12805] [2.0] [cxt 0] Bytes parsed: 14
[15:14:15.152] [bmv2] [D] [thread 12805] [2.0] [cxt 0] Parser 'parser': end
[15:14:15.152] [bmv2] [D] [thread 12805] [2.0] [cxt 0] Pipeline 'ingress': start
[15:14:15.152] [bmv2] [T] [thread 12805] [2.0] [cxt 0] forward.p4(119) Condition "hdr.ipv4.isValid()" (node_2) is false
[15:14:15.152] [bmv2] [D] [thread 12805] [2.0] [cxt 0] Pipeline 'ingress': end
[15:14:15.152] [bmv2] [D] [thread 12805] [2.0] [cxt 0] Egress port is 0
[15:14:15.152] [bmv2] [D] [thread 12805] [3.0] [cxt 0] Processing packet received on port 3
[15:14:15.152] [bmv2] [D] [thread 12805] [3.0] [cxt 0] Parser 'parser': start
[15:14:15.152] [bmv2] [D] [thread 12805] [3.0] [cxt 0] Parser 'parser' entering state 'start'
[15:14:15.152] [bmv2] [D] [thread 12805] [3.0] [cxt 0] Extracting header 'ethernet'
[15:14:15.152] [bmv2] [D] [thread 12805] [3.0] [cxt 0] Parser state 'start': key is 86dd
[15:14:15.152] [bmv2] [T] [thread 12805] [3.0] [cxt 0] Bytes parsed: 14
[15:14:15.152] [bmv2] [D] [thread 12805] [3.0] [cxt 0] Parser 'parser': end
[15:14:15.152] [bmv2] [D] [thread 12805] [3.0] [cxt 0] Pipeline 'ingress': start
[15:14:15.152] [bmv2] [T] [thread 12805] [3.0] [cxt 0] forward.p4(119) Condition "hdr.ipv4.isValid()" (node_2) is false
[15:14:15.152] [bmv2] [D] [thread 12805] [3.0] [cxt 0] Pipeline 'ingress': end
[15:14:15.152] [bmv2] [D] [thread 12805] [3.0] [cxt 0] Egress port is 0
[15:14:15.152] [bmv2] [D] [thread 12805] [4.0] [cxt 0] Processing packet received on port 4
[15:14:15.152] [bmv2] [D] [thread 12805] [4.0] [cxt 0] Parser 'parser': start
[15:14:15.152] [bmv2] [D] [thread 12805] [4.0] [cxt 0] Parser 'parser' entering state 'start'
[15:14:15.152] [bmv2] [D] [thread 12805] [4.0] [cxt 0] Extracting header 'ethernet'
[15:14:15.152] [bmv2] [D] [thread 12805] [4.0] [cxt 0] Parser state 'start': key is 86dd
[15:14:15.152] [bmv2] [T] [thread 12805] [4.0] [cxt 0] Bytes parsed: 14
[15:14:15.152] [bmv2] [D] [thread 12805] [4.0] [cxt 0] Parser 'parser': end
[15:14:15.152] [bmv2] [D] [thread 12806] [2.0] [cxt 0] Pipeline 'egress': start
[15:14:15.152] [bmv2] [D] [thread 12806] [2.0] [cxt 0] Pipeline 'egress': end
[15:14:15.152] [bmv2] [D] [thread 12806] [2.0] [cxt 0] Deparser 'deparser': start
[15:14:15.152] [bmv2] [T] [thread 12806] [2.0] [cxt 0] Skipping checksum 'cksum' update because condition not met
[15:14:15.152] [bmv2] [D] [thread 12806] [2.0] [cxt 0] Deparsing header 'ethernet'
[15:14:15.152] [bmv2] [D] [thread 12806] [2.0] [cxt 0] Deparser 'deparser': end
[15:14:15.152] [bmv2] [D] [thread 12806] [3.0] [cxt 0] Pipeline 'egress': start
[15:14:15.152] [bmv2] [D] [thread 12805] [4.0] [cxt 0] Pipeline 'ingress': start
[15:14:15.152] [bmv2] [T] [thread 12805] [4.0] [cxt 0] forward.p4(119) Condition "hdr.ipv4.isValid()" (node_2) is false
[15:14:15.152] [bmv2] [D] [thread 12806] [3.0] [cxt 0] Pipeline 'egress': end
[15:14:15.152] [bmv2] [D] [thread 12806] [3.0] [cxt 0] Deparser 'deparser': start
[15:14:15.152] [bmv2] [T] [thread 12806] [3.0] [cxt 0] Skipping checksum 'cksum' update because condition not met
[15:14:15.152] [bmv2] [D] [thread 12806] [3.0] [cxt 0] Deparsing header 'ethernet'
[15:14:15.152] [bmv2] [D] [thread 12805] [4.0] [cxt 0] Pipeline 'ingress': end
[15:14:15.152] [bmv2] [D] [thread 12805] [4.0] [cxt 0] Egress port is 0
[15:14:15.152] [bmv2] [D] [thread 12806] [3.0] [cxt 0] Deparser 'deparser': end
[15:14:15.152] [bmv2] [D] [thread 12806] [4.0] [cxt 0] Pipeline 'egress': start
[15:14:15.152] [bmv2] [D] [thread 12806] [4.0] [cxt 0] Pipeline 'egress': end
[15:14:15.152] [bmv2] [D] [thread 12806] [4.0] [cxt 0] Deparser 'deparser': start
[15:14:15.152] [bmv2] [T] [thread 12806] [4.0] [cxt 0] Skipping checksum 'cksum' update because condition not met
[15:14:15.152] [bmv2] [D] [thread 12806] [4.0] [cxt 0] Deparsing header 'ethernet'
[15:14:15.152] [bmv2] [D] [thread 12806] [4.0] [cxt 0] Deparser 'deparser': end
[15:14:15.152] [bmv2] [D] [thread 12810] [2.0] [cxt 0] Transmitting packet of size 70 out of port 0
[15:14:15.152] [bmv2] [D] [thread 12810] [3.0] [cxt 0] Transmitting packet of size 70 out of port 0
[15:14:15.152] [bmv2] [D] [thread 12805] [5.0] [cxt 0] Processing packet received on port 5
[15:14:15.152] [bmv2] [D] [thread 12810] [4.0] [cxt 0] Transmitting packet of size 70 out of port 0
[15:14:15.152] [bmv2] [D] [thread 12805] [5.0] [cxt 0] Parser 'parser': start
[15:14:15.152] [bmv2] [D] [thread 12805] [5.0] [cxt 0] Parser 'parser' entering state 'start'
[15:14:15.152] [bmv2] [D] [thread 12805] [5.0] [cxt 0] Extracting header 'ethernet'
[15:14:15.152] [bmv2] [D] [thread 12805] [5.0] [cxt 0] Parser state 'start': key is 86dd
[15:14:15.153] [bmv2] [T] [thread 12805] [5.0] [cxt 0] Bytes parsed: 14
[15:14:15.153] [bmv2] [D] [thread 12805] [5.0] [cxt 0] Parser 'parser': end
[15:14:15.153] [bmv2] [D] [thread 12805] [5.0] [cxt 0] Pipeline 'ingress': start
[15:14:15.153] [bmv2] [T] [thread 12805] [5.0] [cxt 0] forward.p4(119) Condition "hdr.ipv4.isValid()" (node_2) is false
[15:14:15.153] [bmv2] [D] [thread 12805] [5.0] [cxt 0] Pipeline 'ingress': end
[15:14:15.153] [bmv2] [D] [thread 12805] [5.0] [cxt 0] Egress port is 0
[15:14:15.153] [bmv2] [D] [thread 12805] [6.0] [cxt 0] Processing packet received on port 3
[15:14:15.153] [bmv2] [D] [thread 12805] [6.0] [cxt 0] Parser 'parser': start
[15:14:15.153] [bmv2] [D] [thread 12805] [6.0] [cxt 0] Parser 'parser' entering state 'start'
[15:14:15.153] [bmv2] [D] [thread 12805] [6.0] [cxt 0] Extracting header 'ethernet'
[15:14:15.153] [bmv2] [D] [thread 12805] [6.0] [cxt 0] Parser state 'start': key is 86dd
[15:14:15.153] [bmv2] [T] [thread 12805] [6.0] [cxt 0] Bytes parsed: 14
[15:14:15.153] [bmv2] [D] [thread 12805] [6.0] [cxt 0] Parser 'parser': end
[15:14:15.153] [bmv2] [D] [thread 12805] [6.0] [cxt 0] Pipeline 'ingress': start
[15:14:15.153] [bmv2] [T] [thread 12805] [6.0] [cxt 0] forward.p4(119) Condition "hdr.ipv4.isValid()" (node_2) is false
[15:14:15.153] [bmv2] [D] [thread 12805] [6.0] [cxt 0] Pipeline 'ingress': end
[15:14:15.153] [bmv2] [D] [thread 12805] [6.0] [cxt 0] Egress port is 0
[15:14:15.153] [bmv2] [D] [thread 12806] [5.0] [cxt 0] Pipeline 'egress': start
[15:14:15.153] [bmv2] [D] [thread 12806] [5.0] [cxt 0] Pipeline 'egress': end
[15:14:15.153] [bmv2] [D] [thread 12806] [5.0] [cxt 0] Deparser 'deparser': start
[15:14:15.153] [bmv2] [T] [thread 12806] [5.0] [cxt 0] Skipping checksum 'cksum' update because condition not met
[15:14:15.153] [bmv2] [D] [thread 12806] [5.0] [cxt 0] Deparsing header 'ethernet'
[15:14:15.153] [bmv2] [D] [thread 12806] [5.0] [cxt 0] Deparser 'deparser': end
[15:14:15.153] [bmv2] [D] [thread 12806] [6.0] [cxt 0] Pipeline 'egress': start
[15:14:15.153] [bmv2] [D] [thread 12806] [6.0] [cxt 0] Pipeline 'egress': end
[15:14:15.153] [bmv2] [D] [thread 12806] [6.0] [cxt 0] Deparser 'deparser': start
[15:14:15.153] [bmv2] [T] [thread 12806] [6.0] [cxt 0] Skipping checksum 'cksum' update because condition not met
[15:14:15.153] [bmv2] [D] [thread 12806] [6.0] [cxt 0] Deparsing header 'ethernet'
[15:14:15.153] [bmv2] [D] [thread 12806] [6.0] [cxt 0] Deparser 'deparser': end
[15:14:15.153] [bmv2] [D] [thread 12810] [5.0] [cxt 0] Transmitting packet of size 70 out of port 0
[15:14:15.153] [bmv2] [D] [thread 12810] [6.0] [cxt 0] Transmitting packet of size 70 out of port 0
[15:14:15.409] [bmv2] [D] [thread 12805] [7.0] [cxt 0] Processing packet received on port 1
[15:14:15.409] [bmv2] [D] [thread 12805] [7.0] [cxt 0] Parser 'parser': start
[15:14:15.409] [bmv2] [D] [thread 12805] [7.0] [cxt 0] Parser 'parser' entering state 'start'
[15:14:15.409] [bmv2] [D] [thread 12805] [7.0] [cxt 0] Extracting header 'ethernet'
[15:14:15.409] [bmv2] [D] [thread 12805] [7.0] [cxt 0] Parser state 'start': key is 86dd
[15:14:15.409] [bmv2] [T] [thread 12805] [7.0] [cxt 0] Bytes parsed: 14
[15:14:15.409] [bmv2] [D] [thread 12805] [7.0] [cxt 0] Parser 'parser': end
[15:14:15.409] [bmv2] [D] [thread 12805] [7.0] [cxt 0] Pipeline 'ingress': start
[15:14:15.409] [bmv2] [T] [thread 12805] [7.0] [cxt 0] forward.p4(119) Condition "hdr.ipv4.isValid()" (node_2) is false
[15:14:15.409] [bmv2] [D] [thread 12805] [7.0] [cxt 0] Pipeline 'ingress': end
[15:14:15.409] [bmv2] [D] [thread 12805] [7.0] [cxt 0] Egress port is 0
[15:14:15.409] [bmv2] [D] [thread 12805] [8.0] [cxt 0] Processing packet received on port 4
[15:14:15.409] [bmv2] [D] [thread 12805] [8.0] [cxt 0] Parser 'parser': start
[15:14:15.409] [bmv2] [D] [thread 12805] [8.0] [cxt 0] Parser 'parser' entering state 'start'
[15:14:15.409] [bmv2] [D] [thread 12805] [8.0] [cxt 0] Extracting header 'ethernet'
[15:14:15.410] [bmv2] [D] [thread 12805] [8.0] [cxt 0] Parser state 'start': key is 86dd
[15:14:15.410] [bmv2] [T] [thread 12805] [8.0] [cxt 0] Bytes parsed: 14
[15:14:15.410] [bmv2] [D] [thread 12805] [8.0] [cxt 0] Parser 'parser': end
[15:14:15.410] [bmv2] [D] [thread 12805] [8.0] [cxt 0] Pipeline 'ingress': start
[15:14:15.410] [bmv2] [T] [thread 12805] [8.0] [cxt 0] forward.p4(119) Condition "hdr.ipv4.isValid()" (node_2) is false
[15:14:15.410] [bmv2] [D] [thread 12805] [8.0] [cxt 0] Pipeline 'ingress': end
[15:14:15.410] [bmv2] [D] [thread 12805] [8.0] [cxt 0] Egress port is 0
[15:14:15.410] [bmv2] [D] [thread 12805] [9.0] [cxt 0] Processing packet received on port 1
[15:14:15.410] [bmv2] [D] [thread 12805] [9.0] [cxt 0] Parser 'parser': start
[15:14:15.410] [bmv2] [D] [thread 12805] [9.0] [cxt 0] Parser 'parser' entering state 'start'
[15:14:15.410] [bmv2] [D] [thread 12805] [9.0] [cxt 0] Extracting header 'ethernet'
[15:14:15.410] [bmv2] [D] [thread 12805] [9.0] [cxt 0] Parser state 'start': key is 86dd
[15:14:15.410] [bmv2] [T] [thread 12805] [9.0] [cxt 0] Bytes parsed: 14
[15:14:15.410] [bmv2] [D] [thread 12805] [9.0] [cxt 0] Parser 'parser': end
[15:14:15.410] [bmv2] [D] [thread 12805] [9.0] [cxt 0] Pipeline 'ingress': start
[15:14:15.410] [bmv2] [T] [thread 12805] [9.0] [cxt 0] forward.p4(119) Condition "hdr.ipv4.isValid()" (node_2) is false
[15:14:15.410] [bmv2] [D] [thread 12805] [9.0] [cxt 0] Pipeline 'ingress': end
[15:14:15.410] [bmv2] [D] [thread 12805] [9.0] [cxt 0] Egress port is 0
[15:14:15.410] [bmv2] [D] [thread 12806] [7.0] [cxt 0] Pipeline 'egress': start
[15:14:15.410] [bmv2] [D] [thread 12806] [7.0] [cxt 0] Pipeline 'egress': end
[15:14:15.410] [bmv2] [D] [thread 12806] [7.0] [cxt 0] Deparser 'deparser': start
[15:14:15.410] [bmv2] [T] [thread 12806] [7.0] [cxt 0] Skipping checksum 'cksum' update because condition not met
[15:14:15.410] [bmv2] [D] [thread 12806] [7.0] [cxt 0] Deparsing header 'ethernet'
[15:14:15.410] [bmv2] [D] [thread 12806] [7.0] [cxt 0] Deparser 'deparser': end
[15:14:15.410] [bmv2] [D] [thread 12806] [8.0] [cxt 0] Pipeline 'egress': start
[15:14:15.410] [bmv2] [D] [thread 12806] [8.0] [cxt 0] Pipeline 'egress': end
[15:14:15.410] [bmv2] [D] [thread 12806] [8.0] [cxt 0] Deparser 'deparser': start
[15:14:15.410] [bmv2] [T] [thread 12806] [8.0] [cxt 0] Skipping checksum 'cksum' update because condition not met
[15:14:15.410] [bmv2] [D] [thread 12806] [8.0] [cxt 0] Deparsing header 'ethernet'
[15:14:15.410] [bmv2] [D] [thread 12806] [8.0] [cxt 0] Deparser 'deparser': end
[15:14:15.410] [bmv2] [D] [thread 12806] [9.0] [cxt 0] Pipeline 'egress': start
[15:14:15.410] [bmv2] [D] [thread 12806] [9.0] [cxt 0] Pipeline 'egress': end
[15:14:15.410] [bmv2] [D] [thread 12806] [9.0] [cxt 0] Deparser 'deparser': start
[15:14:15.410] [bmv2] [T] [thread 12806] [9.0] [cxt 0] Skipping checksum 'cksum' update because condition not met
[15:14:15.410] [bmv2] [D] [thread 12806] [9.0] [cxt 0] Deparsing header 'ethernet'
[15:14:15.410] [bmv2] [D] [thread 12806] [9.0] [cxt 0] Deparser 'deparser': end
[15:14:15.410] [bmv2] [D] [thread 12810] [7.0] [cxt 0] Transmitting packet of size 70 out of port 0
[15:14:15.410] [bmv2] [D] [thread 12810] [8.0] [cxt 0] Transmitting packet of size 70 out of port 0
[15:14:15.410] [bmv2] [D] [thread 12810] [9.0] [cxt 0] Transmitting packet of size 70 out of port 0
[15:14:19.360] [bmv2] [W] [thread 12869] [P4Runtime] p4::tmp::P4DeviceConfig is deprecated
[15:14:19.361] [bmv2] [D] [thread 12869] Set default default entry for table 'MyIngress.ipv4_lpm': MyIngress.send_to_cpu - 
[15:14:19.362] [bmv2] [D] [thread 12869] simple_switch target has been notified of a config swap
[15:14:21.805] [bmv2] [D] [thread 12805] [10.0] [cxt 0] Processing packet received on port 5
[15:14:21.805] [bmv2] [D] [thread 12805] [10.0] [cxt 0] Parser 'parser': start
[15:14:21.805] [bmv2] [D] [thread 12805] [10.0] [cxt 0] Parser 'parser' entering state 'start'
[15:14:21.805] [bmv2] [D] [thread 12805] [10.0] [cxt 0] Extracting header 'ethernet'
[15:14:21.805] [bmv2] [D] [thread 12805] [10.0] [cxt 0] Parser state 'start': key is 86dd
[15:14:21.805] [bmv2] [T] [thread 12805] [10.0] [cxt 0] Bytes parsed: 14
[15:14:21.805] [bmv2] [D] [thread 12805] [10.0] [cxt 0] Parser 'parser': end
[15:14:21.805] [bmv2] [D] [thread 12805] [10.0] [cxt 0] Pipeline 'ingress': start
[15:14:21.805] [bmv2] [T] [thread 12805] [10.0] [cxt 0] forward.p4(119) Condition "hdr.ipv4.isValid()" (node_2) is false
[15:14:21.805] [bmv2] [D] [thread 12805] [10.0] [cxt 0] Pipeline 'ingress': end
[15:14:21.805] [bmv2] [D] [thread 12805] [10.0] [cxt 0] Egress port is 0
[15:14:21.806] [bmv2] [D] [thread 12806] [10.0] [cxt 0] Pipeline 'egress': start
[15:14:21.806] [bmv2] [D] [thread 12806] [10.0] [cxt 0] Pipeline 'egress': end
[15:14:21.807] [bmv2] [D] [thread 12806] [10.0] [cxt 0] Deparser 'deparser': start
[15:14:21.807] [bmv2] [T] [thread 12806] [10.0] [cxt 0] Skipping checksum 'cksum' update because condition not met
[15:14:21.807] [bmv2] [D] [thread 12806] [10.0] [cxt 0] Deparsing header 'ethernet'
[15:14:21.807] [bmv2] [D] [thread 12806] [10.0] [cxt 0] Deparser 'deparser': end
[15:14:21.807] [bmv2] [D] [thread 12810] [10.0] [cxt 0] Transmitting packet of size 70 out of port 0
[15:14:22.829] [bmv2] [D] [thread 12805] [11.0] [cxt 0] Processing packet received on port 2
[15:14:22.829] [bmv2] [D] [thread 12805] [11.0] [cxt 0] Parser 'parser': start
[15:14:22.829] [bmv2] [D] [thread 12805] [11.0] [cxt 0] Parser 'parser' entering state 'start'
[15:14:22.829] [bmv2] [D] [thread 12805] [11.0] [cxt 0] Extracting header 'ethernet'
[15:14:22.830] [bmv2] [D] [thread 12805] [11.0] [cxt 0] Parser state 'start': key is 86dd
[15:14:22.830] [bmv2] [T] [thread 12805] [11.0] [cxt 0] Bytes parsed: 14
[15:14:22.830] [bmv2] [D] [thread 12805] [11.0] [cxt 0] Parser 'parser': end
[15:14:22.830] [bmv2] [D] [thread 12805] [11.0] [cxt 0] Pipeline 'ingress': start
[15:14:22.830] [bmv2] [T] [thread 12805] [11.0] [cxt 0] forward.p4(119) Condition "hdr.ipv4.isValid()" (node_2) is false
[15:14:22.830] [bmv2] [D] [thread 12805] [11.0] [cxt 0] Pipeline 'ingress': end
[15:14:22.830] [bmv2] [D] [thread 12805] [11.0] [cxt 0] Egress port is 0
[15:14:22.830] [bmv2] [D] [thread 12805] [12.0] [cxt 0] Processing packet received on port 4
[15:14:22.830] [bmv2] [D] [thread 12805] [12.0] [cxt 0] Parser 'parser': start
[15:14:22.830] [bmv2] [D] [thread 12805] [12.0] [cxt 0] Parser 'parser' entering state 'start'
[15:14:22.830] [bmv2] [D] [thread 12805] [12.0] [cxt 0] Extracting header 'ethernet'
[15:14:22.830] [bmv2] [D] [thread 12805] [12.0] [cxt 0] Parser state 'start': key is 86dd
[15:14:22.830] [bmv2] [T] [thread 12805] [12.0] [cxt 0] Bytes parsed: 14
[15:14:22.830] [bmv2] [D] [thread 12805] [12.0] [cxt 0] Parser 'parser': end
[15:14:22.830] [bmv2] [D] [thread 12805] [12.0] [cxt 0] Pipeline 'ingress': start
[15:14:22.830] [bmv2] [T] [thread 12805] [12.0] [cxt 0] forward.p4(119) Condition "hdr.ipv4.isValid()" (node_2) is false
[15:14:22.830] [bmv2] [D] [thread 12805] [12.0] [cxt 0] Pipeline 'ingress': end
[15:14:22.830] [bmv2] [D] [thread 12805] [12.0] [cxt 0] Egress port is 0
[15:14:22.831] [bmv2] [D] [thread 12806] [11.0] [cxt 0] Pipeline 'egress': start
[15:14:22.831] [bmv2] [D] [thread 12806] [11.0] [cxt 0] Pipeline 'egress': end
[15:14:22.831] [bmv2] [D] [thread 12806] [11.0] [cxt 0] Deparser 'deparser': start
[15:14:22.831] [bmv2] [T] [thread 12806] [11.0] [cxt 0] Skipping checksum 'cksum' update because condition not met
[15:14:22.831] [bmv2] [D] [thread 12806] [11.0] [cxt 0] Deparsing header 'ethernet'
[15:14:22.831] [bmv2] [D] [thread 12806] [11.0] [cxt 0] Deparser 'deparser': end
[15:14:22.831] [bmv2] [D] [thread 12806] [12.0] [cxt 0] Pipeline 'egress': start
[15:14:22.831] [bmv2] [D] [thread 12806] [12.0] [cxt 0] Pipeline 'egress': end
[15:14:22.831] [bmv2] [D] [thread 12806] [12.0] [cxt 0] Deparser 'deparser': start
[15:14:22.831] [bmv2] [T] [thread 12806] [12.0] [cxt 0] Skipping checksum 'cksum' update because condition not met
[15:14:22.831] [bmv2] [D] [thread 12806] [12.0] [cxt 0] Deparsing header 'ethernet'
[15:14:22.831] [bmv2] [D] [thread 12806] [12.0] [cxt 0] Deparser 'deparser': end
[15:14:22.831] [bmv2] [D] [thread 12810] [11.0] [cxt 0] Transmitting packet of size 70 out of port 0
[15:14:22.831] [bmv2] [D] [thread 12810] [12.0] [cxt 0] Transmitting packet of size 70 out of port 0
[15:14:22.832] [bmv2] [D] [thread 12805] [13.0] [cxt 0] Processing packet received on port 3
[15:14:22.832] [bmv2] [D] [thread 12805] [13.0] [cxt 0] Parser 'parser': start
[15:14:22.832] [bmv2] [D] [thread 12805] [13.0] [cxt 0] Parser 'parser' entering state 'start'
[15:14:22.832] [bmv2] [D] [thread 12805] [13.0] [cxt 0] Extracting header 'ethernet'
[15:14:22.832] [bmv2] [D] [thread 12805] [13.0] [cxt 0] Parser state 'start': key is 86dd
[15:14:22.832] [bmv2] [T] [thread 12805] [13.0] [cxt 0] Bytes parsed: 14
[15:14:22.832] [bmv2] [D] [thread 12805] [13.0] [cxt 0] Parser 'parser': end
[15:14:22.832] [bmv2] [D] [thread 12805] [13.0] [cxt 0] Pipeline 'ingress': start
[15:14:22.832] [bmv2] [T] [thread 12805] [13.0] [cxt 0] forward.p4(119) Condition "hdr.ipv4.isValid()" (node_2) is false
[15:14:22.832] [bmv2] [D] [thread 12805] [13.0] [cxt 0] Pipeline 'ingress': end
[15:14:22.832] [bmv2] [D] [thread 12805] [13.0] [cxt 0] Egress port is 0
[15:14:22.832] [bmv2] [D] [thread 12806] [13.0] [cxt 0] Pipeline 'egress': start
[15:14:22.832] [bmv2] [D] [thread 12806] [13.0] [cxt 0] Pipeline 'egress': end
[15:14:22.832] [bmv2] [D] [thread 12806] [13.0] [cxt 0] Deparser 'deparser': start
[15:14:22.832] [bmv2] [T] [thread 12806] [13.0] [cxt 0] Skipping checksum 'cksum' update because condition not met
[15:14:22.832] [bmv2] [D] [thread 12806] [13.0] [cxt 0] Deparsing header 'ethernet'
[15:14:22.832] [bmv2] [D] [thread 12806] [13.0] [cxt 0] Deparser 'deparser': end
[15:14:22.832] [bmv2] [D] [thread 12810] [13.0] [cxt 0] Transmitting packet of size 70 out of port 0
[15:14:23.085] [bmv2] [D] [thread 12805] [14.0] [cxt 0] Processing packet received on port 2
[15:14:23.085] [bmv2] [D] [thread 12805] [14.0] [cxt 0] Parser 'parser': start
[15:14:23.085] [bmv2] [D] [thread 12805] [14.0] [cxt 0] Parser 'parser' entering state 'start'
[15:14:23.085] [bmv2] [D] [thread 12805] [14.0] [cxt 0] Extracting header 'ethernet'
[15:14:23.085] [bmv2] [D] [thread 12805] [14.0] [cxt 0] Parser state 'start': key is 86dd
[15:14:23.085] [bmv2] [T] [thread 12805] [14.0] [cxt 0] Bytes parsed: 14
[15:14:23.085] [bmv2] [D] [thread 12805] [14.0] [cxt 0] Parser 'parser': end
[15:14:23.085] [bmv2] [D] [thread 12805] [14.0] [cxt 0] Pipeline 'ingress': start
[15:14:23.085] [bmv2] [T] [thread 12805] [14.0] [cxt 0] forward.p4(119) Condition "hdr.ipv4.isValid()" (node_2) is false
[15:14:23.085] [bmv2] [D] [thread 12805] [14.0] [cxt 0] Pipeline 'ingress': end
[15:14:23.085] [bmv2] [D] [thread 12805] [14.0] [cxt 0] Egress port is 0
[15:14:23.085] [bmv2] [D] [thread 12805] [15.0] [cxt 0] Processing packet received on port 4
[15:14:23.085] [bmv2] [D] [thread 12805] [15.0] [cxt 0] Parser 'parser': start
[15:14:23.085] [bmv2] [D] [thread 12805] [15.0] [cxt 0] Parser 'parser' entering state 'start'
[15:14:23.085] [bmv2] [D] [thread 12805] [15.0] [cxt 0] Extracting header 'ethernet'
[15:14:23.085] [bmv2] [D] [thread 12805] [15.0] [cxt 0] Parser state 'start': key is 86dd
[15:14:23.085] [bmv2] [T] [thread 12805] [15.0] [cxt 0] Bytes parsed: 14
[15:14:23.085] [bmv2] [D] [thread 12805] [15.0] [cxt 0] Parser 'parser': end
[15:14:23.085] [bmv2] [D] [thread 12805] [15.0] [cxt 0] Pipeline 'ingress': start
[15:14:23.085] [bmv2] [T] [thread 12805] [15.0] [cxt 0] forward.p4(119) Condition "hdr.ipv4.isValid()" (node_2) is false
[15:14:23.085] [bmv2] [D] [thread 12805] [15.0] [cxt 0] Pipeline 'ingress': end
[15:14:23.085] [bmv2] [D] [thread 12805] [15.0] [cxt 0] Egress port is 0
[15:14:23.085] [bmv2] [D] [thread 12805] [16.0] [cxt 0] Processing packet received on port 5
[15:14:23.085] [bmv2] [D] [thread 12805] [16.0] [cxt 0] Parser 'parser': start
[15:14:23.085] [bmv2] [D] [thread 12805] [16.0] [cxt 0] Parser 'parser' entering state 'start'
[15:14:23.085] [bmv2] [D] [thread 12805] [16.0] [cxt 0] Extracting header 'ethernet'
[15:14:23.085] [bmv2] [D] [thread 12805] [16.0] [cxt 0] Parser state 'start': key is 86dd
[15:14:23.085] [bmv2] [T] [thread 12805] [16.0] [cxt 0] Bytes parsed: 14
[15:14:23.085] [bmv2] [D] [thread 12805] [16.0] [cxt 0] Parser 'parser': end
[15:14:23.085] [bmv2] [D] [thread 12805] [16.0] [cxt 0] Pipeline 'ingress': start
[15:14:23.086] [bmv2] [T] [thread 12805] [16.0] [cxt 0] forward.p4(119) Condition "hdr.ipv4.isValid()" (node_2) is false
[15:14:23.086] [bmv2] [D] [thread 12805] [16.0] [cxt 0] Pipeline 'ingress': end
[15:14:23.086] [bmv2] [D] [thread 12805] [16.0] [cxt 0] Egress port is 0
[15:14:23.086] [bmv2] [D] [thread 12806] [14.0] [cxt 0] Pipeline 'egress': start
[15:14:23.086] [bmv2] [D] [thread 12806] [14.0] [cxt 0] Pipeline 'egress': end
[15:14:23.086] [bmv2] [D] [thread 12806] [14.0] [cxt 0] Deparser 'deparser': start
[15:14:23.086] [bmv2] [T] [thread 12806] [14.0] [cxt 0] Skipping checksum 'cksum' update because condition not met
[15:14:23.086] [bmv2] [D] [thread 12806] [14.0] [cxt 0] Deparsing header 'ethernet'
[15:14:23.086] [bmv2] [D] [thread 12806] [14.0] [cxt 0] Deparser 'deparser': end
[15:14:23.086] [bmv2] [D] [thread 12806] [15.0] [cxt 0] Pipeline 'egress': start
[15:14:23.086] [bmv2] [D] [thread 12806] [15.0] [cxt 0] Pipeline 'egress': end
[15:14:23.086] [bmv2] [D] [thread 12806] [15.0] [cxt 0] Deparser 'deparser': start
[15:14:23.086] [bmv2] [T] [thread 12806] [15.0] [cxt 0] Skipping checksum 'cksum' update because condition not met
[15:14:23.086] [bmv2] [D] [thread 12806] [15.0] [cxt 0] Deparsing header 'ethernet'
[15:14:23.086] [bmv2] [D] [thread 12806] [15.0] [cxt 0] Deparser 'deparser': end
[15:14:23.086] [bmv2] [D] [thread 12806] [16.0] [cxt 0] Pipeline 'egress': start
[15:14:23.086] [bmv2] [D] [thread 12806] [16.0] [cxt 0] Pipeline 'egress': end
[15:14:23.086] [bmv2] [D] [thread 12806] [16.0] [cxt 0] Deparser 'deparser': start
[15:14:23.086] [bmv2] [T] [thread 12806] [16.0] [cxt 0] Skipping checksum 'cksum' update because condition not met
[15:14:23.086] [bmv2] [D] [thread 12806] [16.0] [cxt 0] Deparsing header 'ethernet'
[15:14:23.086] [bmv2] [D] [thread 12806] [16.0] [cxt 0] Deparser 'deparser': end
[15:14:23.086] [bmv2] [D] [thread 12810] [14.0] [cxt 0] Transmitting packet of size 70 out of port 0
[15:14:23.086] [bmv2] [D] [thread 12810] [15.0] [cxt 0] Transmitting packet of size 70 out of port 0
[15:14:23.086] [bmv2] [D] [thread 12810] [16.0] [cxt 0] Transmitting packet of size 70 out of port 0
[15:14:23.597] [bmv2] [D] [thread 12805] [17.0] [cxt 0] Processing packet received on port 1
[15:14:23.597] [bmv2] [D] [thread 12805] [17.0] [cxt 0] Parser 'parser': start
[15:14:23.597] [bmv2] [D] [thread 12805] [17.0] [cxt 0] Parser 'parser' entering state 'start'
[15:14:23.597] [bmv2] [D] [thread 12805] [17.0] [cxt 0] Extracting header 'ethernet'
[15:14:23.597] [bmv2] [D] [thread 12805] [17.0] [cxt 0] Parser state 'start': key is 86dd
[15:14:23.597] [bmv2] [T] [thread 12805] [17.0] [cxt 0] Bytes parsed: 14
[15:14:23.597] [bmv2] [D] [thread 12805] [17.0] [cxt 0] Parser 'parser': end
[15:14:23.597] [bmv2] [D] [thread 12805] [17.0] [cxt 0] Pipeline 'ingress': start
[15:14:23.597] [bmv2] [T] [thread 12805] [17.0] [cxt 0] forward.p4(119) Condition "hdr.ipv4.isValid()" (node_2) is false
[15:14:23.597] [bmv2] [D] [thread 12805] [17.0] [cxt 0] Pipeline 'ingress': end
[15:14:23.597] [bmv2] [D] [thread 12805] [17.0] [cxt 0] Egress port is 0
[15:14:23.597] [bmv2] [D] [thread 12805] [18.0] [cxt 0] Processing packet received on port 3
[15:14:23.597] [bmv2] [D] [thread 12805] [18.0] [cxt 0] Parser 'parser': start
[15:14:23.597] [bmv2] [D] [thread 12805] [18.0] [cxt 0] Parser 'parser' entering state 'start'
[15:14:23.597] [bmv2] [D] [thread 12805] [18.0] [cxt 0] Extracting header 'ethernet'
[15:14:23.597] [bmv2] [D] [thread 12805] [18.0] [cxt 0] Parser state 'start': key is 86dd
[15:14:23.597] [bmv2] [T] [thread 12805] [18.0] [cxt 0] Bytes parsed: 14
[15:14:23.597] [bmv2] [D] [thread 12805] [18.0] [cxt 0] Parser 'parser': end
[15:14:23.597] [bmv2] [D] [thread 12805] [18.0] [cxt 0] Pipeline 'ingress': start
[15:14:23.597] [bmv2] [T] [thread 12805] [18.0] [cxt 0] forward.p4(119) Condition "hdr.ipv4.isValid()" (node_2) is false
[15:14:23.597] [bmv2] [D] [thread 12805] [18.0] [cxt 0] Pipeline 'ingress': end
[15:14:23.597] [bmv2] [D] [thread 12805] [18.0] [cxt 0] Egress port is 0
[15:14:23.597] [bmv2] [D] [thread 12806] [17.0] [cxt 0] Pipeline 'egress': start
[15:14:23.597] [bmv2] [D] [thread 12806] [17.0] [cxt 0] Pipeline 'egress': end
[15:14:23.597] [bmv2] [D] [thread 12806] [17.0] [cxt 0] Deparser 'deparser': start
[15:14:23.597] [bmv2] [T] [thread 12806] [17.0] [cxt 0] Skipping checksum 'cksum' update because condition not met
[15:14:23.597] [bmv2] [D] [thread 12806] [17.0] [cxt 0] Deparsing header 'ethernet'
[15:14:23.597] [bmv2] [D] [thread 12806] [17.0] [cxt 0] Deparser 'deparser': end
[15:14:23.597] [bmv2] [D] [thread 12806] [18.0] [cxt 0] Pipeline 'egress': start
[15:14:23.597] [bmv2] [D] [thread 12806] [18.0] [cxt 0] Pipeline 'egress': end
[15:14:23.598] [bmv2] [D] [thread 12806] [18.0] [cxt 0] Deparser 'deparser': start
[15:14:23.598] [bmv2] [T] [thread 12806] [18.0] [cxt 0] Skipping checksum 'cksum' update because condition not met
[15:14:23.598] [bmv2] [D] [thread 12806] [18.0] [cxt 0] Deparsing header 'ethernet'
[15:14:23.598] [bmv2] [D] [thread 12806] [18.0] [cxt 0] Deparser 'deparser': end
[15:14:23.598] [bmv2] [D] [thread 12810] [17.0] [cxt 0] Transmitting packet of size 70 out of port 0
[15:14:23.598] [bmv2] [D] [thread 12810] [18.0] [cxt 0] Transmitting packet of size 70 out of port 0
[15:14:24.109] [bmv2] [D] [thread 12805] [19.0] [cxt 0] Processing packet received on port 1
[15:14:24.109] [bmv2] [D] [thread 12805] [19.0] [cxt 0] Parser 'parser': start
[15:14:24.109] [bmv2] [D] [thread 12805] [19.0] [cxt 0] Parser 'parser' entering state 'start'
[15:14:24.109] [bmv2] [D] [thread 12805] [19.0] [cxt 0] Extracting header 'ethernet'
[15:14:24.109] [bmv2] [D] [thread 12805] [19.0] [cxt 0] Parser state 'start': key is 86dd
[15:14:24.109] [bmv2] [T] [thread 12805] [19.0] [cxt 0] Bytes parsed: 14
[15:14:24.109] [bmv2] [D] [thread 12805] [19.0] [cxt 0] Parser 'parser': end
[15:14:24.109] [bmv2] [D] [thread 12805] [19.0] [cxt 0] Pipeline 'ingress': start
[15:14:24.109] [bmv2] [T] [thread 12805] [19.0] [cxt 0] forward.p4(119) Condition "hdr.ipv4.isValid()" (node_2) is false
[15:14:24.109] [bmv2] [D] [thread 12805] [19.0] [cxt 0] Pipeline 'ingress': end
[15:14:24.109] [bmv2] [D] [thread 12805] [19.0] [cxt 0] Egress port is 0
[15:14:24.109] [bmv2] [D] [thread 12806] [19.0] [cxt 0] Pipeline 'egress': start
[15:14:24.110] [bmv2] [D] [thread 12806] [19.0] [cxt 0] Pipeline 'egress': end
[15:14:24.110] [bmv2] [D] [thread 12806] [19.0] [cxt 0] Deparser 'deparser': start
[15:14:24.110] [bmv2] [T] [thread 12806] [19.0] [cxt 0] Skipping checksum 'cksum' update because condition not met
[15:14:24.110] [bmv2] [D] [thread 12806] [19.0] [cxt 0] Deparsing header 'ethernet'
[15:14:24.110] [bmv2] [D] [thread 12806] [19.0] [cxt 0] Deparser 'deparser': end
[15:14:24.110] [bmv2] [D] [thread 12810] [19.0] [cxt 0] Transmitting packet of size 70 out of port 0
[15:14:36.910] [bmv2] [D] [thread 12805] [20.0] [cxt 0] Processing packet received on port 5
[15:14:36.910] [bmv2] [D] [thread 12805] [20.0] [cxt 0] Parser 'parser': start
[15:14:36.910] [bmv2] [D] [thread 12805] [20.0] [cxt 0] Parser 'parser' entering state 'start'
[15:14:36.910] [bmv2] [D] [thread 12805] [20.0] [cxt 0] Extracting header 'ethernet'
[15:14:36.910] [bmv2] [D] [thread 12805] [20.0] [cxt 0] Parser state 'start': key is 86dd
[15:14:36.910] [bmv2] [T] [thread 12805] [20.0] [cxt 0] Bytes parsed: 14
[15:14:36.910] [bmv2] [D] [thread 12805] [20.0] [cxt 0] Parser 'parser': end
[15:14:36.910] [bmv2] [D] [thread 12805] [20.0] [cxt 0] Pipeline 'ingress': start
[15:14:36.910] [bmv2] [T] [thread 12805] [20.0] [cxt 0] forward.p4(119) Condition "hdr.ipv4.isValid()" (node_2) is false
[15:14:36.910] [bmv2] [D] [thread 12805] [20.0] [cxt 0] Pipeline 'ingress': end
[15:14:36.910] [bmv2] [D] [thread 12805] [20.0] [cxt 0] Egress port is 0
[15:14:36.910] [bmv2] [D] [thread 12806] [20.0] [cxt 0] Pipeline 'egress': start
[15:14:36.910] [bmv2] [D] [thread 12806] [20.0] [cxt 0] Pipeline 'egress': end
[15:14:36.910] [bmv2] [D] [thread 12806] [20.0] [cxt 0] Deparser 'deparser': start
[15:14:36.910] [bmv2] [T] [thread 12806] [20.0] [cxt 0] Skipping checksum 'cksum' update because condition not met
[15:14:36.910] [bmv2] [D] [thread 12806] [20.0] [cxt 0] Deparsing header 'ethernet'
[15:14:36.910] [bmv2] [D] [thread 12806] [20.0] [cxt 0] Deparser 'deparser': end
[15:14:36.910] [bmv2] [D] [thread 12810] [20.0] [cxt 0] Transmitting packet of size 70 out of port 0
[15:14:37.422] [bmv2] [D] [thread 12805] [21.0] [cxt 0] Processing packet received on port 4
[15:14:37.422] [bmv2] [D] [thread 12805] [21.0] [cxt 0] Parser 'parser': start
[15:14:37.422] [bmv2] [D] [thread 12805] [21.0] [cxt 0] Parser 'parser' entering state 'start'
[15:14:37.422] [bmv2] [D] [thread 12805] [21.0] [cxt 0] Extracting header 'ethernet'
[15:14:37.422] [bmv2] [D] [thread 12805] [21.0] [cxt 0] Parser state 'start': key is 86dd
[15:14:37.422] [bmv2] [T] [thread 12805] [21.0] [cxt 0] Bytes parsed: 14
[15:14:37.422] [bmv2] [D] [thread 12805] [21.0] [cxt 0] Parser 'parser': end
[15:14:37.422] [bmv2] [D] [thread 12805] [21.0] [cxt 0] Pipeline 'ingress': start
[15:14:37.422] [bmv2] [T] [thread 12805] [21.0] [cxt 0] forward.p4(119) Condition "hdr.ipv4.isValid()" (node_2) is false
[15:14:37.422] [bmv2] [D] [thread 12805] [21.0] [cxt 0] Pipeline 'ingress': end
[15:14:37.422] [bmv2] [D] [thread 12805] [21.0] [cxt 0] Egress port is 0
[15:14:37.422] [bmv2] [D] [thread 12806] [21.0] [cxt 0] Pipeline 'egress': start
[15:14:37.422] [bmv2] [D] [thread 12806] [21.0] [cxt 0] Pipeline 'egress': end
[15:14:37.422] [bmv2] [D] [thread 12806] [21.0] [cxt 0] Deparser 'deparser': start
[15:14:37.422] [bmv2] [T] [thread 12806] [21.0] [cxt 0] Skipping checksum 'cksum' update because condition not met
[15:14:37.422] [bmv2] [D] [thread 12806] [21.0] [cxt 0] Deparsing header 'ethernet'
[15:14:37.422] [bmv2] [D] [thread 12806] [21.0] [cxt 0] Deparser 'deparser': end
[15:14:37.422] [bmv2] [D] [thread 12810] [21.0] [cxt 0] Transmitting packet of size 70 out of port 0
[15:14:38.191] [bmv2] [D] [thread 12805] [22.0] [cxt 0] Processing packet received on port 3
[15:14:38.191] [bmv2] [D] [thread 12805] [22.0] [cxt 0] Parser 'parser': start
[15:14:38.191] [bmv2] [D] [thread 12805] [22.0] [cxt 0] Parser 'parser' entering state 'start'
[15:14:38.191] [bmv2] [D] [thread 12805] [22.0] [cxt 0] Extracting header 'ethernet'
[15:14:38.191] [bmv2] [D] [thread 12805] [22.0] [cxt 0] Parser state 'start': key is 86dd
[15:14:38.191] [bmv2] [T] [thread 12805] [22.0] [cxt 0] Bytes parsed: 14
[15:14:38.191] [bmv2] [D] [thread 12805] [22.0] [cxt 0] Parser 'parser': end
[15:14:38.191] [bmv2] [D] [thread 12805] [22.0] [cxt 0] Pipeline 'ingress': start
[15:14:38.191] [bmv2] [T] [thread 12805] [22.0] [cxt 0] forward.p4(119) Condition "hdr.ipv4.isValid()" (node_2) is false
[15:14:38.191] [bmv2] [D] [thread 12805] [22.0] [cxt 0] Pipeline 'ingress': end
[15:14:38.191] [bmv2] [D] [thread 12805] [22.0] [cxt 0] Egress port is 0
[15:14:38.191] [bmv2] [D] [thread 12806] [22.0] [cxt 0] Pipeline 'egress': start
[15:14:38.191] [bmv2] [D] [thread 12806] [22.0] [cxt 0] Pipeline 'egress': end
[15:14:38.191] [bmv2] [D] [thread 12806] [22.0] [cxt 0] Deparser 'deparser': start
[15:14:38.191] [bmv2] [T] [thread 12806] [22.0] [cxt 0] Skipping checksum 'cksum' update because condition not met
[15:14:38.191] [bmv2] [D] [thread 12806] [22.0] [cxt 0] Deparsing header 'ethernet'
[15:14:38.191] [bmv2] [D] [thread 12806] [22.0] [cxt 0] Deparser 'deparser': end
[15:14:38.191] [bmv2] [D] [thread 12810] [22.0] [cxt 0] Transmitting packet of size 70 out of port 0
[15:14:38.446] [bmv2] [D] [thread 12805] [23.0] [cxt 0] Processing packet received on port 2
[15:14:38.446] [bmv2] [D] [thread 12805] [23.0] [cxt 0] Parser 'parser': start
[15:14:38.446] [bmv2] [D] [thread 12805] [23.0] [cxt 0] Parser 'parser' entering state 'start'
[15:14:38.446] [bmv2] [D] [thread 12805] [23.0] [cxt 0] Extracting header 'ethernet'
[15:14:38.446] [bmv2] [D] [thread 12805] [23.0] [cxt 0] Parser state 'start': key is 86dd
[15:14:38.446] [bmv2] [T] [thread 12805] [23.0] [cxt 0] Bytes parsed: 14
[15:14:38.446] [bmv2] [D] [thread 12805] [23.0] [cxt 0] Parser 'parser': end
[15:14:38.446] [bmv2] [D] [thread 12805] [23.0] [cxt 0] Pipeline 'ingress': start
[15:14:38.446] [bmv2] [T] [thread 12805] [23.0] [cxt 0] forward.p4(119) Condition "hdr.ipv4.isValid()" (node_2) is false
[15:14:38.446] [bmv2] [D] [thread 12805] [23.0] [cxt 0] Pipeline 'ingress': end
[15:14:38.446] [bmv2] [D] [thread 12805] [23.0] [cxt 0] Egress port is 0
[15:14:38.447] [bmv2] [D] [thread 12805] [24.0] [cxt 0] Processing packet received on port 4
[15:14:38.447] [bmv2] [D] [thread 12805] [24.0] [cxt 0] Parser 'parser': start
[15:14:38.447] [bmv2] [D] [thread 12805] [24.0] [cxt 0] Parser 'parser' entering state 'start'
[15:14:38.447] [bmv2] [D] [thread 12805] [24.0] [cxt 0] Extracting header 'ethernet'
[15:14:38.447] [bmv2] [D] [thread 12805] [24.0] [cxt 0] Parser state 'start': key is 86dd
[15:14:38.447] [bmv2] [T] [thread 12805] [24.0] [cxt 0] Bytes parsed: 14
[15:14:38.447] [bmv2] [D] [thread 12805] [24.0] [cxt 0] Parser 'parser': end
[15:14:38.447] [bmv2] [D] [thread 12805] [24.0] [cxt 0] Pipeline 'ingress': start
[15:14:38.447] [bmv2] [T] [thread 12805] [24.0] [cxt 0] forward.p4(119) Condition "hdr.ipv4.isValid()" (node_2) is false
[15:14:38.447] [bmv2] [D] [thread 12805] [24.0] [cxt 0] Pipeline 'ingress': end
[15:14:38.447] [bmv2] [D] [thread 12805] [24.0] [cxt 0] Egress port is 0
[15:14:38.447] [bmv2] [D] [thread 12806] [23.0] [cxt 0] Pipeline 'egress': start
[15:14:38.447] [bmv2] [D] [thread 12806] [23.0] [cxt 0] Pipeline 'egress': end
[15:14:38.447] [bmv2] [D] [thread 12806] [23.0] [cxt 0] Deparser 'deparser': start
[15:14:38.447] [bmv2] [T] [thread 12806] [23.0] [cxt 0] Skipping checksum 'cksum' update because condition not met
[15:14:38.447] [bmv2] [D] [thread 12806] [23.0] [cxt 0] Deparsing header 'ethernet'
[15:14:38.447] [bmv2] [D] [thread 12806] [23.0] [cxt 0] Deparser 'deparser': end
[15:14:38.447] [bmv2] [D] [thread 12806] [24.0] [cxt 0] Pipeline 'egress': start
[15:14:38.447] [bmv2] [D] [thread 12806] [24.0] [cxt 0] Pipeline 'egress': end
[15:14:38.447] [bmv2] [D] [thread 12806] [24.0] [cxt 0] Deparser 'deparser': start
[15:14:38.447] [bmv2] [T] [thread 12806] [24.0] [cxt 0] Skipping checksum 'cksum' update because condition not met
[15:14:38.447] [bmv2] [D] [thread 12806] [24.0] [cxt 0] Deparsing header 'ethernet'
[15:14:38.447] [bmv2] [D] [thread 12806] [24.0] [cxt 0] Deparser 'deparser': end
[15:14:38.447] [bmv2] [D] [thread 12810] [23.0] [cxt 0] Transmitting packet of size 70 out of port 0
[15:14:38.447] [bmv2] [D] [thread 12810] [24.0] [cxt 0] Transmitting packet of size 70 out of port 0
[15:14:38.957] [bmv2] [D] [thread 12805] [25.0] [cxt 0] Processing packet received on port 2
[15:14:38.957] [bmv2] [D] [thread 12805] [25.0] [cxt 0] Parser 'parser': start
[15:14:38.957] [bmv2] [D] [thread 12805] [25.0] [cxt 0] Parser 'parser' entering state 'start'
[15:14:38.957] [bmv2] [D] [thread 12805] [25.0] [cxt 0] Extracting header 'ethernet'
[15:14:38.957] [bmv2] [D] [thread 12805] [25.0] [cxt 0] Parser state 'start': key is 86dd
[15:14:38.957] [bmv2] [T] [thread 12805] [25.0] [cxt 0] Bytes parsed: 14
[15:14:38.957] [bmv2] [D] [thread 12805] [25.0] [cxt 0] Parser 'parser': end
[15:14:38.957] [bmv2] [D] [thread 12805] [25.0] [cxt 0] Pipeline 'ingress': start
[15:14:38.957] [bmv2] [T] [thread 12805] [25.0] [cxt 0] forward.p4(119) Condition "hdr.ipv4.isValid()" (node_2) is false
[15:14:38.957] [bmv2] [D] [thread 12805] [25.0] [cxt 0] Pipeline 'ingress': end
[15:14:38.957] [bmv2] [D] [thread 12805] [25.0] [cxt 0] Egress port is 0
[15:14:38.957] [bmv2] [D] [thread 12806] [25.0] [cxt 0] Pipeline 'egress': start
[15:14:38.957] [bmv2] [D] [thread 12806] [25.0] [cxt 0] Pipeline 'egress': end
[15:14:38.957] [bmv2] [D] [thread 12806] [25.0] [cxt 0] Deparser 'deparser': start
[15:14:38.957] [bmv2] [T] [thread 12806] [25.0] [cxt 0] Skipping checksum 'cksum' update because condition not met
[15:14:38.957] [bmv2] [D] [thread 12806] [25.0] [cxt 0] Deparsing header 'ethernet'
[15:14:38.957] [bmv2] [D] [thread 12806] [25.0] [cxt 0] Deparser 'deparser': end
[15:14:38.957] [bmv2] [D] [thread 12810] [25.0] [cxt 0] Transmitting packet of size 70 out of port 0
[15:14:38.957] [bmv2] [D] [thread 12805] [26.0] [cxt 0] Processing packet received on port 5
[15:14:38.957] [bmv2] [D] [thread 12805] [26.0] [cxt 0] Parser 'parser': start
[15:14:38.957] [bmv2] [D] [thread 12805] [26.0] [cxt 0] Parser 'parser' entering state 'start'
[15:14:38.957] [bmv2] [D] [thread 12805] [26.0] [cxt 0] Extracting header 'ethernet'
[15:14:38.957] [bmv2] [D] [thread 12805] [26.0] [cxt 0] Parser state 'start': key is 86dd
[15:14:38.957] [bmv2] [T] [thread 12805] [26.0] [cxt 0] Bytes parsed: 14
[15:14:38.957] [bmv2] [D] [thread 12805] [26.0] [cxt 0] Parser 'parser': end
[15:14:38.957] [bmv2] [D] [thread 12805] [26.0] [cxt 0] Pipeline 'ingress': start
[15:14:38.957] [bmv2] [T] [thread 12805] [26.0] [cxt 0] forward.p4(119) Condition "hdr.ipv4.isValid()" (node_2) is false
[15:14:38.957] [bmv2] [D] [thread 12805] [26.0] [cxt 0] Pipeline 'ingress': end
[15:14:38.957] [bmv2] [D] [thread 12805] [26.0] [cxt 0] Egress port is 0
[15:14:38.957] [bmv2] [D] [thread 12806] [26.0] [cxt 0] Pipeline 'egress': start
[15:14:38.957] [bmv2] [D] [thread 12806] [26.0] [cxt 0] Pipeline 'egress': end
[15:14:38.957] [bmv2] [D] [thread 12806] [26.0] [cxt 0] Deparser 'deparser': start
[15:14:38.957] [bmv2] [T] [thread 12806] [26.0] [cxt 0] Skipping checksum 'cksum' update because condition not met
[15:14:38.957] [bmv2] [D] [thread 12806] [26.0] [cxt 0] Deparsing header 'ethernet'
[15:14:38.957] [bmv2] [D] [thread 12806] [26.0] [cxt 0] Deparser 'deparser': end
[15:14:38.957] [bmv2] [D] [thread 12810] [26.0] [cxt 0] Transmitting packet of size 70 out of port 0
[15:14:41.517] [bmv2] [D] [thread 12805] [27.0] [cxt 0] Processing packet received on port 1
[15:14:41.517] [bmv2] [D] [thread 12805] [27.0] [cxt 0] Parser 'parser': start
[15:14:41.517] [bmv2] [D] [thread 12805] [27.0] [cxt 0] Parser 'parser' entering state 'start'
[15:14:41.517] [bmv2] [D] [thread 12805] [27.0] [cxt 0] Extracting header 'ethernet'
[15:14:41.517] [bmv2] [D] [thread 12805] [27.0] [cxt 0] Parser state 'start': key is 86dd
[15:14:41.517] [bmv2] [T] [thread 12805] [27.0] [cxt 0] Bytes parsed: 14
[15:14:41.517] [bmv2] [D] [thread 12805] [27.0] [cxt 0] Parser 'parser': end
[15:14:41.517] [bmv2] [D] [thread 12805] [27.0] [cxt 0] Pipeline 'ingress': start
[15:14:41.517] [bmv2] [T] [thread 12805] [27.0] [cxt 0] forward.p4(119) Condition "hdr.ipv4.isValid()" (node_2) is false
[15:14:41.517] [bmv2] [D] [thread 12805] [27.0] [cxt 0] Pipeline 'ingress': end
[15:14:41.517] [bmv2] [D] [thread 12805] [27.0] [cxt 0] Egress port is 0
[15:14:41.517] [bmv2] [D] [thread 12806] [27.0] [cxt 0] Pipeline 'egress': start
[15:14:41.517] [bmv2] [D] [thread 12806] [27.0] [cxt 0] Pipeline 'egress': end
[15:14:41.517] [bmv2] [D] [thread 12806] [27.0] [cxt 0] Deparser 'deparser': start
[15:14:41.517] [bmv2] [T] [thread 12806] [27.0] [cxt 0] Skipping checksum 'cksum' update because condition not met
[15:14:41.517] [bmv2] [D] [thread 12806] [27.0] [cxt 0] Deparsing header 'ethernet'
[15:14:41.517] [bmv2] [D] [thread 12806] [27.0] [cxt 0] Deparser 'deparser': end
[15:14:41.518] [bmv2] [D] [thread 12810] [27.0] [cxt 0] Transmitting packet of size 70 out of port 0
[15:14:41.518] [bmv2] [D] [thread 12805] [28.0] [cxt 0] Processing packet received on port 3
[15:14:41.518] [bmv2] [D] [thread 12805] [28.0] [cxt 0] Parser 'parser': start
[15:14:41.518] [bmv2] [D] [thread 12805] [28.0] [cxt 0] Parser 'parser' entering state 'start'
[15:14:41.518] [bmv2] [D] [thread 12805] [28.0] [cxt 0] Extracting header 'ethernet'
[15:14:41.518] [bmv2] [D] [thread 12805] [28.0] [cxt 0] Parser state 'start': key is 86dd
[15:14:41.518] [bmv2] [T] [thread 12805] [28.0] [cxt 0] Bytes parsed: 14
[15:14:41.518] [bmv2] [D] [thread 12805] [28.0] [cxt 0] Parser 'parser': end
[15:14:41.518] [bmv2] [D] [thread 12805] [28.0] [cxt 0] Pipeline 'ingress': start
[15:14:41.518] [bmv2] [T] [thread 12805] [28.0] [cxt 0] forward.p4(119) Condition "hdr.ipv4.isValid()" (node_2) is false
[15:14:41.518] [bmv2] [D] [thread 12805] [28.0] [cxt 0] Pipeline 'ingress': end
[15:14:41.518] [bmv2] [D] [thread 12805] [28.0] [cxt 0] Egress port is 0
[15:14:41.518] [bmv2] [D] [thread 12806] [28.0] [cxt 0] Pipeline 'egress': start
[15:14:41.518] [bmv2] [D] [thread 12806] [28.0] [cxt 0] Pipeline 'egress': end
[15:14:41.518] [bmv2] [D] [thread 12806] [28.0] [cxt 0] Deparser 'deparser': start
[15:14:41.518] [bmv2] [T] [thread 12806] [28.0] [cxt 0] Skipping checksum 'cksum' update because condition not met
[15:14:41.518] [bmv2] [D] [thread 12806] [28.0] [cxt 0] Deparsing header 'ethernet'
[15:14:41.518] [bmv2] [D] [thread 12806] [28.0] [cxt 0] Deparser 'deparser': end
[15:14:41.518] [bmv2] [D] [thread 12810] [28.0] [cxt 0] Transmitting packet of size 70 out of port 0
[15:14:43.566] [bmv2] [D] [thread 12805] [29.0] [cxt 0] Processing packet received on port 1
[15:14:43.566] [bmv2] [D] [thread 12805] [29.0] [cxt 0] Parser 'parser': start
[15:14:43.566] [bmv2] [D] [thread 12805] [29.0] [cxt 0] Parser 'parser' entering state 'start'
[15:14:43.566] [bmv2] [D] [thread 12805] [29.0] [cxt 0] Extracting header 'ethernet'
[15:14:43.566] [bmv2] [D] [thread 12805] [29.0] [cxt 0] Parser state 'start': key is 86dd
[15:14:43.566] [bmv2] [T] [thread 12805] [29.0] [cxt 0] Bytes parsed: 14
[15:14:43.566] [bmv2] [D] [thread 12805] [29.0] [cxt 0] Parser 'parser': end
[15:14:43.566] [bmv2] [D] [thread 12805] [29.0] [cxt 0] Pipeline 'ingress': start
[15:14:43.566] [bmv2] [T] [thread 12805] [29.0] [cxt 0] forward.p4(119) Condition "hdr.ipv4.isValid()" (node_2) is false
[15:14:43.566] [bmv2] [D] [thread 12805] [29.0] [cxt 0] Pipeline 'ingress': end
[15:14:43.566] [bmv2] [D] [thread 12805] [29.0] [cxt 0] Egress port is 0
[15:14:43.566] [bmv2] [D] [thread 12806] [29.0] [cxt 0] Pipeline 'egress': start
[15:14:43.566] [bmv2] [D] [thread 12806] [29.0] [cxt 0] Pipeline 'egress': end
[15:14:43.566] [bmv2] [D] [thread 12806] [29.0] [cxt 0] Deparser 'deparser': start
[15:14:43.566] [bmv2] [T] [thread 12806] [29.0] [cxt 0] Skipping checksum 'cksum' update because condition not met
[15:14:43.566] [bmv2] [D] [thread 12806] [29.0] [cxt 0] Deparsing header 'ethernet'
[15:14:43.566] [bmv2] [D] [thread 12806] [29.0] [cxt 0] Deparser 'deparser': end
[15:14:43.566] [bmv2] [D] [thread 12810] [29.0] [cxt 0] Transmitting packet of size 70 out of port 0
[15:15:06.093] [bmv2] [D] [thread 12805] [30.0] [cxt 0] Processing packet received on port 4
[15:15:06.093] [bmv2] [D] [thread 12805] [30.0] [cxt 0] Parser 'parser': start
[15:15:06.093] [bmv2] [D] [thread 12805] [30.0] [cxt 0] Parser 'parser' entering state 'start'
[15:15:06.093] [bmv2] [D] [thread 12805] [30.0] [cxt 0] Extracting header 'ethernet'
[15:15:06.093] [bmv2] [D] [thread 12805] [30.0] [cxt 0] Parser state 'start': key is 86dd
[15:15:06.093] [bmv2] [T] [thread 12805] [30.0] [cxt 0] Bytes parsed: 14
[15:15:06.093] [bmv2] [D] [thread 12805] [30.0] [cxt 0] Parser 'parser': end
[15:15:06.093] [bmv2] [D] [thread 12805] [30.0] [cxt 0] Pipeline 'ingress': start
[15:15:06.093] [bmv2] [T] [thread 12805] [30.0] [cxt 0] forward.p4(119) Condition "hdr.ipv4.isValid()" (node_2) is false
[15:15:06.093] [bmv2] [D] [thread 12805] [30.0] [cxt 0] Pipeline 'ingress': end
[15:15:06.093] [bmv2] [D] [thread 12805] [30.0] [cxt 0] Egress port is 0
[15:15:06.093] [bmv2] [D] [thread 12806] [30.0] [cxt 0] Pipeline 'egress': start
[15:15:06.093] [bmv2] [D] [thread 12806] [30.0] [cxt 0] Pipeline 'egress': end
[15:15:06.093] [bmv2] [D] [thread 12806] [30.0] [cxt 0] Deparser 'deparser': start
[15:15:06.093] [bmv2] [T] [thread 12806] [30.0] [cxt 0] Skipping checksum 'cksum' update because condition not met
[15:15:06.093] [bmv2] [D] [thread 12806] [30.0] [cxt 0] Deparsing header 'ethernet'
[15:15:06.093] [bmv2] [D] [thread 12806] [30.0] [cxt 0] Deparser 'deparser': end
[15:15:06.093] [bmv2] [D] [thread 12810] [30.0] [cxt 0] Transmitting packet of size 70 out of port 0
[15:15:08.144] [bmv2] [D] [thread 12805] [31.0] [cxt 0] Processing packet received on port 2
[15:15:08.144] [bmv2] [D] [thread 12805] [31.0] [cxt 0] Parser 'parser': start
[15:15:08.144] [bmv2] [D] [thread 12805] [31.0] [cxt 0] Parser 'parser' entering state 'start'
[15:15:08.144] [bmv2] [D] [thread 12805] [31.0] [cxt 0] Extracting header 'ethernet'
[15:15:08.144] [bmv2] [D] [thread 12805] [31.0] [cxt 0] Parser state 'start': key is 86dd
[15:15:08.144] [bmv2] [T] [thread 12805] [31.0] [cxt 0] Bytes parsed: 14
[15:15:08.144] [bmv2] [D] [thread 12805] [31.0] [cxt 0] Parser 'parser': end
[15:15:08.144] [bmv2] [D] [thread 12805] [31.0] [cxt 0] Pipeline 'ingress': start
[15:15:08.144] [bmv2] [T] [thread 12805] [31.0] [cxt 0] forward.p4(119) Condition "hdr.ipv4.isValid()" (node_2) is false
[15:15:08.144] [bmv2] [D] [thread 12805] [31.0] [cxt 0] Pipeline 'ingress': end
[15:15:08.144] [bmv2] [D] [thread 12805] [31.0] [cxt 0] Egress port is 0
[15:15:08.144] [bmv2] [D] [thread 12805] [32.0] [cxt 0] Processing packet received on port 3
[15:15:08.144] [bmv2] [D] [thread 12805] [32.0] [cxt 0] Parser 'parser': start
[15:15:08.144] [bmv2] [D] [thread 12805] [32.0] [cxt 0] Parser 'parser' entering state 'start'
[15:15:08.144] [bmv2] [D] [thread 12805] [32.0] [cxt 0] Extracting header 'ethernet'
[15:15:08.144] [bmv2] [D] [thread 12805] [32.0] [cxt 0] Parser state 'start': key is 86dd
[15:15:08.144] [bmv2] [T] [thread 12805] [32.0] [cxt 0] Bytes parsed: 14
[15:15:08.144] [bmv2] [D] [thread 12805] [32.0] [cxt 0] Parser 'parser': end
[15:15:08.144] [bmv2] [D] [thread 12805] [32.0] [cxt 0] Pipeline 'ingress': start
[15:15:08.144] [bmv2] [T] [thread 12805] [32.0] [cxt 0] forward.p4(119) Condition "hdr.ipv4.isValid()" (node_2) is false
[15:15:08.144] [bmv2] [D] [thread 12805] [32.0] [cxt 0] Pipeline 'ingress': end
[15:15:08.144] [bmv2] [D] [thread 12805] [32.0] [cxt 0] Egress port is 0
[15:15:08.144] [bmv2] [D] [thread 12805] [33.0] [cxt 0] Processing packet received on port 5
[15:15:08.144] [bmv2] [D] [thread 12805] [33.0] [cxt 0] Parser 'parser': start
[15:15:08.144] [bmv2] [D] [thread 12805] [33.0] [cxt 0] Parser 'parser' entering state 'start'
[15:15:08.144] [bmv2] [D] [thread 12805] [33.0] [cxt 0] Extracting header 'ethernet'
[15:15:08.144] [bmv2] [D] [thread 12805] [33.0] [cxt 0] Parser state 'start': key is 86dd
[15:15:08.144] [bmv2] [T] [thread 12805] [33.0] [cxt 0] Bytes parsed: 14
[15:15:08.144] [bmv2] [D] [thread 12805] [33.0] [cxt 0] Parser 'parser': end
[15:15:08.144] [bmv2] [D] [thread 12805] [33.0] [cxt 0] Pipeline 'ingress': start
[15:15:08.144] [bmv2] [T] [thread 12805] [33.0] [cxt 0] forward.p4(119) Condition "hdr.ipv4.isValid()" (node_2) is false
[15:15:08.144] [bmv2] [D] [thread 12805] [33.0] [cxt 0] Pipeline 'ingress': end
[15:15:08.144] [bmv2] [D] [thread 12805] [33.0] [cxt 0] Egress port is 0
[15:15:08.144] [bmv2] [D] [thread 12806] [31.0] [cxt 0] Pipeline 'egress': start
[15:15:08.144] [bmv2] [D] [thread 12806] [31.0] [cxt 0] Pipeline 'egress': end
[15:15:08.144] [bmv2] [D] [thread 12806] [31.0] [cxt 0] Deparser 'deparser': start
[15:15:08.144] [bmv2] [T] [thread 12806] [31.0] [cxt 0] Skipping checksum 'cksum' update because condition not met
[15:15:08.144] [bmv2] [D] [thread 12806] [31.0] [cxt 0] Deparsing header 'ethernet'
[15:15:08.144] [bmv2] [D] [thread 12806] [31.0] [cxt 0] Deparser 'deparser': end
[15:15:08.144] [bmv2] [D] [thread 12806] [32.0] [cxt 0] Pipeline 'egress': start
[15:15:08.144] [bmv2] [D] [thread 12806] [32.0] [cxt 0] Pipeline 'egress': end
[15:15:08.144] [bmv2] [D] [thread 12806] [32.0] [cxt 0] Deparser 'deparser': start
[15:15:08.144] [bmv2] [T] [thread 12806] [32.0] [cxt 0] Skipping checksum 'cksum' update because condition not met
[15:15:08.144] [bmv2] [D] [thread 12806] [32.0] [cxt 0] Deparsing header 'ethernet'
[15:15:08.144] [bmv2] [D] [thread 12806] [32.0] [cxt 0] Deparser 'deparser': end
[15:15:08.144] [bmv2] [D] [thread 12806] [33.0] [cxt 0] Pipeline 'egress': start
[15:15:08.144] [bmv2] [D] [thread 12806] [33.0] [cxt 0] Pipeline 'egress': end
[15:15:08.144] [bmv2] [D] [thread 12806] [33.0] [cxt 0] Deparser 'deparser': start
[15:15:08.144] [bmv2] [T] [thread 12806] [33.0] [cxt 0] Skipping checksum 'cksum' update because condition not met
[15:15:08.145] [bmv2] [D] [thread 12806] [33.0] [cxt 0] Deparsing header 'ethernet'
[15:15:08.145] [bmv2] [D] [thread 12806] [33.0] [cxt 0] Deparser 'deparser': end
[15:15:08.145] [bmv2] [D] [thread 12810] [31.0] [cxt 0] Transmitting packet of size 70 out of port 0
[15:15:08.145] [bmv2] [D] [thread 12810] [32.0] [cxt 0] Transmitting packet of size 70 out of port 0
[15:15:08.145] [bmv2] [D] [thread 12810] [33.0] [cxt 0] Transmitting packet of size 70 out of port 0
[15:15:10.190] [bmv2] [D] [thread 12805] [34.0] [cxt 0] Processing packet received on port 4
[15:15:10.190] [bmv2] [D] [thread 12805] [34.0] [cxt 0] Parser 'parser': start
[15:15:10.190] [bmv2] [D] [thread 12805] [34.0] [cxt 0] Parser 'parser' entering state 'start'
[15:15:10.190] [bmv2] [D] [thread 12805] [34.0] [cxt 0] Extracting header 'ethernet'
[15:15:10.190] [bmv2] [D] [thread 12805] [34.0] [cxt 0] Parser state 'start': key is 86dd
[15:15:10.190] [bmv2] [T] [thread 12805] [34.0] [cxt 0] Bytes parsed: 14
[15:15:10.190] [bmv2] [D] [thread 12805] [34.0] [cxt 0] Parser 'parser': end
[15:15:10.190] [bmv2] [D] [thread 12805] [34.0] [cxt 0] Pipeline 'ingress': start
[15:15:10.190] [bmv2] [T] [thread 12805] [34.0] [cxt 0] forward.p4(119) Condition "hdr.ipv4.isValid()" (node_2) is false
[15:15:10.190] [bmv2] [D] [thread 12805] [34.0] [cxt 0] Pipeline 'ingress': end
[15:15:10.190] [bmv2] [D] [thread 12805] [34.0] [cxt 0] Egress port is 0
[15:15:10.190] [bmv2] [D] [thread 12806] [34.0] [cxt 0] Pipeline 'egress': start
[15:15:10.190] [bmv2] [D] [thread 12806] [34.0] [cxt 0] Pipeline 'egress': end
[15:15:10.190] [bmv2] [D] [thread 12806] [34.0] [cxt 0] Deparser 'deparser': start
[15:15:10.190] [bmv2] [T] [thread 12806] [34.0] [cxt 0] Skipping checksum 'cksum' update because condition not met
[15:15:10.190] [bmv2] [D] [thread 12806] [34.0] [cxt 0] Deparsing header 'ethernet'
[15:15:10.190] [bmv2] [D] [thread 12806] [34.0] [cxt 0] Deparser 'deparser': end
[15:15:10.190] [bmv2] [D] [thread 12810] [34.0] [cxt 0] Transmitting packet of size 70 out of port 0
[15:15:12.238] [bmv2] [D] [thread 12805] [35.0] [cxt 0] Processing packet received on port 2
[15:15:12.238] [bmv2] [D] [thread 12805] [35.0] [cxt 0] Parser 'parser': start
[15:15:12.238] [bmv2] [D] [thread 12805] [35.0] [cxt 0] Parser 'parser' entering state 'start'
[15:15:12.238] [bmv2] [D] [thread 12805] [35.0] [cxt 0] Extracting header 'ethernet'
[15:15:12.238] [bmv2] [D] [thread 12805] [35.0] [cxt 0] Parser state 'start': key is 86dd
[15:15:12.238] [bmv2] [T] [thread 12805] [35.0] [cxt 0] Bytes parsed: 14
[15:15:12.238] [bmv2] [D] [thread 12805] [35.0] [cxt 0] Parser 'parser': end
[15:15:12.238] [bmv2] [D] [thread 12805] [35.0] [cxt 0] Pipeline 'ingress': start
[15:15:12.238] [bmv2] [T] [thread 12805] [35.0] [cxt 0] forward.p4(119) Condition "hdr.ipv4.isValid()" (node_2) is false
[15:15:12.238] [bmv2] [D] [thread 12805] [35.0] [cxt 0] Pipeline 'ingress': end
[15:15:12.238] [bmv2] [D] [thread 12805] [35.0] [cxt 0] Egress port is 0
[15:15:12.238] [bmv2] [D] [thread 12805] [36.0] [cxt 0] Processing packet received on port 5
[15:15:12.238] [bmv2] [D] [thread 12805] [36.0] [cxt 0] Parser 'parser': start
[15:15:12.238] [bmv2] [D] [thread 12805] [36.0] [cxt 0] Parser 'parser' entering state 'start'
[15:15:12.238] [bmv2] [D] [thread 12805] [36.0] [cxt 0] Extracting header 'ethernet'
[15:15:12.238] [bmv2] [D] [thread 12805] [36.0] [cxt 0] Parser state 'start': key is 86dd
[15:15:12.238] [bmv2] [T] [thread 12805] [36.0] [cxt 0] Bytes parsed: 14
[15:15:12.238] [bmv2] [D] [thread 12805] [36.0] [cxt 0] Parser 'parser': end
[15:15:12.238] [bmv2] [D] [thread 12805] [36.0] [cxt 0] Pipeline 'ingress': start
[15:15:12.238] [bmv2] [T] [thread 12805] [36.0] [cxt 0] forward.p4(119) Condition "hdr.ipv4.isValid()" (node_2) is false
[15:15:12.238] [bmv2] [D] [thread 12805] [36.0] [cxt 0] Pipeline 'ingress': end
[15:15:12.238] [bmv2] [D] [thread 12805] [36.0] [cxt 0] Egress port is 0
[15:15:12.238] [bmv2] [D] [thread 12806] [35.0] [cxt 0] Pipeline 'egress': start
[15:15:12.238] [bmv2] [D] [thread 12806] [35.0] [cxt 0] Pipeline 'egress': end
[15:15:12.238] [bmv2] [D] [thread 12806] [35.0] [cxt 0] Deparser 'deparser': start
[15:15:12.238] [bmv2] [T] [thread 12806] [35.0] [cxt 0] Skipping checksum 'cksum' update because condition not met
[15:15:12.238] [bmv2] [D] [thread 12806] [35.0] [cxt 0] Deparsing header 'ethernet'
[15:15:12.238] [bmv2] [D] [thread 12806] [35.0] [cxt 0] Deparser 'deparser': end
[15:15:12.238] [bmv2] [D] [thread 12806] [36.0] [cxt 0] Pipeline 'egress': start
[15:15:12.238] [bmv2] [D] [thread 12806] [36.0] [cxt 0] Pipeline 'egress': end
[15:15:12.238] [bmv2] [D] [thread 12806] [36.0] [cxt 0] Deparser 'deparser': start
[15:15:12.238] [bmv2] [T] [thread 12806] [36.0] [cxt 0] Skipping checksum 'cksum' update because condition not met
[15:15:12.239] [bmv2] [D] [thread 12806] [36.0] [cxt 0] Deparsing header 'ethernet'
[15:15:12.239] [bmv2] [D] [thread 12806] [36.0] [cxt 0] Deparser 'deparser': end
[15:15:12.239] [bmv2] [D] [thread 12810] [35.0] [cxt 0] Transmitting packet of size 70 out of port 0
[15:15:12.239] [bmv2] [D] [thread 12810] [36.0] [cxt 0] Transmitting packet of size 70 out of port 0
[15:15:14.286] [bmv2] [D] [thread 12805] [37.0] [cxt 0] Processing packet received on port 1
[15:15:14.286] [bmv2] [D] [thread 12805] [37.0] [cxt 0] Parser 'parser': start
[15:15:14.286] [bmv2] [D] [thread 12805] [37.0] [cxt 0] Parser 'parser' entering state 'start'
[15:15:14.286] [bmv2] [D] [thread 12805] [37.0] [cxt 0] Extracting header 'ethernet'
[15:15:14.286] [bmv2] [D] [thread 12805] [37.0] [cxt 0] Parser state 'start': key is 86dd
[15:15:14.286] [bmv2] [T] [thread 12805] [37.0] [cxt 0] Bytes parsed: 14
[15:15:14.286] [bmv2] [D] [thread 12805] [37.0] [cxt 0] Parser 'parser': end
[15:15:14.286] [bmv2] [D] [thread 12805] [37.0] [cxt 0] Pipeline 'ingress': start
[15:15:14.286] [bmv2] [T] [thread 12805] [37.0] [cxt 0] forward.p4(119) Condition "hdr.ipv4.isValid()" (node_2) is false
[15:15:14.286] [bmv2] [D] [thread 12805] [37.0] [cxt 0] Pipeline 'ingress': end
[15:15:14.286] [bmv2] [D] [thread 12805] [37.0] [cxt 0] Egress port is 0
[15:15:14.286] [bmv2] [D] [thread 12806] [37.0] [cxt 0] Pipeline 'egress': start
[15:15:14.286] [bmv2] [D] [thread 12806] [37.0] [cxt 0] Pipeline 'egress': end
[15:15:14.286] [bmv2] [D] [thread 12806] [37.0] [cxt 0] Deparser 'deparser': start
[15:15:14.286] [bmv2] [T] [thread 12806] [37.0] [cxt 0] Skipping checksum 'cksum' update because condition not met
[15:15:14.287] [bmv2] [D] [thread 12806] [37.0] [cxt 0] Deparsing header 'ethernet'
[15:15:14.287] [bmv2] [D] [thread 12806] [37.0] [cxt 0] Deparser 'deparser': end
[15:15:14.287] [bmv2] [D] [thread 12810] [37.0] [cxt 0] Transmitting packet of size 70 out of port 0
[15:15:18.381] [bmv2] [D] [thread 12805] [38.0] [cxt 0] Processing packet received on port 3
[15:15:18.381] [bmv2] [D] [thread 12805] [38.0] [cxt 0] Parser 'parser': start
[15:15:18.381] [bmv2] [D] [thread 12805] [38.0] [cxt 0] Parser 'parser' entering state 'start'
[15:15:18.381] [bmv2] [D] [thread 12805] [38.0] [cxt 0] Extracting header 'ethernet'
[15:15:18.381] [bmv2] [D] [thread 12805] [38.0] [cxt 0] Parser state 'start': key is 86dd
[15:15:18.381] [bmv2] [T] [thread 12805] [38.0] [cxt 0] Bytes parsed: 14
[15:15:18.381] [bmv2] [D] [thread 12805] [38.0] [cxt 0] Parser 'parser': end
[15:15:18.381] [bmv2] [D] [thread 12805] [38.0] [cxt 0] Pipeline 'ingress': start
[15:15:18.381] [bmv2] [T] [thread 12805] [38.0] [cxt 0] forward.p4(119) Condition "hdr.ipv4.isValid()" (node_2) is false
[15:15:18.381] [bmv2] [D] [thread 12805] [38.0] [cxt 0] Pipeline 'ingress': end
[15:15:18.381] [bmv2] [D] [thread 12805] [38.0] [cxt 0] Egress port is 0
[15:15:18.381] [bmv2] [D] [thread 12806] [38.0] [cxt 0] Pipeline 'egress': start
[15:15:18.381] [bmv2] [D] [thread 12806] [38.0] [cxt 0] Pipeline 'egress': end
[15:15:18.381] [bmv2] [D] [thread 12806] [38.0] [cxt 0] Deparser 'deparser': start
[15:15:18.381] [bmv2] [T] [thread 12806] [38.0] [cxt 0] Skipping checksum 'cksum' update because condition not met
[15:15:18.381] [bmv2] [D] [thread 12806] [38.0] [cxt 0] Deparsing header 'ethernet'
[15:15:18.381] [bmv2] [D] [thread 12806] [38.0] [cxt 0] Deparser 'deparser': end
[15:15:18.381] [bmv2] [D] [thread 12810] [38.0] [cxt 0] Transmitting packet of size 70 out of port 0
[15:15:20.430] [bmv2] [D] [thread 12805] [39.0] [cxt 0] Processing packet received on port 1
[15:15:20.430] [bmv2] [D] [thread 12805] [39.0] [cxt 0] Parser 'parser': start
[15:15:20.430] [bmv2] [D] [thread 12805] [39.0] [cxt 0] Parser 'parser' entering state 'start'
[15:15:20.430] [bmv2] [D] [thread 12805] [39.0] [cxt 0] Extracting header 'ethernet'
[15:15:20.430] [bmv2] [D] [thread 12805] [39.0] [cxt 0] Parser state 'start': key is 86dd
[15:15:20.430] [bmv2] [T] [thread 12805] [39.0] [cxt 0] Bytes parsed: 14
[15:15:20.430] [bmv2] [D] [thread 12805] [39.0] [cxt 0] Parser 'parser': end
[15:15:20.430] [bmv2] [D] [thread 12805] [39.0] [cxt 0] Pipeline 'ingress': start
[15:15:20.430] [bmv2] [T] [thread 12805] [39.0] [cxt 0] forward.p4(119) Condition "hdr.ipv4.isValid()" (node_2) is false
[15:15:20.430] [bmv2] [D] [thread 12805] [39.0] [cxt 0] Pipeline 'ingress': end
[15:15:20.430] [bmv2] [D] [thread 12805] [39.0] [cxt 0] Egress port is 0
[15:15:20.430] [bmv2] [D] [thread 12806] [39.0] [cxt 0] Pipeline 'egress': start
[15:15:20.430] [bmv2] [D] [thread 12806] [39.0] [cxt 0] Pipeline 'egress': end
[15:15:20.430] [bmv2] [D] [thread 12806] [39.0] [cxt 0] Deparser 'deparser': start
[15:15:20.430] [bmv2] [T] [thread 12806] [39.0] [cxt 0] Skipping checksum 'cksum' update because condition not met
[15:15:20.430] [bmv2] [D] [thread 12806] [39.0] [cxt 0] Deparsing header 'ethernet'
[15:15:20.430] [bmv2] [D] [thread 12806] [39.0] [cxt 0] Deparser 'deparser': end
[15:15:20.430] [bmv2] [D] [thread 12810] [39.0] [cxt 0] Transmitting packet of size 70 out of port 0
[15:16:01.389] [bmv2] [D] [thread 12805] [40.0] [cxt 0] Processing packet received on port 4
[15:16:01.389] [bmv2] [D] [thread 12805] [40.0] [cxt 0] Parser 'parser': start
[15:16:01.389] [bmv2] [D] [thread 12805] [40.0] [cxt 0] Parser 'parser' entering state 'start'
[15:16:01.389] [bmv2] [D] [thread 12805] [40.0] [cxt 0] Extracting header 'ethernet'
[15:16:01.389] [bmv2] [D] [thread 12805] [40.0] [cxt 0] Parser state 'start': key is 86dd
[15:16:01.389] [bmv2] [T] [thread 12805] [40.0] [cxt 0] Bytes parsed: 14
[15:16:01.389] [bmv2] [D] [thread 12805] [40.0] [cxt 0] Parser 'parser': end
[15:16:01.389] [bmv2] [D] [thread 12805] [40.0] [cxt 0] Pipeline 'ingress': start
[15:16:01.389] [bmv2] [T] [thread 12805] [40.0] [cxt 0] forward.p4(119) Condition "hdr.ipv4.isValid()" (node_2) is false
[15:16:01.389] [bmv2] [D] [thread 12805] [40.0] [cxt 0] Pipeline 'ingress': end
[15:16:01.389] [bmv2] [D] [thread 12805] [40.0] [cxt 0] Egress port is 0
[15:16:01.389] [bmv2] [D] [thread 12806] [40.0] [cxt 0] Pipeline 'egress': start
[15:16:01.389] [bmv2] [D] [thread 12806] [40.0] [cxt 0] Pipeline 'egress': end
[15:16:01.389] [bmv2] [D] [thread 12806] [40.0] [cxt 0] Deparser 'deparser': start
[15:16:01.389] [bmv2] [T] [thread 12806] [40.0] [cxt 0] Skipping checksum 'cksum' update because condition not met
[15:16:01.389] [bmv2] [D] [thread 12806] [40.0] [cxt 0] Deparsing header 'ethernet'
[15:16:01.389] [bmv2] [D] [thread 12806] [40.0] [cxt 0] Deparser 'deparser': end
[15:16:01.389] [bmv2] [D] [thread 12810] [40.0] [cxt 0] Transmitting packet of size 70 out of port 0
[15:16:07.398] [bmv2] [W] [thread 12898] [P4Runtime] p4::tmp::P4DeviceConfig is deprecated
[15:16:07.399] [bmv2] [D] [thread 12898] Set default default entry for table 'MyIngress.ipv4_lpm': MyIngress.send_to_cpu - 
[15:16:07.399] [bmv2] [D] [thread 12898] simple_switch target has been notified of a config swap
[15:16:07.534] [bmv2] [D] [thread 12805] [41.0] [cxt 0] Processing packet received on port 5
[15:16:07.534] [bmv2] [D] [thread 12805] [41.0] [cxt 0] Parser 'parser': start
[15:16:07.534] [bmv2] [D] [thread 12805] [41.0] [cxt 0] Parser 'parser' entering state 'start'
[15:16:07.534] [bmv2] [D] [thread 12805] [41.0] [cxt 0] Extracting header 'ethernet'
[15:16:07.534] [bmv2] [D] [thread 12805] [41.0] [cxt 0] Parser state 'start': key is 86dd
[15:16:07.534] [bmv2] [T] [thread 12805] [41.0] [cxt 0] Bytes parsed: 14
[15:16:07.534] [bmv2] [D] [thread 12805] [41.0] [cxt 0] Parser 'parser': end
[15:16:07.534] [bmv2] [D] [thread 12805] [41.0] [cxt 0] Pipeline 'ingress': start
[15:16:07.534] [bmv2] [T] [thread 12805] [41.0] [cxt 0] forward.p4(119) Condition "hdr.ipv4.isValid()" (node_2) is false
[15:16:07.534] [bmv2] [D] [thread 12805] [41.0] [cxt 0] Pipeline 'ingress': end
[15:16:07.534] [bmv2] [D] [thread 12805] [41.0] [cxt 0] Egress port is 0
[15:16:07.534] [bmv2] [D] [thread 12806] [41.0] [cxt 0] Pipeline 'egress': start
[15:16:07.534] [bmv2] [D] [thread 12806] [41.0] [cxt 0] Pipeline 'egress': end
[15:16:07.534] [bmv2] [D] [thread 12806] [41.0] [cxt 0] Deparser 'deparser': start
[15:16:07.534] [bmv2] [T] [thread 12806] [41.0] [cxt 0] Skipping checksum 'cksum' update because condition not met
[15:16:07.534] [bmv2] [D] [thread 12806] [41.0] [cxt 0] Deparsing header 'ethernet'
[15:16:07.534] [bmv2] [D] [thread 12806] [41.0] [cxt 0] Deparser 'deparser': end
[15:16:07.534] [bmv2] [D] [thread 12810] [41.0] [cxt 0] Transmitting packet of size 70 out of port 0
[15:16:09.582] [bmv2] [D] [thread 12805] [42.0] [cxt 0] Processing packet received on port 2
[15:16:09.582] [bmv2] [D] [thread 12805] [42.0] [cxt 0] Parser 'parser': start
[15:16:09.582] [bmv2] [D] [thread 12805] [42.0] [cxt 0] Parser 'parser' entering state 'start'
[15:16:09.582] [bmv2] [D] [thread 12805] [42.0] [cxt 0] Extracting header 'ethernet'
[15:16:09.582] [bmv2] [D] [thread 12805] [42.0] [cxt 0] Parser state 'start': key is 86dd
[15:16:09.582] [bmv2] [T] [thread 12805] [42.0] [cxt 0] Bytes parsed: 14
[15:16:09.582] [bmv2] [D] [thread 12805] [42.0] [cxt 0] Parser 'parser': end
[15:16:09.582] [bmv2] [D] [thread 12805] [42.0] [cxt 0] Pipeline 'ingress': start
[15:16:09.583] [bmv2] [T] [thread 12805] [42.0] [cxt 0] forward.p4(119) Condition "hdr.ipv4.isValid()" (node_2) is false
[15:16:09.583] [bmv2] [D] [thread 12805] [42.0] [cxt 0] Pipeline 'ingress': end
[15:16:09.583] [bmv2] [D] [thread 12805] [42.0] [cxt 0] Egress port is 0
[15:16:09.583] [bmv2] [D] [thread 12805] [43.0] [cxt 0] Processing packet received on port 3
[15:16:09.583] [bmv2] [D] [thread 12805] [43.0] [cxt 0] Parser 'parser': start
[15:16:09.583] [bmv2] [D] [thread 12805] [43.0] [cxt 0] Parser 'parser' entering state 'start'
[15:16:09.583] [bmv2] [D] [thread 12805] [43.0] [cxt 0] Extracting header 'ethernet'
[15:16:09.583] [bmv2] [D] [thread 12805] [43.0] [cxt 0] Parser state 'start': key is 86dd
[15:16:09.583] [bmv2] [T] [thread 12805] [43.0] [cxt 0] Bytes parsed: 14
[15:16:09.583] [bmv2] [D] [thread 12805] [43.0] [cxt 0] Parser 'parser': end
[15:16:09.583] [bmv2] [D] [thread 12805] [43.0] [cxt 0] Pipeline 'ingress': start
[15:16:09.583] [bmv2] [T] [thread 12805] [43.0] [cxt 0] forward.p4(119) Condition "hdr.ipv4.isValid()" (node_2) is false
[15:16:09.583] [bmv2] [D] [thread 12805] [43.0] [cxt 0] Pipeline 'ingress': end
[15:16:09.583] [bmv2] [D] [thread 12805] [43.0] [cxt 0] Egress port is 0
[15:16:09.583] [bmv2] [D] [thread 12806] [42.0] [cxt 0] Pipeline 'egress': start
[15:16:09.583] [bmv2] [D] [thread 12806] [42.0] [cxt 0] Pipeline 'egress': end
[15:16:09.583] [bmv2] [D] [thread 12806] [42.0] [cxt 0] Deparser 'deparser': start
[15:16:09.583] [bmv2] [T] [thread 12806] [42.0] [cxt 0] Skipping checksum 'cksum' update because condition not met
[15:16:09.583] [bmv2] [D] [thread 12806] [42.0] [cxt 0] Deparsing header 'ethernet'
[15:16:09.583] [bmv2] [D] [thread 12806] [42.0] [cxt 0] Deparser 'deparser': end
[15:16:09.583] [bmv2] [D] [thread 12806] [43.0] [cxt 0] Pipeline 'egress': start
[15:16:09.583] [bmv2] [D] [thread 12806] [43.0] [cxt 0] Pipeline 'egress': end
[15:16:09.583] [bmv2] [D] [thread 12806] [43.0] [cxt 0] Deparser 'deparser': start
[15:16:09.583] [bmv2] [T] [thread 12806] [43.0] [cxt 0] Skipping checksum 'cksum' update because condition not met
[15:16:09.583] [bmv2] [D] [thread 12806] [43.0] [cxt 0] Deparsing header 'ethernet'
[15:16:09.583] [bmv2] [D] [thread 12806] [43.0] [cxt 0] Deparser 'deparser': end
[15:16:09.584] [bmv2] [D] [thread 12810] [42.0] [cxt 0] Transmitting packet of size 70 out of port 0
[15:16:09.584] [bmv2] [D] [thread 12810] [43.0] [cxt 0] Transmitting packet of size 70 out of port 0
[15:16:11.631] [bmv2] [D] [thread 12805] [44.0] [cxt 0] Processing packet received on port 4
[15:16:11.631] [bmv2] [D] [thread 12805] [44.0] [cxt 0] Parser 'parser': start
[15:16:11.631] [bmv2] [D] [thread 12805] [44.0] [cxt 0] Parser 'parser' entering state 'start'
[15:16:11.631] [bmv2] [D] [thread 12805] [44.0] [cxt 0] Extracting header 'ethernet'
[15:16:11.631] [bmv2] [D] [thread 12805] [44.0] [cxt 0] Parser state 'start': key is 86dd
[15:16:11.631] [bmv2] [T] [thread 12805] [44.0] [cxt 0] Bytes parsed: 14
[15:16:11.631] [bmv2] [D] [thread 12805] [44.0] [cxt 0] Parser 'parser': end
[15:16:11.631] [bmv2] [D] [thread 12805] [44.0] [cxt 0] Pipeline 'ingress': start
[15:16:11.631] [bmv2] [T] [thread 12805] [44.0] [cxt 0] forward.p4(119) Condition "hdr.ipv4.isValid()" (node_2) is false
[15:16:11.631] [bmv2] [D] [thread 12805] [44.0] [cxt 0] Pipeline 'ingress': end
[15:16:11.631] [bmv2] [D] [thread 12805] [44.0] [cxt 0] Egress port is 0
[15:16:11.632] [bmv2] [D] [thread 12806] [44.0] [cxt 0] Pipeline 'egress': start
[15:16:11.632] [bmv2] [D] [thread 12806] [44.0] [cxt 0] Pipeline 'egress': end
[15:16:11.632] [bmv2] [D] [thread 12806] [44.0] [cxt 0] Deparser 'deparser': start
[15:16:11.632] [bmv2] [T] [thread 12806] [44.0] [cxt 0] Skipping checksum 'cksum' update because condition not met
[15:16:11.632] [bmv2] [D] [thread 12806] [44.0] [cxt 0] Deparsing header 'ethernet'
[15:16:11.632] [bmv2] [D] [thread 12806] [44.0] [cxt 0] Deparser 'deparser': end
[15:16:11.632] [bmv2] [D] [thread 12810] [44.0] [cxt 0] Transmitting packet of size 70 out of port 0
[15:16:15.725] [bmv2] [D] [thread 12805] [45.0] [cxt 0] Processing packet received on port 2
[15:16:15.725] [bmv2] [D] [thread 12805] [45.0] [cxt 0] Parser 'parser': start
[15:16:15.725] [bmv2] [D] [thread 12805] [45.0] [cxt 0] Parser 'parser' entering state 'start'
[15:16:15.725] [bmv2] [D] [thread 12805] [45.0] [cxt 0] Extracting header 'ethernet'
[15:16:15.725] [bmv2] [D] [thread 12805] [45.0] [cxt 0] Parser state 'start': key is 86dd
[15:16:15.725] [bmv2] [T] [thread 12805] [45.0] [cxt 0] Bytes parsed: 14
[15:16:15.725] [bmv2] [D] [thread 12805] [45.0] [cxt 0] Parser 'parser': end
[15:16:15.725] [bmv2] [D] [thread 12805] [45.0] [cxt 0] Pipeline 'ingress': start
[15:16:15.725] [bmv2] [T] [thread 12805] [45.0] [cxt 0] forward.p4(119) Condition "hdr.ipv4.isValid()" (node_2) is false
[15:16:15.725] [bmv2] [D] [thread 12805] [45.0] [cxt 0] Pipeline 'ingress': end
[15:16:15.725] [bmv2] [D] [thread 12805] [45.0] [cxt 0] Egress port is 0
[15:16:15.726] [bmv2] [D] [thread 12806] [45.0] [cxt 0] Pipeline 'egress': start
[15:16:15.726] [bmv2] [D] [thread 12806] [45.0] [cxt 0] Pipeline 'egress': end
[15:16:15.726] [bmv2] [D] [thread 12806] [45.0] [cxt 0] Deparser 'deparser': start
[15:16:15.726] [bmv2] [T] [thread 12806] [45.0] [cxt 0] Skipping checksum 'cksum' update because condition not met
[15:16:15.726] [bmv2] [D] [thread 12806] [45.0] [cxt 0] Deparsing header 'ethernet'
[15:16:15.726] [bmv2] [D] [thread 12806] [45.0] [cxt 0] Deparser 'deparser': end
[15:16:15.726] [bmv2] [D] [thread 12810] [45.0] [cxt 0] Transmitting packet of size 70 out of port 0
[15:16:17.773] [bmv2] [D] [thread 12805] [46.0] [cxt 0] Processing packet received on port 5
[15:16:17.773] [bmv2] [D] [thread 12805] [46.0] [cxt 0] Parser 'parser': start
[15:16:17.773] [bmv2] [D] [thread 12805] [46.0] [cxt 0] Parser 'parser' entering state 'start'
[15:16:17.773] [bmv2] [D] [thread 12805] [46.0] [cxt 0] Extracting header 'ethernet'
[15:16:17.773] [bmv2] [D] [thread 12805] [46.0] [cxt 0] Parser state 'start': key is 86dd
[15:16:17.773] [bmv2] [T] [thread 12805] [46.0] [cxt 0] Bytes parsed: 14
[15:16:17.773] [bmv2] [D] [thread 12805] [46.0] [cxt 0] Parser 'parser': end
[15:16:17.773] [bmv2] [D] [thread 12805] [46.0] [cxt 0] Pipeline 'ingress': start
[15:16:17.773] [bmv2] [T] [thread 12805] [46.0] [cxt 0] forward.p4(119) Condition "hdr.ipv4.isValid()" (node_2) is false
[15:16:17.773] [bmv2] [D] [thread 12805] [46.0] [cxt 0] Pipeline 'ingress': end
[15:16:17.773] [bmv2] [D] [thread 12805] [46.0] [cxt 0] Egress port is 0
[15:16:17.773] [bmv2] [D] [thread 12806] [46.0] [cxt 0] Pipeline 'egress': start
[15:16:17.773] [bmv2] [D] [thread 12806] [46.0] [cxt 0] Pipeline 'egress': end
[15:16:17.773] [bmv2] [D] [thread 12806] [46.0] [cxt 0] Deparser 'deparser': start
[15:16:17.773] [bmv2] [T] [thread 12806] [46.0] [cxt 0] Skipping checksum 'cksum' update because condition not met
[15:16:17.773] [bmv2] [D] [thread 12806] [46.0] [cxt 0] Deparsing header 'ethernet'
[15:16:17.773] [bmv2] [D] [thread 12806] [46.0] [cxt 0] Deparser 'deparser': end
[15:16:17.773] [bmv2] [D] [thread 12810] [46.0] [cxt 0] Transmitting packet of size 70 out of port 0
[15:16:19.822] [bmv2] [D] [thread 12805] [47.0] [cxt 0] Processing packet received on port 1
[15:16:19.822] [bmv2] [D] [thread 12805] [47.0] [cxt 0] Parser 'parser': start
[15:16:19.822] [bmv2] [D] [thread 12805] [47.0] [cxt 0] Parser 'parser' entering state 'start'
[15:16:19.822] [bmv2] [D] [thread 12805] [47.0] [cxt 0] Extracting header 'ethernet'
[15:16:19.822] [bmv2] [D] [thread 12805] [47.0] [cxt 0] Parser state 'start': key is 86dd
[15:16:19.822] [bmv2] [T] [thread 12805] [47.0] [cxt 0] Bytes parsed: 14
[15:16:19.822] [bmv2] [D] [thread 12805] [47.0] [cxt 0] Parser 'parser': end
[15:16:19.822] [bmv2] [D] [thread 12805] [47.0] [cxt 0] Pipeline 'ingress': start
[15:16:19.822] [bmv2] [T] [thread 12805] [47.0] [cxt 0] forward.p4(119) Condition "hdr.ipv4.isValid()" (node_2) is false
[15:16:19.822] [bmv2] [D] [thread 12805] [47.0] [cxt 0] Pipeline 'ingress': end
[15:16:19.822] [bmv2] [D] [thread 12805] [47.0] [cxt 0] Egress port is 0
[15:16:19.822] [bmv2] [D] [thread 12806] [47.0] [cxt 0] Pipeline 'egress': start
[15:16:19.822] [bmv2] [D] [thread 12806] [47.0] [cxt 0] Pipeline 'egress': end
[15:16:19.822] [bmv2] [D] [thread 12806] [47.0] [cxt 0] Deparser 'deparser': start
[15:16:19.822] [bmv2] [T] [thread 12806] [47.0] [cxt 0] Skipping checksum 'cksum' update because condition not met
[15:16:19.822] [bmv2] [D] [thread 12806] [47.0] [cxt 0] Deparsing header 'ethernet'
[15:16:19.822] [bmv2] [D] [thread 12806] [47.0] [cxt 0] Deparser 'deparser': end
[15:16:19.822] [bmv2] [D] [thread 12810] [47.0] [cxt 0] Transmitting packet of size 70 out of port 0
[15:16:32.109] [bmv2] [D] [thread 12805] [48.0] [cxt 0] Processing packet received on port 3
[15:16:32.109] [bmv2] [D] [thread 12805] [48.0] [cxt 0] Parser 'parser': start
[15:16:32.109] [bmv2] [D] [thread 12805] [48.0] [cxt 0] Parser 'parser' entering state 'start'
[15:16:32.109] [bmv2] [D] [thread 12805] [48.0] [cxt 0] Extracting header 'ethernet'
[15:16:32.109] [bmv2] [D] [thread 12805] [48.0] [cxt 0] Parser state 'start': key is 86dd
[15:16:32.109] [bmv2] [T] [thread 12805] [48.0] [cxt 0] Bytes parsed: 14
[15:16:32.109] [bmv2] [D] [thread 12805] [48.0] [cxt 0] Parser 'parser': end
[15:16:32.109] [bmv2] [D] [thread 12805] [48.0] [cxt 0] Pipeline 'ingress': start
[15:16:32.109] [bmv2] [T] [thread 12805] [48.0] [cxt 0] forward.p4(119) Condition "hdr.ipv4.isValid()" (node_2) is false
[15:16:32.109] [bmv2] [D] [thread 12805] [48.0] [cxt 0] Pipeline 'ingress': end
[15:16:32.109] [bmv2] [D] [thread 12805] [48.0] [cxt 0] Egress port is 0
[15:16:32.110] [bmv2] [D] [thread 12806] [48.0] [cxt 0] Pipeline 'egress': start
[15:16:32.110] [bmv2] [D] [thread 12806] [48.0] [cxt 0] Pipeline 'egress': end
[15:16:32.110] [bmv2] [D] [thread 12806] [48.0] [cxt 0] Deparser 'deparser': start
[15:16:32.110] [bmv2] [T] [thread 12806] [48.0] [cxt 0] Skipping checksum 'cksum' update because condition not met
[15:16:32.110] [bmv2] [D] [thread 12806] [48.0] [cxt 0] Deparsing header 'ethernet'
[15:16:32.110] [bmv2] [D] [thread 12806] [48.0] [cxt 0] Deparser 'deparser': end
[15:16:32.110] [bmv2] [D] [thread 12810] [48.0] [cxt 0] Transmitting packet of size 70 out of port 0
[15:16:34.157] [bmv2] [D] [thread 12805] [49.0] [cxt 0] Processing packet received on port 1
[15:16:34.157] [bmv2] [D] [thread 12805] [49.0] [cxt 0] Parser 'parser': start
[15:16:34.157] [bmv2] [D] [thread 12805] [49.0] [cxt 0] Parser 'parser' entering state 'start'
[15:16:34.157] [bmv2] [D] [thread 12805] [49.0] [cxt 0] Extracting header 'ethernet'
[15:16:34.157] [bmv2] [D] [thread 12805] [49.0] [cxt 0] Parser state 'start': key is 86dd
[15:16:34.157] [bmv2] [T] [thread 12805] [49.0] [cxt 0] Bytes parsed: 14
[15:16:34.157] [bmv2] [D] [thread 12805] [49.0] [cxt 0] Parser 'parser': end
[15:16:34.158] [bmv2] [D] [thread 12805] [49.0] [cxt 0] Pipeline 'ingress': start
[15:16:34.158] [bmv2] [T] [thread 12805] [49.0] [cxt 0] forward.p4(119) Condition "hdr.ipv4.isValid()" (node_2) is false
[15:16:34.158] [bmv2] [D] [thread 12805] [49.0] [cxt 0] Pipeline 'ingress': end
[15:16:34.158] [bmv2] [D] [thread 12805] [49.0] [cxt 0] Egress port is 0
[15:16:34.158] [bmv2] [D] [thread 12806] [49.0] [cxt 0] Pipeline 'egress': start
[15:16:34.158] [bmv2] [D] [thread 12806] [49.0] [cxt 0] Pipeline 'egress': end
[15:16:34.158] [bmv2] [D] [thread 12806] [49.0] [cxt 0] Deparser 'deparser': start
[15:16:34.158] [bmv2] [T] [thread 12806] [49.0] [cxt 0] Skipping checksum 'cksum' update because condition not met
[15:16:34.158] [bmv2] [D] [thread 12806] [49.0] [cxt 0] Deparsing header 'ethernet'
[15:16:34.158] [bmv2] [D] [thread 12806] [49.0] [cxt 0] Deparser 'deparser': end
[15:16:34.158] [bmv2] [D] [thread 12810] [49.0] [cxt 0] Transmitting packet of size 70 out of port 0
open: No such file or directory
open: No such file or directory
open: No such file or directory
open: No such file or directory
open: No such file or directory
open: No such file or directory
open: No such file or directory
open: No such file or directory
open: No such file or directory
open: No such file or directory
open: No such file or directory
open: No such file or directory
open: No such file or directory
open: No such file or directory
open: No such file or directory
open: No such file or directory
open: No such file or directory
open: No such file or directory
open: No such file or directory
open: No such file or directory
open: No such file or directory
open: No such file or directory
